2022-05-11 14:41:48,733 - INFO - 
Config:
'add_train': False
'batch_size': 501
'continue_flag': ''
'cur_time': '2022_05_11_14_41_48'
'debug_mode': False
'debug_num': 500
'do_continue_train': False
'do_figure_save': False
'do_log_print_to_screen': True
'do_log_save_to_file': True
'do_predict': True
'do_train': True
'do_train_visualized': False
'dropout_rate': 0.1
'epoch': 200
'feature_columns': [1, 2, 3, 4, 5]
'figure_save_path': './figure/'
'hidden_size': 256
'input_size': 5
'label_columns': [4, 5]
'label_in_feature_index': [3, 4]
'learning_rate': 0.0001
'log_save_path': './log/2022_05_11_14_41_48_pytorch/'
'lstm_layers': 2
'model_name': 'model_pytorch.pth'
'model_postfix': {'pytorch': '.pth'
'keras': '.h5'
'tensorflow': '.ckpt'}
'model_save_path': './checkpoint/pytorch/'
'output_size': 2
'patience': 3
'predict_day': 1
'random_seed': 42
'shuffle_train_data': True
'time_step': 167
'train_data_path': './gtau0.csv'
'train_data_rate': 0.9
'use_cuda': True
'used_frame': 'pytorch'
'valid_data_rate': 0.1
2022-05-11 14:41:51,036 - INFO - Epoch 0/200
2022-05-11 14:41:51,701 - INFO - The train loss is 0.897653. The valid loss is 0.919059.
2022-05-11 14:41:51,706 - INFO - Epoch 1/200
2022-05-11 14:41:52,087 - INFO - The train loss is 0.877175. The valid loss is 0.897262.
2022-05-11 14:41:52,092 - INFO - Epoch 2/200
2022-05-11 14:41:52,475 - INFO - The train loss is 0.856515. The valid loss is 0.874746.
2022-05-11 14:41:52,480 - INFO - Epoch 3/200
2022-05-11 14:41:52,867 - INFO - The train loss is 0.834860. The valid loss is 0.850579.
2022-05-11 14:41:52,872 - INFO - Epoch 4/200
2022-05-11 14:41:53,256 - INFO - The train loss is 0.811304. The valid loss is 0.823635.
2022-05-11 14:41:53,261 - INFO - Epoch 5/200
2022-05-11 14:41:53,647 - INFO - The train loss is 0.784598. The valid loss is 0.792499.
2022-05-11 14:41:53,651 - INFO - Epoch 6/200
2022-05-11 14:41:54,037 - INFO - The train loss is 0.753480. The valid loss is 0.755363.
2022-05-11 14:41:54,042 - INFO - Epoch 7/200
2022-05-11 14:41:54,424 - INFO - The train loss is 0.715916. The valid loss is 0.709879.
2022-05-11 14:41:54,429 - INFO - Epoch 8/200
2022-05-11 14:41:54,810 - INFO - The train loss is 0.669512. The valid loss is 0.653051.
2022-05-11 14:41:54,816 - INFO - Epoch 9/200
2022-05-11 14:41:55,203 - INFO - The train loss is 0.611204. The valid loss is 0.581338.
2022-05-11 14:41:55,208 - INFO - Epoch 10/200
2022-05-11 14:41:55,590 - INFO - The train loss is 0.537767. The valid loss is 0.491368.
2022-05-11 14:41:55,595 - INFO - Epoch 11/200
2022-05-11 14:41:55,978 - INFO - The train loss is 0.446237. The valid loss is 0.382304.
2022-05-11 14:41:55,983 - INFO - Epoch 12/200
2022-05-11 14:41:56,367 - INFO - The train loss is 0.338896. The valid loss is 0.263870.
2022-05-11 14:41:56,372 - INFO - Epoch 13/200
2022-05-11 14:41:56,759 - INFO - The train loss is 0.233746. The valid loss is 0.172485.
2022-05-11 14:41:56,764 - INFO - Epoch 14/200
2022-05-11 14:41:57,150 - INFO - The train loss is 0.170462. The valid loss is 0.136227.
2022-05-11 14:41:57,154 - INFO - Epoch 15/200
2022-05-11 14:41:57,541 - INFO - The train loss is 0.139950. The valid loss is 0.105769.
2022-05-11 14:41:57,546 - INFO - Epoch 16/200
2022-05-11 14:41:57,935 - INFO - The train loss is 0.105089. The valid loss is 0.084200.
2022-05-11 14:41:57,940 - INFO - Epoch 17/200
2022-05-11 14:41:58,328 - INFO - The train loss is 0.084660. The valid loss is 0.078828.
2022-05-11 14:41:58,332 - INFO - Epoch 18/200
2022-05-11 14:41:58,722 - INFO - The train loss is 0.077807. The valid loss is 0.077527.
2022-05-11 14:41:58,727 - INFO - Epoch 19/200
2022-05-11 14:41:59,115 - INFO - The train loss is 0.074739. The valid loss is 0.075912.
2022-05-11 14:41:59,120 - INFO - Epoch 20/200
2022-05-11 14:41:59,507 - INFO - The train loss is 0.071418. The valid loss is 0.072538.
2022-05-11 14:41:59,519 - INFO - Epoch 21/200
2022-05-11 14:41:59,905 - INFO - The train loss is 0.067182. The valid loss is 0.067970.
2022-05-11 14:41:59,910 - INFO - Epoch 22/200
2022-05-11 14:42:00,297 - INFO - The train loss is 0.062654. The valid loss is 0.061896.
2022-05-11 14:42:00,301 - INFO - Epoch 23/200
2022-05-11 14:42:00,691 - INFO - The train loss is 0.057629. The valid loss is 0.056001.
2022-05-11 14:42:00,696 - INFO - Epoch 24/200
2022-05-11 14:42:01,081 - INFO - The train loss is 0.053053. The valid loss is 0.051402.
2022-05-11 14:42:01,086 - INFO - Epoch 25/200
2022-05-11 14:42:01,471 - INFO - The train loss is 0.048928. The valid loss is 0.047621.
2022-05-11 14:42:01,476 - INFO - Epoch 26/200
2022-05-11 14:42:01,858 - INFO - The train loss is 0.045060. The valid loss is 0.044437.
2022-05-11 14:42:01,863 - INFO - Epoch 27/200
2022-05-11 14:42:02,247 - INFO - The train loss is 0.041625. The valid loss is 0.041439.
2022-05-11 14:42:02,251 - INFO - Epoch 28/200
2022-05-11 14:42:02,637 - INFO - The train loss is 0.038601. The valid loss is 0.038467.
2022-05-11 14:42:02,643 - INFO - Epoch 29/200
2022-05-11 14:42:03,024 - INFO - The train loss is 0.035937. The valid loss is 0.035998.
2022-05-11 14:42:03,029 - INFO - Epoch 30/200
2022-05-11 14:42:03,412 - INFO - The train loss is 0.033941. The valid loss is 0.034108.
2022-05-11 14:42:03,417 - INFO - Epoch 31/200
2022-05-11 14:42:03,802 - INFO - The train loss is 0.032328. The valid loss is 0.032625.
2022-05-11 14:42:03,807 - INFO - Epoch 32/200
2022-05-11 14:42:04,191 - INFO - The train loss is 0.031096. The valid loss is 0.031457.
2022-05-11 14:42:04,196 - INFO - Epoch 33/200
2022-05-11 14:42:04,581 - INFO - The train loss is 0.030141. The valid loss is 0.030558.
2022-05-11 14:42:04,586 - INFO - Epoch 34/200
2022-05-11 14:42:04,994 - INFO - The train loss is 0.029313. The valid loss is 0.029893.
2022-05-11 14:42:04,999 - INFO - Epoch 35/200
2022-05-11 14:42:05,386 - INFO - The train loss is 0.028630. The valid loss is 0.029373.
2022-05-11 14:42:05,390 - INFO - Epoch 36/200
2022-05-11 14:42:05,774 - INFO - The train loss is 0.028077. The valid loss is 0.028927.
2022-05-11 14:42:05,779 - INFO - Epoch 37/200
2022-05-11 14:42:06,163 - INFO - The train loss is 0.027583. The valid loss is 0.028515.
2022-05-11 14:42:06,167 - INFO - Epoch 38/200
2022-05-11 14:42:06,551 - INFO - The train loss is 0.027213. The valid loss is 0.028134.
2022-05-11 14:42:06,555 - INFO - Epoch 39/200
2022-05-11 14:42:06,939 - INFO - The train loss is 0.026864. The valid loss is 0.027783.
2022-05-11 14:42:06,944 - INFO - Epoch 40/200
2022-05-11 14:42:07,328 - INFO - The train loss is 0.026581. The valid loss is 0.027462.
2022-05-11 14:42:07,332 - INFO - Epoch 41/200
2022-05-11 14:42:07,717 - INFO - The train loss is 0.026273. The valid loss is 0.027153.
2022-05-11 14:42:07,722 - INFO - Epoch 42/200
2022-05-11 14:42:08,110 - INFO - The train loss is 0.026024. The valid loss is 0.026857.
2022-05-11 14:42:08,116 - INFO - Epoch 43/200
2022-05-11 14:42:08,510 - INFO - The train loss is 0.025742. The valid loss is 0.026579.
2022-05-11 14:42:08,514 - INFO - Epoch 44/200
2022-05-11 14:42:08,908 - INFO - The train loss is 0.025525. The valid loss is 0.026316.
2022-05-11 14:42:08,913 - INFO - Epoch 45/200
2022-05-11 14:42:09,307 - INFO - The train loss is 0.025269. The valid loss is 0.026066.
2022-05-11 14:42:09,313 - INFO - Epoch 46/200
2022-05-11 14:42:09,708 - INFO - The train loss is 0.025083. The valid loss is 0.025825.
2022-05-11 14:42:09,713 - INFO - Epoch 47/200
2022-05-11 14:42:10,112 - INFO - The train loss is 0.024891. The valid loss is 0.025590.
2022-05-11 14:42:10,117 - INFO - Epoch 48/200
2022-05-11 14:42:10,516 - INFO - The train loss is 0.024653. The valid loss is 0.025359.
2022-05-11 14:42:10,521 - INFO - Epoch 49/200
2022-05-11 14:42:10,912 - INFO - The train loss is 0.024467. The valid loss is 0.025134.
2022-05-11 14:42:10,917 - INFO - Epoch 50/200
2022-05-11 14:42:11,305 - INFO - The train loss is 0.024243. The valid loss is 0.024914.
2022-05-11 14:42:11,310 - INFO - Epoch 51/200
2022-05-11 14:42:11,696 - INFO - The train loss is 0.024052. The valid loss is 0.024703.
2022-05-11 14:42:11,701 - INFO - Epoch 52/200
2022-05-11 14:42:12,087 - INFO - The train loss is 0.023874. The valid loss is 0.024493.
2022-05-11 14:42:12,091 - INFO - Epoch 53/200
2022-05-11 14:42:12,476 - INFO - The train loss is 0.023695. The valid loss is 0.024282.
2022-05-11 14:42:12,480 - INFO - Epoch 54/200
2022-05-11 14:42:12,867 - INFO - The train loss is 0.023506. The valid loss is 0.024077.
2022-05-11 14:42:12,872 - INFO - Epoch 55/200
2022-05-11 14:42:13,262 - INFO - The train loss is 0.023336. The valid loss is 0.023883.
2022-05-11 14:42:13,267 - INFO - Epoch 56/200
2022-05-11 14:42:13,651 - INFO - The train loss is 0.023146. The valid loss is 0.023686.
2022-05-11 14:42:13,656 - INFO - Epoch 57/200
2022-05-11 14:42:14,051 - INFO - The train loss is 0.022992. The valid loss is 0.023490.
2022-05-11 14:42:14,057 - INFO - Epoch 58/200
2022-05-11 14:42:14,452 - INFO - The train loss is 0.022820. The valid loss is 0.023300.
2022-05-11 14:42:14,457 - INFO - Epoch 59/200
2022-05-11 14:42:14,846 - INFO - The train loss is 0.022653. The valid loss is 0.023117.
2022-05-11 14:42:14,850 - INFO - Epoch 60/200
2022-05-11 14:42:15,241 - INFO - The train loss is 0.022475. The valid loss is 0.022937.
2022-05-11 14:42:15,245 - INFO - Epoch 61/200
2022-05-11 14:42:15,636 - INFO - The train loss is 0.022310. The valid loss is 0.022757.
2022-05-11 14:42:15,642 - INFO - Epoch 62/200
2022-05-11 14:42:16,028 - INFO - The train loss is 0.022139. The valid loss is 0.022578.
2022-05-11 14:42:16,033 - INFO - Epoch 63/200
2022-05-11 14:42:16,420 - INFO - The train loss is 0.022000. The valid loss is 0.022401.
2022-05-11 14:42:16,425 - INFO - Epoch 64/200
2022-05-11 14:42:16,809 - INFO - The train loss is 0.021843. The valid loss is 0.022231.
2022-05-11 14:42:16,814 - INFO - Epoch 65/200
2022-05-11 14:42:17,199 - INFO - The train loss is 0.021676. The valid loss is 0.022060.
2022-05-11 14:42:17,205 - INFO - Epoch 66/200
2022-05-11 14:42:17,589 - INFO - The train loss is 0.021529. The valid loss is 0.021892.
2022-05-11 14:42:17,595 - INFO - Epoch 67/200
2022-05-11 14:42:17,982 - INFO - The train loss is 0.021368. The valid loss is 0.021726.
2022-05-11 14:42:17,987 - INFO - Epoch 68/200
2022-05-11 14:42:18,373 - INFO - The train loss is 0.021209. The valid loss is 0.021562.
2022-05-11 14:42:18,377 - INFO - Epoch 69/200
2022-05-11 14:42:18,767 - INFO - The train loss is 0.021059. The valid loss is 0.021401.
2022-05-11 14:42:18,781 - INFO - Epoch 70/200
2022-05-11 14:42:19,173 - INFO - The train loss is 0.020934. The valid loss is 0.021243.
2022-05-11 14:42:19,179 - INFO - Epoch 71/200
2022-05-11 14:42:19,570 - INFO - The train loss is 0.020776. The valid loss is 0.021082.
2022-05-11 14:42:19,575 - INFO - Epoch 72/200
2022-05-11 14:42:19,964 - INFO - The train loss is 0.020627. The valid loss is 0.020924.
2022-05-11 14:42:19,970 - INFO - Epoch 73/200
2022-05-11 14:42:20,357 - INFO - The train loss is 0.020477. The valid loss is 0.020771.
2022-05-11 14:42:20,361 - INFO - Epoch 74/200
2022-05-11 14:42:20,748 - INFO - The train loss is 0.020353. The valid loss is 0.020616.
2022-05-11 14:42:20,753 - INFO - Epoch 75/200
2022-05-11 14:42:21,140 - INFO - The train loss is 0.020197. The valid loss is 0.020463.
2022-05-11 14:42:21,144 - INFO - Epoch 76/200
2022-05-11 14:42:21,533 - INFO - The train loss is 0.020054. The valid loss is 0.020312.
2022-05-11 14:42:21,537 - INFO - Epoch 77/200
2022-05-11 14:42:21,931 - INFO - The train loss is 0.019918. The valid loss is 0.020164.
2022-05-11 14:42:21,936 - INFO - Epoch 78/200
2022-05-11 14:42:22,328 - INFO - The train loss is 0.019770. The valid loss is 0.020017.
2022-05-11 14:42:22,333 - INFO - Epoch 79/200
2022-05-11 14:42:22,727 - INFO - The train loss is 0.019633. The valid loss is 0.019869.
2022-05-11 14:42:22,732 - INFO - Epoch 80/200
2022-05-11 14:42:23,136 - INFO - The train loss is 0.019509. The valid loss is 0.019721.
2022-05-11 14:42:23,141 - INFO - Epoch 81/200
2022-05-11 14:42:23,535 - INFO - The train loss is 0.019366. The valid loss is 0.019579.
2022-05-11 14:42:23,541 - INFO - Epoch 82/200
2022-05-11 14:42:23,934 - INFO - The train loss is 0.019236. The valid loss is 0.019439.
2022-05-11 14:42:23,940 - INFO - Epoch 83/200
2022-05-11 14:42:24,334 - INFO - The train loss is 0.019109. The valid loss is 0.019294.
2022-05-11 14:42:24,339 - INFO - Epoch 84/200
2022-05-11 14:42:24,734 - INFO - The train loss is 0.018969. The valid loss is 0.019155.
2022-05-11 14:42:24,739 - INFO - Epoch 85/200
2022-05-11 14:42:25,132 - INFO - The train loss is 0.018827. The valid loss is 0.019018.
2022-05-11 14:42:25,135 - INFO - Epoch 86/200
2022-05-11 14:42:25,530 - INFO - The train loss is 0.018704. The valid loss is 0.018879.
2022-05-11 14:42:25,534 - INFO - Epoch 87/200
2022-05-11 14:42:25,928 - INFO - The train loss is 0.018569. The valid loss is 0.018742.
2022-05-11 14:42:25,933 - INFO - Epoch 88/200
2022-05-11 14:42:26,325 - INFO - The train loss is 0.018449. The valid loss is 0.018607.
2022-05-11 14:42:26,330 - INFO - Epoch 89/200
2022-05-11 14:42:26,726 - INFO - The train loss is 0.018330. The valid loss is 0.018472.
2022-05-11 14:42:26,731 - INFO - Epoch 90/200
2022-05-11 14:42:27,124 - INFO - The train loss is 0.018200. The valid loss is 0.018340.
2022-05-11 14:42:27,129 - INFO - Epoch 91/200
2022-05-11 14:42:27,518 - INFO - The train loss is 0.018081. The valid loss is 0.018211.
2022-05-11 14:42:27,523 - INFO - Epoch 92/200
2022-05-11 14:42:27,917 - INFO - The train loss is 0.017951. The valid loss is 0.018080.
2022-05-11 14:42:27,922 - INFO - Epoch 93/200
2022-05-11 14:42:28,316 - INFO - The train loss is 0.017816. The valid loss is 0.017950.
2022-05-11 14:42:28,321 - INFO - Epoch 94/200
2022-05-11 14:42:28,717 - INFO - The train loss is 0.017711. The valid loss is 0.017823.
2022-05-11 14:42:28,721 - INFO - Epoch 95/200
2022-05-11 14:42:29,116 - INFO - The train loss is 0.017579. The valid loss is 0.017697.
2022-05-11 14:42:29,121 - INFO - Epoch 96/200
2022-05-11 14:42:29,517 - INFO - The train loss is 0.017495. The valid loss is 0.017572.
2022-05-11 14:42:29,521 - INFO - Epoch 97/200
2022-05-11 14:42:29,914 - INFO - The train loss is 0.017375. The valid loss is 0.017447.
2022-05-11 14:42:29,919 - INFO - Epoch 98/200
2022-05-11 14:42:30,325 - INFO - The train loss is 0.017245. The valid loss is 0.017326.
2022-05-11 14:42:30,329 - INFO - Epoch 99/200
2022-05-11 14:42:30,721 - INFO - The train loss is 0.017128. The valid loss is 0.017205.
2022-05-11 14:42:30,726 - INFO - Epoch 100/200
2022-05-11 14:42:31,113 - INFO - The train loss is 0.017027. The valid loss is 0.017085.
2022-05-11 14:42:31,118 - INFO - Epoch 101/200
2022-05-11 14:42:31,512 - INFO - The train loss is 0.016909. The valid loss is 0.016968.
2022-05-11 14:42:31,517 - INFO - Epoch 102/200
2022-05-11 14:42:31,905 - INFO - The train loss is 0.016797. The valid loss is 0.016852.
2022-05-11 14:42:31,909 - INFO - Epoch 103/200
2022-05-11 14:42:32,303 - INFO - The train loss is 0.016684. The valid loss is 0.016736.
2022-05-11 14:42:32,308 - INFO - Epoch 104/200
2022-05-11 14:42:32,702 - INFO - The train loss is 0.016572. The valid loss is 0.016622.
2022-05-11 14:42:32,707 - INFO - Epoch 105/200
2022-05-11 14:42:33,100 - INFO - The train loss is 0.016456. The valid loss is 0.016512.
2022-05-11 14:42:33,105 - INFO - Epoch 106/200
2022-05-11 14:42:33,498 - INFO - The train loss is 0.016366. The valid loss is 0.016400.
2022-05-11 14:42:33,503 - INFO - Epoch 107/200
2022-05-11 14:42:33,899 - INFO - The train loss is 0.016282. The valid loss is 0.016290.
2022-05-11 14:42:33,904 - INFO - Epoch 108/200
2022-05-11 14:42:34,299 - INFO - The train loss is 0.016155. The valid loss is 0.016182.
2022-05-11 14:42:34,304 - INFO - Epoch 109/200
2022-05-11 14:42:34,721 - INFO - The train loss is 0.016067. The valid loss is 0.016075.
2022-05-11 14:42:34,726 - INFO - Epoch 110/200
2022-05-11 14:42:35,122 - INFO - The train loss is 0.015964. The valid loss is 0.015971.
2022-05-11 14:42:35,127 - INFO - Epoch 111/200
2022-05-11 14:42:35,518 - INFO - The train loss is 0.015864. The valid loss is 0.015866.
2022-05-11 14:42:35,523 - INFO - Epoch 112/200
2022-05-11 14:42:35,911 - INFO - The train loss is 0.015752. The valid loss is 0.015763.
2022-05-11 14:42:35,916 - INFO - Epoch 113/200
2022-05-11 14:42:36,306 - INFO - The train loss is 0.015657. The valid loss is 0.015663.
2022-05-11 14:42:36,311 - INFO - Epoch 114/200
2022-05-11 14:42:36,700 - INFO - The train loss is 0.015584. The valid loss is 0.015563.
2022-05-11 14:42:36,705 - INFO - Epoch 115/200
2022-05-11 14:42:37,096 - INFO - The train loss is 0.015463. The valid loss is 0.015463.
2022-05-11 14:42:37,101 - INFO - Epoch 116/200
2022-05-11 14:42:37,491 - INFO - The train loss is 0.015369. The valid loss is 0.015367.
2022-05-11 14:42:37,502 - INFO - Epoch 117/200
2022-05-11 14:42:37,891 - INFO - The train loss is 0.015293. The valid loss is 0.015272.
2022-05-11 14:42:37,895 - INFO - Epoch 118/200
2022-05-11 14:42:38,286 - INFO - The train loss is 0.015204. The valid loss is 0.015176.
2022-05-11 14:42:38,291 - INFO - Epoch 119/200
2022-05-11 14:42:38,681 - INFO - The train loss is 0.015105. The valid loss is 0.015084.
2022-05-11 14:42:38,686 - INFO - Epoch 120/200
2022-05-11 14:42:39,076 - INFO - The train loss is 0.015016. The valid loss is 0.014991.
2022-05-11 14:42:39,081 - INFO - Epoch 121/200
2022-05-11 14:42:39,471 - INFO - The train loss is 0.014937. The valid loss is 0.014901.
2022-05-11 14:42:39,476 - INFO - Epoch 122/200
2022-05-11 14:42:39,867 - INFO - The train loss is 0.014825. The valid loss is 0.014812.
2022-05-11 14:42:39,872 - INFO - Epoch 123/200
2022-05-11 14:42:40,265 - INFO - The train loss is 0.014757. The valid loss is 0.014723.
2022-05-11 14:42:40,269 - INFO - Epoch 124/200
2022-05-11 14:42:40,659 - INFO - The train loss is 0.014699. The valid loss is 0.014636.
2022-05-11 14:42:40,663 - INFO - Epoch 125/200
2022-05-11 14:42:41,055 - INFO - The train loss is 0.014591. The valid loss is 0.014551.
2022-05-11 14:42:41,060 - INFO - Epoch 126/200
2022-05-11 14:42:41,448 - INFO - The train loss is 0.014520. The valid loss is 0.014466.
2022-05-11 14:42:41,453 - INFO - Epoch 127/200
2022-05-11 14:42:41,841 - INFO - The train loss is 0.014430. The valid loss is 0.014382.
2022-05-11 14:42:41,847 - INFO - Epoch 128/200
2022-05-11 14:42:42,238 - INFO - The train loss is 0.014369. The valid loss is 0.014300.
2022-05-11 14:42:42,243 - INFO - Epoch 129/200
2022-05-11 14:42:42,631 - INFO - The train loss is 0.014273. The valid loss is 0.014219.
2022-05-11 14:42:42,636 - INFO - Epoch 130/200
2022-05-11 14:42:43,025 - INFO - The train loss is 0.014218. The valid loss is 0.014139.
2022-05-11 14:42:43,030 - INFO - Epoch 131/200
2022-05-11 14:42:43,419 - INFO - The train loss is 0.014129. The valid loss is 0.014061.
2022-05-11 14:42:43,423 - INFO - Epoch 132/200
2022-05-11 14:42:43,812 - INFO - The train loss is 0.014047. The valid loss is 0.013983.
2022-05-11 14:42:43,818 - INFO - Epoch 133/200
2022-05-11 14:42:44,209 - INFO - The train loss is 0.013988. The valid loss is 0.013907.
2022-05-11 14:42:44,213 - INFO - Epoch 134/200
2022-05-11 14:42:44,609 - INFO - The train loss is 0.013892. The valid loss is 0.013831.
2022-05-11 14:42:44,614 - INFO - Epoch 135/200
2022-05-11 14:42:45,011 - INFO - The train loss is 0.013828. The valid loss is 0.013757.
2022-05-11 14:42:45,015 - INFO - Epoch 136/200
2022-05-11 14:42:45,410 - INFO - The train loss is 0.013769. The valid loss is 0.013684.
2022-05-11 14:42:45,414 - INFO - Epoch 137/200
2022-05-11 14:42:45,810 - INFO - The train loss is 0.013678. The valid loss is 0.013612.
2022-05-11 14:42:45,815 - INFO - Epoch 138/200
2022-05-11 14:42:46,216 - INFO - The train loss is 0.013629. The valid loss is 0.013540.
2022-05-11 14:42:46,220 - INFO - Epoch 139/200
2022-05-11 14:42:46,619 - INFO - The train loss is 0.013563. The valid loss is 0.013470.
2022-05-11 14:42:46,624 - INFO - Epoch 140/200
2022-05-11 14:42:47,021 - INFO - The train loss is 0.013497. The valid loss is 0.013402.
2022-05-11 14:42:47,026 - INFO - Epoch 141/200
2022-05-11 14:42:47,423 - INFO - The train loss is 0.013438. The valid loss is 0.013334.
2022-05-11 14:42:47,428 - INFO - Epoch 142/200
2022-05-11 14:42:47,825 - INFO - The train loss is 0.013360. The valid loss is 0.013266.
2022-05-11 14:42:47,830 - INFO - Epoch 143/200
2022-05-11 14:42:48,225 - INFO - The train loss is 0.013302. The valid loss is 0.013201.
2022-05-11 14:42:48,229 - INFO - Epoch 144/200
2022-05-11 14:42:48,636 - INFO - The train loss is 0.013236. The valid loss is 0.013136.
2022-05-11 14:42:48,641 - INFO - Epoch 145/200
2022-05-11 14:42:49,037 - INFO - The train loss is 0.013189. The valid loss is 0.013071.
2022-05-11 14:42:49,042 - INFO - Epoch 146/200
2022-05-11 14:42:49,438 - INFO - The train loss is 0.013106. The valid loss is 0.013008.
2022-05-11 14:42:49,442 - INFO - Epoch 147/200
2022-05-11 14:42:49,839 - INFO - The train loss is 0.013049. The valid loss is 0.012945.
2022-05-11 14:42:49,844 - INFO - Epoch 148/200
2022-05-11 14:42:50,262 - INFO - The train loss is 0.012996. The valid loss is 0.012883.
2022-05-11 14:42:50,267 - INFO - Epoch 149/200
2022-05-11 14:42:50,667 - INFO - The train loss is 0.012935. The valid loss is 0.012822.
2022-05-11 14:42:50,672 - INFO - Epoch 150/200
2022-05-11 14:42:51,069 - INFO - The train loss is 0.012864. The valid loss is 0.012762.
2022-05-11 14:42:51,074 - INFO - Epoch 151/200
2022-05-11 14:42:51,468 - INFO - The train loss is 0.012814. The valid loss is 0.012702.
2022-05-11 14:42:51,473 - INFO - Epoch 152/200
2022-05-11 14:42:51,864 - INFO - The train loss is 0.012762. The valid loss is 0.012644.
2022-05-11 14:42:51,869 - INFO - Epoch 153/200
2022-05-11 14:42:52,261 - INFO - The train loss is 0.012691. The valid loss is 0.012586.
2022-05-11 14:42:52,266 - INFO - Epoch 154/200
2022-05-11 14:42:52,658 - INFO - The train loss is 0.012645. The valid loss is 0.012529.
2022-05-11 14:42:52,663 - INFO - Epoch 155/200
2022-05-11 14:42:53,052 - INFO - The train loss is 0.012605. The valid loss is 0.012472.
2022-05-11 14:42:53,057 - INFO - Epoch 156/200
2022-05-11 14:42:53,456 - INFO - The train loss is 0.012541. The valid loss is 0.012416.
2022-05-11 14:42:53,460 - INFO - Epoch 157/200
2022-05-11 14:42:53,854 - INFO - The train loss is 0.012503. The valid loss is 0.012361.
2022-05-11 14:42:53,859 - INFO - Epoch 158/200
2022-05-11 14:42:54,256 - INFO - The train loss is 0.012431. The valid loss is 0.012306.
2022-05-11 14:42:54,260 - INFO - Epoch 159/200
2022-05-11 14:42:54,655 - INFO - The train loss is 0.012393. The valid loss is 0.012253.
2022-05-11 14:42:54,659 - INFO - Epoch 160/200
2022-05-11 14:42:55,055 - INFO - The train loss is 0.012341. The valid loss is 0.012199.
2022-05-11 14:42:55,060 - INFO - Epoch 161/200
2022-05-11 14:42:55,457 - INFO - The train loss is 0.012288. The valid loss is 0.012146.
2022-05-11 14:42:55,461 - INFO - Epoch 162/200
2022-05-11 14:42:55,859 - INFO - The train loss is 0.012248. The valid loss is 0.012094.
2022-05-11 14:42:55,864 - INFO - Epoch 163/200
2022-05-11 14:42:56,259 - INFO - The train loss is 0.012187. The valid loss is 0.012042.
2022-05-11 14:42:56,264 - INFO - Epoch 164/200
2022-05-11 14:42:56,663 - INFO - The train loss is 0.012130. The valid loss is 0.011990.
2022-05-11 14:42:56,668 - INFO - Epoch 165/200
2022-05-11 14:42:57,066 - INFO - The train loss is 0.012085. The valid loss is 0.011940.
2022-05-11 14:42:57,071 - INFO - Epoch 166/200
2022-05-11 14:42:57,468 - INFO - The train loss is 0.012029. The valid loss is 0.011890.
2022-05-11 14:42:57,473 - INFO - Epoch 167/200
2022-05-11 14:42:57,867 - INFO - The train loss is 0.011994. The valid loss is 0.011840.
2022-05-11 14:42:57,872 - INFO - Epoch 168/200
2022-05-11 14:42:58,260 - INFO - The train loss is 0.011953. The valid loss is 0.011791.
2022-05-11 14:42:58,266 - INFO - Epoch 169/200
2022-05-11 14:42:58,656 - INFO - The train loss is 0.011911. The valid loss is 0.011742.
2022-05-11 14:42:58,661 - INFO - Epoch 170/200
2022-05-11 14:42:59,050 - INFO - The train loss is 0.011844. The valid loss is 0.011693.
2022-05-11 14:42:59,055 - INFO - Epoch 171/200
2022-05-11 14:42:59,445 - INFO - The train loss is 0.011807. The valid loss is 0.011645.
2022-05-11 14:42:59,450 - INFO - Epoch 172/200
2022-05-11 14:42:59,844 - INFO - The train loss is 0.011760. The valid loss is 0.011598.
2022-05-11 14:42:59,849 - INFO - Epoch 173/200
2022-05-11 14:43:00,244 - INFO - The train loss is 0.011722. The valid loss is 0.011551.
2022-05-11 14:43:00,249 - INFO - Epoch 174/200
2022-05-11 14:43:00,640 - INFO - The train loss is 0.011659. The valid loss is 0.011504.
2022-05-11 14:43:00,645 - INFO - Epoch 175/200
2022-05-11 14:43:01,038 - INFO - The train loss is 0.011629. The valid loss is 0.011457.
2022-05-11 14:43:01,043 - INFO - Epoch 176/200
2022-05-11 14:43:01,442 - INFO - The train loss is 0.011594. The valid loss is 0.011411.
2022-05-11 14:43:01,446 - INFO - Epoch 177/200
2022-05-11 14:43:01,835 - INFO - The train loss is 0.011552. The valid loss is 0.011366.
2022-05-11 14:43:01,840 - INFO - Epoch 178/200
2022-05-11 14:43:02,233 - INFO - The train loss is 0.011504. The valid loss is 0.011320.
2022-05-11 14:43:02,237 - INFO - Epoch 179/200
2022-05-11 14:43:02,629 - INFO - The train loss is 0.011463. The valid loss is 0.011275.
2022-05-11 14:43:02,634 - INFO - Epoch 180/200
2022-05-11 14:43:03,024 - INFO - The train loss is 0.011406. The valid loss is 0.011232.
2022-05-11 14:43:03,029 - INFO - Epoch 181/200
2022-05-11 14:43:03,420 - INFO - The train loss is 0.011377. The valid loss is 0.011186.
2022-05-11 14:43:03,424 - INFO - Epoch 182/200
2022-05-11 14:43:03,813 - INFO - The train loss is 0.011321. The valid loss is 0.011143.
2022-05-11 14:43:03,818 - INFO - Epoch 183/200
2022-05-11 14:43:04,210 - INFO - The train loss is 0.011286. The valid loss is 0.011100.
2022-05-11 14:43:04,214 - INFO - Epoch 184/200
2022-05-11 14:43:04,613 - INFO - The train loss is 0.011247. The valid loss is 0.011056.
2022-05-11 14:43:04,618 - INFO - Epoch 185/200
2022-05-11 14:43:05,010 - INFO - The train loss is 0.011227. The valid loss is 0.011013.
2022-05-11 14:43:05,015 - INFO - Epoch 186/200
2022-05-11 14:43:05,406 - INFO - The train loss is 0.011174. The valid loss is 0.010970.
2022-05-11 14:43:05,411 - INFO - Epoch 187/200
2022-05-11 14:43:05,807 - INFO - The train loss is 0.011130. The valid loss is 0.010927.
2022-05-11 14:43:05,812 - INFO - Epoch 188/200
2022-05-11 14:43:06,207 - INFO - The train loss is 0.011092. The valid loss is 0.010886.
2022-05-11 14:43:06,212 - INFO - Epoch 189/200
2022-05-11 14:43:06,607 - INFO - The train loss is 0.011044. The valid loss is 0.010844.
2022-05-11 14:43:06,612 - INFO - Epoch 190/200
2022-05-11 14:43:07,001 - INFO - The train loss is 0.011010. The valid loss is 0.010802.
2022-05-11 14:43:07,006 - INFO - Epoch 191/200
2022-05-11 14:43:07,396 - INFO - The train loss is 0.010966. The valid loss is 0.010761.
2022-05-11 14:43:07,401 - INFO - Epoch 192/200
2022-05-11 14:43:07,794 - INFO - The train loss is 0.010913. The valid loss is 0.010720.
2022-05-11 14:43:07,799 - INFO - Epoch 193/200
2022-05-11 14:43:08,188 - INFO - The train loss is 0.010905. The valid loss is 0.010679.
2022-05-11 14:43:08,192 - INFO - Epoch 194/200
2022-05-11 14:43:08,584 - INFO - The train loss is 0.010842. The valid loss is 0.010639.
2022-05-11 14:43:08,589 - INFO - Epoch 195/200
2022-05-11 14:43:08,986 - INFO - The train loss is 0.010823. The valid loss is 0.010599.
2022-05-11 14:43:08,990 - INFO - Epoch 196/200
2022-05-11 14:43:09,379 - INFO - The train loss is 0.010767. The valid loss is 0.010558.
2022-05-11 14:43:09,384 - INFO - Epoch 197/200
2022-05-11 14:43:09,776 - INFO - The train loss is 0.010744. The valid loss is 0.010519.
2022-05-11 14:43:09,781 - INFO - Epoch 198/200
2022-05-11 14:43:10,178 - INFO - The train loss is 0.010699. The valid loss is 0.010479.
2022-05-11 14:43:10,183 - INFO - Epoch 199/200
2022-05-11 14:43:10,581 - INFO - The train loss is 0.010677. The valid loss is 0.010440.
2022-05-11 14:43:11,972 - INFO - The mean squared error of stock ['top blood velocity', 'bottom blood velocity'] is [0.00431597 0.00212454]
2022-05-11 14:43:12,011 - INFO - The predicted top blood velocity is: 57.28404137874179
2022-05-11 14:43:12,025 - INFO - The predicted bottom blood velocity is: 58.97964169393224
