2022-05-11 14:28:23,764 - INFO - 
Config:
'add_train': False
'batch_size': 501
'continue_flag': ''
'cur_time': '2022_05_11_14_28_23'
'debug_mode': False
'debug_num': 500
'do_continue_train': False
'do_figure_save': False
'do_log_print_to_screen': True
'do_log_save_to_file': True
'do_predict': True
'do_train': True
'do_train_visualized': False
'dropout_rate': 0.1
'epoch': 200
'feature_columns': [1, 2, 3, 4, 5]
'figure_save_path': './figure/'
'hidden_size': 128
'input_size': 5
'label_columns': [4, 5]
'label_in_feature_index': [3, 4]
'learning_rate': 0.0001
'log_save_path': './log/2022_05_11_14_28_23_pytorch/'
'lstm_layers': 2
'model_name': 'model_pytorch.pth'
'model_postfix': {'pytorch': '.pth'
'keras': '.h5'
'tensorflow': '.ckpt'}
'model_save_path': './checkpoint/pytorch/'
'output_size': 2
'patience': 3
'predict_day': 1
'random_seed': 42
'shuffle_train_data': True
'time_step': 500
'train_data_path': './gtau0.csv'
'train_data_rate': 0.9
'use_cuda': True
'used_frame': 'pytorch'
'valid_data_rate': 0.1
2022-05-11 14:28:27,896 - INFO - Epoch 0/200
2022-05-11 14:28:28,715 - INFO - The train loss is 0.886266. The valid loss is 0.879426.
2022-05-11 14:28:28,719 - INFO - Epoch 1/200
2022-05-11 14:28:28,958 - INFO - The train loss is 0.880681. The valid loss is 0.873720.
2022-05-11 14:28:28,959 - INFO - Epoch 2/200
2022-05-11 14:28:29,196 - INFO - The train loss is 0.875029. The valid loss is 0.867990.
2022-05-11 14:28:29,197 - INFO - Epoch 3/200
2022-05-11 14:28:29,436 - INFO - The train loss is 0.869415. The valid loss is 0.862217.
2022-05-11 14:28:29,438 - INFO - Epoch 4/200
2022-05-11 14:28:29,714 - INFO - The train loss is 0.863729. The valid loss is 0.856379.
2022-05-11 14:28:29,715 - INFO - Epoch 5/200
2022-05-11 14:28:29,986 - INFO - The train loss is 0.857954. The valid loss is 0.850454.
2022-05-11 14:28:29,988 - INFO - Epoch 6/200
2022-05-11 14:28:30,261 - INFO - The train loss is 0.852134. The valid loss is 0.844418.
2022-05-11 14:28:30,263 - INFO - Epoch 7/200
2022-05-11 14:28:30,520 - INFO - The train loss is 0.846226. The valid loss is 0.838243.
2022-05-11 14:28:30,522 - INFO - Epoch 8/200
2022-05-11 14:28:30,760 - INFO - The train loss is 0.840124. The valid loss is 0.831901.
2022-05-11 14:28:30,762 - INFO - Epoch 9/200
2022-05-11 14:28:31,000 - INFO - The train loss is 0.833935. The valid loss is 0.825364.
2022-05-11 14:28:31,002 - INFO - Epoch 10/200
2022-05-11 14:28:31,260 - INFO - The train loss is 0.827497. The valid loss is 0.818598.
2022-05-11 14:28:31,262 - INFO - Epoch 11/200
2022-05-11 14:28:31,502 - INFO - The train loss is 0.820892. The valid loss is 0.811570.
2022-05-11 14:28:31,503 - INFO - Epoch 12/200
2022-05-11 14:28:31,743 - INFO - The train loss is 0.813993. The valid loss is 0.804243.
2022-05-11 14:28:31,745 - INFO - Epoch 13/200
2022-05-11 14:28:31,983 - INFO - The train loss is 0.806831. The valid loss is 0.796577.
2022-05-11 14:28:31,985 - INFO - Epoch 14/200
2022-05-11 14:28:32,223 - INFO - The train loss is 0.799333. The valid loss is 0.788531.
2022-05-11 14:28:32,225 - INFO - Epoch 15/200
2022-05-11 14:28:32,479 - INFO - The train loss is 0.791512. The valid loss is 0.780057.
2022-05-11 14:28:32,481 - INFO - Epoch 16/200
2022-05-11 14:28:32,716 - INFO - The train loss is 0.783204. The valid loss is 0.771107.
2022-05-11 14:28:32,718 - INFO - Epoch 17/200
2022-05-11 14:28:32,982 - INFO - The train loss is 0.774520. The valid loss is 0.761626.
2022-05-11 14:28:32,984 - INFO - Epoch 18/200
2022-05-11 14:28:33,244 - INFO - The train loss is 0.765318. The valid loss is 0.751555.
2022-05-11 14:28:33,246 - INFO - Epoch 19/200
2022-05-11 14:28:33,488 - INFO - The train loss is 0.755519. The valid loss is 0.740832.
2022-05-11 14:28:33,490 - INFO - Epoch 20/200
2022-05-11 14:28:33,732 - INFO - The train loss is 0.745096. The valid loss is 0.729388.
2022-05-11 14:28:33,734 - INFO - Epoch 21/200
2022-05-11 14:28:33,973 - INFO - The train loss is 0.734051. The valid loss is 0.717148.
2022-05-11 14:28:33,975 - INFO - Epoch 22/200
2022-05-11 14:28:34,218 - INFO - The train loss is 0.722170. The valid loss is 0.704033.
2022-05-11 14:28:34,220 - INFO - Epoch 23/200
2022-05-11 14:28:34,460 - INFO - The train loss is 0.709494. The valid loss is 0.689958.
2022-05-11 14:28:34,462 - INFO - Epoch 24/200
2022-05-11 14:28:34,703 - INFO - The train loss is 0.695929. The valid loss is 0.674833.
2022-05-11 14:28:34,705 - INFO - Epoch 25/200
2022-05-11 14:28:34,943 - INFO - The train loss is 0.681446. The valid loss is 0.658567.
2022-05-11 14:28:34,945 - INFO - Epoch 26/200
2022-05-11 14:28:35,195 - INFO - The train loss is 0.665759. The valid loss is 0.641064.
2022-05-11 14:28:35,197 - INFO - Epoch 27/200
2022-05-11 14:28:35,441 - INFO - The train loss is 0.649039. The valid loss is 0.622231.
2022-05-11 14:28:35,442 - INFO - Epoch 28/200
2022-05-11 14:28:35,695 - INFO - The train loss is 0.631164. The valid loss is 0.601981.
2022-05-11 14:28:35,697 - INFO - Epoch 29/200
2022-05-11 14:28:35,939 - INFO - The train loss is 0.611782. The valid loss is 0.580238.
2022-05-11 14:28:35,941 - INFO - Epoch 30/200
2022-05-11 14:28:36,181 - INFO - The train loss is 0.591182. The valid loss is 0.556944.
2022-05-11 14:28:36,183 - INFO - Epoch 31/200
2022-05-11 14:28:36,421 - INFO - The train loss is 0.569225. The valid loss is 0.532081.
2022-05-11 14:28:36,423 - INFO - Epoch 32/200
2022-05-11 14:28:36,689 - INFO - The train loss is 0.545631. The valid loss is 0.505682.
2022-05-11 14:28:36,691 - INFO - Epoch 33/200
2022-05-11 14:28:36,955 - INFO - The train loss is 0.520808. The valid loss is 0.477855.
2022-05-11 14:28:36,957 - INFO - Epoch 34/200
2022-05-11 14:28:37,224 - INFO - The train loss is 0.494731. The valid loss is 0.448795.
2022-05-11 14:28:37,226 - INFO - Epoch 35/200
2022-05-11 14:28:37,494 - INFO - The train loss is 0.467244. The valid loss is 0.418771.
2022-05-11 14:28:37,496 - INFO - Epoch 36/200
2022-05-11 14:28:37,762 - INFO - The train loss is 0.438899. The valid loss is 0.388073.
2022-05-11 14:28:37,764 - INFO - Epoch 37/200
2022-05-11 14:28:38,027 - INFO - The train loss is 0.409587. The valid loss is 0.356922.
2022-05-11 14:28:38,029 - INFO - Epoch 38/200
2022-05-11 14:28:38,294 - INFO - The train loss is 0.379375. The valid loss is 0.325410.
2022-05-11 14:28:38,296 - INFO - Epoch 39/200
2022-05-11 14:28:38,561 - INFO - The train loss is 0.348426. The valid loss is 0.293599.
2022-05-11 14:28:38,563 - INFO - Epoch 40/200
2022-05-11 14:28:38,830 - INFO - The train loss is 0.316524. The valid loss is 0.261767.
2022-05-11 14:28:38,832 - INFO - Epoch 41/200
2022-05-11 14:28:39,096 - INFO - The train loss is 0.284175. The valid loss is 0.230603.
2022-05-11 14:28:39,098 - INFO - Epoch 42/200
2022-05-11 14:28:39,364 - INFO - The train loss is 0.252436. The valid loss is 0.201200.
2022-05-11 14:28:39,366 - INFO - Epoch 43/200
2022-05-11 14:28:39,639 - INFO - The train loss is 0.222387. The valid loss is 0.174845.
2022-05-11 14:28:39,641 - INFO - Epoch 44/200
2022-05-11 14:28:39,904 - INFO - The train loss is 0.195194. The valid loss is 0.152731.
2022-05-11 14:28:39,905 - INFO - Epoch 45/200
2022-05-11 14:28:40,168 - INFO - The train loss is 0.171855. The valid loss is 0.135646.
2022-05-11 14:28:40,170 - INFO - Epoch 46/200
2022-05-11 14:28:40,438 - INFO - The train loss is 0.153315. The valid loss is 0.123673.
2022-05-11 14:28:40,439 - INFO - Epoch 47/200
2022-05-11 14:28:40,704 - INFO - The train loss is 0.139347. The valid loss is 0.116000.
2022-05-11 14:28:40,706 - INFO - Epoch 48/200
2022-05-11 14:28:40,966 - INFO - The train loss is 0.129057. The valid loss is 0.111065.
2022-05-11 14:28:40,968 - INFO - Epoch 49/200
2022-05-11 14:28:41,194 - INFO - The train loss is 0.121073. The valid loss is 0.107120.
2022-05-11 14:28:41,196 - INFO - Epoch 50/200
2022-05-11 14:28:41,460 - INFO - The train loss is 0.113721. The valid loss is 0.102944.
2022-05-11 14:28:41,462 - INFO - Epoch 51/200
2022-05-11 14:28:41,728 - INFO - The train loss is 0.106486. The valid loss is 0.098169.
2022-05-11 14:28:41,729 - INFO - Epoch 52/200
2022-05-11 14:28:41,995 - INFO - The train loss is 0.099307. The valid loss is 0.093060.
2022-05-11 14:28:41,997 - INFO - Epoch 53/200
2022-05-11 14:28:42,265 - INFO - The train loss is 0.092732. The valid loss is 0.088095.
2022-05-11 14:28:42,267 - INFO - Epoch 54/200
2022-05-11 14:28:42,531 - INFO - The train loss is 0.086960. The valid loss is 0.083653.
2022-05-11 14:28:42,533 - INFO - Epoch 55/200
2022-05-11 14:28:42,800 - INFO - The train loss is 0.082225. The valid loss is 0.079873.
2022-05-11 14:28:42,802 - INFO - Epoch 56/200
2022-05-11 14:28:43,068 - INFO - The train loss is 0.078460. The valid loss is 0.076677.
2022-05-11 14:28:43,070 - INFO - Epoch 57/200
2022-05-11 14:28:43,338 - INFO - The train loss is 0.075410. The valid loss is 0.073880.
2022-05-11 14:28:43,340 - INFO - Epoch 58/200
2022-05-11 14:28:43,604 - INFO - The train loss is 0.072743. The valid loss is 0.071306.
2022-05-11 14:28:43,606 - INFO - Epoch 59/200
2022-05-11 14:28:43,877 - INFO - The train loss is 0.070337. The valid loss is 0.068849.
2022-05-11 14:28:43,879 - INFO - Epoch 60/200
2022-05-11 14:28:44,146 - INFO - The train loss is 0.068104. The valid loss is 0.066469.
2022-05-11 14:28:44,147 - INFO - Epoch 61/200
2022-05-11 14:28:44,412 - INFO - The train loss is 0.065797. The valid loss is 0.064170.
2022-05-11 14:28:44,414 - INFO - Epoch 62/200
2022-05-11 14:28:44,677 - INFO - The train loss is 0.063540. The valid loss is 0.061966.
2022-05-11 14:28:44,679 - INFO - Epoch 63/200
2022-05-11 14:28:44,945 - INFO - The train loss is 0.061544. The valid loss is 0.059853.
2022-05-11 14:28:44,947 - INFO - Epoch 64/200
2022-05-11 14:28:45,207 - INFO - The train loss is 0.059381. The valid loss is 0.057811.
2022-05-11 14:28:45,208 - INFO - Epoch 65/200
2022-05-11 14:28:45,476 - INFO - The train loss is 0.057407. The valid loss is 0.055809.
2022-05-11 14:28:45,478 - INFO - Epoch 66/200
2022-05-11 14:28:45,742 - INFO - The train loss is 0.055391. The valid loss is 0.053825.
2022-05-11 14:28:45,744 - INFO - Epoch 67/200
2022-05-11 14:28:46,003 - INFO - The train loss is 0.053378. The valid loss is 0.051852.
2022-05-11 14:28:46,005 - INFO - Epoch 68/200
2022-05-11 14:28:46,299 - INFO - The train loss is 0.051266. The valid loss is 0.049908.
2022-05-11 14:28:46,301 - INFO - Epoch 69/200
2022-05-11 14:28:46,531 - INFO - The train loss is 0.049111. The valid loss is 0.048017.
2022-05-11 14:28:46,533 - INFO - Epoch 70/200
2022-05-11 14:28:46,775 - INFO - The train loss is 0.046935. The valid loss is 0.046190.
2022-05-11 14:28:46,776 - INFO - Epoch 71/200
2022-05-11 14:28:47,017 - INFO - The train loss is 0.044975. The valid loss is 0.044422.
2022-05-11 14:28:47,019 - INFO - Epoch 72/200
2022-05-11 14:28:47,265 - INFO - The train loss is 0.042958. The valid loss is 0.042692.
2022-05-11 14:28:47,267 - INFO - Epoch 73/200
2022-05-11 14:28:47,539 - INFO - The train loss is 0.041095. The valid loss is 0.040974.
2022-05-11 14:28:47,541 - INFO - Epoch 74/200
2022-05-11 14:28:47,784 - INFO - The train loss is 0.039194. The valid loss is 0.039248.
2022-05-11 14:28:47,786 - INFO - Epoch 75/200
2022-05-11 14:28:48,019 - INFO - The train loss is 0.037331. The valid loss is 0.037507.
2022-05-11 14:28:48,021 - INFO - Epoch 76/200
2022-05-11 14:28:48,255 - INFO - The train loss is 0.035487. The valid loss is 0.035760.
2022-05-11 14:28:48,257 - INFO - Epoch 77/200
2022-05-11 14:28:48,496 - INFO - The train loss is 0.033774. The valid loss is 0.034023.
2022-05-11 14:28:48,498 - INFO - Epoch 78/200
2022-05-11 14:28:48,741 - INFO - The train loss is 0.032103. The valid loss is 0.032325.
2022-05-11 14:28:48,743 - INFO - Epoch 79/200
2022-05-11 14:28:48,983 - INFO - The train loss is 0.030437. The valid loss is 0.030695.
2022-05-11 14:28:48,985 - INFO - Epoch 80/200
2022-05-11 14:28:49,228 - INFO - The train loss is 0.028892. The valid loss is 0.029165.
2022-05-11 14:28:49,230 - INFO - Epoch 81/200
2022-05-11 14:28:49,479 - INFO - The train loss is 0.027484. The valid loss is 0.027754.
2022-05-11 14:28:49,481 - INFO - Epoch 82/200
2022-05-11 14:28:49,723 - INFO - The train loss is 0.026081. The valid loss is 0.026475.
2022-05-11 14:28:49,725 - INFO - Epoch 83/200
2022-05-11 14:28:49,972 - INFO - The train loss is 0.024849. The valid loss is 0.025326.
2022-05-11 14:28:49,974 - INFO - Epoch 84/200
2022-05-11 14:28:50,213 - INFO - The train loss is 0.023741. The valid loss is 0.024299.
2022-05-11 14:28:50,215 - INFO - Epoch 85/200
2022-05-11 14:28:50,461 - INFO - The train loss is 0.022711. The valid loss is 0.023384.
2022-05-11 14:28:50,463 - INFO - Epoch 86/200
2022-05-11 14:28:50,704 - INFO - The train loss is 0.021782. The valid loss is 0.022569.
2022-05-11 14:28:50,706 - INFO - Epoch 87/200
2022-05-11 14:28:50,945 - INFO - The train loss is 0.020927. The valid loss is 0.021844.
2022-05-11 14:28:50,947 - INFO - Epoch 88/200
2022-05-11 14:28:51,187 - INFO - The train loss is 0.020219. The valid loss is 0.021197.
2022-05-11 14:28:51,189 - INFO - Epoch 89/200
2022-05-11 14:28:51,430 - INFO - The train loss is 0.019553. The valid loss is 0.020615.
2022-05-11 14:28:51,432 - INFO - Epoch 90/200
2022-05-11 14:28:51,671 - INFO - The train loss is 0.018920. The valid loss is 0.020085.
2022-05-11 14:28:51,673 - INFO - Epoch 91/200
2022-05-11 14:28:51,912 - INFO - The train loss is 0.018457. The valid loss is 0.019598.
2022-05-11 14:28:51,914 - INFO - Epoch 92/200
2022-05-11 14:28:52,156 - INFO - The train loss is 0.018003. The valid loss is 0.019143.
2022-05-11 14:28:52,158 - INFO - Epoch 93/200
2022-05-11 14:28:52,401 - INFO - The train loss is 0.017550. The valid loss is 0.018715.
2022-05-11 14:28:52,402 - INFO - Epoch 94/200
2022-05-11 14:28:52,642 - INFO - The train loss is 0.017161. The valid loss is 0.018312.
2022-05-11 14:28:52,643 - INFO - Epoch 95/200
2022-05-11 14:28:52,885 - INFO - The train loss is 0.016798. The valid loss is 0.017931.
2022-05-11 14:28:52,886 - INFO - Epoch 96/200
2022-05-11 14:28:53,126 - INFO - The train loss is 0.016547. The valid loss is 0.017574.
2022-05-11 14:28:53,128 - INFO - Epoch 97/200
2022-05-11 14:28:53,397 - INFO - The train loss is 0.016244. The valid loss is 0.017243.
2022-05-11 14:28:53,398 - INFO - Epoch 98/200
2022-05-11 14:28:53,672 - INFO - The train loss is 0.015974. The valid loss is 0.016937.
2022-05-11 14:28:53,673 - INFO - Epoch 99/200
2022-05-11 14:28:53,949 - INFO - The train loss is 0.015758. The valid loss is 0.016652.
2022-05-11 14:28:53,951 - INFO - Epoch 100/200
2022-05-11 14:28:54,254 - INFO - The train loss is 0.015494. The valid loss is 0.016388.
2022-05-11 14:28:54,256 - INFO - Epoch 101/200
2022-05-11 14:28:54,529 - INFO - The train loss is 0.015304. The valid loss is 0.016142.
2022-05-11 14:28:54,531 - INFO - Epoch 102/200
2022-05-11 14:28:54,805 - INFO - The train loss is 0.015089. The valid loss is 0.015910.
2022-05-11 14:28:54,807 - INFO - Epoch 103/200
2022-05-11 14:28:55,080 - INFO - The train loss is 0.014863. The valid loss is 0.015692.
2022-05-11 14:28:55,082 - INFO - Epoch 104/200
2022-05-11 14:28:55,358 - INFO - The train loss is 0.014715. The valid loss is 0.015487.
2022-05-11 14:28:55,360 - INFO - Epoch 105/200
2022-05-11 14:28:55,635 - INFO - The train loss is 0.014528. The valid loss is 0.015292.
2022-05-11 14:28:55,636 - INFO - Epoch 106/200
2022-05-11 14:28:55,910 - INFO - The train loss is 0.014396. The valid loss is 0.015107.
2022-05-11 14:28:55,912 - INFO - Epoch 107/200
2022-05-11 14:28:56,187 - INFO - The train loss is 0.014238. The valid loss is 0.014933.
2022-05-11 14:28:56,188 - INFO - Epoch 108/200
2022-05-11 14:28:56,451 - INFO - The train loss is 0.014133. The valid loss is 0.014766.
2022-05-11 14:28:56,452 - INFO - Epoch 109/200
2022-05-11 14:28:56,692 - INFO - The train loss is 0.013953. The valid loss is 0.014607.
2022-05-11 14:28:56,694 - INFO - Epoch 110/200
2022-05-11 14:28:56,935 - INFO - The train loss is 0.013849. The valid loss is 0.014456.
2022-05-11 14:28:56,936 - INFO - Epoch 111/200
2022-05-11 14:28:57,178 - INFO - The train loss is 0.013764. The valid loss is 0.014312.
2022-05-11 14:28:57,180 - INFO - Epoch 112/200
2022-05-11 14:28:57,423 - INFO - The train loss is 0.013613. The valid loss is 0.014173.
2022-05-11 14:28:57,425 - INFO - Epoch 113/200
2022-05-11 14:28:57,689 - INFO - The train loss is 0.013494. The valid loss is 0.014040.
2022-05-11 14:28:57,690 - INFO - Epoch 114/200
2022-05-11 14:28:57,954 - INFO - The train loss is 0.013353. The valid loss is 0.013912.
2022-05-11 14:28:57,956 - INFO - Epoch 115/200
2022-05-11 14:28:58,221 - INFO - The train loss is 0.013284. The valid loss is 0.013788.
2022-05-11 14:28:58,222 - INFO - Epoch 116/200
2022-05-11 14:28:58,492 - INFO - The train loss is 0.013166. The valid loss is 0.013666.
2022-05-11 14:28:58,494 - INFO - Epoch 117/200
2022-05-11 14:28:58,761 - INFO - The train loss is 0.013102. The valid loss is 0.013548.
2022-05-11 14:28:58,763 - INFO - Epoch 118/200
2022-05-11 14:28:59,029 - INFO - The train loss is 0.012979. The valid loss is 0.013433.
2022-05-11 14:28:59,031 - INFO - Epoch 119/200
2022-05-11 14:28:59,295 - INFO - The train loss is 0.012896. The valid loss is 0.013322.
2022-05-11 14:28:59,297 - INFO - Epoch 120/200
2022-05-11 14:28:59,562 - INFO - The train loss is 0.012784. The valid loss is 0.013215.
2022-05-11 14:28:59,564 - INFO - Epoch 121/200
2022-05-11 14:28:59,828 - INFO - The train loss is 0.012745. The valid loss is 0.013112.
2022-05-11 14:28:59,830 - INFO - Epoch 122/200
2022-05-11 14:29:00,097 - INFO - The train loss is 0.012635. The valid loss is 0.013013.
2022-05-11 14:29:00,099 - INFO - Epoch 123/200
2022-05-11 14:29:00,363 - INFO - The train loss is 0.012563. The valid loss is 0.012916.
2022-05-11 14:29:00,365 - INFO - Epoch 124/200
2022-05-11 14:29:00,604 - INFO - The train loss is 0.012435. The valid loss is 0.012822.
2022-05-11 14:29:00,606 - INFO - Epoch 125/200
2022-05-11 14:29:00,849 - INFO - The train loss is 0.012390. The valid loss is 0.012732.
2022-05-11 14:29:00,851 - INFO - Epoch 126/200
2022-05-11 14:29:01,101 - INFO - The train loss is 0.012325. The valid loss is 0.012644.
2022-05-11 14:29:01,103 - INFO - Epoch 127/200
2022-05-11 14:29:01,385 - INFO - The train loss is 0.012223. The valid loss is 0.012557.
2022-05-11 14:29:01,386 - INFO - Epoch 128/200
2022-05-11 14:29:01,617 - INFO - The train loss is 0.012180. The valid loss is 0.012473.
2022-05-11 14:29:01,619 - INFO - Epoch 129/200
2022-05-11 14:29:01,859 - INFO - The train loss is 0.012127. The valid loss is 0.012391.
2022-05-11 14:29:01,862 - INFO - Epoch 130/200
2022-05-11 14:29:02,095 - INFO - The train loss is 0.012058. The valid loss is 0.012314.
2022-05-11 14:29:02,097 - INFO - Epoch 131/200
2022-05-11 14:29:02,338 - INFO - The train loss is 0.011933. The valid loss is 0.012240.
2022-05-11 14:29:02,341 - INFO - Epoch 132/200
2022-05-11 14:29:02,587 - INFO - The train loss is 0.011907. The valid loss is 0.012168.
2022-05-11 14:29:02,589 - INFO - Epoch 133/200
2022-05-11 14:29:02,834 - INFO - The train loss is 0.011792. The valid loss is 0.012098.
2022-05-11 14:29:02,836 - INFO - Epoch 134/200
2022-05-11 14:29:03,078 - INFO - The train loss is 0.011775. The valid loss is 0.012030.
2022-05-11 14:29:03,080 - INFO - Epoch 135/200
2022-05-11 14:29:03,323 - INFO - The train loss is 0.011705. The valid loss is 0.011965.
2022-05-11 14:29:03,326 - INFO - Epoch 136/200
2022-05-11 14:29:03,629 - INFO - The train loss is 0.011654. The valid loss is 0.011900.
2022-05-11 14:29:03,631 - INFO - Epoch 137/200
2022-05-11 14:29:03,930 - INFO - The train loss is 0.011599. The valid loss is 0.011838.
2022-05-11 14:29:03,932 - INFO - Epoch 138/200
2022-05-11 14:29:04,204 - INFO - The train loss is 0.011548. The valid loss is 0.011778.
2022-05-11 14:29:04,205 - INFO - Epoch 139/200
2022-05-11 14:29:04,478 - INFO - The train loss is 0.011510. The valid loss is 0.011719.
2022-05-11 14:29:04,480 - INFO - Epoch 140/200
2022-05-11 14:29:04,742 - INFO - The train loss is 0.011438. The valid loss is 0.011662.
2022-05-11 14:29:04,744 - INFO - Epoch 141/200
2022-05-11 14:29:05,007 - INFO - The train loss is 0.011376. The valid loss is 0.011607.
2022-05-11 14:29:05,009 - INFO - Epoch 142/200
2022-05-11 14:29:05,275 - INFO - The train loss is 0.011332. The valid loss is 0.011553.
2022-05-11 14:29:05,277 - INFO - Epoch 143/200
2022-05-11 14:29:05,540 - INFO - The train loss is 0.011274. The valid loss is 0.011501.
2022-05-11 14:29:05,542 - INFO - Epoch 144/200
2022-05-11 14:29:05,806 - INFO - The train loss is 0.011252. The valid loss is 0.011452.
2022-05-11 14:29:05,809 - INFO - Epoch 145/200
2022-05-11 14:29:06,073 - INFO - The train loss is 0.011200. The valid loss is 0.011403.
2022-05-11 14:29:06,074 - INFO - Epoch 146/200
2022-05-11 14:29:06,328 - INFO - The train loss is 0.011148. The valid loss is 0.011356.
2022-05-11 14:29:06,330 - INFO - Epoch 147/200
2022-05-11 14:29:06,606 - INFO - The train loss is 0.011101. The valid loss is 0.011309.
2022-05-11 14:29:06,608 - INFO - Epoch 148/200
2022-05-11 14:29:06,883 - INFO - The train loss is 0.011082. The valid loss is 0.011264.
2022-05-11 14:29:06,885 - INFO - Epoch 149/200
2022-05-11 14:29:07,159 - INFO - The train loss is 0.011029. The valid loss is 0.011219.
2022-05-11 14:29:07,161 - INFO - Epoch 150/200
2022-05-11 14:29:07,435 - INFO - The train loss is 0.010958. The valid loss is 0.011176.
2022-05-11 14:29:07,436 - INFO - Epoch 151/200
2022-05-11 14:29:07,683 - INFO - The train loss is 0.010969. The valid loss is 0.011134.
2022-05-11 14:29:07,685 - INFO - Epoch 152/200
2022-05-11 14:29:07,950 - INFO - The train loss is 0.010934. The valid loss is 0.011094.
2022-05-11 14:29:07,952 - INFO - Epoch 153/200
2022-05-11 14:29:08,215 - INFO - The train loss is 0.010876. The valid loss is 0.011055.
2022-05-11 14:29:08,217 - INFO - Epoch 154/200
2022-05-11 14:29:08,512 - INFO - The train loss is 0.010876. The valid loss is 0.011018.
2022-05-11 14:29:08,513 - INFO - Epoch 155/200
2022-05-11 14:29:08,788 - INFO - The train loss is 0.010817. The valid loss is 0.010981.
2022-05-11 14:29:08,790 - INFO - Epoch 156/200
2022-05-11 14:29:09,066 - INFO - The train loss is 0.010762. The valid loss is 0.010945.
2022-05-11 14:29:09,068 - INFO - Epoch 157/200
2022-05-11 14:29:09,323 - INFO - The train loss is 0.010746. The valid loss is 0.010910.
2022-05-11 14:29:09,325 - INFO - Epoch 158/200
2022-05-11 14:29:09,565 - INFO - The train loss is 0.010705. The valid loss is 0.010876.
2022-05-11 14:29:09,567 - INFO - Epoch 159/200
2022-05-11 14:29:09,807 - INFO - The train loss is 0.010658. The valid loss is 0.010841.
2022-05-11 14:29:09,808 - INFO - Epoch 160/200
2022-05-11 14:29:10,077 - INFO - The train loss is 0.010664. The valid loss is 0.010807.
2022-05-11 14:29:10,079 - INFO - Epoch 161/200
2022-05-11 14:29:10,327 - INFO - The train loss is 0.010629. The valid loss is 0.010774.
2022-05-11 14:29:10,329 - INFO - Epoch 162/200
2022-05-11 14:29:10,558 - INFO - The train loss is 0.010580. The valid loss is 0.010742.
2022-05-11 14:29:10,560 - INFO - Epoch 163/200
2022-05-11 14:29:10,845 - INFO - The train loss is 0.010522. The valid loss is 0.010712.
2022-05-11 14:29:10,847 - INFO - Epoch 164/200
2022-05-11 14:29:11,123 - INFO - The train loss is 0.010529. The valid loss is 0.010682.
2022-05-11 14:29:11,125 - INFO - Epoch 165/200
2022-05-11 14:29:11,398 - INFO - The train loss is 0.010503. The valid loss is 0.010652.
2022-05-11 14:29:11,400 - INFO - Epoch 166/200
2022-05-11 14:29:11,649 - INFO - The train loss is 0.010482. The valid loss is 0.010622.
2022-05-11 14:29:11,650 - INFO - Epoch 167/200
2022-05-11 14:29:11,891 - INFO - The train loss is 0.010447. The valid loss is 0.010594.
2022-05-11 14:29:11,893 - INFO - Epoch 168/200
2022-05-11 14:29:12,134 - INFO - The train loss is 0.010382. The valid loss is 0.010566.
2022-05-11 14:29:12,136 - INFO - Epoch 169/200
2022-05-11 14:29:12,377 - INFO - The train loss is 0.010379. The valid loss is 0.010538.
2022-05-11 14:29:12,379 - INFO - Epoch 170/200
2022-05-11 14:29:12,621 - INFO - The train loss is 0.010338. The valid loss is 0.010511.
2022-05-11 14:29:12,623 - INFO - Epoch 171/200
2022-05-11 14:29:12,862 - INFO - The train loss is 0.010335. The valid loss is 0.010486.
2022-05-11 14:29:12,864 - INFO - Epoch 172/200
2022-05-11 14:29:13,104 - INFO - The train loss is 0.010327. The valid loss is 0.010461.
2022-05-11 14:29:13,106 - INFO - Epoch 173/200
2022-05-11 14:29:13,350 - INFO - The train loss is 0.010315. The valid loss is 0.010437.
2022-05-11 14:29:13,352 - INFO - Epoch 174/200
2022-05-11 14:29:13,592 - INFO - The train loss is 0.010253. The valid loss is 0.010411.
2022-05-11 14:29:13,594 - INFO - Epoch 175/200
2022-05-11 14:29:13,834 - INFO - The train loss is 0.010208. The valid loss is 0.010386.
2022-05-11 14:29:13,836 - INFO - Epoch 176/200
2022-05-11 14:29:14,077 - INFO - The train loss is 0.010212. The valid loss is 0.010361.
2022-05-11 14:29:14,079 - INFO - Epoch 177/200
2022-05-11 14:29:14,320 - INFO - The train loss is 0.010191. The valid loss is 0.010338.
2022-05-11 14:29:14,321 - INFO - Epoch 178/200
2022-05-11 14:29:14,563 - INFO - The train loss is 0.010170. The valid loss is 0.010315.
2022-05-11 14:29:14,565 - INFO - Epoch 179/200
2022-05-11 14:29:14,806 - INFO - The train loss is 0.010129. The valid loss is 0.010293.
2022-05-11 14:29:14,808 - INFO - Epoch 180/200
2022-05-11 14:29:15,048 - INFO - The train loss is 0.010148. The valid loss is 0.010271.
2022-05-11 14:29:15,050 - INFO - Epoch 181/200
2022-05-11 14:29:15,300 - INFO - The train loss is 0.010073. The valid loss is 0.010249.
2022-05-11 14:29:15,302 - INFO - Epoch 182/200
2022-05-11 14:29:15,549 - INFO - The train loss is 0.010079. The valid loss is 0.010227.
2022-05-11 14:29:15,551 - INFO - Epoch 183/200
2022-05-11 14:29:15,796 - INFO - The train loss is 0.010084. The valid loss is 0.010204.
2022-05-11 14:29:15,798 - INFO - Epoch 184/200
2022-05-11 14:29:16,040 - INFO - The train loss is 0.010037. The valid loss is 0.010182.
2022-05-11 14:29:16,042 - INFO - Epoch 185/200
2022-05-11 14:29:16,286 - INFO - The train loss is 0.010024. The valid loss is 0.010160.
2022-05-11 14:29:16,288 - INFO - Epoch 186/200
2022-05-11 14:29:16,532 - INFO - The train loss is 0.009986. The valid loss is 0.010139.
2022-05-11 14:29:16,533 - INFO - Epoch 187/200
2022-05-11 14:29:16,775 - INFO - The train loss is 0.009990. The valid loss is 0.010119.
2022-05-11 14:29:16,777 - INFO - Epoch 188/200
2022-05-11 14:29:17,021 - INFO - The train loss is 0.009961. The valid loss is 0.010100.
2022-05-11 14:29:17,023 - INFO - Epoch 189/200
2022-05-11 14:29:17,268 - INFO - The train loss is 0.009955. The valid loss is 0.010081.
2022-05-11 14:29:17,270 - INFO - Epoch 190/200
2022-05-11 14:29:17,514 - INFO - The train loss is 0.009932. The valid loss is 0.010062.
2022-05-11 14:29:17,516 - INFO - Epoch 191/200
2022-05-11 14:29:17,758 - INFO - The train loss is 0.009927. The valid loss is 0.010044.
2022-05-11 14:29:17,760 - INFO - Epoch 192/200
2022-05-11 14:29:18,033 - INFO - The train loss is 0.009867. The valid loss is 0.010025.
2022-05-11 14:29:18,035 - INFO - Epoch 193/200
2022-05-11 14:29:18,301 - INFO - The train loss is 0.009882. The valid loss is 0.010005.
2022-05-11 14:29:18,302 - INFO - Epoch 194/200
2022-05-11 14:29:18,568 - INFO - The train loss is 0.009827. The valid loss is 0.009986.
2022-05-11 14:29:18,569 - INFO - Epoch 195/200
2022-05-11 14:29:18,832 - INFO - The train loss is 0.009794. The valid loss is 0.009967.
2022-05-11 14:29:18,834 - INFO - Epoch 196/200
2022-05-11 14:29:19,097 - INFO - The train loss is 0.009784. The valid loss is 0.009948.
2022-05-11 14:29:19,099 - INFO - Epoch 197/200
2022-05-11 14:29:19,359 - INFO - The train loss is 0.009783. The valid loss is 0.009930.
2022-05-11 14:29:19,360 - INFO - Epoch 198/200
2022-05-11 14:29:19,624 - INFO - The train loss is 0.009778. The valid loss is 0.009913.
2022-05-11 14:29:19,626 - INFO - Epoch 199/200
2022-05-11 14:29:19,922 - INFO - The train loss is 0.009773. The valid loss is 0.009896.
2022-05-11 14:29:22,183 - INFO - The mean squared error of stock ['top blood velocity', 'bottom blood velocity'] is [0.03682264 0.01333193]
2022-05-11 14:29:22,221 - INFO - The predicted top blood velocity is: 52.269524238115814
2022-05-11 14:29:22,236 - INFO - The predicted bottom blood velocity is: 56.04091910416679
