2022-07-06 03:14:13,251 - INFO - 
Config:
'add_train': False
'batch_size': 334
'continue_flag': ''
'cur_time': '2022_07_06_03_14_13'
'debug_mode': False
'debug_num': 500
'do_continue_train': False
'do_figure_save': False
'do_log_print_to_screen': True
'do_log_save_to_file': True
'do_predict': True
'do_train': True
'do_train_visualized': False
'dropout_rate': 0.1
'epoch': 150
'feature_columns': [1, 2, 3, 4, 5]
'figure_save_path': './figure/'
'hidden_size': 256
'input_size': 5
'label_columns': [4, 5]
'label_in_feature_index': [3, 4]
'learning_rate': 0.0001
'log_save_path': './log/2022_07_06_03_14_13_pytorch/'
'lstm_layers': 2
'model_name': 'model_pytorch.pth'
'model_postfix': {'pytorch': '.pth'
'keras': '.h5'
'tensorflow': '.ckpt'}
'model_save_path': './checkpoint/pytorch/'
'output_size': 2
'patience': 3
'predict_day': 1
'random_seed': 23
'shuffle_train_data': True
'time_step': 167
'train_data_path': './gtau2.3edited.csv'
'train_data_rate': 0.9
'use_cuda': True
'used_frame': 'pytorch'
'valid_data_rate': 0.1
2022-07-06 03:14:15,610 - INFO - Epoch 0/150
2022-07-06 03:14:16,191 - INFO - The train loss is 1.002539. The valid loss is 1.003384.
2022-07-06 03:14:16,197 - INFO - Epoch 1/150
2022-07-06 03:14:16,497 - INFO - The train loss is 0.982166. The valid loss is 0.982746.
2022-07-06 03:14:16,501 - INFO - Epoch 2/150
2022-07-06 03:14:16,808 - INFO - The train loss is 0.961139. The valid loss is 0.960773.
2022-07-06 03:14:16,814 - INFO - Epoch 3/150
2022-07-06 03:14:17,111 - INFO - The train loss is 0.938344. The valid loss is 0.936259.
2022-07-06 03:14:17,116 - INFO - Epoch 4/150
2022-07-06 03:14:17,415 - INFO - The train loss is 0.912565. The valid loss is 0.907797.
2022-07-06 03:14:17,420 - INFO - Epoch 5/150
2022-07-06 03:14:17,720 - INFO - The train loss is 0.882222. The valid loss is 0.873620.
2022-07-06 03:14:17,724 - INFO - Epoch 6/150
2022-07-06 03:14:18,013 - INFO - The train loss is 0.845437. The valid loss is 0.831404.
2022-07-06 03:14:18,018 - INFO - Epoch 7/150
2022-07-06 03:14:18,314 - INFO - The train loss is 0.799614. The valid loss is 0.778023.
2022-07-06 03:14:18,318 - INFO - Epoch 8/150
2022-07-06 03:14:18,619 - INFO - The train loss is 0.741317. The valid loss is 0.709285.
2022-07-06 03:14:18,623 - INFO - Epoch 9/150
2022-07-06 03:14:18,924 - INFO - The train loss is 0.666024. The valid loss is 0.619774.
2022-07-06 03:14:18,929 - INFO - Epoch 10/150
2022-07-06 03:14:19,231 - INFO - The train loss is 0.568152. The valid loss is 0.503525.
2022-07-06 03:14:19,236 - INFO - Epoch 11/150
2022-07-06 03:14:19,528 - INFO - The train loss is 0.442949. The valid loss is 0.359148.
2022-07-06 03:14:19,533 - INFO - Epoch 12/150
2022-07-06 03:14:19,837 - INFO - The train loss is 0.297618. The valid loss is 0.216568.
2022-07-06 03:14:19,842 - INFO - Epoch 13/150
2022-07-06 03:14:20,171 - INFO - The train loss is 0.188759. The valid loss is 0.173567.
2022-07-06 03:14:20,176 - INFO - Epoch 14/150
2022-07-06 03:14:20,476 - INFO - The train loss is 0.165709. The valid loss is 0.153125.
2022-07-06 03:14:20,481 - INFO - Epoch 15/150
2022-07-06 03:14:20,780 - INFO - The train loss is 0.123205. The valid loss is 0.100926.
2022-07-06 03:14:20,785 - INFO - Epoch 16/150
2022-07-06 03:14:21,083 - INFO - The train loss is 0.084184. The valid loss is 0.076494.
2022-07-06 03:14:21,088 - INFO - Epoch 17/150
2022-07-06 03:14:21,388 - INFO - The train loss is 0.067512. The valid loss is 0.063059.
2022-07-06 03:14:21,393 - INFO - Epoch 18/150
2022-07-06 03:14:21,689 - INFO - The train loss is 0.057107. The valid loss is 0.052991.
2022-07-06 03:14:21,694 - INFO - Epoch 19/150
2022-07-06 03:14:21,991 - INFO - The train loss is 0.049737. The valid loss is 0.046227.
2022-07-06 03:14:21,996 - INFO - Epoch 20/150
2022-07-06 03:14:22,295 - INFO - The train loss is 0.045205. The valid loss is 0.042510.
2022-07-06 03:14:22,299 - INFO - Epoch 21/150
2022-07-06 03:14:22,599 - INFO - The train loss is 0.042693. The valid loss is 0.041357.
2022-07-06 03:14:22,604 - INFO - Epoch 22/150
2022-07-06 03:14:22,903 - INFO - The train loss is 0.041450. The valid loss is 0.040383.
2022-07-06 03:14:22,907 - INFO - Epoch 23/150
2022-07-06 03:14:23,205 - INFO - The train loss is 0.039825. The valid loss is 0.038146.
2022-07-06 03:14:23,209 - INFO - Epoch 24/150
2022-07-06 03:14:23,506 - INFO - The train loss is 0.037526. The valid loss is 0.036417.
2022-07-06 03:14:23,511 - INFO - Epoch 25/150
2022-07-06 03:14:23,814 - INFO - The train loss is 0.036099. The valid loss is 0.035523.
2022-07-06 03:14:23,818 - INFO - Epoch 26/150
2022-07-06 03:14:24,127 - INFO - The train loss is 0.035073. The valid loss is 0.034890.
2022-07-06 03:14:24,132 - INFO - Epoch 27/150
2022-07-06 03:14:24,432 - INFO - The train loss is 0.034320. The valid loss is 0.034494.
2022-07-06 03:14:24,437 - INFO - Epoch 28/150
2022-07-06 03:14:24,746 - INFO - The train loss is 0.033660. The valid loss is 0.034090.
2022-07-06 03:14:24,751 - INFO - Epoch 29/150
2022-07-06 03:14:25,052 - INFO - The train loss is 0.033218. The valid loss is 0.033534.
2022-07-06 03:14:25,056 - INFO - Epoch 30/150
2022-07-06 03:14:25,353 - INFO - The train loss is 0.032615. The valid loss is 0.033017.
2022-07-06 03:14:25,358 - INFO - Epoch 31/150
2022-07-06 03:14:25,656 - INFO - The train loss is 0.032201. The valid loss is 0.032618.
2022-07-06 03:14:25,661 - INFO - Epoch 32/150
2022-07-06 03:14:25,967 - INFO - The train loss is 0.031897. The valid loss is 0.032297.
2022-07-06 03:14:25,974 - INFO - Epoch 33/150
2022-07-06 03:14:26,278 - INFO - The train loss is 0.031586. The valid loss is 0.032027.
2022-07-06 03:14:26,283 - INFO - Epoch 34/150
2022-07-06 03:14:26,579 - INFO - The train loss is 0.031346. The valid loss is 0.031779.
2022-07-06 03:14:26,584 - INFO - Epoch 35/150
2022-07-06 03:14:26,881 - INFO - The train loss is 0.031077. The valid loss is 0.031531.
2022-07-06 03:14:26,886 - INFO - Epoch 36/150
2022-07-06 03:14:27,182 - INFO - The train loss is 0.030795. The valid loss is 0.031278.
2022-07-06 03:14:27,187 - INFO - Epoch 37/150
2022-07-06 03:14:27,485 - INFO - The train loss is 0.030561. The valid loss is 0.031043.
2022-07-06 03:14:27,490 - INFO - Epoch 38/150
2022-07-06 03:14:27,788 - INFO - The train loss is 0.030329. The valid loss is 0.030826.
2022-07-06 03:14:27,793 - INFO - Epoch 39/150
2022-07-06 03:14:28,090 - INFO - The train loss is 0.030098. The valid loss is 0.030611.
2022-07-06 03:14:28,095 - INFO - Epoch 40/150
2022-07-06 03:14:28,397 - INFO - The train loss is 0.029894. The valid loss is 0.030392.
2022-07-06 03:14:28,404 - INFO - Epoch 41/150
2022-07-06 03:14:28,710 - INFO - The train loss is 0.029651. The valid loss is 0.030169.
2022-07-06 03:14:28,715 - INFO - Epoch 42/150
2022-07-06 03:14:29,014 - INFO - The train loss is 0.029470. The valid loss is 0.029945.
2022-07-06 03:14:29,018 - INFO - Epoch 43/150
2022-07-06 03:14:29,316 - INFO - The train loss is 0.029224. The valid loss is 0.029723.
2022-07-06 03:14:29,321 - INFO - Epoch 44/150
2022-07-06 03:14:29,619 - INFO - The train loss is 0.029004. The valid loss is 0.029508.
2022-07-06 03:14:29,623 - INFO - Epoch 45/150
2022-07-06 03:14:29,922 - INFO - The train loss is 0.028838. The valid loss is 0.029300.
2022-07-06 03:14:29,926 - INFO - Epoch 46/150
2022-07-06 03:14:30,223 - INFO - The train loss is 0.028570. The valid loss is 0.029093.
2022-07-06 03:14:30,228 - INFO - Epoch 47/150
2022-07-06 03:14:30,526 - INFO - The train loss is 0.028393. The valid loss is 0.028885.
2022-07-06 03:14:30,529 - INFO - Epoch 48/150
2022-07-06 03:14:30,827 - INFO - The train loss is 0.028257. The valid loss is 0.028678.
2022-07-06 03:14:30,831 - INFO - Epoch 49/150
2022-07-06 03:14:31,129 - INFO - The train loss is 0.028029. The valid loss is 0.028476.
2022-07-06 03:14:31,133 - INFO - Epoch 50/150
2022-07-06 03:14:31,432 - INFO - The train loss is 0.027859. The valid loss is 0.028276.
2022-07-06 03:14:31,437 - INFO - Epoch 51/150
2022-07-06 03:14:31,738 - INFO - The train loss is 0.027623. The valid loss is 0.028078.
2022-07-06 03:14:31,742 - INFO - Epoch 52/150
2022-07-06 03:14:32,042 - INFO - The train loss is 0.027447. The valid loss is 0.027882.
2022-07-06 03:14:32,047 - INFO - Epoch 53/150
2022-07-06 03:14:32,345 - INFO - The train loss is 0.027235. The valid loss is 0.027687.
2022-07-06 03:14:32,350 - INFO - Epoch 54/150
2022-07-06 03:14:32,658 - INFO - The train loss is 0.027091. The valid loss is 0.027494.
2022-07-06 03:14:32,663 - INFO - Epoch 55/150
2022-07-06 03:14:32,978 - INFO - The train loss is 0.026849. The valid loss is 0.027303.
2022-07-06 03:14:32,983 - INFO - Epoch 56/150
2022-07-06 03:14:33,280 - INFO - The train loss is 0.026698. The valid loss is 0.027113.
2022-07-06 03:14:33,284 - INFO - Epoch 57/150
2022-07-06 03:14:33,583 - INFO - The train loss is 0.026490. The valid loss is 0.026925.
2022-07-06 03:14:33,588 - INFO - Epoch 58/150
2022-07-06 03:14:33,888 - INFO - The train loss is 0.026322. The valid loss is 0.026740.
2022-07-06 03:14:33,893 - INFO - Epoch 59/150
2022-07-06 03:14:34,192 - INFO - The train loss is 0.026148. The valid loss is 0.026555.
2022-07-06 03:14:34,197 - INFO - Epoch 60/150
2022-07-06 03:14:34,495 - INFO - The train loss is 0.025993. The valid loss is 0.026372.
2022-07-06 03:14:34,499 - INFO - Epoch 61/150
2022-07-06 03:14:34,799 - INFO - The train loss is 0.025826. The valid loss is 0.026191.
2022-07-06 03:14:34,804 - INFO - Epoch 62/150
2022-07-06 03:14:35,105 - INFO - The train loss is 0.025611. The valid loss is 0.026012.
2022-07-06 03:14:35,110 - INFO - Epoch 63/150
2022-07-06 03:14:35,408 - INFO - The train loss is 0.025461. The valid loss is 0.025832.
2022-07-06 03:14:35,413 - INFO - Epoch 64/150
2022-07-06 03:14:35,712 - INFO - The train loss is 0.025309. The valid loss is 0.025653.
2022-07-06 03:14:35,717 - INFO - Epoch 65/150
2022-07-06 03:14:36,020 - INFO - The train loss is 0.025125. The valid loss is 0.025479.
2022-07-06 03:14:36,025 - INFO - Epoch 66/150
2022-07-06 03:14:36,322 - INFO - The train loss is 0.024951. The valid loss is 0.025307.
2022-07-06 03:14:36,326 - INFO - Epoch 67/150
2022-07-06 03:14:36,626 - INFO - The train loss is 0.024787. The valid loss is 0.025135.
2022-07-06 03:14:36,631 - INFO - Epoch 68/150
2022-07-06 03:14:36,928 - INFO - The train loss is 0.024612. The valid loss is 0.024963.
2022-07-06 03:14:36,933 - INFO - Epoch 69/150
2022-07-06 03:14:37,231 - INFO - The train loss is 0.024453. The valid loss is 0.024794.
2022-07-06 03:14:37,236 - INFO - Epoch 70/150
2022-07-06 03:14:37,536 - INFO - The train loss is 0.024313. The valid loss is 0.024624.
2022-07-06 03:14:37,541 - INFO - Epoch 71/150
2022-07-06 03:14:37,839 - INFO - The train loss is 0.024145. The valid loss is 0.024455.
2022-07-06 03:14:37,844 - INFO - Epoch 72/150
2022-07-06 03:14:38,144 - INFO - The train loss is 0.023970. The valid loss is 0.024291.
2022-07-06 03:14:38,151 - INFO - Epoch 73/150
2022-07-06 03:14:38,450 - INFO - The train loss is 0.023808. The valid loss is 0.024127.
2022-07-06 03:14:38,455 - INFO - Epoch 74/150
2022-07-06 03:14:38,755 - INFO - The train loss is 0.023658. The valid loss is 0.023963.
2022-07-06 03:14:38,760 - INFO - Epoch 75/150
2022-07-06 03:14:39,058 - INFO - The train loss is 0.023510. The valid loss is 0.023800.
2022-07-06 03:14:39,063 - INFO - Epoch 76/150
2022-07-06 03:14:39,374 - INFO - The train loss is 0.023328. The valid loss is 0.023638.
2022-07-06 03:14:39,379 - INFO - Epoch 77/150
2022-07-06 03:14:39,686 - INFO - The train loss is 0.023176. The valid loss is 0.023479.
2022-07-06 03:14:39,691 - INFO - Epoch 78/150
2022-07-06 03:14:39,990 - INFO - The train loss is 0.023012. The valid loss is 0.023320.
2022-07-06 03:14:39,995 - INFO - Epoch 79/150
2022-07-06 03:14:40,296 - INFO - The train loss is 0.022863. The valid loss is 0.023163.
2022-07-06 03:14:40,300 - INFO - Epoch 80/150
2022-07-06 03:14:40,609 - INFO - The train loss is 0.022720. The valid loss is 0.023006.
2022-07-06 03:14:40,616 - INFO - Epoch 81/150
2022-07-06 03:14:40,929 - INFO - The train loss is 0.022587. The valid loss is 0.022851.
2022-07-06 03:14:40,934 - INFO - Epoch 82/150
2022-07-06 03:14:41,244 - INFO - The train loss is 0.022436. The valid loss is 0.022698.
2022-07-06 03:14:41,250 - INFO - Epoch 83/150
2022-07-06 03:14:41,557 - INFO - The train loss is 0.022264. The valid loss is 0.022543.
2022-07-06 03:14:41,562 - INFO - Epoch 84/150
2022-07-06 03:14:41,872 - INFO - The train loss is 0.022096. The valid loss is 0.022389.
2022-07-06 03:14:41,878 - INFO - Epoch 85/150
2022-07-06 03:14:42,187 - INFO - The train loss is 0.021973. The valid loss is 0.022239.
2022-07-06 03:14:42,192 - INFO - Epoch 86/150
2022-07-06 03:14:42,509 - INFO - The train loss is 0.021807. The valid loss is 0.022090.
2022-07-06 03:14:42,516 - INFO - Epoch 87/150
2022-07-06 03:14:42,825 - INFO - The train loss is 0.021674. The valid loss is 0.021940.
2022-07-06 03:14:42,832 - INFO - Epoch 88/150
2022-07-06 03:14:43,140 - INFO - The train loss is 0.021529. The valid loss is 0.021793.
2022-07-06 03:14:43,148 - INFO - Epoch 89/150
2022-07-06 03:14:43,457 - INFO - The train loss is 0.021400. The valid loss is 0.021646.
2022-07-06 03:14:43,463 - INFO - Epoch 90/150
2022-07-06 03:14:43,771 - INFO - The train loss is 0.021252. The valid loss is 0.021500.
2022-07-06 03:14:43,776 - INFO - Epoch 91/150
2022-07-06 03:14:44,085 - INFO - The train loss is 0.021110. The valid loss is 0.021354.
2022-07-06 03:14:44,091 - INFO - Epoch 92/150
2022-07-06 03:14:44,400 - INFO - The train loss is 0.020973. The valid loss is 0.021210.
2022-07-06 03:14:44,405 - INFO - Epoch 93/150
2022-07-06 03:14:44,711 - INFO - The train loss is 0.020815. The valid loss is 0.021067.
2022-07-06 03:14:44,716 - INFO - Epoch 94/150
2022-07-06 03:14:45,027 - INFO - The train loss is 0.020704. The valid loss is 0.020924.
2022-07-06 03:14:45,032 - INFO - Epoch 95/150
2022-07-06 03:14:45,324 - INFO - The train loss is 0.020595. The valid loss is 0.020783.
2022-07-06 03:14:45,330 - INFO - Epoch 96/150
2022-07-06 03:14:45,655 - INFO - The train loss is 0.020410. The valid loss is 0.020643.
2022-07-06 03:14:45,663 - INFO - Epoch 97/150
2022-07-06 03:14:45,969 - INFO - The train loss is 0.020318. The valid loss is 0.020505.
2022-07-06 03:14:45,974 - INFO - Epoch 98/150
2022-07-06 03:14:46,275 - INFO - The train loss is 0.020168. The valid loss is 0.020366.
2022-07-06 03:14:46,280 - INFO - Epoch 99/150
2022-07-06 03:14:46,575 - INFO - The train loss is 0.020037. The valid loss is 0.020229.
2022-07-06 03:14:46,579 - INFO - Epoch 100/150
2022-07-06 03:14:46,881 - INFO - The train loss is 0.019888. The valid loss is 0.020093.
2022-07-06 03:14:46,885 - INFO - Epoch 101/150
2022-07-06 03:14:47,190 - INFO - The train loss is 0.019777. The valid loss is 0.019957.
2022-07-06 03:14:47,195 - INFO - Epoch 102/150
2022-07-06 03:14:47,494 - INFO - The train loss is 0.019627. The valid loss is 0.019822.
2022-07-06 03:14:47,498 - INFO - Epoch 103/150
2022-07-06 03:14:47,796 - INFO - The train loss is 0.019523. The valid loss is 0.019690.
2022-07-06 03:14:47,801 - INFO - Epoch 104/150
2022-07-06 03:14:48,095 - INFO - The train loss is 0.019390. The valid loss is 0.019558.
2022-07-06 03:14:48,100 - INFO - Epoch 105/150
2022-07-06 03:14:48,400 - INFO - The train loss is 0.019241. The valid loss is 0.019425.
2022-07-06 03:14:48,405 - INFO - Epoch 106/150
2022-07-06 03:14:48,709 - INFO - The train loss is 0.019114. The valid loss is 0.019293.
2022-07-06 03:14:48,714 - INFO - Epoch 107/150
2022-07-06 03:14:49,027 - INFO - The train loss is 0.018985. The valid loss is 0.019166.
2022-07-06 03:14:49,031 - INFO - Epoch 108/150
2022-07-06 03:14:49,341 - INFO - The train loss is 0.018888. The valid loss is 0.019038.
2022-07-06 03:14:49,346 - INFO - Epoch 109/150
2022-07-06 03:14:49,643 - INFO - The train loss is 0.018723. The valid loss is 0.018908.
2022-07-06 03:14:49,648 - INFO - Epoch 110/150
2022-07-06 03:14:49,949 - INFO - The train loss is 0.018653. The valid loss is 0.018781.
2022-07-06 03:14:49,954 - INFO - Epoch 111/150
2022-07-06 03:14:50,252 - INFO - The train loss is 0.018523. The valid loss is 0.018658.
2022-07-06 03:14:50,257 - INFO - Epoch 112/150
2022-07-06 03:14:50,565 - INFO - The train loss is 0.018391. The valid loss is 0.018534.
2022-07-06 03:14:50,570 - INFO - Epoch 113/150
2022-07-06 03:14:50,865 - INFO - The train loss is 0.018274. The valid loss is 0.018410.
2022-07-06 03:14:50,870 - INFO - Epoch 114/150
2022-07-06 03:14:51,179 - INFO - The train loss is 0.018167. The valid loss is 0.018288.
2022-07-06 03:14:51,183 - INFO - Epoch 115/150
2022-07-06 03:14:51,483 - INFO - The train loss is 0.018038. The valid loss is 0.018167.
2022-07-06 03:14:51,488 - INFO - Epoch 116/150
2022-07-06 03:14:51,780 - INFO - The train loss is 0.017927. The valid loss is 0.018047.
2022-07-06 03:14:51,784 - INFO - Epoch 117/150
2022-07-06 03:14:52,085 - INFO - The train loss is 0.017802. The valid loss is 0.017929.
2022-07-06 03:14:52,090 - INFO - Epoch 118/150
2022-07-06 03:14:52,402 - INFO - The train loss is 0.017693. The valid loss is 0.017811.
2022-07-06 03:14:52,406 - INFO - Epoch 119/150
2022-07-06 03:14:52,710 - INFO - The train loss is 0.017577. The valid loss is 0.017693.
2022-07-06 03:14:52,715 - INFO - Epoch 120/150
2022-07-06 03:14:53,011 - INFO - The train loss is 0.017441. The valid loss is 0.017578.
2022-07-06 03:14:53,015 - INFO - Epoch 121/150
2022-07-06 03:14:53,319 - INFO - The train loss is 0.017365. The valid loss is 0.017465.
2022-07-06 03:14:53,323 - INFO - Epoch 122/150
2022-07-06 03:14:53,634 - INFO - The train loss is 0.017247. The valid loss is 0.017351.
2022-07-06 03:14:53,639 - INFO - Epoch 123/150
2022-07-06 03:14:53,941 - INFO - The train loss is 0.017129. The valid loss is 0.017240.
2022-07-06 03:14:53,945 - INFO - Epoch 124/150
2022-07-06 03:14:54,242 - INFO - The train loss is 0.017043. The valid loss is 0.017130.
2022-07-06 03:14:54,247 - INFO - Epoch 125/150
2022-07-06 03:14:54,548 - INFO - The train loss is 0.016922. The valid loss is 0.017021.
2022-07-06 03:14:54,553 - INFO - Epoch 126/150
2022-07-06 03:14:54,853 - INFO - The train loss is 0.016808. The valid loss is 0.016913.
2022-07-06 03:14:54,857 - INFO - Epoch 127/150
2022-07-06 03:14:55,160 - INFO - The train loss is 0.016723. The valid loss is 0.016807.
2022-07-06 03:14:55,165 - INFO - Epoch 128/150
2022-07-06 03:14:55,472 - INFO - The train loss is 0.016648. The valid loss is 0.016702.
2022-07-06 03:14:55,477 - INFO - Epoch 129/150
2022-07-06 03:14:55,781 - INFO - The train loss is 0.016510. The valid loss is 0.016599.
2022-07-06 03:14:55,786 - INFO - Epoch 130/150
2022-07-06 03:14:56,093 - INFO - The train loss is 0.016431. The valid loss is 0.016496.
2022-07-06 03:14:56,098 - INFO - Epoch 131/150
2022-07-06 03:14:56,399 - INFO - The train loss is 0.016322. The valid loss is 0.016396.
2022-07-06 03:14:56,404 - INFO - Epoch 132/150
2022-07-06 03:14:56,704 - INFO - The train loss is 0.016224. The valid loss is 0.016297.
2022-07-06 03:14:56,709 - INFO - Epoch 133/150
2022-07-06 03:14:57,014 - INFO - The train loss is 0.016136. The valid loss is 0.016198.
2022-07-06 03:14:57,019 - INFO - Epoch 134/150
2022-07-06 03:14:57,324 - INFO - The train loss is 0.016055. The valid loss is 0.016102.
2022-07-06 03:14:57,329 - INFO - Epoch 135/150
2022-07-06 03:14:57,635 - INFO - The train loss is 0.015955. The valid loss is 0.016008.
2022-07-06 03:14:57,639 - INFO - Epoch 136/150
2022-07-06 03:14:57,942 - INFO - The train loss is 0.015885. The valid loss is 0.015913.
2022-07-06 03:14:57,946 - INFO - Epoch 137/150
2022-07-06 03:14:58,252 - INFO - The train loss is 0.015795. The valid loss is 0.015821.
2022-07-06 03:14:58,256 - INFO - Epoch 138/150
2022-07-06 03:14:58,561 - INFO - The train loss is 0.015699. The valid loss is 0.015730.
2022-07-06 03:14:58,566 - INFO - Epoch 139/150
2022-07-06 03:14:58,869 - INFO - The train loss is 0.015610. The valid loss is 0.015641.
2022-07-06 03:14:58,873 - INFO - Epoch 140/150
2022-07-06 03:14:59,177 - INFO - The train loss is 0.015517. The valid loss is 0.015553.
2022-07-06 03:14:59,182 - INFO - Epoch 141/150
2022-07-06 03:14:59,484 - INFO - The train loss is 0.015465. The valid loss is 0.015466.
2022-07-06 03:14:59,489 - INFO - Epoch 142/150
2022-07-06 03:14:59,800 - INFO - The train loss is 0.015353. The valid loss is 0.015380.
2022-07-06 03:14:59,805 - INFO - Epoch 143/150
2022-07-06 03:15:00,110 - INFO - The train loss is 0.015286. The valid loss is 0.015297.
2022-07-06 03:15:00,115 - INFO - Epoch 144/150
2022-07-06 03:15:00,410 - INFO - The train loss is 0.015223. The valid loss is 0.015214.
2022-07-06 03:15:00,415 - INFO - Epoch 145/150
2022-07-06 03:15:00,716 - INFO - The train loss is 0.015118. The valid loss is 0.015132.
2022-07-06 03:15:00,721 - INFO - Epoch 146/150
2022-07-06 03:15:01,025 - INFO - The train loss is 0.015052. The valid loss is 0.015052.
2022-07-06 03:15:01,030 - INFO - Epoch 147/150
2022-07-06 03:15:01,332 - INFO - The train loss is 0.014979. The valid loss is 0.014974.
2022-07-06 03:15:01,337 - INFO - Epoch 148/150
2022-07-06 03:15:01,630 - INFO - The train loss is 0.014903. The valid loss is 0.014895.
2022-07-06 03:15:01,635 - INFO - Epoch 149/150
2022-07-06 03:15:01,944 - INFO - The train loss is 0.014830. The valid loss is 0.014818.
2022-07-06 03:15:02,891 - INFO - The MSE of ['top', 'bottom'] is [0.44621796 4.32048555]
2022-07-06 03:15:02,891 - INFO - The mean squared error of ['top', 'bottom'] is [0.00100143 0.01312435]
2022-07-06 03:15:02,891 - INFO - The R squared of ['top', 'bottom'] is [0.9990876  0.98865438]
2022-07-06 03:15:03,030 - INFO - The predicted top velocity is: 59.85668163261575
2022-07-06 03:15:03,045 - INFO - The predicted bottom velocity is: 59.91570283075292
