2022-07-06 01:25:30,541 - INFO - 
Config:
'add_train': False
'batch_size': 334
'continue_flag': ''
'cur_time': '2022_07_06_01_25_30'
'debug_mode': False
'debug_num': 500
'do_continue_train': False
'do_figure_save': False
'do_log_print_to_screen': True
'do_log_save_to_file': True
'do_predict': True
'do_train': True
'do_train_visualized': False
'dropout_rate': 0.1
'epoch': 250
'feature_columns': [1, 2, 3, 4, 5]
'figure_save_path': './figure/'
'hidden_size': 256
'input_size': 5
'label_columns': [4, 5]
'label_in_feature_index': [3, 4]
'learning_rate': 0.0001
'log_save_path': './log/2022_07_06_01_25_30_pytorch/'
'lstm_layers': 2
'model_name': 'model_pytorch.pth'
'model_postfix': {'pytorch': '.pth'
'keras': '.h5'
'tensorflow': '.ckpt'}
'model_save_path': './checkpoint/pytorch/'
'output_size': 2
'patience': 3
'predict_day': 1
'random_seed': 23
'shuffle_train_data': True
'time_step': 167
'train_data_path': './gtau2.3edited.csv'
'train_data_rate': 0.9
'use_cuda': True
'used_frame': 'pytorch'
'valid_data_rate': 0.1
2022-07-06 01:25:32,879 - INFO - Epoch 0/250
2022-07-06 01:25:33,477 - INFO - The train loss is 1.006216. The valid loss is 0.997777.
2022-07-06 01:25:33,481 - INFO - Epoch 1/250
2022-07-06 01:25:33,778 - INFO - The train loss is 0.986315. The valid loss is 0.978924.
2022-07-06 01:25:33,783 - INFO - Epoch 2/250
2022-07-06 01:25:34,094 - INFO - The train loss is 0.965872. The valid loss is 0.958972.
2022-07-06 01:25:34,099 - INFO - Epoch 3/250
2022-07-06 01:25:34,401 - INFO - The train loss is 0.943931. The valid loss is 0.936969.
2022-07-06 01:25:34,406 - INFO - Epoch 4/250
2022-07-06 01:25:34,709 - INFO - The train loss is 0.919479. The valid loss is 0.911744.
2022-07-06 01:25:34,714 - INFO - Epoch 5/250
2022-07-06 01:25:35,008 - INFO - The train loss is 0.891148. The valid loss is 0.881826.
2022-07-06 01:25:35,012 - INFO - Epoch 6/250
2022-07-06 01:25:35,310 - INFO - The train loss is 0.857297. The valid loss is 0.845326.
2022-07-06 01:25:35,315 - INFO - Epoch 7/250
2022-07-06 01:25:35,612 - INFO - The train loss is 0.815676. The valid loss is 0.799794.
2022-07-06 01:25:35,617 - INFO - Epoch 8/250
2022-07-06 01:25:35,928 - INFO - The train loss is 0.763472. The valid loss is 0.742129.
2022-07-06 01:25:35,932 - INFO - Epoch 9/250
2022-07-06 01:25:36,239 - INFO - The train loss is 0.697089. The valid loss is 0.668684.
2022-07-06 01:25:36,244 - INFO - Epoch 10/250
2022-07-06 01:25:36,540 - INFO - The train loss is 0.612719. The valid loss is 0.575679.
2022-07-06 01:25:36,545 - INFO - Epoch 11/250
2022-07-06 01:25:36,841 - INFO - The train loss is 0.506977. The valid loss is 0.459462.
2022-07-06 01:25:36,846 - INFO - Epoch 12/250
2022-07-06 01:25:37,142 - INFO - The train loss is 0.378512. The valid loss is 0.323951.
2022-07-06 01:25:37,147 - INFO - Epoch 13/250
2022-07-06 01:25:37,482 - INFO - The train loss is 0.254104. The valid loss is 0.229638.
2022-07-06 01:25:37,486 - INFO - Epoch 14/250
2022-07-06 01:25:37,782 - INFO - The train loss is 0.192067. The valid loss is 0.162732.
2022-07-06 01:25:37,787 - INFO - Epoch 15/250
2022-07-06 01:25:38,081 - INFO - The train loss is 0.122082. The valid loss is 0.090164.
2022-07-06 01:25:38,085 - INFO - Epoch 16/250
2022-07-06 01:25:38,387 - INFO - The train loss is 0.076045. The valid loss is 0.073841.
2022-07-06 01:25:38,392 - INFO - Epoch 17/250
2022-07-06 01:25:38,689 - INFO - The train loss is 0.068551. The valid loss is 0.065107.
2022-07-06 01:25:38,694 - INFO - Epoch 18/250
2022-07-06 01:25:38,993 - INFO - The train loss is 0.057595. The valid loss is 0.049199.
2022-07-06 01:25:38,998 - INFO - Epoch 19/250
2022-07-06 01:25:39,298 - INFO - The train loss is 0.047754. The valid loss is 0.044583.
2022-07-06 01:25:39,304 - INFO - Epoch 20/250
2022-07-06 01:25:39,602 - INFO - The train loss is 0.046591. The valid loss is 0.045991.
2022-07-06 01:25:39,603 - INFO - Epoch 21/250
2022-07-06 01:25:39,900 - INFO - The train loss is 0.046951. The valid loss is 0.044163.
2022-07-06 01:25:39,904 - INFO - Epoch 22/250
2022-07-06 01:25:40,202 - INFO - The train loss is 0.043665. The valid loss is 0.039926.
2022-07-06 01:25:40,207 - INFO - Epoch 23/250
2022-07-06 01:25:40,507 - INFO - The train loss is 0.040045. The valid loss is 0.037900.
2022-07-06 01:25:40,512 - INFO - Epoch 24/250
2022-07-06 01:25:40,810 - INFO - The train loss is 0.038352. The valid loss is 0.037220.
2022-07-06 01:25:40,815 - INFO - Epoch 25/250
2022-07-06 01:25:41,115 - INFO - The train loss is 0.037098. The valid loss is 0.036315.
2022-07-06 01:25:41,120 - INFO - Epoch 26/250
2022-07-06 01:25:41,418 - INFO - The train loss is 0.035905. The valid loss is 0.035571.
2022-07-06 01:25:41,423 - INFO - Epoch 27/250
2022-07-06 01:25:41,723 - INFO - The train loss is 0.035108. The valid loss is 0.035020.
2022-07-06 01:25:41,728 - INFO - Epoch 28/250
2022-07-06 01:25:42,025 - INFO - The train loss is 0.034511. The valid loss is 0.034352.
2022-07-06 01:25:42,030 - INFO - Epoch 29/250
2022-07-06 01:25:42,329 - INFO - The train loss is 0.033835. The valid loss is 0.033640.
2022-07-06 01:25:42,333 - INFO - Epoch 30/250
2022-07-06 01:25:42,633 - INFO - The train loss is 0.033310. The valid loss is 0.033161.
2022-07-06 01:25:42,637 - INFO - Epoch 31/250
2022-07-06 01:25:42,937 - INFO - The train loss is 0.032856. The valid loss is 0.032798.
2022-07-06 01:25:42,942 - INFO - Epoch 32/250
2022-07-06 01:25:43,242 - INFO - The train loss is 0.032545. The valid loss is 0.032445.
2022-07-06 01:25:43,246 - INFO - Epoch 33/250
2022-07-06 01:25:43,544 - INFO - The train loss is 0.032191. The valid loss is 0.032160.
2022-07-06 01:25:43,549 - INFO - Epoch 34/250
2022-07-06 01:25:43,846 - INFO - The train loss is 0.031925. The valid loss is 0.031921.
2022-07-06 01:25:43,851 - INFO - Epoch 35/250
2022-07-06 01:25:44,150 - INFO - The train loss is 0.031646. The valid loss is 0.031667.
2022-07-06 01:25:44,154 - INFO - Epoch 36/250
2022-07-06 01:25:44,453 - INFO - The train loss is 0.031385. The valid loss is 0.031405.
2022-07-06 01:25:44,458 - INFO - Epoch 37/250
2022-07-06 01:25:44,772 - INFO - The train loss is 0.031131. The valid loss is 0.031160.
2022-07-06 01:25:44,777 - INFO - Epoch 38/250
2022-07-06 01:25:45,077 - INFO - The train loss is 0.030881. The valid loss is 0.030930.
2022-07-06 01:25:45,084 - INFO - Epoch 39/250
2022-07-06 01:25:45,401 - INFO - The train loss is 0.030674. The valid loss is 0.030703.
2022-07-06 01:25:45,406 - INFO - Epoch 40/250
2022-07-06 01:25:45,709 - INFO - The train loss is 0.030402. The valid loss is 0.030477.
2022-07-06 01:25:45,714 - INFO - Epoch 41/250
2022-07-06 01:25:46,028 - INFO - The train loss is 0.030181. The valid loss is 0.030244.
2022-07-06 01:25:46,032 - INFO - Epoch 42/250
2022-07-06 01:25:46,334 - INFO - The train loss is 0.029962. The valid loss is 0.030010.
2022-07-06 01:25:46,339 - INFO - Epoch 43/250
2022-07-06 01:25:46,637 - INFO - The train loss is 0.029735. The valid loss is 0.029784.
2022-07-06 01:25:46,641 - INFO - Epoch 44/250
2022-07-06 01:25:46,941 - INFO - The train loss is 0.029522. The valid loss is 0.029565.
2022-07-06 01:25:46,946 - INFO - Epoch 45/250
2022-07-06 01:25:47,243 - INFO - The train loss is 0.029294. The valid loss is 0.029350.
2022-07-06 01:25:47,248 - INFO - Epoch 46/250
2022-07-06 01:25:47,546 - INFO - The train loss is 0.029091. The valid loss is 0.029140.
2022-07-06 01:25:47,551 - INFO - Epoch 47/250
2022-07-06 01:25:47,853 - INFO - The train loss is 0.028874. The valid loss is 0.028934.
2022-07-06 01:25:47,858 - INFO - Epoch 48/250
2022-07-06 01:25:48,157 - INFO - The train loss is 0.028675. The valid loss is 0.028728.
2022-07-06 01:25:48,162 - INFO - Epoch 49/250
2022-07-06 01:25:48,460 - INFO - The train loss is 0.028485. The valid loss is 0.028522.
2022-07-06 01:25:48,465 - INFO - Epoch 50/250
2022-07-06 01:25:48,767 - INFO - The train loss is 0.028271. The valid loss is 0.028320.
2022-07-06 01:25:48,772 - INFO - Epoch 51/250
2022-07-06 01:25:49,073 - INFO - The train loss is 0.028092. The valid loss is 0.028120.
2022-07-06 01:25:49,078 - INFO - Epoch 52/250
2022-07-06 01:25:49,380 - INFO - The train loss is 0.027864. The valid loss is 0.027921.
2022-07-06 01:25:49,385 - INFO - Epoch 53/250
2022-07-06 01:25:49,684 - INFO - The train loss is 0.027688. The valid loss is 0.027722.
2022-07-06 01:25:49,688 - INFO - Epoch 54/250
2022-07-06 01:25:49,988 - INFO - The train loss is 0.027496. The valid loss is 0.027528.
2022-07-06 01:25:49,993 - INFO - Epoch 55/250
2022-07-06 01:25:50,306 - INFO - The train loss is 0.027307. The valid loss is 0.027338.
2022-07-06 01:25:50,311 - INFO - Epoch 56/250
2022-07-06 01:25:50,624 - INFO - The train loss is 0.027080. The valid loss is 0.027150.
2022-07-06 01:25:50,629 - INFO - Epoch 57/250
2022-07-06 01:25:50,939 - INFO - The train loss is 0.026940. The valid loss is 0.026963.
2022-07-06 01:25:50,944 - INFO - Epoch 58/250
2022-07-06 01:25:51,259 - INFO - The train loss is 0.026691. The valid loss is 0.026776.
2022-07-06 01:25:51,264 - INFO - Epoch 59/250
2022-07-06 01:25:51,570 - INFO - The train loss is 0.026562. The valid loss is 0.026590.
2022-07-06 01:25:51,575 - INFO - Epoch 60/250
2022-07-06 01:25:51,875 - INFO - The train loss is 0.026364. The valid loss is 0.026406.
2022-07-06 01:25:51,880 - INFO - Epoch 61/250
2022-07-06 01:25:52,179 - INFO - The train loss is 0.026161. The valid loss is 0.026227.
2022-07-06 01:25:52,184 - INFO - Epoch 62/250
2022-07-06 01:25:52,487 - INFO - The train loss is 0.026033. The valid loss is 0.026048.
2022-07-06 01:25:52,492 - INFO - Epoch 63/250
2022-07-06 01:25:52,800 - INFO - The train loss is 0.025848. The valid loss is 0.025869.
2022-07-06 01:25:52,805 - INFO - Epoch 64/250
2022-07-06 01:25:53,111 - INFO - The train loss is 0.025648. The valid loss is 0.025693.
2022-07-06 01:25:53,116 - INFO - Epoch 65/250
2022-07-06 01:25:53,418 - INFO - The train loss is 0.025474. The valid loss is 0.025520.
2022-07-06 01:25:53,423 - INFO - Epoch 66/250
2022-07-06 01:25:53,727 - INFO - The train loss is 0.025315. The valid loss is 0.025346.
2022-07-06 01:25:53,731 - INFO - Epoch 67/250
2022-07-06 01:25:54,033 - INFO - The train loss is 0.025140. The valid loss is 0.025174.
2022-07-06 01:25:54,037 - INFO - Epoch 68/250
2022-07-06 01:25:54,337 - INFO - The train loss is 0.024981. The valid loss is 0.025003.
2022-07-06 01:25:54,342 - INFO - Epoch 69/250
2022-07-06 01:25:54,653 - INFO - The train loss is 0.024817. The valid loss is 0.024833.
2022-07-06 01:25:54,659 - INFO - Epoch 70/250
2022-07-06 01:25:54,971 - INFO - The train loss is 0.024665. The valid loss is 0.024666.
2022-07-06 01:25:54,978 - INFO - Epoch 71/250
2022-07-06 01:25:55,290 - INFO - The train loss is 0.024510. The valid loss is 0.024499.
2022-07-06 01:25:55,295 - INFO - Epoch 72/250
2022-07-06 01:25:55,608 - INFO - The train loss is 0.024331. The valid loss is 0.024335.
2022-07-06 01:25:55,613 - INFO - Epoch 73/250
2022-07-06 01:25:55,926 - INFO - The train loss is 0.024170. The valid loss is 0.024170.
2022-07-06 01:25:55,930 - INFO - Epoch 74/250
2022-07-06 01:25:56,242 - INFO - The train loss is 0.023983. The valid loss is 0.024005.
2022-07-06 01:25:56,247 - INFO - Epoch 75/250
2022-07-06 01:25:56,561 - INFO - The train loss is 0.023826. The valid loss is 0.023843.
2022-07-06 01:25:56,566 - INFO - Epoch 76/250
2022-07-06 01:25:56,882 - INFO - The train loss is 0.023700. The valid loss is 0.023685.
2022-07-06 01:25:56,887 - INFO - Epoch 77/250
2022-07-06 01:25:57,201 - INFO - The train loss is 0.023532. The valid loss is 0.023525.
2022-07-06 01:25:57,205 - INFO - Epoch 78/250
2022-07-06 01:25:57,527 - INFO - The train loss is 0.023380. The valid loss is 0.023365.
2022-07-06 01:25:57,532 - INFO - Epoch 79/250
2022-07-06 01:25:57,850 - INFO - The train loss is 0.023210. The valid loss is 0.023208.
2022-07-06 01:25:57,855 - INFO - Epoch 80/250
2022-07-06 01:25:58,168 - INFO - The train loss is 0.023082. The valid loss is 0.023054.
2022-07-06 01:25:58,173 - INFO - Epoch 81/250
2022-07-06 01:25:58,486 - INFO - The train loss is 0.022891. The valid loss is 0.022900.
2022-07-06 01:25:58,491 - INFO - Epoch 82/250
2022-07-06 01:25:58,805 - INFO - The train loss is 0.022733. The valid loss is 0.022744.
2022-07-06 01:25:58,810 - INFO - Epoch 83/250
2022-07-06 01:25:59,125 - INFO - The train loss is 0.022612. The valid loss is 0.022589.
2022-07-06 01:25:59,130 - INFO - Epoch 84/250
2022-07-06 01:25:59,444 - INFO - The train loss is 0.022444. The valid loss is 0.022436.
2022-07-06 01:25:59,451 - INFO - Epoch 85/250
2022-07-06 01:25:59,758 - INFO - The train loss is 0.022297. The valid loss is 0.022287.
2022-07-06 01:25:59,763 - INFO - Epoch 86/250
2022-07-06 01:26:00,065 - INFO - The train loss is 0.022137. The valid loss is 0.022136.
2022-07-06 01:26:00,070 - INFO - Epoch 87/250
2022-07-06 01:26:00,381 - INFO - The train loss is 0.021999. The valid loss is 0.021986.
2022-07-06 01:26:00,385 - INFO - Epoch 88/250
2022-07-06 01:26:00,689 - INFO - The train loss is 0.021841. The valid loss is 0.021838.
2022-07-06 01:26:00,694 - INFO - Epoch 89/250
2022-07-06 01:26:00,998 - INFO - The train loss is 0.021673. The valid loss is 0.021691.
2022-07-06 01:26:01,003 - INFO - Epoch 90/250
2022-07-06 01:26:01,307 - INFO - The train loss is 0.021603. The valid loss is 0.021545.
2022-07-06 01:26:01,312 - INFO - Epoch 91/250
2022-07-06 01:26:01,624 - INFO - The train loss is 0.021415. The valid loss is 0.021398.
2022-07-06 01:26:01,629 - INFO - Epoch 92/250
2022-07-06 01:26:01,942 - INFO - The train loss is 0.021284. The valid loss is 0.021253.
2022-07-06 01:26:01,947 - INFO - Epoch 93/250
2022-07-06 01:26:02,255 - INFO - The train loss is 0.021144. The valid loss is 0.021109.
2022-07-06 01:26:02,260 - INFO - Epoch 94/250
2022-07-06 01:26:02,571 - INFO - The train loss is 0.020991. The valid loss is 0.020965.
2022-07-06 01:26:02,576 - INFO - Epoch 95/250
2022-07-06 01:26:02,879 - INFO - The train loss is 0.020835. The valid loss is 0.020822.
2022-07-06 01:26:02,883 - INFO - Epoch 96/250
2022-07-06 01:26:03,192 - INFO - The train loss is 0.020692. The valid loss is 0.020681.
2022-07-06 01:26:03,197 - INFO - Epoch 97/250
2022-07-06 01:26:03,509 - INFO - The train loss is 0.020578. The valid loss is 0.020540.
2022-07-06 01:26:03,514 - INFO - Epoch 98/250
2022-07-06 01:26:03,820 - INFO - The train loss is 0.020444. The valid loss is 0.020399.
2022-07-06 01:26:03,825 - INFO - Epoch 99/250
2022-07-06 01:26:04,137 - INFO - The train loss is 0.020283. The valid loss is 0.020260.
2022-07-06 01:26:04,142 - INFO - Epoch 100/250
2022-07-06 01:26:04,453 - INFO - The train loss is 0.020177. The valid loss is 0.020122.
2022-07-06 01:26:04,458 - INFO - Epoch 101/250
2022-07-06 01:26:04,764 - INFO - The train loss is 0.020014. The valid loss is 0.019985.
2022-07-06 01:26:04,769 - INFO - Epoch 102/250
2022-07-06 01:26:05,077 - INFO - The train loss is 0.019906. The valid loss is 0.019848.
2022-07-06 01:26:05,082 - INFO - Epoch 103/250
2022-07-06 01:26:05,388 - INFO - The train loss is 0.019757. The valid loss is 0.019711.
2022-07-06 01:26:05,393 - INFO - Epoch 104/250
2022-07-06 01:26:05,701 - INFO - The train loss is 0.019615. The valid loss is 0.019576.
2022-07-06 01:26:05,706 - INFO - Epoch 105/250
2022-07-06 01:26:06,009 - INFO - The train loss is 0.019491. The valid loss is 0.019442.
2022-07-06 01:26:06,014 - INFO - Epoch 106/250
2022-07-06 01:26:06,323 - INFO - The train loss is 0.019358. The valid loss is 0.019309.
2022-07-06 01:26:06,329 - INFO - Epoch 107/250
2022-07-06 01:26:06,636 - INFO - The train loss is 0.019233. The valid loss is 0.019178.
2022-07-06 01:26:06,641 - INFO - Epoch 108/250
2022-07-06 01:26:06,955 - INFO - The train loss is 0.019106. The valid loss is 0.019047.
2022-07-06 01:26:06,960 - INFO - Epoch 109/250
2022-07-06 01:26:07,275 - INFO - The train loss is 0.018933. The valid loss is 0.018916.
2022-07-06 01:26:07,280 - INFO - Epoch 110/250
2022-07-06 01:26:07,600 - INFO - The train loss is 0.018813. The valid loss is 0.018788.
2022-07-06 01:26:07,605 - INFO - Epoch 111/250
2022-07-06 01:26:07,913 - INFO - The train loss is 0.018707. The valid loss is 0.018661.
2022-07-06 01:26:07,918 - INFO - Epoch 112/250
2022-07-06 01:26:08,229 - INFO - The train loss is 0.018590. The valid loss is 0.018534.
2022-07-06 01:26:08,235 - INFO - Epoch 113/250
2022-07-06 01:26:08,553 - INFO - The train loss is 0.018471. The valid loss is 0.018409.
2022-07-06 01:26:08,557 - INFO - Epoch 114/250
2022-07-06 01:26:08,871 - INFO - The train loss is 0.018338. The valid loss is 0.018286.
2022-07-06 01:26:08,876 - INFO - Epoch 115/250
2022-07-06 01:26:09,190 - INFO - The train loss is 0.018229. The valid loss is 0.018165.
2022-07-06 01:26:09,194 - INFO - Epoch 116/250
2022-07-06 01:26:09,508 - INFO - The train loss is 0.018092. The valid loss is 0.018045.
2022-07-06 01:26:09,514 - INFO - Epoch 117/250
2022-07-06 01:26:09,832 - INFO - The train loss is 0.017985. The valid loss is 0.017925.
2022-07-06 01:26:09,838 - INFO - Epoch 118/250
2022-07-06 01:26:10,155 - INFO - The train loss is 0.017877. The valid loss is 0.017807.
2022-07-06 01:26:10,162 - INFO - Epoch 119/250
2022-07-06 01:26:10,479 - INFO - The train loss is 0.017762. The valid loss is 0.017691.
2022-07-06 01:26:10,484 - INFO - Epoch 120/250
2022-07-06 01:26:10,797 - INFO - The train loss is 0.017642. The valid loss is 0.017577.
2022-07-06 01:26:10,802 - INFO - Epoch 121/250
2022-07-06 01:26:11,108 - INFO - The train loss is 0.017519. The valid loss is 0.017464.
2022-07-06 01:26:11,113 - INFO - Epoch 122/250
2022-07-06 01:26:11,423 - INFO - The train loss is 0.017377. The valid loss is 0.017353.
2022-07-06 01:26:11,428 - INFO - Epoch 123/250
2022-07-06 01:26:11,737 - INFO - The train loss is 0.017280. The valid loss is 0.017243.
2022-07-06 01:26:11,741 - INFO - Epoch 124/250
2022-07-06 01:26:12,045 - INFO - The train loss is 0.017168. The valid loss is 0.017135.
2022-07-06 01:26:12,050 - INFO - Epoch 125/250
2022-07-06 01:26:12,366 - INFO - The train loss is 0.017071. The valid loss is 0.017027.
2022-07-06 01:26:12,372 - INFO - Epoch 126/250
2022-07-06 01:26:12,686 - INFO - The train loss is 0.016984. The valid loss is 0.016924.
2022-07-06 01:26:12,691 - INFO - Epoch 127/250
2022-07-06 01:26:13,018 - INFO - The train loss is 0.016885. The valid loss is 0.016820.
2022-07-06 01:26:13,022 - INFO - Epoch 128/250
2022-07-06 01:26:13,329 - INFO - The train loss is 0.016782. The valid loss is 0.016717.
2022-07-06 01:26:13,334 - INFO - Epoch 129/250
2022-07-06 01:26:13,639 - INFO - The train loss is 0.016695. The valid loss is 0.016616.
2022-07-06 01:26:13,644 - INFO - Epoch 130/250
2022-07-06 01:26:13,953 - INFO - The train loss is 0.016572. The valid loss is 0.016515.
2022-07-06 01:26:13,958 - INFO - Epoch 131/250
2022-07-06 01:26:14,269 - INFO - The train loss is 0.016520. The valid loss is 0.016417.
2022-07-06 01:26:14,276 - INFO - Epoch 132/250
2022-07-06 01:26:14,593 - INFO - The train loss is 0.016390. The valid loss is 0.016320.
2022-07-06 01:26:14,598 - INFO - Epoch 133/250
2022-07-06 01:26:14,911 - INFO - The train loss is 0.016311. The valid loss is 0.016224.
2022-07-06 01:26:14,915 - INFO - Epoch 134/250
2022-07-06 01:26:15,220 - INFO - The train loss is 0.016232. The valid loss is 0.016129.
2022-07-06 01:26:15,224 - INFO - Epoch 135/250
2022-07-06 01:26:15,528 - INFO - The train loss is 0.016136. The valid loss is 0.016036.
2022-07-06 01:26:15,533 - INFO - Epoch 136/250
2022-07-06 01:26:15,835 - INFO - The train loss is 0.016032. The valid loss is 0.015946.
2022-07-06 01:26:15,840 - INFO - Epoch 137/250
2022-07-06 01:26:16,158 - INFO - The train loss is 0.015975. The valid loss is 0.015855.
2022-07-06 01:26:16,162 - INFO - Epoch 138/250
2022-07-06 01:26:16,473 - INFO - The train loss is 0.015853. The valid loss is 0.015765.
2022-07-06 01:26:16,479 - INFO - Epoch 139/250
2022-07-06 01:26:16,792 - INFO - The train loss is 0.015786. The valid loss is 0.015676.
2022-07-06 01:26:16,797 - INFO - Epoch 140/250
2022-07-06 01:26:17,100 - INFO - The train loss is 0.015703. The valid loss is 0.015590.
2022-07-06 01:26:17,104 - INFO - Epoch 141/250
2022-07-06 01:26:17,419 - INFO - The train loss is 0.015614. The valid loss is 0.015504.
2022-07-06 01:26:17,425 - INFO - Epoch 142/250
2022-07-06 01:26:17,736 - INFO - The train loss is 0.015527. The valid loss is 0.015418.
2022-07-06 01:26:17,741 - INFO - Epoch 143/250
2022-07-06 01:26:18,053 - INFO - The train loss is 0.015456. The valid loss is 0.015335.
2022-07-06 01:26:18,059 - INFO - Epoch 144/250
2022-07-06 01:26:18,373 - INFO - The train loss is 0.015362. The valid loss is 0.015253.
2022-07-06 01:26:18,378 - INFO - Epoch 145/250
2022-07-06 01:26:18,687 - INFO - The train loss is 0.015299. The valid loss is 0.015171.
2022-07-06 01:26:18,692 - INFO - Epoch 146/250
2022-07-06 01:26:19,002 - INFO - The train loss is 0.015217. The valid loss is 0.015090.
2022-07-06 01:26:19,007 - INFO - Epoch 147/250
2022-07-06 01:26:19,316 - INFO - The train loss is 0.015141. The valid loss is 0.015011.
2022-07-06 01:26:19,322 - INFO - Epoch 148/250
2022-07-06 01:26:19,638 - INFO - The train loss is 0.015063. The valid loss is 0.014933.
2022-07-06 01:26:19,642 - INFO - Epoch 149/250
2022-07-06 01:26:19,949 - INFO - The train loss is 0.015004. The valid loss is 0.014855.
2022-07-06 01:26:19,954 - INFO - Epoch 150/250
2022-07-06 01:26:20,263 - INFO - The train loss is 0.014910. The valid loss is 0.014778.
2022-07-06 01:26:20,268 - INFO - Epoch 151/250
2022-07-06 01:26:20,584 - INFO - The train loss is 0.014850. The valid loss is 0.014703.
2022-07-06 01:26:20,589 - INFO - Epoch 152/250
2022-07-06 01:26:20,901 - INFO - The train loss is 0.014763. The valid loss is 0.014629.
2022-07-06 01:26:20,905 - INFO - Epoch 153/250
2022-07-06 01:26:21,210 - INFO - The train loss is 0.014692. The valid loss is 0.014556.
2022-07-06 01:26:21,214 - INFO - Epoch 154/250
2022-07-06 01:26:21,525 - INFO - The train loss is 0.014640. The valid loss is 0.014482.
2022-07-06 01:26:21,530 - INFO - Epoch 155/250
2022-07-06 01:26:21,842 - INFO - The train loss is 0.014569. The valid loss is 0.014411.
2022-07-06 01:26:21,848 - INFO - Epoch 156/250
2022-07-06 01:26:22,165 - INFO - The train loss is 0.014489. The valid loss is 0.014341.
2022-07-06 01:26:22,170 - INFO - Epoch 157/250
2022-07-06 01:26:22,477 - INFO - The train loss is 0.014427. The valid loss is 0.014270.
2022-07-06 01:26:22,482 - INFO - Epoch 158/250
2022-07-06 01:26:22,789 - INFO - The train loss is 0.014369. The valid loss is 0.014201.
2022-07-06 01:26:22,793 - INFO - Epoch 159/250
2022-07-06 01:26:23,106 - INFO - The train loss is 0.014309. The valid loss is 0.014133.
2022-07-06 01:26:23,112 - INFO - Epoch 160/250
2022-07-06 01:26:23,420 - INFO - The train loss is 0.014226. The valid loss is 0.014065.
2022-07-06 01:26:23,425 - INFO - Epoch 161/250
2022-07-06 01:26:23,737 - INFO - The train loss is 0.014159. The valid loss is 0.013998.
2022-07-06 01:26:23,742 - INFO - Epoch 162/250
2022-07-06 01:26:24,055 - INFO - The train loss is 0.014131. The valid loss is 0.013932.
2022-07-06 01:26:24,060 - INFO - Epoch 163/250
2022-07-06 01:26:24,364 - INFO - The train loss is 0.014055. The valid loss is 0.013867.
2022-07-06 01:26:24,369 - INFO - Epoch 164/250
2022-07-06 01:26:24,685 - INFO - The train loss is 0.013980. The valid loss is 0.013802.
2022-07-06 01:26:24,690 - INFO - Epoch 165/250
2022-07-06 01:26:25,012 - INFO - The train loss is 0.013909. The valid loss is 0.013737.
2022-07-06 01:26:25,017 - INFO - Epoch 166/250
2022-07-06 01:26:25,335 - INFO - The train loss is 0.013850. The valid loss is 0.013675.
2022-07-06 01:26:25,339 - INFO - Epoch 167/250
2022-07-06 01:26:25,657 - INFO - The train loss is 0.013784. The valid loss is 0.013613.
2022-07-06 01:26:25,662 - INFO - Epoch 168/250
2022-07-06 01:26:25,969 - INFO - The train loss is 0.013751. The valid loss is 0.013550.
2022-07-06 01:26:25,973 - INFO - Epoch 169/250
2022-07-06 01:26:26,291 - INFO - The train loss is 0.013717. The valid loss is 0.013489.
2022-07-06 01:26:26,296 - INFO - Epoch 170/250
2022-07-06 01:26:26,616 - INFO - The train loss is 0.013620. The valid loss is 0.013429.
2022-07-06 01:26:26,621 - INFO - Epoch 171/250
2022-07-06 01:26:26,938 - INFO - The train loss is 0.013585. The valid loss is 0.013369.
2022-07-06 01:26:26,943 - INFO - Epoch 172/250
2022-07-06 01:26:27,248 - INFO - The train loss is 0.013509. The valid loss is 0.013310.
2022-07-06 01:26:27,253 - INFO - Epoch 173/250
2022-07-06 01:26:27,560 - INFO - The train loss is 0.013456. The valid loss is 0.013251.
2022-07-06 01:26:27,565 - INFO - Epoch 174/250
2022-07-06 01:26:27,874 - INFO - The train loss is 0.013413. The valid loss is 0.013193.
2022-07-06 01:26:27,879 - INFO - Epoch 175/250
2022-07-06 01:26:28,191 - INFO - The train loss is 0.013334. The valid loss is 0.013135.
2022-07-06 01:26:28,196 - INFO - Epoch 176/250
2022-07-06 01:26:28,507 - INFO - The train loss is 0.013289. The valid loss is 0.013079.
2022-07-06 01:26:28,512 - INFO - Epoch 177/250
2022-07-06 01:26:28,824 - INFO - The train loss is 0.013242. The valid loss is 0.013022.
2022-07-06 01:26:28,829 - INFO - Epoch 178/250
2022-07-06 01:26:29,143 - INFO - The train loss is 0.013192. The valid loss is 0.012966.
2022-07-06 01:26:29,148 - INFO - Epoch 179/250
2022-07-06 01:26:29,461 - INFO - The train loss is 0.013126. The valid loss is 0.012911.
2022-07-06 01:26:29,466 - INFO - Epoch 180/250
2022-07-06 01:26:29,773 - INFO - The train loss is 0.013079. The valid loss is 0.012856.
2022-07-06 01:26:29,777 - INFO - Epoch 181/250
2022-07-06 01:26:30,086 - INFO - The train loss is 0.012998. The valid loss is 0.012801.
2022-07-06 01:26:30,090 - INFO - Epoch 182/250
2022-07-06 01:26:30,401 - INFO - The train loss is 0.012958. The valid loss is 0.012748.
2022-07-06 01:26:30,406 - INFO - Epoch 183/250
2022-07-06 01:26:30,714 - INFO - The train loss is 0.012953. The valid loss is 0.012694.
2022-07-06 01:26:30,718 - INFO - Epoch 184/250
2022-07-06 01:26:31,029 - INFO - The train loss is 0.012898. The valid loss is 0.012641.
2022-07-06 01:26:31,034 - INFO - Epoch 185/250
2022-07-06 01:26:31,342 - INFO - The train loss is 0.012816. The valid loss is 0.012589.
2022-07-06 01:26:31,346 - INFO - Epoch 186/250
2022-07-06 01:26:31,659 - INFO - The train loss is 0.012777. The valid loss is 0.012537.
2022-07-06 01:26:31,664 - INFO - Epoch 187/250
2022-07-06 01:26:31,971 - INFO - The train loss is 0.012723. The valid loss is 0.012485.
2022-07-06 01:26:31,976 - INFO - Epoch 188/250
2022-07-06 01:26:32,289 - INFO - The train loss is 0.012684. The valid loss is 0.012434.
2022-07-06 01:26:32,293 - INFO - Epoch 189/250
2022-07-06 01:26:32,601 - INFO - The train loss is 0.012633. The valid loss is 0.012383.
2022-07-06 01:26:32,606 - INFO - Epoch 190/250
2022-07-06 01:26:32,913 - INFO - The train loss is 0.012580. The valid loss is 0.012332.
2022-07-06 01:26:32,918 - INFO - Epoch 191/250
2022-07-06 01:26:33,230 - INFO - The train loss is 0.012516. The valid loss is 0.012282.
2022-07-06 01:26:33,235 - INFO - Epoch 192/250
2022-07-06 01:26:33,547 - INFO - The train loss is 0.012464. The valid loss is 0.012233.
2022-07-06 01:26:33,552 - INFO - Epoch 193/250
2022-07-06 01:26:33,864 - INFO - The train loss is 0.012415. The valid loss is 0.012183.
2022-07-06 01:26:33,869 - INFO - Epoch 194/250
2022-07-06 01:26:34,175 - INFO - The train loss is 0.012377. The valid loss is 0.012135.
2022-07-06 01:26:34,179 - INFO - Epoch 195/250
2022-07-06 01:26:34,491 - INFO - The train loss is 0.012336. The valid loss is 0.012087.
2022-07-06 01:26:34,497 - INFO - Epoch 196/250
2022-07-06 01:26:34,813 - INFO - The train loss is 0.012281. The valid loss is 0.012038.
2022-07-06 01:26:34,817 - INFO - Epoch 197/250
2022-07-06 01:26:35,140 - INFO - The train loss is 0.012236. The valid loss is 0.011990.
2022-07-06 01:26:35,144 - INFO - Epoch 198/250
2022-07-06 01:26:35,453 - INFO - The train loss is 0.012187. The valid loss is 0.011943.
2022-07-06 01:26:35,459 - INFO - Epoch 199/250
2022-07-06 01:26:35,772 - INFO - The train loss is 0.012144. The valid loss is 0.011896.
2022-07-06 01:26:35,776 - INFO - Epoch 200/250
2022-07-06 01:26:36,091 - INFO - The train loss is 0.012118. The valid loss is 0.011848.
2022-07-06 01:26:36,096 - INFO - Epoch 201/250
2022-07-06 01:26:36,414 - INFO - The train loss is 0.012051. The valid loss is 0.011802.
2022-07-06 01:26:36,419 - INFO - Epoch 202/250
2022-07-06 01:26:36,740 - INFO - The train loss is 0.012002. The valid loss is 0.011756.
2022-07-06 01:26:36,745 - INFO - Epoch 203/250
2022-07-06 01:26:37,052 - INFO - The train loss is 0.011954. The valid loss is 0.011710.
2022-07-06 01:26:37,057 - INFO - Epoch 204/250
2022-07-06 01:26:37,365 - INFO - The train loss is 0.011932. The valid loss is 0.011664.
2022-07-06 01:26:37,371 - INFO - Epoch 205/250
2022-07-06 01:26:37,681 - INFO - The train loss is 0.011872. The valid loss is 0.011619.
2022-07-06 01:26:37,687 - INFO - Epoch 206/250
2022-07-06 01:26:38,000 - INFO - The train loss is 0.011818. The valid loss is 0.011574.
2022-07-06 01:26:38,007 - INFO - Epoch 207/250
2022-07-06 01:26:38,320 - INFO - The train loss is 0.011808. The valid loss is 0.011529.
2022-07-06 01:26:38,325 - INFO - Epoch 208/250
2022-07-06 01:26:38,633 - INFO - The train loss is 0.011745. The valid loss is 0.011485.
2022-07-06 01:26:38,638 - INFO - Epoch 209/250
2022-07-06 01:26:38,945 - INFO - The train loss is 0.011709. The valid loss is 0.011441.
2022-07-06 01:26:38,949 - INFO - Epoch 210/250
2022-07-06 01:26:39,254 - INFO - The train loss is 0.011673. The valid loss is 0.011397.
2022-07-06 01:26:39,259 - INFO - Epoch 211/250
2022-07-06 01:26:39,563 - INFO - The train loss is 0.011632. The valid loss is 0.011354.
2022-07-06 01:26:39,568 - INFO - Epoch 212/250
2022-07-06 01:26:39,873 - INFO - The train loss is 0.011589. The valid loss is 0.011310.
2022-07-06 01:26:39,880 - INFO - Epoch 213/250
2022-07-06 01:26:40,185 - INFO - The train loss is 0.011528. The valid loss is 0.011267.
2022-07-06 01:26:40,190 - INFO - Epoch 214/250
2022-07-06 01:26:40,495 - INFO - The train loss is 0.011499. The valid loss is 0.011224.
2022-07-06 01:26:40,499 - INFO - Epoch 215/250
2022-07-06 01:26:40,803 - INFO - The train loss is 0.011443. The valid loss is 0.011181.
2022-07-06 01:26:40,808 - INFO - Epoch 216/250
2022-07-06 01:26:41,113 - INFO - The train loss is 0.011396. The valid loss is 0.011138.
2022-07-06 01:26:41,118 - INFO - Epoch 217/250
2022-07-06 01:26:41,420 - INFO - The train loss is 0.011381. The valid loss is 0.011096.
2022-07-06 01:26:41,425 - INFO - Epoch 218/250
2022-07-06 01:26:41,729 - INFO - The train loss is 0.011334. The valid loss is 0.011054.
2022-07-06 01:26:41,734 - INFO - Epoch 219/250
2022-07-06 01:26:42,043 - INFO - The train loss is 0.011293. The valid loss is 0.011013.
2022-07-06 01:26:42,048 - INFO - Epoch 220/250
2022-07-06 01:26:42,351 - INFO - The train loss is 0.011255. The valid loss is 0.010971.
2022-07-06 01:26:42,356 - INFO - Epoch 221/250
2022-07-06 01:26:42,662 - INFO - The train loss is 0.011209. The valid loss is 0.010930.
2022-07-06 01:26:42,667 - INFO - Epoch 222/250
2022-07-06 01:26:42,970 - INFO - The train loss is 0.011178. The valid loss is 0.010889.
2022-07-06 01:26:42,974 - INFO - Epoch 223/250
2022-07-06 01:26:43,278 - INFO - The train loss is 0.011128. The valid loss is 0.010848.
2022-07-06 01:26:43,283 - INFO - Epoch 224/250
2022-07-06 01:26:43,585 - INFO - The train loss is 0.011093. The valid loss is 0.010807.
2022-07-06 01:26:43,590 - INFO - Epoch 225/250
2022-07-06 01:26:43,898 - INFO - The train loss is 0.011050. The valid loss is 0.010767.
2022-07-06 01:26:43,902 - INFO - Epoch 226/250
2022-07-06 01:26:44,221 - INFO - The train loss is 0.011026. The valid loss is 0.010727.
2022-07-06 01:26:44,226 - INFO - Epoch 227/250
2022-07-06 01:26:44,530 - INFO - The train loss is 0.010986. The valid loss is 0.010687.
2022-07-06 01:26:44,534 - INFO - Epoch 228/250
2022-07-06 01:26:44,839 - INFO - The train loss is 0.010935. The valid loss is 0.010647.
2022-07-06 01:26:44,844 - INFO - Epoch 229/250
2022-07-06 01:26:45,148 - INFO - The train loss is 0.010916. The valid loss is 0.010607.
2022-07-06 01:26:45,154 - INFO - Epoch 230/250
2022-07-06 01:26:45,458 - INFO - The train loss is 0.010885. The valid loss is 0.010568.
2022-07-06 01:26:45,464 - INFO - Epoch 231/250
2022-07-06 01:26:45,769 - INFO - The train loss is 0.010831. The valid loss is 0.010529.
2022-07-06 01:26:45,774 - INFO - Epoch 232/250
2022-07-06 01:26:46,079 - INFO - The train loss is 0.010805. The valid loss is 0.010490.
2022-07-06 01:26:46,083 - INFO - Epoch 233/250
2022-07-06 01:26:46,387 - INFO - The train loss is 0.010739. The valid loss is 0.010451.
2022-07-06 01:26:46,392 - INFO - Epoch 234/250
2022-07-06 01:26:46,697 - INFO - The train loss is 0.010734. The valid loss is 0.010412.
2022-07-06 01:26:46,701 - INFO - Epoch 235/250
2022-07-06 01:26:47,009 - INFO - The train loss is 0.010683. The valid loss is 0.010374.
2022-07-06 01:26:47,013 - INFO - Epoch 236/250
2022-07-06 01:26:47,317 - INFO - The train loss is 0.010661. The valid loss is 0.010336.
2022-07-06 01:26:47,321 - INFO - Epoch 237/250
2022-07-06 01:26:47,635 - INFO - The train loss is 0.010611. The valid loss is 0.010298.
2022-07-06 01:26:47,640 - INFO - Epoch 238/250
2022-07-06 01:26:47,947 - INFO - The train loss is 0.010566. The valid loss is 0.010260.
2022-07-06 01:26:47,951 - INFO - Epoch 239/250
2022-07-06 01:26:48,258 - INFO - The train loss is 0.010532. The valid loss is 0.010222.
2022-07-06 01:26:48,263 - INFO - Epoch 240/250
2022-07-06 01:26:48,571 - INFO - The train loss is 0.010494. The valid loss is 0.010185.
2022-07-06 01:26:48,576 - INFO - Epoch 241/250
2022-07-06 01:26:48,914 - INFO - The train loss is 0.010471. The valid loss is 0.010148.
2022-07-06 01:26:48,919 - INFO - Epoch 242/250
2022-07-06 01:26:49,227 - INFO - The train loss is 0.010414. The valid loss is 0.010110.
2022-07-06 01:26:49,232 - INFO - Epoch 243/250
2022-07-06 01:26:49,537 - INFO - The train loss is 0.010381. The valid loss is 0.010074.
2022-07-06 01:26:49,541 - INFO - Epoch 244/250
2022-07-06 01:26:49,859 - INFO - The train loss is 0.010349. The valid loss is 0.010036.
2022-07-06 01:26:49,865 - INFO - Epoch 245/250
2022-07-06 01:26:50,175 - INFO - The train loss is 0.010307. The valid loss is 0.010000.
2022-07-06 01:26:50,180 - INFO - Epoch 246/250
2022-07-06 01:26:50,496 - INFO - The train loss is 0.010287. The valid loss is 0.009963.
2022-07-06 01:26:50,501 - INFO - Epoch 247/250
2022-07-06 01:26:50,812 - INFO - The train loss is 0.010257. The valid loss is 0.009927.
2022-07-06 01:26:50,817 - INFO - Epoch 248/250
2022-07-06 01:26:51,124 - INFO - The train loss is 0.010203. The valid loss is 0.009890.
2022-07-06 01:26:51,128 - INFO - Epoch 249/250
2022-07-06 01:26:51,432 - INFO - The train loss is 0.010176. The valid loss is 0.009855.
2022-07-06 01:26:52,244 - INFO - The mean squared error of ['top', 'bottom'] is [0.00087252 0.01057895]
2022-07-06 01:26:52,244 - INFO - The R square of ['top', 'bottom'] is [0.99920504 0.9908548 ]
2022-07-06 01:26:52,280 - INFO - The predicted top is: 59.90895145382888
2022-07-06 01:26:52,294 - INFO - The predicted bottom is: 59.902024620501436
