2022-07-06 04:37:34,846 - INFO - 
Config:
'add_train': False
'batch_size': 334
'continue_flag': ''
'cur_time': '2022_07_06_04_37_34'
'debug_mode': False
'debug_num': 500
'do_continue_train': False
'do_figure_save': False
'do_log_print_to_screen': True
'do_log_save_to_file': True
'do_predict': True
'do_train': True
'do_train_visualized': False
'dropout_rate': 0.1
'epoch': 150
'feature_columns': [1, 2, 3, 4, 5]
'figure_save_path': './figure/'
'hidden_size': 256
'input_size': 5
'label_columns': [4, 5]
'label_in_feature_index': [3, 4]
'learning_rate': 0.0001
'log_save_path': './log/2022_07_06_04_37_34_pytorch/'
'lstm_layers': 2
'model_name': 'model_pytorch.pth'
'model_postfix': {'pytorch': '.pth'
'keras': '.h5'
'tensorflow': '.ckpt'}
'model_save_path': './checkpoint/pytorch/'
'output_size': 2
'patience': 3
'predict_day': 1
'random_seed': 23
'shuffle_train_data': True
'time_step': 167
'train_data_path': './gtau2.3edited.csv'
'train_data_rate': 0.9
'use_cuda': True
'used_frame': 'pytorch'
'valid_data_rate': 0.1
2022-07-06 04:37:37,326 - INFO - Epoch 0/150
2022-07-06 04:37:37,915 - INFO - The train loss is 1.005377. The valid loss is 1.006899.
2022-07-06 04:37:37,920 - INFO - Epoch 1/150
2022-07-06 04:37:38,226 - INFO - The train loss is 0.984243. The valid loss is 0.986162.
2022-07-06 04:37:38,231 - INFO - Epoch 2/150
2022-07-06 04:37:38,530 - INFO - The train loss is 0.962542. The valid loss is 0.964292.
2022-07-06 04:37:38,536 - INFO - Epoch 3/150
2022-07-06 04:37:38,824 - INFO - The train loss is 0.939302. The valid loss is 0.940161.
2022-07-06 04:37:38,828 - INFO - Epoch 4/150
2022-07-06 04:37:39,128 - INFO - The train loss is 0.913294. The valid loss is 0.912440.
2022-07-06 04:37:39,132 - INFO - Epoch 5/150
2022-07-06 04:37:39,433 - INFO - The train loss is 0.883094. The valid loss is 0.879511.
2022-07-06 04:37:39,438 - INFO - Epoch 6/150
2022-07-06 04:37:39,741 - INFO - The train loss is 0.846948. The valid loss is 0.839383.
2022-07-06 04:37:39,746 - INFO - Epoch 7/150
2022-07-06 04:37:40,039 - INFO - The train loss is 0.802762. The valid loss is 0.789699.
2022-07-06 04:37:40,044 - INFO - Epoch 8/150
2022-07-06 04:37:40,340 - INFO - The train loss is 0.748088. The valid loss is 0.728052.
2022-07-06 04:37:40,344 - INFO - Epoch 9/150
2022-07-06 04:37:40,637 - INFO - The train loss is 0.681221. The valid loss is 0.652804.
2022-07-06 04:37:40,642 - INFO - Epoch 10/150
2022-07-06 04:37:40,941 - INFO - The train loss is 0.601809. The valid loss is 0.563149.
2022-07-06 04:37:40,946 - INFO - Epoch 11/150
2022-07-06 04:37:41,240 - INFO - The train loss is 0.509387. The valid loss is 0.456097.
2022-07-06 04:37:41,245 - INFO - Epoch 12/150
2022-07-06 04:37:41,540 - INFO - The train loss is 0.399355. The valid loss is 0.328690.
2022-07-06 04:37:41,545 - INFO - Epoch 13/150
2022-07-06 04:37:41,873 - INFO - The train loss is 0.270481. The valid loss is 0.195414.
2022-07-06 04:37:41,877 - INFO - Epoch 14/150
2022-07-06 04:37:42,173 - INFO - The train loss is 0.150566. The valid loss is 0.109723.
2022-07-06 04:37:42,178 - INFO - Epoch 15/150
2022-07-06 04:37:42,479 - INFO - The train loss is 0.105953. The valid loss is 0.100176.
2022-07-06 04:37:42,485 - INFO - Epoch 16/150
2022-07-06 04:37:42,786 - INFO - The train loss is 0.089542. The valid loss is 0.071845.
2022-07-06 04:37:42,790 - INFO - Epoch 17/150
2022-07-06 04:37:43,088 - INFO - The train loss is 0.063477. The valid loss is 0.059410.
2022-07-06 04:37:43,093 - INFO - Epoch 18/150
2022-07-06 04:37:43,392 - INFO - The train loss is 0.056621. The valid loss is 0.052984.
2022-07-06 04:37:43,397 - INFO - Epoch 19/150
2022-07-06 04:37:43,697 - INFO - The train loss is 0.051919. The valid loss is 0.046745.
2022-07-06 04:37:43,703 - INFO - Epoch 20/150
2022-07-06 04:37:44,008 - INFO - The train loss is 0.048304. The valid loss is 0.044395.
2022-07-06 04:37:44,014 - INFO - Epoch 21/150
2022-07-06 04:37:44,318 - INFO - The train loss is 0.046162. The valid loss is 0.042660.
2022-07-06 04:37:44,324 - INFO - Epoch 22/150
2022-07-06 04:37:44,628 - INFO - The train loss is 0.043215. The valid loss is 0.040794.
2022-07-06 04:37:44,638 - INFO - Epoch 23/150
2022-07-06 04:37:44,943 - INFO - The train loss is 0.040854. The valid loss is 0.039713.
2022-07-06 04:37:44,949 - INFO - Epoch 24/150
2022-07-06 04:37:45,249 - INFO - The train loss is 0.039219. The valid loss is 0.038056.
2022-07-06 04:37:45,254 - INFO - Epoch 25/150
2022-07-06 04:37:45,556 - INFO - The train loss is 0.037398. The valid loss is 0.036502.
2022-07-06 04:37:45,561 - INFO - Epoch 26/150
2022-07-06 04:37:45,865 - INFO - The train loss is 0.036278. The valid loss is 0.035733.
2022-07-06 04:37:45,871 - INFO - Epoch 27/150
2022-07-06 04:37:46,173 - INFO - The train loss is 0.035567. The valid loss is 0.035047.
2022-07-06 04:37:46,178 - INFO - Epoch 28/150
2022-07-06 04:37:46,502 - INFO - The train loss is 0.034728. The valid loss is 0.034318.
2022-07-06 04:37:46,507 - INFO - Epoch 29/150
2022-07-06 04:37:46,807 - INFO - The train loss is 0.033965. The valid loss is 0.033757.
2022-07-06 04:37:46,812 - INFO - Epoch 30/150
2022-07-06 04:37:47,112 - INFO - The train loss is 0.033400. The valid loss is 0.033276.
2022-07-06 04:37:47,117 - INFO - Epoch 31/150
2022-07-06 04:37:47,412 - INFO - The train loss is 0.032931. The valid loss is 0.032791.
2022-07-06 04:37:47,417 - INFO - Epoch 32/150
2022-07-06 04:37:47,706 - INFO - The train loss is 0.032514. The valid loss is 0.032388.
2022-07-06 04:37:47,711 - INFO - Epoch 33/150
2022-07-06 04:37:48,006 - INFO - The train loss is 0.032177. The valid loss is 0.032087.
2022-07-06 04:37:48,010 - INFO - Epoch 34/150
2022-07-06 04:37:48,306 - INFO - The train loss is 0.031848. The valid loss is 0.031818.
2022-07-06 04:37:48,311 - INFO - Epoch 35/150
2022-07-06 04:37:48,609 - INFO - The train loss is 0.031550. The valid loss is 0.031568.
2022-07-06 04:37:48,614 - INFO - Epoch 36/150
2022-07-06 04:37:48,912 - INFO - The train loss is 0.031257. The valid loss is 0.031328.
2022-07-06 04:37:48,916 - INFO - Epoch 37/150
2022-07-06 04:37:49,224 - INFO - The train loss is 0.030993. The valid loss is 0.031076.
2022-07-06 04:37:49,229 - INFO - Epoch 38/150
2022-07-06 04:37:49,527 - INFO - The train loss is 0.030733. The valid loss is 0.030823.
2022-07-06 04:37:49,532 - INFO - Epoch 39/150
2022-07-06 04:37:49,827 - INFO - The train loss is 0.030503. The valid loss is 0.030579.
2022-07-06 04:37:49,831 - INFO - Epoch 40/150
2022-07-06 04:37:50,128 - INFO - The train loss is 0.030273. The valid loss is 0.030340.
2022-07-06 04:37:50,133 - INFO - Epoch 41/150
2022-07-06 04:37:50,430 - INFO - The train loss is 0.030009. The valid loss is 0.030115.
2022-07-06 04:37:50,435 - INFO - Epoch 42/150
2022-07-06 04:37:50,731 - INFO - The train loss is 0.029781. The valid loss is 0.029897.
2022-07-06 04:37:50,735 - INFO - Epoch 43/150
2022-07-06 04:37:51,034 - INFO - The train loss is 0.029567. The valid loss is 0.029680.
2022-07-06 04:37:51,039 - INFO - Epoch 44/150
2022-07-06 04:37:51,335 - INFO - The train loss is 0.029346. The valid loss is 0.029461.
2022-07-06 04:37:51,339 - INFO - Epoch 45/150
2022-07-06 04:37:51,639 - INFO - The train loss is 0.029124. The valid loss is 0.029242.
2022-07-06 04:37:51,643 - INFO - Epoch 46/150
2022-07-06 04:37:51,940 - INFO - The train loss is 0.028938. The valid loss is 0.029031.
2022-07-06 04:37:51,946 - INFO - Epoch 47/150
2022-07-06 04:37:52,242 - INFO - The train loss is 0.028691. The valid loss is 0.028826.
2022-07-06 04:37:52,246 - INFO - Epoch 48/150
2022-07-06 04:37:52,543 - INFO - The train loss is 0.028472. The valid loss is 0.028620.
2022-07-06 04:37:52,547 - INFO - Epoch 49/150
2022-07-06 04:37:52,847 - INFO - The train loss is 0.028253. The valid loss is 0.028414.
2022-07-06 04:37:52,852 - INFO - Epoch 50/150
2022-07-06 04:37:53,153 - INFO - The train loss is 0.028086. The valid loss is 0.028207.
2022-07-06 04:37:53,158 - INFO - Epoch 51/150
2022-07-06 04:37:53,454 - INFO - The train loss is 0.027893. The valid loss is 0.028005.
2022-07-06 04:37:53,459 - INFO - Epoch 52/150
2022-07-06 04:37:53,757 - INFO - The train loss is 0.027693. The valid loss is 0.027806.
2022-07-06 04:37:53,762 - INFO - Epoch 53/150
2022-07-06 04:37:54,069 - INFO - The train loss is 0.027494. The valid loss is 0.027610.
2022-07-06 04:37:54,075 - INFO - Epoch 54/150
2022-07-06 04:37:54,364 - INFO - The train loss is 0.027272. The valid loss is 0.027415.
2022-07-06 04:37:54,370 - INFO - Epoch 55/150
2022-07-06 04:37:54,667 - INFO - The train loss is 0.027122. The valid loss is 0.027220.
2022-07-06 04:37:54,672 - INFO - Epoch 56/150
2022-07-06 04:37:54,973 - INFO - The train loss is 0.026918. The valid loss is 0.027030.
2022-07-06 04:37:54,979 - INFO - Epoch 57/150
2022-07-06 04:37:55,276 - INFO - The train loss is 0.026742. The valid loss is 0.026839.
2022-07-06 04:37:55,280 - INFO - Epoch 58/150
2022-07-06 04:37:55,576 - INFO - The train loss is 0.026543. The valid loss is 0.026650.
2022-07-06 04:37:55,581 - INFO - Epoch 59/150
2022-07-06 04:37:55,877 - INFO - The train loss is 0.026350. The valid loss is 0.026463.
2022-07-06 04:37:55,882 - INFO - Epoch 60/150
2022-07-06 04:37:56,176 - INFO - The train loss is 0.026152. The valid loss is 0.026278.
2022-07-06 04:37:56,181 - INFO - Epoch 61/150
2022-07-06 04:37:56,476 - INFO - The train loss is 0.026027. The valid loss is 0.026095.
2022-07-06 04:37:56,481 - INFO - Epoch 62/150
2022-07-06 04:37:56,781 - INFO - The train loss is 0.025796. The valid loss is 0.025914.
2022-07-06 04:37:56,786 - INFO - Epoch 63/150
2022-07-06 04:37:57,079 - INFO - The train loss is 0.025647. The valid loss is 0.025735.
2022-07-06 04:37:57,084 - INFO - Epoch 64/150
2022-07-06 04:37:57,382 - INFO - The train loss is 0.025446. The valid loss is 0.025556.
2022-07-06 04:37:57,387 - INFO - Epoch 65/150
2022-07-06 04:37:57,689 - INFO - The train loss is 0.025256. The valid loss is 0.025378.
2022-07-06 04:37:57,695 - INFO - Epoch 66/150
2022-07-06 04:37:57,992 - INFO - The train loss is 0.025149. The valid loss is 0.025202.
2022-07-06 04:37:57,997 - INFO - Epoch 67/150
2022-07-06 04:37:58,291 - INFO - The train loss is 0.024917. The valid loss is 0.025028.
2022-07-06 04:37:58,296 - INFO - Epoch 68/150
2022-07-06 04:37:58,591 - INFO - The train loss is 0.024750. The valid loss is 0.024855.
2022-07-06 04:37:58,596 - INFO - Epoch 69/150
2022-07-06 04:37:58,887 - INFO - The train loss is 0.024603. The valid loss is 0.024682.
2022-07-06 04:37:58,891 - INFO - Epoch 70/150
2022-07-06 04:37:59,189 - INFO - The train loss is 0.024437. The valid loss is 0.024510.
2022-07-06 04:37:59,194 - INFO - Epoch 71/150
2022-07-06 04:37:59,491 - INFO - The train loss is 0.024265. The valid loss is 0.024341.
2022-07-06 04:37:59,496 - INFO - Epoch 72/150
2022-07-06 04:37:59,788 - INFO - The train loss is 0.024077. The valid loss is 0.024174.
2022-07-06 04:37:59,793 - INFO - Epoch 73/150
2022-07-06 04:38:00,094 - INFO - The train loss is 0.023914. The valid loss is 0.024007.
2022-07-06 04:38:00,100 - INFO - Epoch 74/150
2022-07-06 04:38:00,404 - INFO - The train loss is 0.023779. The valid loss is 0.023839.
2022-07-06 04:38:00,409 - INFO - Epoch 75/150
2022-07-06 04:38:00,710 - INFO - The train loss is 0.023591. The valid loss is 0.023674.
2022-07-06 04:38:00,715 - INFO - Epoch 76/150
2022-07-06 04:38:01,020 - INFO - The train loss is 0.023448. The valid loss is 0.023512.
2022-07-06 04:38:01,024 - INFO - Epoch 77/150
2022-07-06 04:38:01,326 - INFO - The train loss is 0.023284. The valid loss is 0.023349.
2022-07-06 04:38:01,330 - INFO - Epoch 78/150
2022-07-06 04:38:01,634 - INFO - The train loss is 0.023126. The valid loss is 0.023186.
2022-07-06 04:38:01,638 - INFO - Epoch 79/150
2022-07-06 04:38:01,949 - INFO - The train loss is 0.022960. The valid loss is 0.023025.
2022-07-06 04:38:01,953 - INFO - Epoch 80/150
2022-07-06 04:38:02,251 - INFO - The train loss is 0.022799. The valid loss is 0.022865.
2022-07-06 04:38:02,256 - INFO - Epoch 81/150
2022-07-06 04:38:02,566 - INFO - The train loss is 0.022639. The valid loss is 0.022705.
2022-07-06 04:38:02,571 - INFO - Epoch 82/150
2022-07-06 04:38:02,868 - INFO - The train loss is 0.022497. The valid loss is 0.022547.
2022-07-06 04:38:02,872 - INFO - Epoch 83/150
2022-07-06 04:38:03,181 - INFO - The train loss is 0.022359. The valid loss is 0.022391.
2022-07-06 04:38:03,186 - INFO - Epoch 84/150
2022-07-06 04:38:03,487 - INFO - The train loss is 0.022175. The valid loss is 0.022236.
2022-07-06 04:38:03,492 - INFO - Epoch 85/150
2022-07-06 04:38:03,791 - INFO - The train loss is 0.022029. The valid loss is 0.022080.
2022-07-06 04:38:03,795 - INFO - Epoch 86/150
2022-07-06 04:38:04,101 - INFO - The train loss is 0.021864. The valid loss is 0.021926.
2022-07-06 04:38:04,105 - INFO - Epoch 87/150
2022-07-06 04:38:04,407 - INFO - The train loss is 0.021753. The valid loss is 0.021773.
2022-07-06 04:38:04,411 - INFO - Epoch 88/150
2022-07-06 04:38:04,717 - INFO - The train loss is 0.021562. The valid loss is 0.021621.
2022-07-06 04:38:04,722 - INFO - Epoch 89/150
2022-07-06 04:38:05,016 - INFO - The train loss is 0.021442. The valid loss is 0.021470.
2022-07-06 04:38:05,021 - INFO - Epoch 90/150
2022-07-06 04:38:05,328 - INFO - The train loss is 0.021291. The valid loss is 0.021321.
2022-07-06 04:38:05,334 - INFO - Epoch 91/150
2022-07-06 04:38:05,642 - INFO - The train loss is 0.021150. The valid loss is 0.021173.
2022-07-06 04:38:05,647 - INFO - Epoch 92/150
2022-07-06 04:38:05,956 - INFO - The train loss is 0.020995. The valid loss is 0.021025.
2022-07-06 04:38:05,961 - INFO - Epoch 93/150
2022-07-06 04:38:06,253 - INFO - The train loss is 0.020847. The valid loss is 0.020878.
2022-07-06 04:38:06,258 - INFO - Epoch 94/150
2022-07-06 04:38:06,562 - INFO - The train loss is 0.020730. The valid loss is 0.020732.
2022-07-06 04:38:06,567 - INFO - Epoch 95/150
2022-07-06 04:38:06,874 - INFO - The train loss is 0.020573. The valid loss is 0.020589.
2022-07-06 04:38:06,878 - INFO - Epoch 96/150
2022-07-06 04:38:07,181 - INFO - The train loss is 0.020454. The valid loss is 0.020445.
2022-07-06 04:38:07,186 - INFO - Epoch 97/150
2022-07-06 04:38:07,488 - INFO - The train loss is 0.020280. The valid loss is 0.020302.
2022-07-06 04:38:07,493 - INFO - Epoch 98/150
2022-07-06 04:38:07,792 - INFO - The train loss is 0.020171. The valid loss is 0.020162.
2022-07-06 04:38:07,797 - INFO - Epoch 99/150
2022-07-06 04:38:08,099 - INFO - The train loss is 0.020005. The valid loss is 0.020023.
2022-07-06 04:38:08,104 - INFO - Epoch 100/150
2022-07-06 04:38:08,404 - INFO - The train loss is 0.019904. The valid loss is 0.019884.
2022-07-06 04:38:08,413 - INFO - Epoch 101/150
2022-07-06 04:38:08,718 - INFO - The train loss is 0.019754. The valid loss is 0.019747.
2022-07-06 04:38:08,722 - INFO - Epoch 102/150
2022-07-06 04:38:09,023 - INFO - The train loss is 0.019576. The valid loss is 0.019611.
2022-07-06 04:38:09,027 - INFO - Epoch 103/150
2022-07-06 04:38:09,332 - INFO - The train loss is 0.019463. The valid loss is 0.019476.
2022-07-06 04:38:09,337 - INFO - Epoch 104/150
2022-07-06 04:38:09,639 - INFO - The train loss is 0.019347. The valid loss is 0.019341.
2022-07-06 04:38:09,643 - INFO - Epoch 105/150
2022-07-06 04:38:09,947 - INFO - The train loss is 0.019219. The valid loss is 0.019209.
2022-07-06 04:38:09,952 - INFO - Epoch 106/150
2022-07-06 04:38:10,258 - INFO - The train loss is 0.019090. The valid loss is 0.019078.
2022-07-06 04:38:10,263 - INFO - Epoch 107/150
2022-07-06 04:38:10,568 - INFO - The train loss is 0.018972. The valid loss is 0.018947.
2022-07-06 04:38:10,573 - INFO - Epoch 108/150
2022-07-06 04:38:10,878 - INFO - The train loss is 0.018830. The valid loss is 0.018817.
2022-07-06 04:38:10,883 - INFO - Epoch 109/150
2022-07-06 04:38:11,188 - INFO - The train loss is 0.018716. The valid loss is 0.018690.
2022-07-06 04:38:11,193 - INFO - Epoch 110/150
2022-07-06 04:38:11,501 - INFO - The train loss is 0.018578. The valid loss is 0.018564.
2022-07-06 04:38:11,505 - INFO - Epoch 111/150
2022-07-06 04:38:11,806 - INFO - The train loss is 0.018450. The valid loss is 0.018438.
2022-07-06 04:38:11,811 - INFO - Epoch 112/150
2022-07-06 04:38:12,114 - INFO - The train loss is 0.018352. The valid loss is 0.018313.
2022-07-06 04:38:12,119 - INFO - Epoch 113/150
2022-07-06 04:38:12,419 - INFO - The train loss is 0.018209. The valid loss is 0.018190.
2022-07-06 04:38:12,424 - INFO - Epoch 114/150
2022-07-06 04:38:12,729 - INFO - The train loss is 0.018097. The valid loss is 0.018070.
2022-07-06 04:38:12,734 - INFO - Epoch 115/150
2022-07-06 04:38:13,039 - INFO - The train loss is 0.018005. The valid loss is 0.017949.
2022-07-06 04:38:13,045 - INFO - Epoch 116/150
2022-07-06 04:38:13,353 - INFO - The train loss is 0.017886. The valid loss is 0.017828.
2022-07-06 04:38:13,357 - INFO - Epoch 117/150
2022-07-06 04:38:13,654 - INFO - The train loss is 0.017754. The valid loss is 0.017711.
2022-07-06 04:38:13,659 - INFO - Epoch 118/150
2022-07-06 04:38:13,958 - INFO - The train loss is 0.017663. The valid loss is 0.017596.
2022-07-06 04:38:13,963 - INFO - Epoch 119/150
2022-07-06 04:38:14,266 - INFO - The train loss is 0.017529. The valid loss is 0.017480.
2022-07-06 04:38:14,272 - INFO - Epoch 120/150
2022-07-06 04:38:14,583 - INFO - The train loss is 0.017414. The valid loss is 0.017365.
2022-07-06 04:38:14,588 - INFO - Epoch 121/150
2022-07-06 04:38:14,885 - INFO - The train loss is 0.017306. The valid loss is 0.017252.
2022-07-06 04:38:14,890 - INFO - Epoch 122/150
2022-07-06 04:38:15,190 - INFO - The train loss is 0.017205. The valid loss is 0.017142.
2022-07-06 04:38:15,195 - INFO - Epoch 123/150
2022-07-06 04:38:15,509 - INFO - The train loss is 0.017081. The valid loss is 0.017031.
2022-07-06 04:38:15,514 - INFO - Epoch 124/150
2022-07-06 04:38:15,809 - INFO - The train loss is 0.016987. The valid loss is 0.016922.
2022-07-06 04:38:15,814 - INFO - Epoch 125/150
2022-07-06 04:38:16,112 - INFO - The train loss is 0.016883. The valid loss is 0.016816.
2022-07-06 04:38:16,117 - INFO - Epoch 126/150
2022-07-06 04:38:16,415 - INFO - The train loss is 0.016777. The valid loss is 0.016711.
2022-07-06 04:38:16,419 - INFO - Epoch 127/150
2022-07-06 04:38:16,719 - INFO - The train loss is 0.016670. The valid loss is 0.016606.
2022-07-06 04:38:16,723 - INFO - Epoch 128/150
2022-07-06 04:38:17,025 - INFO - The train loss is 0.016563. The valid loss is 0.016503.
2022-07-06 04:38:17,030 - INFO - Epoch 129/150
2022-07-06 04:38:17,327 - INFO - The train loss is 0.016465. The valid loss is 0.016403.
2022-07-06 04:38:17,332 - INFO - Epoch 130/150
2022-07-06 04:38:17,629 - INFO - The train loss is 0.016389. The valid loss is 0.016303.
2022-07-06 04:38:17,634 - INFO - Epoch 131/150
2022-07-06 04:38:17,933 - INFO - The train loss is 0.016294. The valid loss is 0.016205.
2022-07-06 04:38:17,937 - INFO - Epoch 132/150
2022-07-06 04:38:18,238 - INFO - The train loss is 0.016193. The valid loss is 0.016108.
2022-07-06 04:38:18,243 - INFO - Epoch 133/150
2022-07-06 04:38:18,546 - INFO - The train loss is 0.016108. The valid loss is 0.016013.
2022-07-06 04:38:18,551 - INFO - Epoch 134/150
2022-07-06 04:38:18,855 - INFO - The train loss is 0.016016. The valid loss is 0.015919.
2022-07-06 04:38:18,859 - INFO - Epoch 135/150
2022-07-06 04:38:19,160 - INFO - The train loss is 0.015936. The valid loss is 0.015827.
2022-07-06 04:38:19,165 - INFO - Epoch 136/150
2022-07-06 04:38:19,470 - INFO - The train loss is 0.015861. The valid loss is 0.015737.
2022-07-06 04:38:19,475 - INFO - Epoch 137/150
2022-07-06 04:38:19,773 - INFO - The train loss is 0.015763. The valid loss is 0.015647.
2022-07-06 04:38:19,778 - INFO - Epoch 138/150
2022-07-06 04:38:20,079 - INFO - The train loss is 0.015678. The valid loss is 0.015560.
2022-07-06 04:38:20,084 - INFO - Epoch 139/150
2022-07-06 04:38:20,389 - INFO - The train loss is 0.015586. The valid loss is 0.015473.
2022-07-06 04:38:20,393 - INFO - Epoch 140/150
2022-07-06 04:38:20,693 - INFO - The train loss is 0.015527. The valid loss is 0.015389.
2022-07-06 04:38:20,698 - INFO - Epoch 141/150
2022-07-06 04:38:20,996 - INFO - The train loss is 0.015434. The valid loss is 0.015305.
2022-07-06 04:38:21,000 - INFO - Epoch 142/150
2022-07-06 04:38:21,304 - INFO - The train loss is 0.015352. The valid loss is 0.015223.
2022-07-06 04:38:21,309 - INFO - Epoch 143/150
2022-07-06 04:38:21,609 - INFO - The train loss is 0.015246. The valid loss is 0.015142.
2022-07-06 04:38:21,614 - INFO - Epoch 144/150
2022-07-06 04:38:21,909 - INFO - The train loss is 0.015223. The valid loss is 0.015062.
2022-07-06 04:38:21,913 - INFO - Epoch 145/150
2022-07-06 04:38:22,224 - INFO - The train loss is 0.015134. The valid loss is 0.014984.
2022-07-06 04:38:22,229 - INFO - Epoch 146/150
2022-07-06 04:38:22,530 - INFO - The train loss is 0.015050. The valid loss is 0.014906.
2022-07-06 04:38:22,534 - INFO - Epoch 147/150
2022-07-06 04:38:22,841 - INFO - The train loss is 0.014981. The valid loss is 0.014830.
2022-07-06 04:38:22,846 - INFO - Epoch 148/150
2022-07-06 04:38:23,153 - INFO - The train loss is 0.014886. The valid loss is 0.014755.
2022-07-06 04:38:23,157 - INFO - Epoch 149/150
2022-07-06 04:38:23,466 - INFO - The train loss is 0.014832. The valid loss is 0.014681.
2022-07-06 04:38:24,306 - INFO - The MSE of ['top', 'bottom'] is [0.49632646 4.52936045]
2022-07-06 04:38:24,307 - INFO - The mean squared error of ['top', 'bottom'] is [0.00111389 0.01375885]
2022-07-06 04:38:24,307 - INFO - The R squared of ['top', 'bottom'] is [0.99898514 0.98810587]
2022-07-06 04:38:24,357 - INFO - The predicted top velocity is: 59.773561242941575
2022-07-06 04:38:24,369 - INFO - The predicted bottom velocity is: 60.09130474945887
