2022-05-11 03:57:48,930 - INFO - 
Config:
'add_train': False
'batch_size': 501
'continue_flag': ''
'cur_time': '2022_05_11_03_57_48'
'debug_mode': False
'debug_num': 500
'do_continue_train': False
'do_figure_save': False
'do_log_print_to_screen': True
'do_log_save_to_file': True
'do_predict': True
'do_train': True
'do_train_visualized': False
'dropout_rate': 0.1
'epoch': 200
'feature_columns': [1, 2, 3, 4, 5]
'figure_save_path': './figure/'
'hidden_size': 128
'input_size': 5
'label_columns': [4, 5]
'label_in_feature_index': [3, 4]
'learning_rate': 0.0001
'log_save_path': './log/2022_05_11_03_57_48_pytorch/'
'lstm_layers': 2
'model_name': 'model_pytorch.pth'
'model_postfix': {'pytorch': '.pth'
'keras': '.h5'
'tensorflow': '.ckpt'}
'model_save_path': './checkpoint/pytorch/'
'output_size': 2
'patience': 3
'predict_day': 1
'random_seed': 42
'shuffle_train_data': True
'time_step': 501
'train_data_path': './gtau0.csv'
'train_data_rate': 0.9
'use_cuda': True
'used_frame': 'pytorch'
'valid_data_rate': 0.1
2022-05-11 03:57:51,261 - INFO - Epoch 0/200
2022-05-11 03:57:51,893 - INFO - The train loss is 0.890646. The valid loss is 0.866396.
2022-05-11 03:57:51,895 - INFO - Epoch 1/200
2022-05-11 03:57:52,166 - INFO - The train loss is 0.885358. The valid loss is 0.860908.
2022-05-11 03:57:52,168 - INFO - Epoch 2/200
2022-05-11 03:57:52,434 - INFO - The train loss is 0.880025. The valid loss is 0.855437.
2022-05-11 03:57:52,437 - INFO - Epoch 3/200
2022-05-11 03:57:52,704 - INFO - The train loss is 0.874733. The valid loss is 0.849965.
2022-05-11 03:57:52,705 - INFO - Epoch 4/200
2022-05-11 03:57:52,974 - INFO - The train loss is 0.869453. The valid loss is 0.844470.
2022-05-11 03:57:52,975 - INFO - Epoch 5/200
2022-05-11 03:57:53,247 - INFO - The train loss is 0.864081. The valid loss is 0.838928.
2022-05-11 03:57:53,249 - INFO - Epoch 6/200
2022-05-11 03:57:53,541 - INFO - The train loss is 0.858696. The valid loss is 0.833315.
2022-05-11 03:57:53,543 - INFO - Epoch 7/200
2022-05-11 03:57:53,816 - INFO - The train loss is 0.853212. The valid loss is 0.827604.
2022-05-11 03:57:53,818 - INFO - Epoch 8/200
2022-05-11 03:57:54,093 - INFO - The train loss is 0.847629. The valid loss is 0.821765.
2022-05-11 03:57:54,095 - INFO - Epoch 9/200
2022-05-11 03:57:54,328 - INFO - The train loss is 0.841864. The valid loss is 0.815768.
2022-05-11 03:57:54,330 - INFO - Epoch 10/200
2022-05-11 03:57:54,594 - INFO - The train loss is 0.835993. The valid loss is 0.809582.
2022-05-11 03:57:54,596 - INFO - Epoch 11/200
2022-05-11 03:57:54,865 - INFO - The train loss is 0.829871. The valid loss is 0.803173.
2022-05-11 03:57:54,867 - INFO - Epoch 12/200
2022-05-11 03:57:55,137 - INFO - The train loss is 0.823547. The valid loss is 0.796504.
2022-05-11 03:57:55,139 - INFO - Epoch 13/200
2022-05-11 03:57:55,408 - INFO - The train loss is 0.816894. The valid loss is 0.789538.
2022-05-11 03:57:55,410 - INFO - Epoch 14/200
2022-05-11 03:57:55,681 - INFO - The train loss is 0.809959. The valid loss is 0.782232.
2022-05-11 03:57:55,683 - INFO - Epoch 15/200
2022-05-11 03:57:55,955 - INFO - The train loss is 0.802667. The valid loss is 0.774541.
2022-05-11 03:57:55,957 - INFO - Epoch 16/200
2022-05-11 03:57:56,226 - INFO - The train loss is 0.795002. The valid loss is 0.766417.
2022-05-11 03:57:56,227 - INFO - Epoch 17/200
2022-05-11 03:57:56,497 - INFO - The train loss is 0.786873. The valid loss is 0.757806.
2022-05-11 03:57:56,498 - INFO - Epoch 18/200
2022-05-11 03:57:56,768 - INFO - The train loss is 0.778227. The valid loss is 0.748649.
2022-05-11 03:57:56,770 - INFO - Epoch 19/200
2022-05-11 03:57:57,042 - INFO - The train loss is 0.768958. The valid loss is 0.738879.
2022-05-11 03:57:57,044 - INFO - Epoch 20/200
2022-05-11 03:57:57,281 - INFO - The train loss is 0.759207. The valid loss is 0.728426.
2022-05-11 03:57:57,283 - INFO - Epoch 21/200
2022-05-11 03:57:57,521 - INFO - The train loss is 0.748583. The valid loss is 0.717207.
2022-05-11 03:57:57,523 - INFO - Epoch 22/200
2022-05-11 03:57:57,757 - INFO - The train loss is 0.737323. The valid loss is 0.705133.
2022-05-11 03:57:57,759 - INFO - Epoch 23/200
2022-05-11 03:57:57,996 - INFO - The train loss is 0.725080. The valid loss is 0.692104.
2022-05-11 03:57:57,998 - INFO - Epoch 24/200
2022-05-11 03:57:58,243 - INFO - The train loss is 0.711912. The valid loss is 0.678005.
2022-05-11 03:57:58,245 - INFO - Epoch 25/200
2022-05-11 03:57:58,485 - INFO - The train loss is 0.697708. The valid loss is 0.662711.
2022-05-11 03:57:58,487 - INFO - Epoch 26/200
2022-05-11 03:57:58,725 - INFO - The train loss is 0.682180. The valid loss is 0.646081.
2022-05-11 03:57:58,727 - INFO - Epoch 27/200
2022-05-11 03:57:58,968 - INFO - The train loss is 0.665258. The valid loss is 0.627955.
2022-05-11 03:57:58,970 - INFO - Epoch 28/200
2022-05-11 03:57:59,208 - INFO - The train loss is 0.646793. The valid loss is 0.608162.
2022-05-11 03:57:59,210 - INFO - Epoch 29/200
2022-05-11 03:57:59,449 - INFO - The train loss is 0.626695. The valid loss is 0.586510.
2022-05-11 03:57:59,451 - INFO - Epoch 30/200
2022-05-11 03:57:59,688 - INFO - The train loss is 0.604669. The valid loss is 0.562801.
2022-05-11 03:57:59,690 - INFO - Epoch 31/200
2022-05-11 03:57:59,930 - INFO - The train loss is 0.580545. The valid loss is 0.536828.
2022-05-11 03:57:59,931 - INFO - Epoch 32/200
2022-05-11 03:58:00,168 - INFO - The train loss is 0.554009. The valid loss is 0.508398.
2022-05-11 03:58:00,169 - INFO - Epoch 33/200
2022-05-11 03:58:00,404 - INFO - The train loss is 0.525053. The valid loss is 0.477356.
2022-05-11 03:58:00,406 - INFO - Epoch 34/200
2022-05-11 03:58:00,644 - INFO - The train loss is 0.493318. The valid loss is 0.443638.
2022-05-11 03:58:00,645 - INFO - Epoch 35/200
2022-05-11 03:58:00,885 - INFO - The train loss is 0.459248. The valid loss is 0.407347.
2022-05-11 03:58:00,887 - INFO - Epoch 36/200
2022-05-11 03:58:01,150 - INFO - The train loss is 0.422188. The valid loss is 0.368868.
2022-05-11 03:58:01,152 - INFO - Epoch 37/200
2022-05-11 03:58:01,392 - INFO - The train loss is 0.383391. The valid loss is 0.329012.
2022-05-11 03:58:01,394 - INFO - Epoch 38/200
2022-05-11 03:58:01,633 - INFO - The train loss is 0.343273. The valid loss is 0.289107.
2022-05-11 03:58:01,635 - INFO - Epoch 39/200
2022-05-11 03:58:01,873 - INFO - The train loss is 0.303257. The valid loss is 0.250930.
2022-05-11 03:58:01,874 - INFO - Epoch 40/200
2022-05-11 03:58:02,113 - INFO - The train loss is 0.265075. The valid loss is 0.216280.
2022-05-11 03:58:02,115 - INFO - Epoch 41/200
2022-05-11 03:58:02,379 - INFO - The train loss is 0.230556. The valid loss is 0.186221.
2022-05-11 03:58:02,381 - INFO - Epoch 42/200
2022-05-11 03:58:02,641 - INFO - The train loss is 0.200300. The valid loss is 0.160588.
2022-05-11 03:58:02,642 - INFO - Epoch 43/200
2022-05-11 03:58:02,909 - INFO - The train loss is 0.174103. The valid loss is 0.138573.
2022-05-11 03:58:02,911 - INFO - Epoch 44/200
2022-05-11 03:58:03,176 - INFO - The train loss is 0.150690. The valid loss is 0.119929.
2022-05-11 03:58:03,178 - INFO - Epoch 45/200
2022-05-11 03:58:03,442 - INFO - The train loss is 0.130456. The valid loss is 0.105139.
2022-05-11 03:58:03,444 - INFO - Epoch 46/200
2022-05-11 03:58:03,704 - INFO - The train loss is 0.113762. The valid loss is 0.094430.
2022-05-11 03:58:03,706 - INFO - Epoch 47/200
2022-05-11 03:58:03,967 - INFO - The train loss is 0.100943. The valid loss is 0.087096.
2022-05-11 03:58:03,969 - INFO - Epoch 48/200
2022-05-11 03:58:04,242 - INFO - The train loss is 0.091672. The valid loss is 0.081838.
2022-05-11 03:58:04,244 - INFO - Epoch 49/200
2022-05-11 03:58:04,519 - INFO - The train loss is 0.084524. The valid loss is 0.077491.
2022-05-11 03:58:04,521 - INFO - Epoch 50/200
2022-05-11 03:58:04,798 - INFO - The train loss is 0.078627. The valid loss is 0.073379.
2022-05-11 03:58:04,800 - INFO - Epoch 51/200
2022-05-11 03:58:05,072 - INFO - The train loss is 0.073484. The valid loss is 0.069278.
2022-05-11 03:58:05,074 - INFO - Epoch 52/200
2022-05-11 03:58:05,367 - INFO - The train loss is 0.068669. The valid loss is 0.065221.
2022-05-11 03:58:05,369 - INFO - Epoch 53/200
2022-05-11 03:58:05,647 - INFO - The train loss is 0.064155. The valid loss is 0.061335.
2022-05-11 03:58:05,648 - INFO - Epoch 54/200
2022-05-11 03:58:05,950 - INFO - The train loss is 0.060181. The valid loss is 0.057719.
2022-05-11 03:58:05,952 - INFO - Epoch 55/200
2022-05-11 03:58:06,218 - INFO - The train loss is 0.056682. The valid loss is 0.054412.
2022-05-11 03:58:06,220 - INFO - Epoch 56/200
2022-05-11 03:58:06,564 - INFO - The train loss is 0.053846. The valid loss is 0.051405.
2022-05-11 03:58:06,566 - INFO - Epoch 57/200
2022-05-11 03:58:06,866 - INFO - The train loss is 0.051257. The valid loss is 0.048684.
2022-05-11 03:58:06,868 - INFO - Epoch 58/200
2022-05-11 03:58:07,155 - INFO - The train loss is 0.048876. The valid loss is 0.046240.
2022-05-11 03:58:07,157 - INFO - Epoch 59/200
2022-05-11 03:58:07,402 - INFO - The train loss is 0.046764. The valid loss is 0.044054.
2022-05-11 03:58:07,404 - INFO - Epoch 60/200
2022-05-11 03:58:07,685 - INFO - The train loss is 0.044901. The valid loss is 0.042088.
2022-05-11 03:58:07,687 - INFO - Epoch 61/200
2022-05-11 03:58:08,034 - INFO - The train loss is 0.043067. The valid loss is 0.040290.
2022-05-11 03:58:08,036 - INFO - Epoch 62/200
2022-05-11 03:58:08,341 - INFO - The train loss is 0.041275. The valid loss is 0.038612.
2022-05-11 03:58:08,343 - INFO - Epoch 63/200
2022-05-11 03:58:08,696 - INFO - The train loss is 0.039444. The valid loss is 0.037025.
2022-05-11 03:58:08,698 - INFO - Epoch 64/200
2022-05-11 03:58:09,014 - INFO - The train loss is 0.037791. The valid loss is 0.035516.
2022-05-11 03:58:09,015 - INFO - Epoch 65/200
2022-05-11 03:58:09,272 - INFO - The train loss is 0.036149. The valid loss is 0.034075.
2022-05-11 03:58:09,274 - INFO - Epoch 66/200
2022-05-11 03:58:09,528 - INFO - The train loss is 0.034438. The valid loss is 0.032694.
2022-05-11 03:58:09,530 - INFO - Epoch 67/200
2022-05-11 03:58:09,766 - INFO - The train loss is 0.032899. The valid loss is 0.031371.
2022-05-11 03:58:09,768 - INFO - Epoch 68/200
2022-05-11 03:58:10,051 - INFO - The train loss is 0.031453. The valid loss is 0.030105.
2022-05-11 03:58:10,053 - INFO - Epoch 69/200
2022-05-11 03:58:10,343 - INFO - The train loss is 0.030201. The valid loss is 0.028905.
2022-05-11 03:58:10,346 - INFO - Epoch 70/200
2022-05-11 03:58:10,625 - INFO - The train loss is 0.028968. The valid loss is 0.027778.
2022-05-11 03:58:10,627 - INFO - Epoch 71/200
2022-05-11 03:58:10,868 - INFO - The train loss is 0.027868. The valid loss is 0.026728.
2022-05-11 03:58:10,870 - INFO - Epoch 72/200
2022-05-11 03:58:11,150 - INFO - The train loss is 0.026774. The valid loss is 0.025752.
2022-05-11 03:58:11,152 - INFO - Epoch 73/200
2022-05-11 03:58:11,387 - INFO - The train loss is 0.025851. The valid loss is 0.024848.
2022-05-11 03:58:11,389 - INFO - Epoch 74/200
2022-05-11 03:58:11,632 - INFO - The train loss is 0.024967. The valid loss is 0.024013.
2022-05-11 03:58:11,634 - INFO - Epoch 75/200
2022-05-11 03:58:11,951 - INFO - The train loss is 0.024099. The valid loss is 0.023245.
2022-05-11 03:58:11,953 - INFO - Epoch 76/200
2022-05-11 03:58:12,275 - INFO - The train loss is 0.023306. The valid loss is 0.022547.
2022-05-11 03:58:12,277 - INFO - Epoch 77/200
2022-05-11 03:58:12,581 - INFO - The train loss is 0.022606. The valid loss is 0.021913.
2022-05-11 03:58:12,583 - INFO - Epoch 78/200
2022-05-11 03:58:12,825 - INFO - The train loss is 0.021995. The valid loss is 0.021336.
2022-05-11 03:58:12,827 - INFO - Epoch 79/200
2022-05-11 03:58:13,074 - INFO - The train loss is 0.021353. The valid loss is 0.020808.
2022-05-11 03:58:13,077 - INFO - Epoch 80/200
2022-05-11 03:58:13,343 - INFO - The train loss is 0.020893. The valid loss is 0.020317.
2022-05-11 03:58:13,345 - INFO - Epoch 81/200
2022-05-11 03:58:13,590 - INFO - The train loss is 0.020412. The valid loss is 0.019860.
2022-05-11 03:58:13,591 - INFO - Epoch 82/200
2022-05-11 03:58:13,842 - INFO - The train loss is 0.019920. The valid loss is 0.019433.
2022-05-11 03:58:13,845 - INFO - Epoch 83/200
2022-05-11 03:58:14,101 - INFO - The train loss is 0.019587. The valid loss is 0.019037.
2022-05-11 03:58:14,103 - INFO - Epoch 84/200
2022-05-11 03:58:14,345 - INFO - The train loss is 0.019113. The valid loss is 0.018672.
2022-05-11 03:58:14,348 - INFO - Epoch 85/200
2022-05-11 03:58:14,583 - INFO - The train loss is 0.018776. The valid loss is 0.018335.
2022-05-11 03:58:14,584 - INFO - Epoch 86/200
2022-05-11 03:58:14,824 - INFO - The train loss is 0.018457. The valid loss is 0.018025.
2022-05-11 03:58:14,826 - INFO - Epoch 87/200
2022-05-11 03:58:15,069 - INFO - The train loss is 0.018079. The valid loss is 0.017740.
2022-05-11 03:58:15,071 - INFO - Epoch 88/200
2022-05-11 03:58:15,315 - INFO - The train loss is 0.017828. The valid loss is 0.017473.
2022-05-11 03:58:15,317 - INFO - Epoch 89/200
2022-05-11 03:58:15,547 - INFO - The train loss is 0.017494. The valid loss is 0.017220.
2022-05-11 03:58:15,548 - INFO - Epoch 90/200
2022-05-11 03:58:15,779 - INFO - The train loss is 0.017237. The valid loss is 0.016980.
2022-05-11 03:58:15,781 - INFO - Epoch 91/200
2022-05-11 03:58:16,024 - INFO - The train loss is 0.017094. The valid loss is 0.016750.
2022-05-11 03:58:16,026 - INFO - Epoch 92/200
2022-05-11 03:58:16,256 - INFO - The train loss is 0.016800. The valid loss is 0.016529.
2022-05-11 03:58:16,257 - INFO - Epoch 93/200
2022-05-11 03:58:16,491 - INFO - The train loss is 0.016601. The valid loss is 0.016316.
2022-05-11 03:58:16,493 - INFO - Epoch 94/200
2022-05-11 03:58:16,724 - INFO - The train loss is 0.016395. The valid loss is 0.016110.
2022-05-11 03:58:16,726 - INFO - Epoch 95/200
2022-05-11 03:58:16,962 - INFO - The train loss is 0.016186. The valid loss is 0.015912.
2022-05-11 03:58:16,964 - INFO - Epoch 96/200
2022-05-11 03:58:17,197 - INFO - The train loss is 0.015981. The valid loss is 0.015721.
2022-05-11 03:58:17,199 - INFO - Epoch 97/200
2022-05-11 03:58:17,432 - INFO - The train loss is 0.015834. The valid loss is 0.015537.
2022-05-11 03:58:17,433 - INFO - Epoch 98/200
2022-05-11 03:58:17,658 - INFO - The train loss is 0.015675. The valid loss is 0.015358.
2022-05-11 03:58:17,660 - INFO - Epoch 99/200
2022-05-11 03:58:17,894 - INFO - The train loss is 0.015425. The valid loss is 0.015186.
2022-05-11 03:58:17,896 - INFO - Epoch 100/200
2022-05-11 03:58:18,162 - INFO - The train loss is 0.015291. The valid loss is 0.015019.
2022-05-11 03:58:18,164 - INFO - Epoch 101/200
2022-05-11 03:58:18,396 - INFO - The train loss is 0.015131. The valid loss is 0.014855.
2022-05-11 03:58:18,398 - INFO - Epoch 102/200
2022-05-11 03:58:18,627 - INFO - The train loss is 0.014991. The valid loss is 0.014696.
2022-05-11 03:58:18,628 - INFO - Epoch 103/200
2022-05-11 03:58:18,863 - INFO - The train loss is 0.014822. The valid loss is 0.014539.
2022-05-11 03:58:18,865 - INFO - Epoch 104/200
2022-05-11 03:58:19,094 - INFO - The train loss is 0.014684. The valid loss is 0.014384.
2022-05-11 03:58:19,096 - INFO - Epoch 105/200
2022-05-11 03:58:19,332 - INFO - The train loss is 0.014517. The valid loss is 0.014231.
2022-05-11 03:58:19,333 - INFO - Epoch 106/200
2022-05-11 03:58:19,561 - INFO - The train loss is 0.014378. The valid loss is 0.014079.
2022-05-11 03:58:19,562 - INFO - Epoch 107/200
2022-05-11 03:58:19,792 - INFO - The train loss is 0.014218. The valid loss is 0.013930.
2022-05-11 03:58:19,793 - INFO - Epoch 108/200
2022-05-11 03:58:20,034 - INFO - The train loss is 0.014070. The valid loss is 0.013783.
2022-05-11 03:58:20,036 - INFO - Epoch 109/200
2022-05-11 03:58:20,270 - INFO - The train loss is 0.013966. The valid loss is 0.013640.
2022-05-11 03:58:20,272 - INFO - Epoch 110/200
2022-05-11 03:58:20,508 - INFO - The train loss is 0.013817. The valid loss is 0.013500.
2022-05-11 03:58:20,510 - INFO - Epoch 111/200
2022-05-11 03:58:20,741 - INFO - The train loss is 0.013741. The valid loss is 0.013365.
2022-05-11 03:58:20,743 - INFO - Epoch 112/200
2022-05-11 03:58:20,979 - INFO - The train loss is 0.013547. The valid loss is 0.013233.
2022-05-11 03:58:20,981 - INFO - Epoch 113/200
2022-05-11 03:58:21,217 - INFO - The train loss is 0.013392. The valid loss is 0.013104.
2022-05-11 03:58:21,219 - INFO - Epoch 114/200
2022-05-11 03:58:21,452 - INFO - The train loss is 0.013307. The valid loss is 0.012978.
2022-05-11 03:58:21,454 - INFO - Epoch 115/200
2022-05-11 03:58:21,682 - INFO - The train loss is 0.013220. The valid loss is 0.012854.
2022-05-11 03:58:21,684 - INFO - Epoch 116/200
2022-05-11 03:58:21,919 - INFO - The train loss is 0.013075. The valid loss is 0.012733.
2022-05-11 03:58:21,921 - INFO - Epoch 117/200
2022-05-11 03:58:22,156 - INFO - The train loss is 0.012939. The valid loss is 0.012614.
2022-05-11 03:58:22,158 - INFO - Epoch 118/200
2022-05-11 03:58:22,409 - INFO - The train loss is 0.012876. The valid loss is 0.012496.
2022-05-11 03:58:22,411 - INFO - Epoch 119/200
2022-05-11 03:58:22,645 - INFO - The train loss is 0.012732. The valid loss is 0.012381.
2022-05-11 03:58:22,647 - INFO - Epoch 120/200
2022-05-11 03:58:22,878 - INFO - The train loss is 0.012599. The valid loss is 0.012269.
2022-05-11 03:58:22,880 - INFO - Epoch 121/200
2022-05-11 03:58:23,114 - INFO - The train loss is 0.012506. The valid loss is 0.012160.
2022-05-11 03:58:23,116 - INFO - Epoch 122/200
2022-05-11 03:58:23,345 - INFO - The train loss is 0.012437. The valid loss is 0.012053.
2022-05-11 03:58:23,347 - INFO - Epoch 123/200
2022-05-11 03:58:23,584 - INFO - The train loss is 0.012341. The valid loss is 0.011949.
2022-05-11 03:58:23,585 - INFO - Epoch 124/200
2022-05-11 03:58:23,819 - INFO - The train loss is 0.012230. The valid loss is 0.011848.
2022-05-11 03:58:23,820 - INFO - Epoch 125/200
2022-05-11 03:58:24,056 - INFO - The train loss is 0.012145. The valid loss is 0.011749.
2022-05-11 03:58:24,058 - INFO - Epoch 126/200
2022-05-11 03:58:24,288 - INFO - The train loss is 0.012088. The valid loss is 0.011652.
2022-05-11 03:58:24,290 - INFO - Epoch 127/200
2022-05-11 03:58:24,520 - INFO - The train loss is 0.011937. The valid loss is 0.011556.
2022-05-11 03:58:24,521 - INFO - Epoch 128/200
2022-05-11 03:58:24,757 - INFO - The train loss is 0.011869. The valid loss is 0.011462.
2022-05-11 03:58:24,759 - INFO - Epoch 129/200
2022-05-11 03:58:24,995 - INFO - The train loss is 0.011759. The valid loss is 0.011371.
2022-05-11 03:58:24,996 - INFO - Epoch 130/200
2022-05-11 03:58:25,232 - INFO - The train loss is 0.011690. The valid loss is 0.011282.
2022-05-11 03:58:25,234 - INFO - Epoch 131/200
2022-05-11 03:58:25,469 - INFO - The train loss is 0.011604. The valid loss is 0.011195.
2022-05-11 03:58:25,471 - INFO - Epoch 132/200
2022-05-11 03:58:25,704 - INFO - The train loss is 0.011516. The valid loss is 0.011110.
2022-05-11 03:58:25,706 - INFO - Epoch 133/200
2022-05-11 03:58:25,936 - INFO - The train loss is 0.011505. The valid loss is 0.011029.
2022-05-11 03:58:25,937 - INFO - Epoch 134/200
2022-05-11 03:58:26,166 - INFO - The train loss is 0.011385. The valid loss is 0.010950.
2022-05-11 03:58:26,168 - INFO - Epoch 135/200
2022-05-11 03:58:26,394 - INFO - The train loss is 0.011258. The valid loss is 0.010871.
2022-05-11 03:58:26,396 - INFO - Epoch 136/200
2022-05-11 03:58:26,624 - INFO - The train loss is 0.011225. The valid loss is 0.010794.
2022-05-11 03:58:26,626 - INFO - Epoch 137/200
2022-05-11 03:58:26,853 - INFO - The train loss is 0.011177. The valid loss is 0.010718.
2022-05-11 03:58:26,855 - INFO - Epoch 138/200
2022-05-11 03:58:27,080 - INFO - The train loss is 0.011102. The valid loss is 0.010643.
2022-05-11 03:58:27,082 - INFO - Epoch 139/200
2022-05-11 03:58:27,310 - INFO - The train loss is 0.011028. The valid loss is 0.010571.
2022-05-11 03:58:27,311 - INFO - Epoch 140/200
2022-05-11 03:58:27,537 - INFO - The train loss is 0.011006. The valid loss is 0.010501.
2022-05-11 03:58:27,538 - INFO - Epoch 141/200
2022-05-11 03:58:27,767 - INFO - The train loss is 0.010895. The valid loss is 0.010433.
2022-05-11 03:58:27,769 - INFO - Epoch 142/200
2022-05-11 03:58:28,001 - INFO - The train loss is 0.010778. The valid loss is 0.010367.
2022-05-11 03:58:28,003 - INFO - Epoch 143/200
2022-05-11 03:58:28,235 - INFO - The train loss is 0.010784. The valid loss is 0.010302.
2022-05-11 03:58:28,237 - INFO - Epoch 144/200
2022-05-11 03:58:28,475 - INFO - The train loss is 0.010672. The valid loss is 0.010238.
2022-05-11 03:58:28,477 - INFO - Epoch 145/200
2022-05-11 03:58:28,709 - INFO - The train loss is 0.010667. The valid loss is 0.010175.
2022-05-11 03:58:28,711 - INFO - Epoch 146/200
2022-05-11 03:58:28,943 - INFO - The train loss is 0.010596. The valid loss is 0.010113.
2022-05-11 03:58:28,945 - INFO - Epoch 147/200
2022-05-11 03:58:29,179 - INFO - The train loss is 0.010548. The valid loss is 0.010053.
2022-05-11 03:58:29,181 - INFO - Epoch 148/200
2022-05-11 03:58:29,417 - INFO - The train loss is 0.010451. The valid loss is 0.009995.
2022-05-11 03:58:29,419 - INFO - Epoch 149/200
2022-05-11 03:58:29,652 - INFO - The train loss is 0.010456. The valid loss is 0.009939.
2022-05-11 03:58:29,654 - INFO - Epoch 150/200
2022-05-11 03:58:29,887 - INFO - The train loss is 0.010400. The valid loss is 0.009883.
2022-05-11 03:58:29,889 - INFO - Epoch 151/200
2022-05-11 03:58:30,130 - INFO - The train loss is 0.010357. The valid loss is 0.009828.
2022-05-11 03:58:30,132 - INFO - Epoch 152/200
2022-05-11 03:58:30,363 - INFO - The train loss is 0.010307. The valid loss is 0.009775.
2022-05-11 03:58:30,365 - INFO - Epoch 153/200
2022-05-11 03:58:30,595 - INFO - The train loss is 0.010300. The valid loss is 0.009724.
2022-05-11 03:58:30,597 - INFO - Epoch 154/200
2022-05-11 03:58:30,829 - INFO - The train loss is 0.010233. The valid loss is 0.009673.
2022-05-11 03:58:30,831 - INFO - Epoch 155/200
2022-05-11 03:58:31,059 - INFO - The train loss is 0.010083. The valid loss is 0.009623.
2022-05-11 03:58:31,060 - INFO - Epoch 156/200
2022-05-11 03:58:31,288 - INFO - The train loss is 0.010093. The valid loss is 0.009574.
2022-05-11 03:58:31,290 - INFO - Epoch 157/200
2022-05-11 03:58:31,517 - INFO - The train loss is 0.010072. The valid loss is 0.009526.
2022-05-11 03:58:31,518 - INFO - Epoch 158/200
2022-05-11 03:58:31,747 - INFO - The train loss is 0.010009. The valid loss is 0.009480.
2022-05-11 03:58:31,748 - INFO - Epoch 159/200
2022-05-11 03:58:31,980 - INFO - The train loss is 0.009942. The valid loss is 0.009435.
2022-05-11 03:58:31,982 - INFO - Epoch 160/200
2022-05-11 03:58:32,215 - INFO - The train loss is 0.009914. The valid loss is 0.009391.
2022-05-11 03:58:32,217 - INFO - Epoch 161/200
2022-05-11 03:58:32,449 - INFO - The train loss is 0.009892. The valid loss is 0.009350.
2022-05-11 03:58:32,451 - INFO - Epoch 162/200
2022-05-11 03:58:32,680 - INFO - The train loss is 0.009815. The valid loss is 0.009308.
2022-05-11 03:58:32,682 - INFO - Epoch 163/200
2022-05-11 03:58:32,914 - INFO - The train loss is 0.009796. The valid loss is 0.009266.
2022-05-11 03:58:32,915 - INFO - Epoch 164/200
2022-05-11 03:58:33,145 - INFO - The train loss is 0.009765. The valid loss is 0.009224.
2022-05-11 03:58:33,147 - INFO - Epoch 165/200
2022-05-11 03:58:33,381 - INFO - The train loss is 0.009713. The valid loss is 0.009182.
2022-05-11 03:58:33,383 - INFO - Epoch 166/200
2022-05-11 03:58:33,626 - INFO - The train loss is 0.009700. The valid loss is 0.009141.
2022-05-11 03:58:33,628 - INFO - Epoch 167/200
2022-05-11 03:58:33,864 - INFO - The train loss is 0.009658. The valid loss is 0.009101.
2022-05-11 03:58:33,866 - INFO - Epoch 168/200
2022-05-11 03:58:34,101 - INFO - The train loss is 0.009613. The valid loss is 0.009063.
2022-05-11 03:58:34,104 - INFO - Epoch 169/200
2022-05-11 03:58:34,375 - INFO - The train loss is 0.009590. The valid loss is 0.009026.
2022-05-11 03:58:34,378 - INFO - Epoch 170/200
2022-05-11 03:58:34,626 - INFO - The train loss is 0.009571. The valid loss is 0.008990.
2022-05-11 03:58:34,628 - INFO - Epoch 171/200
2022-05-11 03:58:34,862 - INFO - The train loss is 0.009488. The valid loss is 0.008954.
2022-05-11 03:58:34,864 - INFO - Epoch 172/200
2022-05-11 03:58:35,102 - INFO - The train loss is 0.009464. The valid loss is 0.008920.
2022-05-11 03:58:35,103 - INFO - Epoch 173/200
2022-05-11 03:58:35,335 - INFO - The train loss is 0.009430. The valid loss is 0.008887.
2022-05-11 03:58:35,336 - INFO - Epoch 174/200
2022-05-11 03:58:35,575 - INFO - The train loss is 0.009402. The valid loss is 0.008853.
2022-05-11 03:58:35,577 - INFO - Epoch 175/200
2022-05-11 03:58:35,810 - INFO - The train loss is 0.009367. The valid loss is 0.008820.
2022-05-11 03:58:35,812 - INFO - Epoch 176/200
2022-05-11 03:58:36,046 - INFO - The train loss is 0.009360. The valid loss is 0.008788.
2022-05-11 03:58:36,048 - INFO - Epoch 177/200
2022-05-11 03:58:36,282 - INFO - The train loss is 0.009328. The valid loss is 0.008756.
2022-05-11 03:58:36,284 - INFO - Epoch 178/200
2022-05-11 03:58:36,516 - INFO - The train loss is 0.009303. The valid loss is 0.008724.
2022-05-11 03:58:36,518 - INFO - Epoch 179/200
2022-05-11 03:58:36,757 - INFO - The train loss is 0.009248. The valid loss is 0.008693.
2022-05-11 03:58:36,759 - INFO - Epoch 180/200
2022-05-11 03:58:36,996 - INFO - The train loss is 0.009244. The valid loss is 0.008662.
2022-05-11 03:58:36,998 - INFO - Epoch 181/200
2022-05-11 03:58:37,233 - INFO - The train loss is 0.009179. The valid loss is 0.008631.
2022-05-11 03:58:37,235 - INFO - Epoch 182/200
2022-05-11 03:58:37,471 - INFO - The train loss is 0.009186. The valid loss is 0.008600.
2022-05-11 03:58:37,473 - INFO - Epoch 183/200
2022-05-11 03:58:37,703 - INFO - The train loss is 0.009097. The valid loss is 0.008570.
2022-05-11 03:58:37,705 - INFO - Epoch 184/200
2022-05-11 03:58:37,941 - INFO - The train loss is 0.009132. The valid loss is 0.008541.
2022-05-11 03:58:37,943 - INFO - Epoch 185/200
2022-05-11 03:58:38,176 - INFO - The train loss is 0.009077. The valid loss is 0.008512.
2022-05-11 03:58:38,177 - INFO - Epoch 186/200
2022-05-11 03:58:38,412 - INFO - The train loss is 0.009053. The valid loss is 0.008485.
2022-05-11 03:58:38,414 - INFO - Epoch 187/200
2022-05-11 03:58:38,648 - INFO - The train loss is 0.009022. The valid loss is 0.008458.
2022-05-11 03:58:38,650 - INFO - Epoch 188/200
2022-05-11 03:58:38,882 - INFO - The train loss is 0.008994. The valid loss is 0.008433.
2022-05-11 03:58:38,883 - INFO - Epoch 189/200
2022-05-11 03:58:39,118 - INFO - The train loss is 0.008950. The valid loss is 0.008408.
2022-05-11 03:58:39,120 - INFO - Epoch 190/200
2022-05-11 03:58:39,351 - INFO - The train loss is 0.008969. The valid loss is 0.008381.
2022-05-11 03:58:39,353 - INFO - Epoch 191/200
2022-05-11 03:58:39,582 - INFO - The train loss is 0.008927. The valid loss is 0.008354.
2022-05-11 03:58:39,584 - INFO - Epoch 192/200
2022-05-11 03:58:39,812 - INFO - The train loss is 0.008870. The valid loss is 0.008328.
2022-05-11 03:58:39,813 - INFO - Epoch 193/200
2022-05-11 03:58:40,039 - INFO - The train loss is 0.008874. The valid loss is 0.008302.
2022-05-11 03:58:40,041 - INFO - Epoch 194/200
2022-05-11 03:58:40,269 - INFO - The train loss is 0.008826. The valid loss is 0.008275.
2022-05-11 03:58:40,271 - INFO - Epoch 195/200
2022-05-11 03:58:40,500 - INFO - The train loss is 0.008850. The valid loss is 0.008250.
2022-05-11 03:58:40,502 - INFO - Epoch 196/200
2022-05-11 03:58:40,730 - INFO - The train loss is 0.008798. The valid loss is 0.008226.
2022-05-11 03:58:40,732 - INFO - Epoch 197/200
2022-05-11 03:58:40,962 - INFO - The train loss is 0.008795. The valid loss is 0.008203.
2022-05-11 03:58:40,964 - INFO - Epoch 198/200
2022-05-11 03:58:41,192 - INFO - The train loss is 0.008742. The valid loss is 0.008180.
2022-05-11 03:58:41,193 - INFO - Epoch 199/200
2022-05-11 03:58:41,423 - INFO - The train loss is 0.008715. The valid loss is 0.008157.
2022-05-11 03:58:42,613 - INFO - The mean squared error of stock ['Label1', 'Label2'] is [0.04840708 0.02228331]
2022-05-11 03:58:42,654 - INFO - The predicted Label1 for the next 1 day(s) is: 51.82392461558236
2022-05-11 03:58:42,669 - INFO - The predicted Label2 for the next 1 day(s) is: 54.547717778942015
