2022-05-18 01:12:37,914 - INFO - 
Config:
'add_train': False
'batch_size': 501
'continue_flag': ''
'cur_time': '2022_05_18_01_12_37'
'debug_mode': False
'debug_num': 500
'do_continue_train': False
'do_figure_save': False
'do_log_print_to_screen': True
'do_log_save_to_file': True
'do_predict': True
'do_train': True
'do_train_visualized': False
'dropout_rate': 0.1
'epoch': 250
'feature_columns': [1, 2, 3, 4, 5]
'figure_save_path': './figure/'
'hidden_size': 256
'input_size': 5
'label_columns': [4, 5]
'label_in_feature_index': [3, 4]
'learning_rate': 0.0001
'log_save_path': './log/2022_05_18_01_12_37_pytorch/'
'lstm_layers': 2
'model_name': 'model_pytorch.pth'
'model_postfix': {'pytorch': '.pth'
'keras': '.h5'
'tensorflow': '.ckpt'}
'model_save_path': './checkpoint/pytorch/'
'output_size': 2
'patience': 3
'predict_day': 1
'random_seed': 58
'shuffle_train_data': True
'time_step': 167
'train_data_path': './finaldata.csv'
'train_data_rate': 0.9
'use_cuda': True
'used_frame': 'pytorch'
'valid_data_rate': 0.1
2022-05-18 01:12:40,288 - INFO - Epoch 0/250
2022-05-18 01:12:40,956 - INFO - The train loss is 0.981796. The valid loss is 1.047508.
2022-05-18 01:12:40,961 - INFO - Epoch 1/250
2022-05-18 01:12:41,344 - INFO - The train loss is 0.962330. The valid loss is 1.026780.
2022-05-18 01:12:41,349 - INFO - Epoch 2/250
2022-05-18 01:12:41,737 - INFO - The train loss is 0.942171. The valid loss is 1.004661.
2022-05-18 01:12:41,742 - INFO - Epoch 3/250
2022-05-18 01:12:42,133 - INFO - The train loss is 0.920360. The valid loss is 0.980044.
2022-05-18 01:12:42,137 - INFO - Epoch 4/250
2022-05-18 01:12:42,528 - INFO - The train loss is 0.895776. The valid loss is 0.951563.
2022-05-18 01:12:42,533 - INFO - Epoch 5/250
2022-05-18 01:12:42,917 - INFO - The train loss is 0.866975. The valid loss is 0.917449.
2022-05-18 01:12:42,922 - INFO - Epoch 6/250
