2022-07-20 14:06:05,344 - INFO - 
Config:
'add_train': False
'batch_size': 501
'continue_flag': ''
'cur_time': '2022_07_20_14_06_05'
'debug_mode': False
'debug_num': 500
'do_continue_train': False
'do_figure_save': False
'do_log_print_to_screen': True
'do_log_save_to_file': True
'do_predict': True
'do_train': True
'do_train_visualized': False
'dropout_rate': 0.1
'epoch': 200
'feature_columns': [1, 2, 3, 4, 5]
'figure_save_path': './figure/'
'hidden_size': 256
'input_size': 5
'label_columns': [4, 5]
'label_in_feature_index': [3, 4]
'learning_rate': 0.0001
'log_save_path': './log/2022_07_20_14_06_05_pytorch/'
'lstm_layers': 2
'model_name': 'model_pytorch.pth'
'model_postfix': {'pytorch': '.pth'
'keras': '.h5'
'tensorflow': '.ckpt'}
'model_save_path': './checkpoint/pytorch/'
'output_size': 2
'patience': 3
'predict_day': 1
'random_seed': 48
'shuffle_train_data': True
'time_step': 167
'train_data_path': './gtau2.3edited.csv'
'train_data_rate': 0.9
'use_cuda': True
'used_frame': 'pytorch'
'valid_data_rate': 0.1
2022-07-20 14:06:07,731 - INFO - Epoch 0/200
2022-07-20 14:06:08,269 - INFO - The train loss is 0.970086. The valid loss is 1.060069.
2022-07-20 14:06:08,274 - INFO - Epoch 1/200
2022-07-20 14:06:08,541 - INFO - The train loss is 0.955352. The valid loss is 1.043335.
2022-07-20 14:06:08,546 - INFO - Epoch 2/200
2022-07-20 14:06:08,813 - INFO - The train loss is 0.940567. The valid loss is 1.026269.
2022-07-20 14:06:08,818 - INFO - Epoch 3/200
2022-07-20 14:06:09,085 - INFO - The train loss is 0.925290. The valid loss is 1.008450.
2022-07-20 14:06:09,090 - INFO - Epoch 4/200
2022-07-20 14:06:09,354 - INFO - The train loss is 0.909173. The valid loss is 0.989410.
2022-07-20 14:06:09,359 - INFO - Epoch 5/200
2022-07-20 14:06:09,621 - INFO - The train loss is 0.891792. The valid loss is 0.968617.
2022-07-20 14:06:09,627 - INFO - Epoch 6/200
2022-07-20 14:06:09,902 - INFO - The train loss is 0.872602. The valid loss is 0.945449.
2022-07-20 14:06:09,908 - INFO - Epoch 7/200
2022-07-20 14:06:10,170 - INFO - The train loss is 0.851035. The valid loss is 0.919158.
2022-07-20 14:06:10,175 - INFO - Epoch 8/200
2022-07-20 14:06:10,446 - INFO - The train loss is 0.826329. The valid loss is 0.888817.
2022-07-20 14:06:10,451 - INFO - Epoch 9/200
2022-07-20 14:06:10,727 - INFO - The train loss is 0.797670. The valid loss is 0.853251.
2022-07-20 14:06:10,732 - INFO - Epoch 10/200
2022-07-20 14:06:11,035 - INFO - The train loss is 0.763847. The valid loss is 0.810944.
2022-07-20 14:06:11,040 - INFO - Epoch 11/200
2022-07-20 14:06:11,307 - INFO - The train loss is 0.723411. The valid loss is 0.759916.
2022-07-20 14:06:11,312 - INFO - Epoch 12/200
2022-07-20 14:06:11,585 - INFO - The train loss is 0.674523. The valid loss is 0.697560.
2022-07-20 14:06:11,590 - INFO - Epoch 13/200
2022-07-20 14:06:11,860 - INFO - The train loss is 0.614481. The valid loss is 0.620520.
2022-07-20 14:06:11,865 - INFO - Epoch 14/200
2022-07-20 14:06:12,127 - INFO - The train loss is 0.540410. The valid loss is 0.525137.
2022-07-20 14:06:12,132 - INFO - Epoch 15/200
2022-07-20 14:06:12,395 - INFO - The train loss is 0.449336. The valid loss is 0.411217.
2022-07-20 14:06:12,399 - INFO - Epoch 16/200
2022-07-20 14:06:12,662 - INFO - The train loss is 0.344618. The valid loss is 0.298753.
2022-07-20 14:06:12,666 - INFO - Epoch 17/200
2022-07-20 14:06:12,930 - INFO - The train loss is 0.253622. The valid loss is 0.243522.
2022-07-20 14:06:12,934 - INFO - Epoch 18/200
2022-07-20 14:06:13,200 - INFO - The train loss is 0.213240. The valid loss is 0.212737.
2022-07-20 14:06:13,205 - INFO - Epoch 19/200
2022-07-20 14:06:13,468 - INFO - The train loss is 0.184175. The valid loss is 0.171917.
2022-07-20 14:06:13,473 - INFO - Epoch 20/200
2022-07-20 14:06:13,736 - INFO - The train loss is 0.156414. The valid loss is 0.143766.
2022-07-20 14:06:13,740 - INFO - Epoch 21/200
2022-07-20 14:06:14,006 - INFO - The train loss is 0.128157. The valid loss is 0.116048.
2022-07-20 14:06:14,011 - INFO - Epoch 22/200
2022-07-20 14:06:14,275 - INFO - The train loss is 0.102899. The valid loss is 0.098364.
2022-07-20 14:06:14,279 - INFO - Epoch 23/200
2022-07-20 14:06:14,541 - INFO - The train loss is 0.087717. The valid loss is 0.085774.
2022-07-20 14:06:14,546 - INFO - Epoch 24/200
2022-07-20 14:06:14,813 - INFO - The train loss is 0.076073. The valid loss is 0.073860.
2022-07-20 14:06:14,818 - INFO - Epoch 25/200
2022-07-20 14:06:15,081 - INFO - The train loss is 0.065654. The valid loss is 0.064603.
2022-07-20 14:06:15,086 - INFO - Epoch 26/200
2022-07-20 14:06:15,359 - INFO - The train loss is 0.057600. The valid loss is 0.058171.
2022-07-20 14:06:15,366 - INFO - Epoch 27/200
2022-07-20 14:06:15,641 - INFO - The train loss is 0.051659. The valid loss is 0.053518.
2022-07-20 14:06:15,646 - INFO - Epoch 28/200
2022-07-20 14:06:15,920 - INFO - The train loss is 0.047709. The valid loss is 0.050920.
2022-07-20 14:06:15,925 - INFO - Epoch 29/200
2022-07-20 14:06:16,198 - INFO - The train loss is 0.045638. The valid loss is 0.049530.
2022-07-20 14:06:16,203 - INFO - Epoch 30/200
2022-07-20 14:06:16,473 - INFO - The train loss is 0.044091. The valid loss is 0.048535.
2022-07-20 14:06:16,478 - INFO - Epoch 31/200
2022-07-20 14:06:16,744 - INFO - The train loss is 0.042722. The valid loss is 0.047715.
2022-07-20 14:06:16,748 - INFO - Epoch 32/200
2022-07-20 14:06:17,023 - INFO - The train loss is 0.041628. The valid loss is 0.046558.
2022-07-20 14:06:17,028 - INFO - Epoch 33/200
2022-07-20 14:06:17,311 - INFO - The train loss is 0.040343. The valid loss is 0.044819.
2022-07-20 14:06:17,316 - INFO - Epoch 34/200
2022-07-20 14:06:17,588 - INFO - The train loss is 0.038784. The valid loss is 0.042884.
2022-07-20 14:06:17,593 - INFO - Epoch 35/200
2022-07-20 14:06:17,869 - INFO - The train loss is 0.037289. The valid loss is 0.041136.
2022-07-20 14:06:17,873 - INFO - Epoch 36/200
2022-07-20 14:06:18,139 - INFO - The train loss is 0.035939. The valid loss is 0.039683.
2022-07-20 14:06:18,144 - INFO - Epoch 37/200
2022-07-20 14:06:18,413 - INFO - The train loss is 0.034726. The valid loss is 0.038594.
2022-07-20 14:06:18,418 - INFO - Epoch 38/200
2022-07-20 14:06:18,684 - INFO - The train loss is 0.033870. The valid loss is 0.037765.
2022-07-20 14:06:18,689 - INFO - Epoch 39/200
2022-07-20 14:06:18,957 - INFO - The train loss is 0.033230. The valid loss is 0.037020.
2022-07-20 14:06:18,962 - INFO - Epoch 40/200
2022-07-20 14:06:19,229 - INFO - The train loss is 0.032598. The valid loss is 0.036343.
2022-07-20 14:06:19,234 - INFO - Epoch 41/200
2022-07-20 14:06:19,501 - INFO - The train loss is 0.032039. The valid loss is 0.035752.
2022-07-20 14:06:19,506 - INFO - Epoch 42/200
2022-07-20 14:06:19,773 - INFO - The train loss is 0.031568. The valid loss is 0.035234.
2022-07-20 14:06:19,778 - INFO - Epoch 43/200
2022-07-20 14:06:20,046 - INFO - The train loss is 0.031137. The valid loss is 0.034800.
2022-07-20 14:06:20,052 - INFO - Epoch 44/200
2022-07-20 14:06:20,315 - INFO - The train loss is 0.030740. The valid loss is 0.034450.
2022-07-20 14:06:20,320 - INFO - Epoch 45/200
2022-07-20 14:06:20,589 - INFO - The train loss is 0.030412. The valid loss is 0.034151.
2022-07-20 14:06:20,594 - INFO - Epoch 46/200
2022-07-20 14:06:20,865 - INFO - The train loss is 0.030166. The valid loss is 0.033883.
2022-07-20 14:06:20,869 - INFO - Epoch 47/200
2022-07-20 14:06:21,138 - INFO - The train loss is 0.029943. The valid loss is 0.033633.
2022-07-20 14:06:21,143 - INFO - Epoch 48/200
2022-07-20 14:06:21,405 - INFO - The train loss is 0.029757. The valid loss is 0.033384.
2022-07-20 14:06:21,410 - INFO - Epoch 49/200
2022-07-20 14:06:21,675 - INFO - The train loss is 0.029529. The valid loss is 0.033139.
2022-07-20 14:06:21,680 - INFO - Epoch 50/200
2022-07-20 14:06:21,953 - INFO - The train loss is 0.029349. The valid loss is 0.032896.
2022-07-20 14:06:21,959 - INFO - Epoch 51/200
2022-07-20 14:06:22,231 - INFO - The train loss is 0.029115. The valid loss is 0.032660.
2022-07-20 14:06:22,236 - INFO - Epoch 52/200
2022-07-20 14:06:22,512 - INFO - The train loss is 0.028956. The valid loss is 0.032437.
2022-07-20 14:06:22,518 - INFO - Epoch 53/200
2022-07-20 14:06:22,789 - INFO - The train loss is 0.028816. The valid loss is 0.032228.
2022-07-20 14:06:22,793 - INFO - Epoch 54/200
2022-07-20 14:06:23,063 - INFO - The train loss is 0.028601. The valid loss is 0.032028.
2022-07-20 14:06:23,068 - INFO - Epoch 55/200
2022-07-20 14:06:23,336 - INFO - The train loss is 0.028446. The valid loss is 0.031827.
2022-07-20 14:06:23,343 - INFO - Epoch 56/200
2022-07-20 14:06:23,608 - INFO - The train loss is 0.028326. The valid loss is 0.031624.
2022-07-20 14:06:23,614 - INFO - Epoch 57/200
2022-07-20 14:06:23,891 - INFO - The train loss is 0.028135. The valid loss is 0.031426.
2022-07-20 14:06:23,897 - INFO - Epoch 58/200
2022-07-20 14:06:24,172 - INFO - The train loss is 0.027956. The valid loss is 0.031234.
2022-07-20 14:06:24,177 - INFO - Epoch 59/200
2022-07-20 14:06:24,449 - INFO - The train loss is 0.027834. The valid loss is 0.031048.
2022-07-20 14:06:24,454 - INFO - Epoch 60/200
2022-07-20 14:06:24,728 - INFO - The train loss is 0.027649. The valid loss is 0.030863.
2022-07-20 14:06:24,733 - INFO - Epoch 61/200
2022-07-20 14:06:25,008 - INFO - The train loss is 0.027519. The valid loss is 0.030677.
2022-07-20 14:06:25,013 - INFO - Epoch 62/200
2022-07-20 14:06:25,293 - INFO - The train loss is 0.027363. The valid loss is 0.030490.
2022-07-20 14:06:25,299 - INFO - Epoch 63/200
2022-07-20 14:06:25,572 - INFO - The train loss is 0.027217. The valid loss is 0.030307.
2022-07-20 14:06:25,577 - INFO - Epoch 64/200
2022-07-20 14:06:25,848 - INFO - The train loss is 0.027045. The valid loss is 0.030124.
2022-07-20 14:06:25,856 - INFO - Epoch 65/200
2022-07-20 14:06:26,146 - INFO - The train loss is 0.026888. The valid loss is 0.029946.
2022-07-20 14:06:26,152 - INFO - Epoch 66/200
2022-07-20 14:06:26,424 - INFO - The train loss is 0.026767. The valid loss is 0.029772.
2022-07-20 14:06:26,430 - INFO - Epoch 67/200
2022-07-20 14:06:26,711 - INFO - The train loss is 0.026609. The valid loss is 0.029600.
2022-07-20 14:06:26,717 - INFO - Epoch 68/200
2022-07-20 14:06:26,988 - INFO - The train loss is 0.026509. The valid loss is 0.029430.
2022-07-20 14:06:26,993 - INFO - Epoch 69/200
2022-07-20 14:06:27,259 - INFO - The train loss is 0.026393. The valid loss is 0.029265.
2022-07-20 14:06:27,264 - INFO - Epoch 70/200
2022-07-20 14:06:27,527 - INFO - The train loss is 0.026188. The valid loss is 0.029102.
2022-07-20 14:06:27,533 - INFO - Epoch 71/200
2022-07-20 14:06:27,805 - INFO - The train loss is 0.026093. The valid loss is 0.028936.
2022-07-20 14:06:27,809 - INFO - Epoch 72/200
2022-07-20 14:06:28,082 - INFO - The train loss is 0.025955. The valid loss is 0.028768.
2022-07-20 14:06:28,086 - INFO - Epoch 73/200
2022-07-20 14:06:28,353 - INFO - The train loss is 0.025790. The valid loss is 0.028602.
2022-07-20 14:06:28,359 - INFO - Epoch 74/200
2022-07-20 14:06:28,626 - INFO - The train loss is 0.025665. The valid loss is 0.028442.
2022-07-20 14:06:28,631 - INFO - Epoch 75/200
2022-07-20 14:06:28,899 - INFO - The train loss is 0.025578. The valid loss is 0.028288.
2022-07-20 14:06:28,903 - INFO - Epoch 76/200
2022-07-20 14:06:29,170 - INFO - The train loss is 0.025402. The valid loss is 0.028134.
2022-07-20 14:06:29,175 - INFO - Epoch 77/200
2022-07-20 14:06:29,444 - INFO - The train loss is 0.025270. The valid loss is 0.027979.
2022-07-20 14:06:29,449 - INFO - Epoch 78/200
2022-07-20 14:06:29,716 - INFO - The train loss is 0.025142. The valid loss is 0.027822.
2022-07-20 14:06:29,722 - INFO - Epoch 79/200
2022-07-20 14:06:29,998 - INFO - The train loss is 0.024996. The valid loss is 0.027665.
2022-07-20 14:06:30,004 - INFO - Epoch 80/200
2022-07-20 14:06:30,275 - INFO - The train loss is 0.024922. The valid loss is 0.027514.
2022-07-20 14:06:30,279 - INFO - Epoch 81/200
2022-07-20 14:06:30,549 - INFO - The train loss is 0.024792. The valid loss is 0.027367.
2022-07-20 14:06:30,554 - INFO - Epoch 82/200
2022-07-20 14:06:30,821 - INFO - The train loss is 0.024653. The valid loss is 0.027223.
2022-07-20 14:06:30,827 - INFO - Epoch 83/200
2022-07-20 14:06:31,102 - INFO - The train loss is 0.024529. The valid loss is 0.027077.
2022-07-20 14:06:31,107 - INFO - Epoch 84/200
2022-07-20 14:06:31,381 - INFO - The train loss is 0.024397. The valid loss is 0.026931.
2022-07-20 14:06:31,386 - INFO - Epoch 85/200
2022-07-20 14:06:31,656 - INFO - The train loss is 0.024302. The valid loss is 0.026785.
2022-07-20 14:06:31,661 - INFO - Epoch 86/200
2022-07-20 14:06:31,931 - INFO - The train loss is 0.024174. The valid loss is 0.026640.
2022-07-20 14:06:31,936 - INFO - Epoch 87/200
2022-07-20 14:06:32,209 - INFO - The train loss is 0.024069. The valid loss is 0.026497.
2022-07-20 14:06:32,214 - INFO - Epoch 88/200
2022-07-20 14:06:32,485 - INFO - The train loss is 0.023924. The valid loss is 0.026357.
2022-07-20 14:06:32,490 - INFO - Epoch 89/200
2022-07-20 14:06:32,762 - INFO - The train loss is 0.023825. The valid loss is 0.026221.
2022-07-20 14:06:32,767 - INFO - Epoch 90/200
2022-07-20 14:06:33,038 - INFO - The train loss is 0.023664. The valid loss is 0.026086.
2022-07-20 14:06:33,043 - INFO - Epoch 91/200
2022-07-20 14:06:33,310 - INFO - The train loss is 0.023574. The valid loss is 0.025953.
2022-07-20 14:06:33,316 - INFO - Epoch 92/200
2022-07-20 14:06:33,583 - INFO - The train loss is 0.023486. The valid loss is 0.025819.
2022-07-20 14:06:33,588 - INFO - Epoch 93/200
2022-07-20 14:06:33,865 - INFO - The train loss is 0.023350. The valid loss is 0.025681.
2022-07-20 14:06:33,870 - INFO - Epoch 94/200
2022-07-20 14:06:34,143 - INFO - The train loss is 0.023204. The valid loss is 0.025544.
2022-07-20 14:06:34,148 - INFO - Epoch 95/200
2022-07-20 14:06:34,416 - INFO - The train loss is 0.023109. The valid loss is 0.025409.
2022-07-20 14:06:34,421 - INFO - Epoch 96/200
2022-07-20 14:06:34,690 - INFO - The train loss is 0.022989. The valid loss is 0.025280.
2022-07-20 14:06:34,694 - INFO - Epoch 97/200
2022-07-20 14:06:35,002 - INFO - The train loss is 0.022883. The valid loss is 0.025152.
2022-07-20 14:06:35,009 - INFO - Epoch 98/200
2022-07-20 14:06:35,282 - INFO - The train loss is 0.022791. The valid loss is 0.025025.
2022-07-20 14:06:35,287 - INFO - Epoch 99/200
2022-07-20 14:06:35,557 - INFO - The train loss is 0.022686. The valid loss is 0.024894.
2022-07-20 14:06:35,562 - INFO - Epoch 100/200
2022-07-20 14:06:35,837 - INFO - The train loss is 0.022550. The valid loss is 0.024765.
2022-07-20 14:06:35,842 - INFO - Epoch 101/200
2022-07-20 14:06:36,111 - INFO - The train loss is 0.022474. The valid loss is 0.024639.
2022-07-20 14:06:36,116 - INFO - Epoch 102/200
2022-07-20 14:06:36,386 - INFO - The train loss is 0.022374. The valid loss is 0.024513.
2022-07-20 14:06:36,390 - INFO - Epoch 103/200
2022-07-20 14:06:36,670 - INFO - The train loss is 0.022237. The valid loss is 0.024389.
2022-07-20 14:06:36,675 - INFO - Epoch 104/200
2022-07-20 14:06:36,942 - INFO - The train loss is 0.022136. The valid loss is 0.024266.
2022-07-20 14:06:36,947 - INFO - Epoch 105/200
2022-07-20 14:06:37,224 - INFO - The train loss is 0.022027. The valid loss is 0.024143.
2022-07-20 14:06:37,229 - INFO - Epoch 106/200
2022-07-20 14:06:37,498 - INFO - The train loss is 0.021928. The valid loss is 0.024020.
2022-07-20 14:06:37,502 - INFO - Epoch 107/200
2022-07-20 14:06:37,777 - INFO - The train loss is 0.021816. The valid loss is 0.023899.
2022-07-20 14:06:37,782 - INFO - Epoch 108/200
2022-07-20 14:06:38,054 - INFO - The train loss is 0.021716. The valid loss is 0.023778.
2022-07-20 14:06:38,059 - INFO - Epoch 109/200
2022-07-20 14:06:38,330 - INFO - The train loss is 0.021583. The valid loss is 0.023660.
2022-07-20 14:06:38,335 - INFO - Epoch 110/200
2022-07-20 14:06:38,609 - INFO - The train loss is 0.021490. The valid loss is 0.023543.
2022-07-20 14:06:38,614 - INFO - Epoch 111/200
2022-07-20 14:06:38,884 - INFO - The train loss is 0.021394. The valid loss is 0.023424.
2022-07-20 14:06:38,888 - INFO - Epoch 112/200
2022-07-20 14:06:39,159 - INFO - The train loss is 0.021291. The valid loss is 0.023305.
2022-07-20 14:06:39,164 - INFO - Epoch 113/200
2022-07-20 14:06:39,435 - INFO - The train loss is 0.021178. The valid loss is 0.023187.
2022-07-20 14:06:39,440 - INFO - Epoch 114/200
2022-07-20 14:06:39,710 - INFO - The train loss is 0.021058. The valid loss is 0.023070.
2022-07-20 14:06:39,715 - INFO - Epoch 115/200
2022-07-20 14:06:39,983 - INFO - The train loss is 0.020993. The valid loss is 0.022956.
2022-07-20 14:06:39,988 - INFO - Epoch 116/200
2022-07-20 14:06:40,258 - INFO - The train loss is 0.020882. The valid loss is 0.022844.
2022-07-20 14:06:40,263 - INFO - Epoch 117/200
2022-07-20 14:06:40,533 - INFO - The train loss is 0.020784. The valid loss is 0.022729.
2022-07-20 14:06:40,538 - INFO - Epoch 118/200
2022-07-20 14:06:40,805 - INFO - The train loss is 0.020689. The valid loss is 0.022613.
2022-07-20 14:06:40,810 - INFO - Epoch 119/200
2022-07-20 14:06:41,078 - INFO - The train loss is 0.020606. The valid loss is 0.022500.
2022-07-20 14:06:41,083 - INFO - Epoch 120/200
2022-07-20 14:06:41,350 - INFO - The train loss is 0.020492. The valid loss is 0.022390.
2022-07-20 14:06:41,354 - INFO - Epoch 121/200
2022-07-20 14:06:41,625 - INFO - The train loss is 0.020425. The valid loss is 0.022280.
2022-07-20 14:06:41,631 - INFO - Epoch 122/200
2022-07-20 14:06:41,899 - INFO - The train loss is 0.020283. The valid loss is 0.022168.
2022-07-20 14:06:41,904 - INFO - Epoch 123/200
2022-07-20 14:06:42,172 - INFO - The train loss is 0.020212. The valid loss is 0.022057.
2022-07-20 14:06:42,177 - INFO - Epoch 124/200
2022-07-20 14:06:42,446 - INFO - The train loss is 0.020129. The valid loss is 0.021947.
2022-07-20 14:06:42,451 - INFO - Epoch 125/200
2022-07-20 14:06:42,719 - INFO - The train loss is 0.020010. The valid loss is 0.021839.
2022-07-20 14:06:42,724 - INFO - Epoch 126/200
2022-07-20 14:06:42,993 - INFO - The train loss is 0.019906. The valid loss is 0.021732.
2022-07-20 14:06:42,998 - INFO - Epoch 127/200
2022-07-20 14:06:43,267 - INFO - The train loss is 0.019798. The valid loss is 0.021624.
2022-07-20 14:06:43,272 - INFO - Epoch 128/200
2022-07-20 14:06:43,539 - INFO - The train loss is 0.019718. The valid loss is 0.021516.
2022-07-20 14:06:43,544 - INFO - Epoch 129/200
2022-07-20 14:06:43,813 - INFO - The train loss is 0.019623. The valid loss is 0.021408.
2022-07-20 14:06:43,818 - INFO - Epoch 130/200
2022-07-20 14:06:44,085 - INFO - The train loss is 0.019552. The valid loss is 0.021301.
2022-07-20 14:06:44,090 - INFO - Epoch 131/200
2022-07-20 14:06:44,357 - INFO - The train loss is 0.019444. The valid loss is 0.021197.
2022-07-20 14:06:44,363 - INFO - Epoch 132/200
2022-07-20 14:06:44,631 - INFO - The train loss is 0.019369. The valid loss is 0.021094.
2022-07-20 14:06:44,635 - INFO - Epoch 133/200
2022-07-20 14:06:44,904 - INFO - The train loss is 0.019277. The valid loss is 0.020990.
2022-07-20 14:06:44,909 - INFO - Epoch 134/200
2022-07-20 14:06:45,179 - INFO - The train loss is 0.019190. The valid loss is 0.020885.
2022-07-20 14:06:45,184 - INFO - Epoch 135/200
2022-07-20 14:06:45,452 - INFO - The train loss is 0.019057. The valid loss is 0.020781.
2022-07-20 14:06:45,457 - INFO - Epoch 136/200
2022-07-20 14:06:45,727 - INFO - The train loss is 0.018971. The valid loss is 0.020679.
2022-07-20 14:06:45,731 - INFO - Epoch 137/200
2022-07-20 14:06:46,000 - INFO - The train loss is 0.018898. The valid loss is 0.020577.
2022-07-20 14:06:46,005 - INFO - Epoch 138/200
2022-07-20 14:06:46,276 - INFO - The train loss is 0.018804. The valid loss is 0.020475.
2022-07-20 14:06:46,281 - INFO - Epoch 139/200
2022-07-20 14:06:46,552 - INFO - The train loss is 0.018728. The valid loss is 0.020374.
2022-07-20 14:06:46,557 - INFO - Epoch 140/200
2022-07-20 14:06:46,827 - INFO - The train loss is 0.018632. The valid loss is 0.020273.
2022-07-20 14:06:46,831 - INFO - Epoch 141/200
2022-07-20 14:06:47,100 - INFO - The train loss is 0.018546. The valid loss is 0.020174.
2022-07-20 14:06:47,105 - INFO - Epoch 142/200
2022-07-20 14:06:47,374 - INFO - The train loss is 0.018474. The valid loss is 0.020078.
2022-07-20 14:06:47,379 - INFO - Epoch 143/200
2022-07-20 14:06:47,650 - INFO - The train loss is 0.018383. The valid loss is 0.019978.
2022-07-20 14:06:47,654 - INFO - Epoch 144/200
2022-07-20 14:06:47,924 - INFO - The train loss is 0.018278. The valid loss is 0.019877.
2022-07-20 14:06:47,929 - INFO - Epoch 145/200
2022-07-20 14:06:48,201 - INFO - The train loss is 0.018214. The valid loss is 0.019778.
2022-07-20 14:06:48,206 - INFO - Epoch 146/200
2022-07-20 14:06:48,483 - INFO - The train loss is 0.018113. The valid loss is 0.019685.
2022-07-20 14:06:48,488 - INFO - Epoch 147/200
2022-07-20 14:06:48,761 - INFO - The train loss is 0.018019. The valid loss is 0.019592.
2022-07-20 14:06:48,767 - INFO - Epoch 148/200
2022-07-20 14:06:49,040 - INFO - The train loss is 0.017934. The valid loss is 0.019495.
2022-07-20 14:06:49,045 - INFO - Epoch 149/200
2022-07-20 14:06:49,325 - INFO - The train loss is 0.017865. The valid loss is 0.019397.
2022-07-20 14:06:49,330 - INFO - Epoch 150/200
2022-07-20 14:06:49,603 - INFO - The train loss is 0.017769. The valid loss is 0.019302.
2022-07-20 14:06:49,608 - INFO - Epoch 151/200
2022-07-20 14:06:49,880 - INFO - The train loss is 0.017697. The valid loss is 0.019208.
2022-07-20 14:06:49,884 - INFO - Epoch 152/200
2022-07-20 14:06:50,155 - INFO - The train loss is 0.017598. The valid loss is 0.019116.
2022-07-20 14:06:50,161 - INFO - Epoch 153/200
2022-07-20 14:06:50,431 - INFO - The train loss is 0.017523. The valid loss is 0.019022.
2022-07-20 14:06:50,436 - INFO - Epoch 154/200
2022-07-20 14:06:50,704 - INFO - The train loss is 0.017439. The valid loss is 0.018930.
2022-07-20 14:06:50,709 - INFO - Epoch 155/200
2022-07-20 14:06:50,979 - INFO - The train loss is 0.017350. The valid loss is 0.018839.
2022-07-20 14:06:50,983 - INFO - Epoch 156/200
2022-07-20 14:06:51,254 - INFO - The train loss is 0.017283. The valid loss is 0.018749.
2022-07-20 14:06:51,259 - INFO - Epoch 157/200
2022-07-20 14:06:51,529 - INFO - The train loss is 0.017204. The valid loss is 0.018659.
2022-07-20 14:06:51,534 - INFO - Epoch 158/200
2022-07-20 14:06:51,805 - INFO - The train loss is 0.017109. The valid loss is 0.018568.
2022-07-20 14:06:51,809 - INFO - Epoch 159/200
2022-07-20 14:06:52,079 - INFO - The train loss is 0.017030. The valid loss is 0.018477.
2022-07-20 14:06:52,084 - INFO - Epoch 160/200
2022-07-20 14:06:52,354 - INFO - The train loss is 0.016972. The valid loss is 0.018387.
2022-07-20 14:06:52,359 - INFO - Epoch 161/200
2022-07-20 14:06:52,633 - INFO - The train loss is 0.016877. The valid loss is 0.018299.
2022-07-20 14:06:52,638 - INFO - Epoch 162/200
2022-07-20 14:06:52,908 - INFO - The train loss is 0.016794. The valid loss is 0.018212.
2022-07-20 14:06:52,912 - INFO - Epoch 163/200
2022-07-20 14:06:53,182 - INFO - The train loss is 0.016746. The valid loss is 0.018127.
2022-07-20 14:06:53,186 - INFO - Epoch 164/200
2022-07-20 14:06:53,458 - INFO - The train loss is 0.016655. The valid loss is 0.018040.
2022-07-20 14:06:53,463 - INFO - Epoch 165/200
2022-07-20 14:06:53,732 - INFO - The train loss is 0.016567. The valid loss is 0.017954.
2022-07-20 14:06:53,737 - INFO - Epoch 166/200
2022-07-20 14:06:54,007 - INFO - The train loss is 0.016501. The valid loss is 0.017870.
2022-07-20 14:06:54,012 - INFO - Epoch 167/200
2022-07-20 14:06:54,282 - INFO - The train loss is 0.016433. The valid loss is 0.017785.
2022-07-20 14:06:54,287 - INFO - Epoch 168/200
2022-07-20 14:06:54,558 - INFO - The train loss is 0.016362. The valid loss is 0.017702.
2022-07-20 14:06:54,562 - INFO - Epoch 169/200
2022-07-20 14:06:54,834 - INFO - The train loss is 0.016259. The valid loss is 0.017620.
2022-07-20 14:06:54,838 - INFO - Epoch 170/200
2022-07-20 14:06:55,109 - INFO - The train loss is 0.016231. The valid loss is 0.017538.
2022-07-20 14:06:55,114 - INFO - Epoch 171/200
2022-07-20 14:06:55,386 - INFO - The train loss is 0.016146. The valid loss is 0.017456.
2022-07-20 14:06:55,393 - INFO - Epoch 172/200
2022-07-20 14:06:55,665 - INFO - The train loss is 0.016078. The valid loss is 0.017374.
2022-07-20 14:06:55,669 - INFO - Epoch 173/200
2022-07-20 14:06:55,945 - INFO - The train loss is 0.015990. The valid loss is 0.017294.
2022-07-20 14:06:55,951 - INFO - Epoch 174/200
2022-07-20 14:06:56,226 - INFO - The train loss is 0.015921. The valid loss is 0.017216.
2022-07-20 14:06:56,231 - INFO - Epoch 175/200
2022-07-20 14:06:56,502 - INFO - The train loss is 0.015880. The valid loss is 0.017136.
2022-07-20 14:06:56,507 - INFO - Epoch 176/200
2022-07-20 14:06:56,786 - INFO - The train loss is 0.015793. The valid loss is 0.017058.
2022-07-20 14:06:56,791 - INFO - Epoch 177/200
2022-07-20 14:06:57,068 - INFO - The train loss is 0.015706. The valid loss is 0.016979.
2022-07-20 14:06:57,073 - INFO - Epoch 178/200
2022-07-20 14:06:57,347 - INFO - The train loss is 0.015660. The valid loss is 0.016902.
2022-07-20 14:06:57,352 - INFO - Epoch 179/200
2022-07-20 14:06:57,628 - INFO - The train loss is 0.015571. The valid loss is 0.016827.
2022-07-20 14:06:57,632 - INFO - Epoch 180/200
2022-07-20 14:06:57,910 - INFO - The train loss is 0.015542. The valid loss is 0.016752.
2022-07-20 14:06:57,915 - INFO - Epoch 181/200
2022-07-20 14:06:58,189 - INFO - The train loss is 0.015448. The valid loss is 0.016678.
2022-07-20 14:06:58,194 - INFO - Epoch 182/200
2022-07-20 14:06:58,467 - INFO - The train loss is 0.015402. The valid loss is 0.016604.
2022-07-20 14:06:58,472 - INFO - Epoch 183/200
2022-07-20 14:06:58,745 - INFO - The train loss is 0.015304. The valid loss is 0.016531.
2022-07-20 14:06:58,751 - INFO - Epoch 184/200
2022-07-20 14:06:59,051 - INFO - The train loss is 0.015277. The valid loss is 0.016459.
2022-07-20 14:06:59,056 - INFO - Epoch 185/200
2022-07-20 14:06:59,324 - INFO - The train loss is 0.015186. The valid loss is 0.016387.
2022-07-20 14:06:59,328 - INFO - Epoch 186/200
2022-07-20 14:06:59,600 - INFO - The train loss is 0.015108. The valid loss is 0.016316.
2022-07-20 14:06:59,604 - INFO - Epoch 187/200
2022-07-20 14:06:59,873 - INFO - The train loss is 0.015093. The valid loss is 0.016247.
2022-07-20 14:06:59,878 - INFO - Epoch 188/200
2022-07-20 14:07:00,150 - INFO - The train loss is 0.014997. The valid loss is 0.016177.
2022-07-20 14:07:00,155 - INFO - Epoch 189/200
2022-07-20 14:07:00,425 - INFO - The train loss is 0.014977. The valid loss is 0.016108.
2022-07-20 14:07:00,429 - INFO - Epoch 190/200
2022-07-20 14:07:00,697 - INFO - The train loss is 0.014896. The valid loss is 0.016040.
2022-07-20 14:07:00,702 - INFO - Epoch 191/200
2022-07-20 14:07:00,973 - INFO - The train loss is 0.014849. The valid loss is 0.015974.
2022-07-20 14:07:00,978 - INFO - Epoch 192/200
2022-07-20 14:07:01,245 - INFO - The train loss is 0.014779. The valid loss is 0.015908.
2022-07-20 14:07:01,250 - INFO - Epoch 193/200
2022-07-20 14:07:01,519 - INFO - The train loss is 0.014739. The valid loss is 0.015843.
2022-07-20 14:07:01,532 - INFO - Epoch 194/200
2022-07-20 14:07:01,801 - INFO - The train loss is 0.014671. The valid loss is 0.015778.
2022-07-20 14:07:01,806 - INFO - Epoch 195/200
2022-07-20 14:07:02,076 - INFO - The train loss is 0.014626. The valid loss is 0.015713.
2022-07-20 14:07:02,081 - INFO - Epoch 196/200
2022-07-20 14:07:02,350 - INFO - The train loss is 0.014546. The valid loss is 0.015649.
2022-07-20 14:07:02,356 - INFO - Epoch 197/200
2022-07-20 14:07:02,628 - INFO - The train loss is 0.014498. The valid loss is 0.015587.
2022-07-20 14:07:02,632 - INFO - Epoch 198/200
2022-07-20 14:07:02,907 - INFO - The train loss is 0.014457. The valid loss is 0.015525.
2022-07-20 14:07:02,914 - INFO - Epoch 199/200
2022-07-20 14:07:03,192 - INFO - The train loss is 0.014388. The valid loss is 0.015465.
2022-07-20 14:07:04,059 - INFO - The MSE of ['top', 'bottom'] is [0.55066188 4.37217516]
2022-07-20 14:07:04,059 - INFO - The mean squared error of ['top', 'bottom'] is [0.00123583 0.01328137]
2022-07-20 14:07:04,059 - INFO - The R squared of ['top', 'bottom'] is [0.99887403 0.98851864]
