2022-05-17 23:12:09,647 - INFO - 
Config:
'add_train': False
'batch_size': 501
'continue_flag': ''
'cur_time': '2022_05_17_23_12_09'
'debug_mode': False
'debug_num': 500
'do_continue_train': False
'do_figure_save': False
'do_log_print_to_screen': True
'do_log_save_to_file': True
'do_predict': True
'do_train': True
'do_train_visualized': False
'dropout_rate': 0.1
'epoch': 250
'feature_columns': [1, 2, 3, 4, 5]
'figure_save_path': './figure/'
'hidden_size': 256
'input_size': 5
'label_columns': [4, 5]
'label_in_feature_index': [3, 4]
'learning_rate': 0.0001
'log_save_path': './log/2022_05_17_23_12_09_pytorch/'
'lstm_layers': 2
'model_name': 'model_pytorch.pth'
'model_postfix': {'pytorch': '.pth'
'keras': '.h5'
'tensorflow': '.ckpt'}
'model_save_path': './checkpoint/pytorch/'
'output_size': 2
'patience': 3
'predict_day': 1
'random_seed': 58
'shuffle_train_data': True
'time_step': 167
'train_data_path': './finaldata.csv'
'train_data_rate': 0.9
'use_cuda': True
'used_frame': 'pytorch'
'valid_data_rate': 0.1
2022-05-17 23:12:11,968 - INFO - Epoch 0/250
2022-05-17 23:12:12,643 - INFO - The train loss is 0.982190. The valid loss is 1.044267.
2022-05-17 23:12:12,647 - INFO - Epoch 1/250
2022-05-17 23:12:13,024 - INFO - The train loss is 0.961208. The valid loss is 1.022253.
2022-05-17 23:12:13,029 - INFO - Epoch 2/250
2022-05-17 23:12:13,410 - INFO - The train loss is 0.939461. The valid loss is 0.998771.
2022-05-17 23:12:13,415 - INFO - Epoch 3/250
2022-05-17 23:12:13,787 - INFO - The train loss is 0.915936. The valid loss is 0.972619.
2022-05-17 23:12:13,791 - INFO - Epoch 4/250
2022-05-17 23:12:14,167 - INFO - The train loss is 0.889394. The valid loss is 0.942319.
2022-05-17 23:12:14,172 - INFO - Epoch 5/250
2022-05-17 23:12:14,551 - INFO - The train loss is 0.858276. The valid loss is 0.905988.
2022-05-17 23:12:14,556 - INFO - Epoch 6/250
2022-05-17 23:12:14,934 - INFO - The train loss is 0.820658. The valid loss is 0.861157.
2022-05-17 23:12:14,939 - INFO - Epoch 7/250
2022-05-17 23:12:15,313 - INFO - The train loss is 0.773821. The valid loss is 0.804570.
2022-05-17 23:12:15,318 - INFO - Epoch 8/250
2022-05-17 23:12:15,696 - INFO - The train loss is 0.714291. The valid loss is 0.732047.
2022-05-17 23:12:15,701 - INFO - Epoch 9/250
2022-05-17 23:12:16,079 - INFO - The train loss is 0.637744. The valid loss is 0.638816.
2022-05-17 23:12:16,083 - INFO - Epoch 10/250
2022-05-17 23:12:16,466 - INFO - The train loss is 0.540098. The valid loss is 0.522180.
2022-05-17 23:12:16,471 - INFO - Epoch 11/250
2022-05-17 23:12:16,851 - INFO - The train loss is 0.423381. The valid loss is 0.394432.
2022-05-17 23:12:16,856 - INFO - Epoch 12/250
2022-05-17 23:12:17,232 - INFO - The train loss is 0.312301. The valid loss is 0.282727.
2022-05-17 23:12:17,236 - INFO - Epoch 13/250
2022-05-17 23:12:17,615 - INFO - The train loss is 0.207682. The valid loss is 0.160085.
2022-05-17 23:12:17,620 - INFO - Epoch 14/250
2022-05-17 23:12:17,999 - INFO - The train loss is 0.114635. The valid loss is 0.114576.
2022-05-17 23:12:18,004 - INFO - Epoch 15/250
2022-05-17 23:12:18,383 - INFO - The train loss is 0.103399. The valid loss is 0.109663.
2022-05-17 23:12:18,388 - INFO - Epoch 16/250
2022-05-17 23:12:18,769 - INFO - The train loss is 0.087841. The valid loss is 0.077330.
2022-05-17 23:12:18,774 - INFO - Epoch 17/250
2022-05-17 23:12:19,157 - INFO - The train loss is 0.063458. The valid loss is 0.064022.
2022-05-17 23:12:19,162 - INFO - Epoch 18/250
2022-05-17 23:12:19,544 - INFO - The train loss is 0.053586. The valid loss is 0.058383.
2022-05-17 23:12:19,548 - INFO - Epoch 19/250
2022-05-17 23:12:19,928 - INFO - The train loss is 0.049327. The valid loss is 0.055773.
2022-05-17 23:12:19,933 - INFO - Epoch 20/250
2022-05-17 23:12:20,314 - INFO - The train loss is 0.047454. The valid loss is 0.052785.
2022-05-17 23:12:20,326 - INFO - Epoch 21/250
2022-05-17 23:12:20,708 - INFO - The train loss is 0.045445. The valid loss is 0.049553.
2022-05-17 23:12:20,713 - INFO - Epoch 22/250
2022-05-17 23:12:21,091 - INFO - The train loss is 0.043678. The valid loss is 0.047192.
2022-05-17 23:12:21,096 - INFO - Epoch 23/250
2022-05-17 23:12:21,479 - INFO - The train loss is 0.041948. The valid loss is 0.044920.
2022-05-17 23:12:21,483 - INFO - Epoch 24/250
2022-05-17 23:12:21,866 - INFO - The train loss is 0.039823. The valid loss is 0.042638.
2022-05-17 23:12:21,871 - INFO - Epoch 25/250
2022-05-17 23:12:22,251 - INFO - The train loss is 0.037836. The valid loss is 0.041174.
2022-05-17 23:12:22,255 - INFO - Epoch 26/250
2022-05-17 23:12:22,641 - INFO - The train loss is 0.036663. The valid loss is 0.040324.
2022-05-17 23:12:22,646 - INFO - Epoch 27/250
2022-05-17 23:12:23,023 - INFO - The train loss is 0.035858. The valid loss is 0.039214.
2022-05-17 23:12:23,028 - INFO - Epoch 28/250
2022-05-17 23:12:23,410 - INFO - The train loss is 0.035007. The valid loss is 0.038079.
2022-05-17 23:12:23,415 - INFO - Epoch 29/250
2022-05-17 23:12:23,793 - INFO - The train loss is 0.034217. The valid loss is 0.037112.
2022-05-17 23:12:23,798 - INFO - Epoch 30/250
2022-05-17 23:12:24,176 - INFO - The train loss is 0.033608. The valid loss is 0.036329.
2022-05-17 23:12:24,180 - INFO - Epoch 31/250
2022-05-17 23:12:24,562 - INFO - The train loss is 0.033101. The valid loss is 0.035739.
2022-05-17 23:12:24,566 - INFO - Epoch 32/250
2022-05-17 23:12:24,952 - INFO - The train loss is 0.032647. The valid loss is 0.035291.
2022-05-17 23:12:24,957 - INFO - Epoch 33/250
2022-05-17 23:12:25,341 - INFO - The train loss is 0.032269. The valid loss is 0.034887.
2022-05-17 23:12:25,347 - INFO - Epoch 34/250
2022-05-17 23:12:25,755 - INFO - The train loss is 0.031932. The valid loss is 0.034488.
2022-05-17 23:12:25,760 - INFO - Epoch 35/250
2022-05-17 23:12:26,139 - INFO - The train loss is 0.031644. The valid loss is 0.034114.
2022-05-17 23:12:26,144 - INFO - Epoch 36/250
2022-05-17 23:12:26,523 - INFO - The train loss is 0.031336. The valid loss is 0.033782.
2022-05-17 23:12:26,528 - INFO - Epoch 37/250
2022-05-17 23:12:26,909 - INFO - The train loss is 0.031084. The valid loss is 0.033492.
2022-05-17 23:12:26,914 - INFO - Epoch 38/250
2022-05-17 23:12:27,296 - INFO - The train loss is 0.030842. The valid loss is 0.033216.
2022-05-17 23:12:27,301 - INFO - Epoch 39/250
2022-05-17 23:12:27,680 - INFO - The train loss is 0.030595. The valid loss is 0.032945.
2022-05-17 23:12:27,685 - INFO - Epoch 40/250
2022-05-17 23:12:28,067 - INFO - The train loss is 0.030354. The valid loss is 0.032670.
2022-05-17 23:12:28,072 - INFO - Epoch 41/250
2022-05-17 23:12:28,453 - INFO - The train loss is 0.030101. The valid loss is 0.032390.
2022-05-17 23:12:28,458 - INFO - Epoch 42/250
2022-05-17 23:12:28,842 - INFO - The train loss is 0.029850. The valid loss is 0.032119.
2022-05-17 23:12:28,846 - INFO - Epoch 43/250
2022-05-17 23:12:29,226 - INFO - The train loss is 0.029663. The valid loss is 0.031860.
2022-05-17 23:12:29,231 - INFO - Epoch 44/250
2022-05-17 23:12:29,615 - INFO - The train loss is 0.029438. The valid loss is 0.031614.
2022-05-17 23:12:29,619 - INFO - Epoch 45/250
2022-05-17 23:12:29,998 - INFO - The train loss is 0.029215. The valid loss is 0.031378.
2022-05-17 23:12:30,002 - INFO - Epoch 46/250
2022-05-17 23:12:30,384 - INFO - The train loss is 0.029012. The valid loss is 0.031146.
2022-05-17 23:12:30,388 - INFO - Epoch 47/250
2022-05-17 23:12:30,768 - INFO - The train loss is 0.028790. The valid loss is 0.030916.
2022-05-17 23:12:30,772 - INFO - Epoch 48/250
2022-05-17 23:12:31,154 - INFO - The train loss is 0.028587. The valid loss is 0.030687.
2022-05-17 23:12:31,159 - INFO - Epoch 49/250
2022-05-17 23:12:31,539 - INFO - The train loss is 0.028383. The valid loss is 0.030461.
2022-05-17 23:12:31,544 - INFO - Epoch 50/250
2022-05-17 23:12:31,928 - INFO - The train loss is 0.028177. The valid loss is 0.030240.
2022-05-17 23:12:31,933 - INFO - Epoch 51/250
2022-05-17 23:12:32,314 - INFO - The train loss is 0.027996. The valid loss is 0.030022.
2022-05-17 23:12:32,318 - INFO - Epoch 52/250
2022-05-17 23:12:32,705 - INFO - The train loss is 0.027801. The valid loss is 0.029806.
2022-05-17 23:12:32,710 - INFO - Epoch 53/250
2022-05-17 23:12:33,091 - INFO - The train loss is 0.027596. The valid loss is 0.029596.
2022-05-17 23:12:33,095 - INFO - Epoch 54/250
2022-05-17 23:12:33,478 - INFO - The train loss is 0.027436. The valid loss is 0.029390.
2022-05-17 23:12:33,483 - INFO - Epoch 55/250
2022-05-17 23:12:33,864 - INFO - The train loss is 0.027229. The valid loss is 0.029187.
2022-05-17 23:12:33,868 - INFO - Epoch 56/250
2022-05-17 23:12:34,254 - INFO - The train loss is 0.027042. The valid loss is 0.028985.
2022-05-17 23:12:34,258 - INFO - Epoch 57/250
2022-05-17 23:12:34,641 - INFO - The train loss is 0.026862. The valid loss is 0.028784.
2022-05-17 23:12:34,645 - INFO - Epoch 58/250
2022-05-17 23:12:35,028 - INFO - The train loss is 0.026663. The valid loss is 0.028588.
2022-05-17 23:12:35,032 - INFO - Epoch 59/250
2022-05-17 23:12:35,415 - INFO - The train loss is 0.026508. The valid loss is 0.028395.
2022-05-17 23:12:35,420 - INFO - Epoch 60/250
2022-05-17 23:12:35,802 - INFO - The train loss is 0.026335. The valid loss is 0.028202.
2022-05-17 23:12:35,807 - INFO - Epoch 61/250
2022-05-17 23:12:36,196 - INFO - The train loss is 0.026147. The valid loss is 0.028010.
2022-05-17 23:12:36,201 - INFO - Epoch 62/250
2022-05-17 23:12:36,590 - INFO - The train loss is 0.025993. The valid loss is 0.027821.
2022-05-17 23:12:36,595 - INFO - Epoch 63/250
2022-05-17 23:12:36,983 - INFO - The train loss is 0.025811. The valid loss is 0.027635.
2022-05-17 23:12:36,987 - INFO - Epoch 64/250
2022-05-17 23:12:37,369 - INFO - The train loss is 0.025627. The valid loss is 0.027451.
2022-05-17 23:12:37,374 - INFO - Epoch 65/250
2022-05-17 23:12:37,762 - INFO - The train loss is 0.025488. The valid loss is 0.027268.
2022-05-17 23:12:37,767 - INFO - Epoch 66/250
2022-05-17 23:12:38,151 - INFO - The train loss is 0.025337. The valid loss is 0.027087.
2022-05-17 23:12:38,156 - INFO - Epoch 67/250
2022-05-17 23:12:38,543 - INFO - The train loss is 0.025148. The valid loss is 0.026912.
2022-05-17 23:12:38,548 - INFO - Epoch 68/250
2022-05-17 23:12:38,930 - INFO - The train loss is 0.025008. The valid loss is 0.026735.
2022-05-17 23:12:38,936 - INFO - Epoch 69/250
2022-05-17 23:12:39,322 - INFO - The train loss is 0.024821. The valid loss is 0.026558.
2022-05-17 23:12:39,327 - INFO - Epoch 70/250
2022-05-17 23:12:39,713 - INFO - The train loss is 0.024656. The valid loss is 0.026384.
2022-05-17 23:12:39,718 - INFO - Epoch 71/250
2022-05-17 23:12:40,103 - INFO - The train loss is 0.024506. The valid loss is 0.026211.
2022-05-17 23:12:40,107 - INFO - Epoch 72/250
2022-05-17 23:12:40,497 - INFO - The train loss is 0.024345. The valid loss is 0.026039.
2022-05-17 23:12:40,501 - INFO - Epoch 73/250
2022-05-17 23:12:40,886 - INFO - The train loss is 0.024207. The valid loss is 0.025870.
2022-05-17 23:12:40,891 - INFO - Epoch 74/250
2022-05-17 23:12:41,277 - INFO - The train loss is 0.024076. The valid loss is 0.025704.
2022-05-17 23:12:41,282 - INFO - Epoch 75/250
2022-05-17 23:12:41,670 - INFO - The train loss is 0.023883. The valid loss is 0.025539.
2022-05-17 23:12:41,674 - INFO - Epoch 76/250
2022-05-17 23:12:42,058 - INFO - The train loss is 0.023771. The valid loss is 0.025373.
2022-05-17 23:12:42,063 - INFO - Epoch 77/250
2022-05-17 23:12:42,452 - INFO - The train loss is 0.023618. The valid loss is 0.025209.
2022-05-17 23:12:42,457 - INFO - Epoch 78/250
2022-05-17 23:12:42,844 - INFO - The train loss is 0.023457. The valid loss is 0.025045.
2022-05-17 23:12:42,849 - INFO - Epoch 79/250
2022-05-17 23:12:43,237 - INFO - The train loss is 0.023304. The valid loss is 0.024885.
2022-05-17 23:12:43,241 - INFO - Epoch 80/250
2022-05-17 23:12:43,629 - INFO - The train loss is 0.023174. The valid loss is 0.024725.
2022-05-17 23:12:43,634 - INFO - Epoch 81/250
2022-05-17 23:12:44,021 - INFO - The train loss is 0.023027. The valid loss is 0.024567.
2022-05-17 23:12:44,025 - INFO - Epoch 82/250
2022-05-17 23:12:44,413 - INFO - The train loss is 0.022875. The valid loss is 0.024409.
2022-05-17 23:12:44,418 - INFO - Epoch 83/250
2022-05-17 23:12:44,806 - INFO - The train loss is 0.022728. The valid loss is 0.024252.
2022-05-17 23:12:44,811 - INFO - Epoch 84/250
2022-05-17 23:12:45,199 - INFO - The train loss is 0.022598. The valid loss is 0.024096.
2022-05-17 23:12:45,204 - INFO - Epoch 85/250
2022-05-17 23:12:45,592 - INFO - The train loss is 0.022455. The valid loss is 0.023941.
2022-05-17 23:12:45,597 - INFO - Epoch 86/250
2022-05-17 23:12:45,989 - INFO - The train loss is 0.022301. The valid loss is 0.023789.
2022-05-17 23:12:45,994 - INFO - Epoch 87/250
2022-05-17 23:12:46,382 - INFO - The train loss is 0.022173. The valid loss is 0.023637.
2022-05-17 23:12:46,388 - INFO - Epoch 88/250
2022-05-17 23:12:46,779 - INFO - The train loss is 0.022048. The valid loss is 0.023487.
2022-05-17 23:12:46,783 - INFO - Epoch 89/250
2022-05-17 23:12:47,171 - INFO - The train loss is 0.021906. The valid loss is 0.023336.
2022-05-17 23:12:47,176 - INFO - Epoch 90/250
2022-05-17 23:12:47,561 - INFO - The train loss is 0.021779. The valid loss is 0.023186.
2022-05-17 23:12:47,565 - INFO - Epoch 91/250
2022-05-17 23:12:47,953 - INFO - The train loss is 0.021634. The valid loss is 0.023037.
2022-05-17 23:12:47,957 - INFO - Epoch 92/250
2022-05-17 23:12:48,345 - INFO - The train loss is 0.021472. The valid loss is 0.022891.
2022-05-17 23:12:48,349 - INFO - Epoch 93/250
2022-05-17 23:12:48,738 - INFO - The train loss is 0.021349. The valid loss is 0.022747.
2022-05-17 23:12:48,742 - INFO - Epoch 94/250
2022-05-17 23:12:49,135 - INFO - The train loss is 0.021225. The valid loss is 0.022603.
2022-05-17 23:12:49,140 - INFO - Epoch 95/250
2022-05-17 23:12:49,526 - INFO - The train loss is 0.021100. The valid loss is 0.022458.
2022-05-17 23:12:49,531 - INFO - Epoch 96/250
2022-05-17 23:12:49,922 - INFO - The train loss is 0.020981. The valid loss is 0.022314.
2022-05-17 23:12:49,926 - INFO - Epoch 97/250
2022-05-17 23:12:50,315 - INFO - The train loss is 0.020839. The valid loss is 0.022172.
2022-05-17 23:12:50,319 - INFO - Epoch 98/250
2022-05-17 23:12:50,709 - INFO - The train loss is 0.020704. The valid loss is 0.022032.
2022-05-17 23:12:50,714 - INFO - Epoch 99/250
2022-05-17 23:12:51,101 - INFO - The train loss is 0.020589. The valid loss is 0.021893.
2022-05-17 23:12:51,106 - INFO - Epoch 100/250
2022-05-17 23:12:51,497 - INFO - The train loss is 0.020495. The valid loss is 0.021754.
2022-05-17 23:12:51,502 - INFO - Epoch 101/250
2022-05-17 23:12:51,889 - INFO - The train loss is 0.020340. The valid loss is 0.021615.
2022-05-17 23:12:51,893 - INFO - Epoch 102/250
2022-05-17 23:12:52,285 - INFO - The train loss is 0.020232. The valid loss is 0.021478.
2022-05-17 23:12:52,290 - INFO - Epoch 103/250
2022-05-17 23:12:52,680 - INFO - The train loss is 0.020090. The valid loss is 0.021343.
2022-05-17 23:12:52,684 - INFO - Epoch 104/250
2022-05-17 23:12:53,070 - INFO - The train loss is 0.019965. The valid loss is 0.021207.
2022-05-17 23:12:53,075 - INFO - Epoch 105/250
2022-05-17 23:12:53,466 - INFO - The train loss is 0.019855. The valid loss is 0.021073.
2022-05-17 23:12:53,471 - INFO - Epoch 106/250
2022-05-17 23:12:53,858 - INFO - The train loss is 0.019727. The valid loss is 0.020939.
2022-05-17 23:12:53,862 - INFO - Epoch 107/250
2022-05-17 23:12:54,249 - INFO - The train loss is 0.019605. The valid loss is 0.020807.
2022-05-17 23:12:54,253 - INFO - Epoch 108/250
2022-05-17 23:12:54,641 - INFO - The train loss is 0.019481. The valid loss is 0.020676.
2022-05-17 23:12:54,646 - INFO - Epoch 109/250
2022-05-17 23:12:55,061 - INFO - The train loss is 0.019340. The valid loss is 0.020546.
2022-05-17 23:12:55,065 - INFO - Epoch 110/250
2022-05-17 23:12:55,453 - INFO - The train loss is 0.019227. The valid loss is 0.020416.
2022-05-17 23:12:55,458 - INFO - Epoch 111/250
2022-05-17 23:12:55,843 - INFO - The train loss is 0.019128. The valid loss is 0.020287.
2022-05-17 23:12:55,848 - INFO - Epoch 112/250
2022-05-17 23:12:56,235 - INFO - The train loss is 0.019001. The valid loss is 0.020159.
2022-05-17 23:12:56,240 - INFO - Epoch 113/250
2022-05-17 23:12:56,625 - INFO - The train loss is 0.018895. The valid loss is 0.020032.
2022-05-17 23:12:56,630 - INFO - Epoch 114/250
2022-05-17 23:12:57,020 - INFO - The train loss is 0.018774. The valid loss is 0.019907.
2022-05-17 23:12:57,024 - INFO - Epoch 115/250
2022-05-17 23:12:57,408 - INFO - The train loss is 0.018687. The valid loss is 0.019782.
2022-05-17 23:12:57,413 - INFO - Epoch 116/250
2022-05-17 23:12:57,802 - INFO - The train loss is 0.018572. The valid loss is 0.019658.
2022-05-17 23:12:57,807 - INFO - Epoch 117/250
2022-05-17 23:12:58,193 - INFO - The train loss is 0.018451. The valid loss is 0.019535.
2022-05-17 23:12:58,197 - INFO - Epoch 118/250
2022-05-17 23:12:58,583 - INFO - The train loss is 0.018325. The valid loss is 0.019412.
2022-05-17 23:12:58,588 - INFO - Epoch 119/250
2022-05-17 23:12:58,977 - INFO - The train loss is 0.018235. The valid loss is 0.019291.
2022-05-17 23:12:58,982 - INFO - Epoch 120/250
2022-05-17 23:12:59,374 - INFO - The train loss is 0.018119. The valid loss is 0.019170.
2022-05-17 23:12:59,378 - INFO - Epoch 121/250
2022-05-17 23:12:59,767 - INFO - The train loss is 0.018021. The valid loss is 0.019051.
2022-05-17 23:12:59,772 - INFO - Epoch 122/250
2022-05-17 23:13:00,157 - INFO - The train loss is 0.017900. The valid loss is 0.018933.
2022-05-17 23:13:00,161 - INFO - Epoch 123/250
2022-05-17 23:13:00,552 - INFO - The train loss is 0.017788. The valid loss is 0.018815.
2022-05-17 23:13:00,557 - INFO - Epoch 124/250
2022-05-17 23:13:00,946 - INFO - The train loss is 0.017677. The valid loss is 0.018699.
2022-05-17 23:13:00,950 - INFO - Epoch 125/250
2022-05-17 23:13:01,343 - INFO - The train loss is 0.017584. The valid loss is 0.018585.
2022-05-17 23:13:01,347 - INFO - Epoch 126/250
2022-05-17 23:13:01,737 - INFO - The train loss is 0.017479. The valid loss is 0.018471.
2022-05-17 23:13:01,742 - INFO - Epoch 127/250
2022-05-17 23:13:02,138 - INFO - The train loss is 0.017385. The valid loss is 0.018357.
2022-05-17 23:13:02,143 - INFO - Epoch 128/250
2022-05-17 23:13:02,530 - INFO - The train loss is 0.017284. The valid loss is 0.018245.
2022-05-17 23:13:02,534 - INFO - Epoch 129/250
2022-05-17 23:13:02,922 - INFO - The train loss is 0.017182. The valid loss is 0.018134.
2022-05-17 23:13:02,926 - INFO - Epoch 130/250
2022-05-17 23:13:03,312 - INFO - The train loss is 0.017077. The valid loss is 0.018023.
2022-05-17 23:13:03,317 - INFO - Epoch 131/250
2022-05-17 23:13:03,703 - INFO - The train loss is 0.016993. The valid loss is 0.017915.
2022-05-17 23:13:03,708 - INFO - Epoch 132/250
2022-05-17 23:13:04,097 - INFO - The train loss is 0.016882. The valid loss is 0.017807.
2022-05-17 23:13:04,101 - INFO - Epoch 133/250
2022-05-17 23:13:04,495 - INFO - The train loss is 0.016790. The valid loss is 0.017699.
2022-05-17 23:13:04,500 - INFO - Epoch 134/250
2022-05-17 23:13:04,891 - INFO - The train loss is 0.016691. The valid loss is 0.017594.
2022-05-17 23:13:04,895 - INFO - Epoch 135/250
2022-05-17 23:13:05,287 - INFO - The train loss is 0.016604. The valid loss is 0.017489.
2022-05-17 23:13:05,292 - INFO - Epoch 136/250
2022-05-17 23:13:05,681 - INFO - The train loss is 0.016498. The valid loss is 0.017385.
2022-05-17 23:13:05,687 - INFO - Epoch 137/250
2022-05-17 23:13:06,072 - INFO - The train loss is 0.016411. The valid loss is 0.017282.
2022-05-17 23:13:06,078 - INFO - Epoch 138/250
2022-05-17 23:13:06,467 - INFO - The train loss is 0.016319. The valid loss is 0.017181.
2022-05-17 23:13:06,471 - INFO - Epoch 139/250
2022-05-17 23:13:06,862 - INFO - The train loss is 0.016226. The valid loss is 0.017081.
2022-05-17 23:13:06,867 - INFO - Epoch 140/250
2022-05-17 23:13:07,256 - INFO - The train loss is 0.016130. The valid loss is 0.016982.
2022-05-17 23:13:07,260 - INFO - Epoch 141/250
2022-05-17 23:13:07,648 - INFO - The train loss is 0.016048. The valid loss is 0.016884.
2022-05-17 23:13:07,652 - INFO - Epoch 142/250
2022-05-17 23:13:08,041 - INFO - The train loss is 0.015953. The valid loss is 0.016786.
2022-05-17 23:13:08,046 - INFO - Epoch 143/250
2022-05-17 23:13:08,436 - INFO - The train loss is 0.015898. The valid loss is 0.016691.
2022-05-17 23:13:08,441 - INFO - Epoch 144/250
2022-05-17 23:13:08,831 - INFO - The train loss is 0.015788. The valid loss is 0.016597.
2022-05-17 23:13:08,835 - INFO - Epoch 145/250
2022-05-17 23:13:09,222 - INFO - The train loss is 0.015712. The valid loss is 0.016503.
2022-05-17 23:13:09,226 - INFO - Epoch 146/250
2022-05-17 23:13:09,612 - INFO - The train loss is 0.015634. The valid loss is 0.016411.
2022-05-17 23:13:09,616 - INFO - Epoch 147/250
2022-05-17 23:13:10,007 - INFO - The train loss is 0.015540. The valid loss is 0.016319.
2022-05-17 23:13:10,012 - INFO - Epoch 148/250
2022-05-17 23:13:10,420 - INFO - The train loss is 0.015463. The valid loss is 0.016230.
2022-05-17 23:13:10,424 - INFO - Epoch 149/250
2022-05-17 23:13:10,814 - INFO - The train loss is 0.015399. The valid loss is 0.016141.
2022-05-17 23:13:10,818 - INFO - Epoch 150/250
2022-05-17 23:13:11,210 - INFO - The train loss is 0.015309. The valid loss is 0.016053.
2022-05-17 23:13:11,215 - INFO - Epoch 151/250
2022-05-17 23:13:11,602 - INFO - The train loss is 0.015220. The valid loss is 0.015966.
2022-05-17 23:13:11,607 - INFO - Epoch 152/250
2022-05-17 23:13:11,996 - INFO - The train loss is 0.015148. The valid loss is 0.015881.
2022-05-17 23:13:12,000 - INFO - Epoch 153/250
2022-05-17 23:13:12,394 - INFO - The train loss is 0.015077. The valid loss is 0.015797.
2022-05-17 23:13:12,398 - INFO - Epoch 154/250
2022-05-17 23:13:12,792 - INFO - The train loss is 0.014999. The valid loss is 0.015714.
2022-05-17 23:13:12,796 - INFO - Epoch 155/250
2022-05-17 23:13:13,183 - INFO - The train loss is 0.014928. The valid loss is 0.015632.
2022-05-17 23:13:13,188 - INFO - Epoch 156/250
2022-05-17 23:13:13,580 - INFO - The train loss is 0.014856. The valid loss is 0.015551.
2022-05-17 23:13:13,585 - INFO - Epoch 157/250
2022-05-17 23:13:13,976 - INFO - The train loss is 0.014770. The valid loss is 0.015472.
2022-05-17 23:13:13,981 - INFO - Epoch 158/250
2022-05-17 23:13:14,371 - INFO - The train loss is 0.014707. The valid loss is 0.015393.
2022-05-17 23:13:14,375 - INFO - Epoch 159/250
2022-05-17 23:13:14,768 - INFO - The train loss is 0.014642. The valid loss is 0.015315.
2022-05-17 23:13:14,773 - INFO - Epoch 160/250
2022-05-17 23:13:15,165 - INFO - The train loss is 0.014588. The valid loss is 0.015239.
2022-05-17 23:13:15,170 - INFO - Epoch 161/250
2022-05-17 23:13:15,562 - INFO - The train loss is 0.014502. The valid loss is 0.015163.
2022-05-17 23:13:15,567 - INFO - Epoch 162/250
2022-05-17 23:13:15,959 - INFO - The train loss is 0.014435. The valid loss is 0.015089.
2022-05-17 23:13:15,964 - INFO - Epoch 163/250
2022-05-17 23:13:16,357 - INFO - The train loss is 0.014361. The valid loss is 0.015016.
2022-05-17 23:13:16,362 - INFO - Epoch 164/250
2022-05-17 23:13:16,753 - INFO - The train loss is 0.014321. The valid loss is 0.014943.
2022-05-17 23:13:16,757 - INFO - Epoch 165/250
2022-05-17 23:13:17,152 - INFO - The train loss is 0.014246. The valid loss is 0.014871.
2022-05-17 23:13:17,156 - INFO - Epoch 166/250
2022-05-17 23:13:17,548 - INFO - The train loss is 0.014183. The valid loss is 0.014800.
2022-05-17 23:13:17,553 - INFO - Epoch 167/250
2022-05-17 23:13:17,948 - INFO - The train loss is 0.014114. The valid loss is 0.014731.
2022-05-17 23:13:17,953 - INFO - Epoch 168/250
2022-05-17 23:13:18,346 - INFO - The train loss is 0.014054. The valid loss is 0.014662.
2022-05-17 23:13:18,351 - INFO - Epoch 169/250
2022-05-17 23:13:18,744 - INFO - The train loss is 0.013980. The valid loss is 0.014594.
2022-05-17 23:13:18,749 - INFO - Epoch 170/250
2022-05-17 23:13:19,144 - INFO - The train loss is 0.013941. The valid loss is 0.014526.
2022-05-17 23:13:19,149 - INFO - Epoch 171/250
2022-05-17 23:13:19,543 - INFO - The train loss is 0.013874. The valid loss is 0.014461.
2022-05-17 23:13:19,548 - INFO - Epoch 172/250
2022-05-17 23:13:19,943 - INFO - The train loss is 0.013812. The valid loss is 0.014395.
2022-05-17 23:13:19,947 - INFO - Epoch 173/250
2022-05-17 23:13:20,339 - INFO - The train loss is 0.013779. The valid loss is 0.014330.
2022-05-17 23:13:20,344 - INFO - Epoch 174/250
2022-05-17 23:13:20,738 - INFO - The train loss is 0.013705. The valid loss is 0.014267.
2022-05-17 23:13:20,742 - INFO - Epoch 175/250
2022-05-17 23:13:21,133 - INFO - The train loss is 0.013648. The valid loss is 0.014203.
2022-05-17 23:13:21,138 - INFO - Epoch 176/250
2022-05-17 23:13:21,530 - INFO - The train loss is 0.013585. The valid loss is 0.014141.
2022-05-17 23:13:21,534 - INFO - Epoch 177/250
2022-05-17 23:13:21,930 - INFO - The train loss is 0.013529. The valid loss is 0.014079.
2022-05-17 23:13:21,935 - INFO - Epoch 178/250
2022-05-17 23:13:22,330 - INFO - The train loss is 0.013488. The valid loss is 0.014017.
2022-05-17 23:13:22,334 - INFO - Epoch 179/250
2022-05-17 23:13:22,723 - INFO - The train loss is 0.013417. The valid loss is 0.013957.
2022-05-17 23:13:22,728 - INFO - Epoch 180/250
2022-05-17 23:13:23,123 - INFO - The train loss is 0.013376. The valid loss is 0.013898.
2022-05-17 23:13:23,127 - INFO - Epoch 181/250
2022-05-17 23:13:23,519 - INFO - The train loss is 0.013311. The valid loss is 0.013839.
2022-05-17 23:13:23,524 - INFO - Epoch 182/250
2022-05-17 23:13:23,915 - INFO - The train loss is 0.013269. The valid loss is 0.013780.
2022-05-17 23:13:23,921 - INFO - Epoch 183/250
2022-05-17 23:13:24,308 - INFO - The train loss is 0.013226. The valid loss is 0.013722.
2022-05-17 23:13:24,313 - INFO - Epoch 184/250
2022-05-17 23:13:24,708 - INFO - The train loss is 0.013173. The valid loss is 0.013664.
2022-05-17 23:13:24,713 - INFO - Epoch 185/250
2022-05-17 23:13:25,105 - INFO - The train loss is 0.013105. The valid loss is 0.013607.
2022-05-17 23:13:25,109 - INFO - Epoch 186/250
2022-05-17 23:13:25,499 - INFO - The train loss is 0.013056. The valid loss is 0.013551.
2022-05-17 23:13:25,504 - INFO - Epoch 187/250
2022-05-17 23:13:25,892 - INFO - The train loss is 0.013003. The valid loss is 0.013495.
2022-05-17 23:13:25,897 - INFO - Epoch 188/250
2022-05-17 23:13:26,291 - INFO - The train loss is 0.012972. The valid loss is 0.013440.
2022-05-17 23:13:26,296 - INFO - Epoch 189/250
2022-05-17 23:13:26,688 - INFO - The train loss is 0.012895. The valid loss is 0.013385.
2022-05-17 23:13:26,693 - INFO - Epoch 190/250
2022-05-17 23:13:27,082 - INFO - The train loss is 0.012860. The valid loss is 0.013332.
2022-05-17 23:13:27,087 - INFO - Epoch 191/250
2022-05-17 23:13:27,484 - INFO - The train loss is 0.012829. The valid loss is 0.013278.
2022-05-17 23:13:27,488 - INFO - Epoch 192/250
2022-05-17 23:13:27,882 - INFO - The train loss is 0.012761. The valid loss is 0.013224.
2022-05-17 23:13:27,886 - INFO - Epoch 193/250
2022-05-17 23:13:28,281 - INFO - The train loss is 0.012734. The valid loss is 0.013171.
2022-05-17 23:13:28,285 - INFO - Epoch 194/250
2022-05-17 23:13:28,675 - INFO - The train loss is 0.012658. The valid loss is 0.013120.
2022-05-17 23:13:28,680 - INFO - Epoch 195/250
2022-05-17 23:13:29,067 - INFO - The train loss is 0.012627. The valid loss is 0.013068.
2022-05-17 23:13:29,071 - INFO - Epoch 196/250
2022-05-17 23:13:29,461 - INFO - The train loss is 0.012583. The valid loss is 0.013016.
2022-05-17 23:13:29,466 - INFO - Epoch 197/250
2022-05-17 23:13:29,855 - INFO - The train loss is 0.012543. The valid loss is 0.012966.
2022-05-17 23:13:29,859 - INFO - Epoch 198/250
2022-05-17 23:13:30,254 - INFO - The train loss is 0.012488. The valid loss is 0.012915.
2022-05-17 23:13:30,258 - INFO - Epoch 199/250
2022-05-17 23:13:30,655 - INFO - The train loss is 0.012454. The valid loss is 0.012864.
2022-05-17 23:13:30,659 - INFO - Epoch 200/250
2022-05-17 23:13:31,058 - INFO - The train loss is 0.012406. The valid loss is 0.012815.
2022-05-17 23:13:31,062 - INFO - Epoch 201/250
2022-05-17 23:13:31,454 - INFO - The train loss is 0.012345. The valid loss is 0.012766.
2022-05-17 23:13:31,459 - INFO - Epoch 202/250
2022-05-17 23:13:31,852 - INFO - The train loss is 0.012322. The valid loss is 0.012717.
2022-05-17 23:13:31,857 - INFO - Epoch 203/250
2022-05-17 23:13:32,249 - INFO - The train loss is 0.012268. The valid loss is 0.012668.
2022-05-17 23:13:32,254 - INFO - Epoch 204/250
2022-05-17 23:13:32,644 - INFO - The train loss is 0.012222. The valid loss is 0.012620.
2022-05-17 23:13:32,648 - INFO - Epoch 205/250
2022-05-17 23:13:33,045 - INFO - The train loss is 0.012180. The valid loss is 0.012572.
2022-05-17 23:13:33,050 - INFO - Epoch 206/250
2022-05-17 23:13:33,439 - INFO - The train loss is 0.012151. The valid loss is 0.012524.
2022-05-17 23:13:33,443 - INFO - Epoch 207/250
2022-05-17 23:13:33,839 - INFO - The train loss is 0.012097. The valid loss is 0.012477.
2022-05-17 23:13:33,844 - INFO - Epoch 208/250
2022-05-17 23:13:34,235 - INFO - The train loss is 0.012071. The valid loss is 0.012430.
2022-05-17 23:13:34,240 - INFO - Epoch 209/250
2022-05-17 23:13:34,630 - INFO - The train loss is 0.012013. The valid loss is 0.012383.
2022-05-17 23:13:34,635 - INFO - Epoch 210/250
2022-05-17 23:13:35,031 - INFO - The train loss is 0.011963. The valid loss is 0.012337.
2022-05-17 23:13:35,036 - INFO - Epoch 211/250
2022-05-17 23:13:35,425 - INFO - The train loss is 0.011925. The valid loss is 0.012291.
2022-05-17 23:13:35,429 - INFO - Epoch 212/250
2022-05-17 23:13:35,821 - INFO - The train loss is 0.011883. The valid loss is 0.012246.
2022-05-17 23:13:35,826 - INFO - Epoch 213/250
2022-05-17 23:13:36,221 - INFO - The train loss is 0.011842. The valid loss is 0.012201.
2022-05-17 23:13:36,225 - INFO - Epoch 214/250
2022-05-17 23:13:36,618 - INFO - The train loss is 0.011810. The valid loss is 0.012156.
2022-05-17 23:13:36,623 - INFO - Epoch 215/250
2022-05-17 23:13:37,015 - INFO - The train loss is 0.011780. The valid loss is 0.012112.
2022-05-17 23:13:37,020 - INFO - Epoch 216/250
2022-05-17 23:13:37,410 - INFO - The train loss is 0.011747. The valid loss is 0.012067.
2022-05-17 23:13:37,415 - INFO - Epoch 217/250
2022-05-17 23:13:37,806 - INFO - The train loss is 0.011699. The valid loss is 0.012022.
2022-05-17 23:13:37,811 - INFO - Epoch 218/250
2022-05-17 23:13:38,203 - INFO - The train loss is 0.011650. The valid loss is 0.011979.
2022-05-17 23:13:38,208 - INFO - Epoch 219/250
2022-05-17 23:13:38,600 - INFO - The train loss is 0.011629. The valid loss is 0.011936.
2022-05-17 23:13:38,604 - INFO - Epoch 220/250
2022-05-17 23:13:38,999 - INFO - The train loss is 0.011589. The valid loss is 0.011893.
2022-05-17 23:13:39,004 - INFO - Epoch 221/250
2022-05-17 23:13:39,394 - INFO - The train loss is 0.011539. The valid loss is 0.011849.
2022-05-17 23:13:39,398 - INFO - Epoch 222/250
2022-05-17 23:13:39,792 - INFO - The train loss is 0.011481. The valid loss is 0.011806.
2022-05-17 23:13:39,797 - INFO - Epoch 223/250
2022-05-17 23:13:40,216 - INFO - The train loss is 0.011461. The valid loss is 0.011764.
2022-05-17 23:13:40,221 - INFO - Epoch 224/250
2022-05-17 23:13:40,612 - INFO - The train loss is 0.011424. The valid loss is 0.011722.
2022-05-17 23:13:40,617 - INFO - Epoch 225/250
2022-05-17 23:13:41,004 - INFO - The train loss is 0.011373. The valid loss is 0.011680.
2022-05-17 23:13:41,008 - INFO - Epoch 226/250
2022-05-17 23:13:41,397 - INFO - The train loss is 0.011354. The valid loss is 0.011638.
2022-05-17 23:13:41,402 - INFO - Epoch 227/250
2022-05-17 23:13:41,797 - INFO - The train loss is 0.011312. The valid loss is 0.011597.
2022-05-17 23:13:41,801 - INFO - Epoch 228/250
2022-05-17 23:13:42,195 - INFO - The train loss is 0.011290. The valid loss is 0.011556.
2022-05-17 23:13:42,200 - INFO - Epoch 229/250
2022-05-17 23:13:42,593 - INFO - The train loss is 0.011243. The valid loss is 0.011514.
2022-05-17 23:13:42,598 - INFO - Epoch 230/250
2022-05-17 23:13:42,994 - INFO - The train loss is 0.011199. The valid loss is 0.011474.
2022-05-17 23:13:42,999 - INFO - Epoch 231/250
2022-05-17 23:13:43,392 - INFO - The train loss is 0.011167. The valid loss is 0.011433.
2022-05-17 23:13:43,396 - INFO - Epoch 232/250
2022-05-17 23:13:43,793 - INFO - The train loss is 0.011127. The valid loss is 0.011393.
2022-05-17 23:13:43,797 - INFO - Epoch 233/250
2022-05-17 23:13:44,192 - INFO - The train loss is 0.011087. The valid loss is 0.011353.
2022-05-17 23:13:44,197 - INFO - Epoch 234/250
2022-05-17 23:13:44,594 - INFO - The train loss is 0.011050. The valid loss is 0.011313.
2022-05-17 23:13:44,599 - INFO - Epoch 235/250
2022-05-17 23:13:44,994 - INFO - The train loss is 0.011008. The valid loss is 0.011273.
2022-05-17 23:13:44,999 - INFO - Epoch 236/250
2022-05-17 23:13:45,394 - INFO - The train loss is 0.010983. The valid loss is 0.011234.
2022-05-17 23:13:45,398 - INFO - Epoch 237/250
2022-05-17 23:13:45,791 - INFO - The train loss is 0.010952. The valid loss is 0.011195.
2022-05-17 23:13:45,796 - INFO - Epoch 238/250
2022-05-17 23:13:46,192 - INFO - The train loss is 0.010918. The valid loss is 0.011155.
2022-05-17 23:13:46,197 - INFO - Epoch 239/250
2022-05-17 23:13:46,592 - INFO - The train loss is 0.010876. The valid loss is 0.011116.
2022-05-17 23:13:46,596 - INFO - Epoch 240/250
2022-05-17 23:13:46,992 - INFO - The train loss is 0.010833. The valid loss is 0.011078.
2022-05-17 23:13:46,997 - INFO - Epoch 241/250
2022-05-17 23:13:47,392 - INFO - The train loss is 0.010801. The valid loss is 0.011040.
2022-05-17 23:13:47,396 - INFO - Epoch 242/250
2022-05-17 23:13:47,791 - INFO - The train loss is 0.010787. The valid loss is 0.011001.
2022-05-17 23:13:47,795 - INFO - Epoch 243/250
2022-05-17 23:13:48,191 - INFO - The train loss is 0.010743. The valid loss is 0.010963.
2022-05-17 23:13:48,195 - INFO - Epoch 244/250
2022-05-17 23:13:48,590 - INFO - The train loss is 0.010710. The valid loss is 0.010925.
2022-05-17 23:13:48,595 - INFO - Epoch 245/250
2022-05-17 23:13:48,992 - INFO - The train loss is 0.010693. The valid loss is 0.010887.
2022-05-17 23:13:48,997 - INFO - Epoch 246/250
2022-05-17 23:13:49,392 - INFO - The train loss is 0.010640. The valid loss is 0.010850.
2022-05-17 23:13:49,396 - INFO - Epoch 247/250
2022-05-17 23:13:49,791 - INFO - The train loss is 0.010606. The valid loss is 0.010813.
2022-05-17 23:13:49,795 - INFO - Epoch 248/250
2022-05-17 23:13:50,193 - INFO - The train loss is 0.010576. The valid loss is 0.010776.
2022-05-17 23:13:50,199 - INFO - Epoch 249/250
2022-05-17 23:13:50,599 - INFO - The train loss is 0.010536. The valid loss is 0.010739.
2022-05-17 23:13:51,878 - INFO - The mean squared error of stock ['Top', 'Bottom'] is [0.00059227 0.00686772]
2022-05-17 23:13:51,920 - INFO - The predicted Top is: 59.80197597532839
2022-05-17 23:13:51,941 - INFO - The predicted Bottom is: 59.80956043829865
