2022-07-06 01:24:16,686 - INFO - 
Config:
'add_train': False
'batch_size': 334
'continue_flag': ''
'cur_time': '2022_07_06_01_24_16'
'debug_mode': False
'debug_num': 500
'do_continue_train': False
'do_figure_save': False
'do_log_print_to_screen': True
'do_log_save_to_file': True
'do_predict': True
'do_train': True
'do_train_visualized': False
'dropout_rate': 0.1
'epoch': 250
'feature_columns': [1, 2, 3, 4, 5]
'figure_save_path': './figure/'
'hidden_size': 256
'input_size': 5
'label_columns': [4, 5]
'label_in_feature_index': [3, 4]
'learning_rate': 0.0001
'log_save_path': './log/2022_07_06_01_24_16_pytorch/'
'lstm_layers': 2
'model_name': 'model_pytorch.pth'
'model_postfix': {'pytorch': '.pth'
'keras': '.h5'
'tensorflow': '.ckpt'}
'model_save_path': './checkpoint/pytorch/'
'output_size': 2
'patience': 3
'predict_day': 1
'random_seed': 23
'shuffle_train_data': True
'time_step': 167
'train_data_path': './gtau2.3edited.csv'
'train_data_rate': 0.9
'use_cuda': True
'used_frame': 'pytorch'
'valid_data_rate': 0.1
2022-07-06 01:24:18,923 - INFO - Epoch 0/250
2022-07-06 01:24:19,495 - INFO - The train loss is 0.995013. The valid loss is 0.990513.
2022-07-06 01:24:19,500 - INFO - Epoch 1/250
2022-07-06 01:24:19,794 - INFO - The train loss is 0.973589. The valid loss is 0.969652.
2022-07-06 01:24:19,799 - INFO - Epoch 2/250
2022-07-06 01:24:20,092 - INFO - The train loss is 0.951419. The valid loss is 0.947386.
2022-07-06 01:24:20,097 - INFO - Epoch 3/250
2022-07-06 01:24:20,395 - INFO - The train loss is 0.927418. The valid loss is 0.922557.
2022-07-06 01:24:20,401 - INFO - Epoch 4/250
2022-07-06 01:24:20,710 - INFO - The train loss is 0.900404. The valid loss is 0.893756.
2022-07-06 01:24:20,715 - INFO - Epoch 5/250
2022-07-06 01:24:21,017 - INFO - The train loss is 0.868655. The valid loss is 0.859193.
2022-07-06 01:24:21,022 - INFO - Epoch 6/250
2022-07-06 01:24:21,323 - INFO - The train loss is 0.830396. The valid loss is 0.816521.
2022-07-06 01:24:21,328 - INFO - Epoch 7/250
2022-07-06 01:24:21,629 - INFO - The train loss is 0.782746. The valid loss is 0.762593.
2022-07-06 01:24:21,634 - INFO - Epoch 8/250
2022-07-06 01:24:21,939 - INFO - The train loss is 0.722086. The valid loss is 0.693185.
2022-07-06 01:24:21,944 - INFO - Epoch 9/250
2022-07-06 01:24:22,245 - INFO - The train loss is 0.643564. The valid loss is 0.602908.
2022-07-06 01:24:22,250 - INFO - Epoch 10/250
2022-07-06 01:24:22,553 - INFO - The train loss is 0.541489. The valid loss is 0.487009.
2022-07-06 01:24:22,558 - INFO - Epoch 11/250
2022-07-06 01:24:22,859 - INFO - The train loss is 0.415465. The valid loss is 0.357021.
2022-07-06 01:24:22,863 - INFO - Epoch 12/250
2022-07-06 01:24:23,159 - INFO - The train loss is 0.302172. The valid loss is 0.274443.
2022-07-06 01:24:23,164 - INFO - Epoch 13/250
2022-07-06 01:24:23,482 - INFO - The train loss is 0.238315. The valid loss is 0.200213.
2022-07-06 01:24:23,486 - INFO - Epoch 14/250
2022-07-06 01:24:23,780 - INFO - The train loss is 0.172856. The valid loss is 0.143304.
2022-07-06 01:24:23,784 - INFO - Epoch 15/250
2022-07-06 01:24:24,079 - INFO - The train loss is 0.133536. The valid loss is 0.117264.
2022-07-06 01:24:24,083 - INFO - Epoch 16/250
2022-07-06 01:24:24,383 - INFO - The train loss is 0.107615. The valid loss is 0.093019.
2022-07-06 01:24:24,387 - INFO - Epoch 17/250
2022-07-06 01:24:24,682 - INFO - The train loss is 0.082406. The valid loss is 0.070341.
2022-07-06 01:24:24,687 - INFO - Epoch 18/250
2022-07-06 01:24:24,988 - INFO - The train loss is 0.063091. The valid loss is 0.057560.
2022-07-06 01:24:24,995 - INFO - Epoch 19/250
2022-07-06 01:24:25,308 - INFO - The train loss is 0.054406. The valid loss is 0.050323.
2022-07-06 01:24:25,312 - INFO - Epoch 20/250
2022-07-06 01:24:25,612 - INFO - The train loss is 0.048851. The valid loss is 0.044475.
2022-07-06 01:24:25,617 - INFO - Epoch 21/250
2022-07-06 01:24:25,917 - INFO - The train loss is 0.045382. The valid loss is 0.043200.
2022-07-06 01:24:25,922 - INFO - Epoch 22/250
2022-07-06 01:24:26,220 - INFO - The train loss is 0.044124. The valid loss is 0.041360.
2022-07-06 01:24:26,225 - INFO - Epoch 23/250
2022-07-06 01:24:26,525 - INFO - The train loss is 0.042049. The valid loss is 0.039880.
2022-07-06 01:24:26,529 - INFO - Epoch 24/250
2022-07-06 01:24:26,829 - INFO - The train loss is 0.040229. The valid loss is 0.038448.
2022-07-06 01:24:26,833 - INFO - Epoch 25/250
2022-07-06 01:24:27,129 - INFO - The train loss is 0.037969. The valid loss is 0.036830.
2022-07-06 01:24:27,135 - INFO - Epoch 26/250
2022-07-06 01:24:27,434 - INFO - The train loss is 0.036324. The valid loss is 0.035741.
2022-07-06 01:24:27,438 - INFO - Epoch 27/250
2022-07-06 01:24:27,738 - INFO - The train loss is 0.035274. The valid loss is 0.034801.
2022-07-06 01:24:27,744 - INFO - Epoch 28/250
2022-07-06 01:24:28,038 - INFO - The train loss is 0.034478. The valid loss is 0.034027.
2022-07-06 01:24:28,043 - INFO - Epoch 29/250
2022-07-06 01:24:28,342 - INFO - The train loss is 0.033770. The valid loss is 0.033419.
2022-07-06 01:24:28,348 - INFO - Epoch 30/250
2022-07-06 01:24:28,660 - INFO - The train loss is 0.033129. The valid loss is 0.032894.
2022-07-06 01:24:28,665 - INFO - Epoch 31/250
2022-07-06 01:24:28,964 - INFO - The train loss is 0.032570. The valid loss is 0.032433.
2022-07-06 01:24:28,968 - INFO - Epoch 32/250
2022-07-06 01:24:29,262 - INFO - The train loss is 0.032147. The valid loss is 0.032072.
2022-07-06 01:24:29,267 - INFO - Epoch 33/250
2022-07-06 01:24:29,566 - INFO - The train loss is 0.031800. The valid loss is 0.031765.
2022-07-06 01:24:29,571 - INFO - Epoch 34/250
2022-07-06 01:24:29,870 - INFO - The train loss is 0.031470. The valid loss is 0.031492.
2022-07-06 01:24:29,875 - INFO - Epoch 35/250
2022-07-06 01:24:30,173 - INFO - The train loss is 0.031161. The valid loss is 0.031222.
2022-07-06 01:24:30,180 - INFO - Epoch 36/250
2022-07-06 01:24:30,473 - INFO - The train loss is 0.030919. The valid loss is 0.030948.
2022-07-06 01:24:30,477 - INFO - Epoch 37/250
2022-07-06 01:24:30,778 - INFO - The train loss is 0.030606. The valid loss is 0.030680.
2022-07-06 01:24:30,784 - INFO - Epoch 38/250
2022-07-06 01:24:31,076 - INFO - The train loss is 0.030342. The valid loss is 0.030424.
2022-07-06 01:24:31,080 - INFO - Epoch 39/250
2022-07-06 01:24:31,376 - INFO - The train loss is 0.030115. The valid loss is 0.030180.
2022-07-06 01:24:31,381 - INFO - Epoch 40/250
2022-07-06 01:24:31,678 - INFO - The train loss is 0.029849. The valid loss is 0.029937.
2022-07-06 01:24:31,683 - INFO - Epoch 41/250
2022-07-06 01:24:31,978 - INFO - The train loss is 0.029618. The valid loss is 0.029692.
2022-07-06 01:24:31,983 - INFO - Epoch 42/250
2022-07-06 01:24:32,278 - INFO - The train loss is 0.029352. The valid loss is 0.029454.
2022-07-06 01:24:32,283 - INFO - Epoch 43/250
2022-07-06 01:24:32,582 - INFO - The train loss is 0.029126. The valid loss is 0.029226.
2022-07-06 01:24:32,587 - INFO - Epoch 44/250
2022-07-06 01:24:32,880 - INFO - The train loss is 0.028884. The valid loss is 0.029004.
2022-07-06 01:24:32,885 - INFO - Epoch 45/250
2022-07-06 01:24:33,179 - INFO - The train loss is 0.028678. The valid loss is 0.028784.
2022-07-06 01:24:33,183 - INFO - Epoch 46/250
2022-07-06 01:24:33,479 - INFO - The train loss is 0.028471. The valid loss is 0.028567.
2022-07-06 01:24:33,484 - INFO - Epoch 47/250
2022-07-06 01:24:33,784 - INFO - The train loss is 0.028247. The valid loss is 0.028356.
2022-07-06 01:24:33,788 - INFO - Epoch 48/250
2022-07-06 01:24:34,087 - INFO - The train loss is 0.028025. The valid loss is 0.028151.
2022-07-06 01:24:34,092 - INFO - Epoch 49/250
2022-07-06 01:24:34,387 - INFO - The train loss is 0.027827. The valid loss is 0.027946.
2022-07-06 01:24:34,392 - INFO - Epoch 50/250
2022-07-06 01:24:34,687 - INFO - The train loss is 0.027655. The valid loss is 0.027739.
2022-07-06 01:24:34,692 - INFO - Epoch 51/250
2022-07-06 01:24:34,989 - INFO - The train loss is 0.027440. The valid loss is 0.027538.
2022-07-06 01:24:34,994 - INFO - Epoch 52/250
2022-07-06 01:24:35,291 - INFO - The train loss is 0.027267. The valid loss is 0.027342.
2022-07-06 01:24:35,296 - INFO - Epoch 53/250
2022-07-06 01:24:35,591 - INFO - The train loss is 0.027044. The valid loss is 0.027148.
2022-07-06 01:24:35,595 - INFO - Epoch 54/250
2022-07-06 01:24:35,905 - INFO - The train loss is 0.026825. The valid loss is 0.026955.
2022-07-06 01:24:35,909 - INFO - Epoch 55/250
2022-07-06 01:24:36,209 - INFO - The train loss is 0.026663. The valid loss is 0.026763.
2022-07-06 01:24:36,214 - INFO - Epoch 56/250
2022-07-06 01:24:36,510 - INFO - The train loss is 0.026480. The valid loss is 0.026573.
2022-07-06 01:24:36,515 - INFO - Epoch 57/250
2022-07-06 01:24:36,817 - INFO - The train loss is 0.026253. The valid loss is 0.026385.
2022-07-06 01:24:36,821 - INFO - Epoch 58/250
2022-07-06 01:24:37,120 - INFO - The train loss is 0.026100. The valid loss is 0.026201.
2022-07-06 01:24:37,125 - INFO - Epoch 59/250
2022-07-06 01:24:37,426 - INFO - The train loss is 0.025917. The valid loss is 0.026020.
2022-07-06 01:24:37,431 - INFO - Epoch 60/250
2022-07-06 01:24:37,730 - INFO - The train loss is 0.025743. The valid loss is 0.025841.
2022-07-06 01:24:37,734 - INFO - Epoch 61/250
2022-07-06 01:24:38,026 - INFO - The train loss is 0.025528. The valid loss is 0.025661.
2022-07-06 01:24:38,030 - INFO - Epoch 62/250
2022-07-06 01:24:38,326 - INFO - The train loss is 0.025385. The valid loss is 0.025482.
2022-07-06 01:24:38,331 - INFO - Epoch 63/250
2022-07-06 01:24:38,628 - INFO - The train loss is 0.025204. The valid loss is 0.025306.
2022-07-06 01:24:38,632 - INFO - Epoch 64/250
2022-07-06 01:24:38,933 - INFO - The train loss is 0.025053. The valid loss is 0.025131.
2022-07-06 01:24:38,937 - INFO - Epoch 65/250
2022-07-06 01:24:39,244 - INFO - The train loss is 0.024891. The valid loss is 0.024958.
2022-07-06 01:24:39,249 - INFO - Epoch 66/250
2022-07-06 01:24:39,542 - INFO - The train loss is 0.024718. The valid loss is 0.024789.
2022-07-06 01:24:39,547 - INFO - Epoch 67/250
2022-07-06 01:24:39,854 - INFO - The train loss is 0.024546. The valid loss is 0.024621.
2022-07-06 01:24:39,859 - INFO - Epoch 68/250
2022-07-06 01:24:40,155 - INFO - The train loss is 0.024394. The valid loss is 0.024454.
2022-07-06 01:24:40,159 - INFO - Epoch 69/250
2022-07-06 01:24:40,462 - INFO - The train loss is 0.024197. The valid loss is 0.024288.
2022-07-06 01:24:40,466 - INFO - Epoch 70/250
2022-07-06 01:24:40,766 - INFO - The train loss is 0.024035. The valid loss is 0.024123.
2022-07-06 01:24:40,771 - INFO - Epoch 71/250
2022-07-06 01:24:41,072 - INFO - The train loss is 0.023890. The valid loss is 0.023958.
2022-07-06 01:24:41,076 - INFO - Epoch 72/250
2022-07-06 01:24:41,375 - INFO - The train loss is 0.023731. The valid loss is 0.023796.
2022-07-06 01:24:41,379 - INFO - Epoch 73/250
2022-07-06 01:24:41,683 - INFO - The train loss is 0.023567. The valid loss is 0.023635.
2022-07-06 01:24:41,687 - INFO - Epoch 74/250
2022-07-06 01:24:41,989 - INFO - The train loss is 0.023402. The valid loss is 0.023476.
2022-07-06 01:24:41,994 - INFO - Epoch 75/250
2022-07-06 01:24:42,292 - INFO - The train loss is 0.023233. The valid loss is 0.023316.
2022-07-06 01:24:42,296 - INFO - Epoch 76/250
2022-07-06 01:24:42,598 - INFO - The train loss is 0.023106. The valid loss is 0.023156.
2022-07-06 01:24:42,603 - INFO - Epoch 77/250
2022-07-06 01:24:42,904 - INFO - The train loss is 0.022928. The valid loss is 0.023001.
2022-07-06 01:24:42,908 - INFO - Epoch 78/250
2022-07-06 01:24:43,212 - INFO - The train loss is 0.022803. The valid loss is 0.022848.
2022-07-06 01:24:43,226 - INFO - Epoch 79/250
2022-07-06 01:24:43,529 - INFO - The train loss is 0.022639. The valid loss is 0.022693.
2022-07-06 01:24:43,533 - INFO - Epoch 80/250
2022-07-06 01:24:43,835 - INFO - The train loss is 0.022501. The valid loss is 0.022540.
2022-07-06 01:24:43,842 - INFO - Epoch 81/250
2022-07-06 01:24:44,145 - INFO - The train loss is 0.022354. The valid loss is 0.022388.
2022-07-06 01:24:44,150 - INFO - Epoch 82/250
2022-07-06 01:24:44,467 - INFO - The train loss is 0.022183. The valid loss is 0.022238.
2022-07-06 01:24:44,473 - INFO - Epoch 83/250
2022-07-06 01:24:44,772 - INFO - The train loss is 0.022026. The valid loss is 0.022089.
2022-07-06 01:24:44,778 - INFO - Epoch 84/250
2022-07-06 01:24:45,082 - INFO - The train loss is 0.021881. The valid loss is 0.021942.
2022-07-06 01:24:45,086 - INFO - Epoch 85/250
2022-07-06 01:24:45,386 - INFO - The train loss is 0.021737. The valid loss is 0.021794.
2022-07-06 01:24:45,390 - INFO - Epoch 86/250
2022-07-06 01:24:45,693 - INFO - The train loss is 0.021599. The valid loss is 0.021647.
2022-07-06 01:24:45,697 - INFO - Epoch 87/250
2022-07-06 01:24:46,005 - INFO - The train loss is 0.021458. The valid loss is 0.021503.
2022-07-06 01:24:46,010 - INFO - Epoch 88/250
2022-07-06 01:24:46,321 - INFO - The train loss is 0.021294. The valid loss is 0.021360.
2022-07-06 01:24:46,326 - INFO - Epoch 89/250
2022-07-06 01:24:46,628 - INFO - The train loss is 0.021138. The valid loss is 0.021216.
2022-07-06 01:24:46,633 - INFO - Epoch 90/250
2022-07-06 01:24:46,925 - INFO - The train loss is 0.021012. The valid loss is 0.021073.
2022-07-06 01:24:46,929 - INFO - Epoch 91/250
2022-07-06 01:24:47,231 - INFO - The train loss is 0.020882. The valid loss is 0.020935.
2022-07-06 01:24:47,236 - INFO - Epoch 92/250
2022-07-06 01:24:47,545 - INFO - The train loss is 0.020730. The valid loss is 0.020796.
2022-07-06 01:24:47,550 - INFO - Epoch 93/250
2022-07-06 01:24:47,850 - INFO - The train loss is 0.020593. The valid loss is 0.020657.
2022-07-06 01:24:47,855 - INFO - Epoch 94/250
2022-07-06 01:24:48,155 - INFO - The train loss is 0.020454. The valid loss is 0.020521.
2022-07-06 01:24:48,160 - INFO - Epoch 95/250
2022-07-06 01:24:48,473 - INFO - The train loss is 0.020342. The valid loss is 0.020385.
2022-07-06 01:24:48,479 - INFO - Epoch 96/250
2022-07-06 01:24:48,790 - INFO - The train loss is 0.020219. The valid loss is 0.020250.
2022-07-06 01:24:48,794 - INFO - Epoch 97/250
2022-07-06 01:24:49,093 - INFO - The train loss is 0.020114. The valid loss is 0.020116.
2022-07-06 01:24:49,099 - INFO - Epoch 98/250
2022-07-06 01:24:49,394 - INFO - The train loss is 0.019958. The valid loss is 0.019985.
2022-07-06 01:24:49,399 - INFO - Epoch 99/250
2022-07-06 01:24:49,707 - INFO - The train loss is 0.019828. The valid loss is 0.019853.
2022-07-06 01:24:49,712 - INFO - Epoch 100/250
2022-07-06 01:24:50,012 - INFO - The train loss is 0.019692. The valid loss is 0.019722.
2022-07-06 01:24:50,019 - INFO - Epoch 101/250
2022-07-06 01:24:50,317 - INFO - The train loss is 0.019551. The valid loss is 0.019595.
2022-07-06 01:24:50,322 - INFO - Epoch 102/250
2022-07-06 01:24:50,621 - INFO - The train loss is 0.019432. The valid loss is 0.019468.
2022-07-06 01:24:50,625 - INFO - Epoch 103/250
2022-07-06 01:24:50,927 - INFO - The train loss is 0.019327. The valid loss is 0.019340.
2022-07-06 01:24:50,932 - INFO - Epoch 104/250
2022-07-06 01:24:51,244 - INFO - The train loss is 0.019183. The valid loss is 0.019214.
2022-07-06 01:24:51,249 - INFO - Epoch 105/250
2022-07-06 01:24:51,556 - INFO - The train loss is 0.019065. The valid loss is 0.019091.
2022-07-06 01:24:51,561 - INFO - Epoch 106/250
2022-07-06 01:24:51,868 - INFO - The train loss is 0.018961. The valid loss is 0.018968.
2022-07-06 01:24:51,872 - INFO - Epoch 107/250
2022-07-06 01:24:52,175 - INFO - The train loss is 0.018863. The valid loss is 0.018846.
2022-07-06 01:24:52,180 - INFO - Epoch 108/250
2022-07-06 01:24:52,483 - INFO - The train loss is 0.018711. The valid loss is 0.018725.
2022-07-06 01:24:52,488 - INFO - Epoch 109/250
2022-07-06 01:24:52,799 - INFO - The train loss is 0.018602. The valid loss is 0.018605.
2022-07-06 01:24:52,804 - INFO - Epoch 110/250
2022-07-06 01:24:53,125 - INFO - The train loss is 0.018487. The valid loss is 0.018486.
2022-07-06 01:24:53,131 - INFO - Epoch 111/250
2022-07-06 01:24:53,430 - INFO - The train loss is 0.018364. The valid loss is 0.018371.
2022-07-06 01:24:53,435 - INFO - Epoch 112/250
2022-07-06 01:24:53,739 - INFO - The train loss is 0.018253. The valid loss is 0.018254.
2022-07-06 01:24:53,744 - INFO - Epoch 113/250
2022-07-06 01:24:54,042 - INFO - The train loss is 0.018123. The valid loss is 0.018138.
2022-07-06 01:24:54,047 - INFO - Epoch 114/250
2022-07-06 01:24:54,350 - INFO - The train loss is 0.017992. The valid loss is 0.018024.
2022-07-06 01:24:54,355 - INFO - Epoch 115/250
2022-07-06 01:24:54,658 - INFO - The train loss is 0.017910. The valid loss is 0.017912.
2022-07-06 01:24:54,663 - INFO - Epoch 116/250
2022-07-06 01:24:54,956 - INFO - The train loss is 0.017794. The valid loss is 0.017800.
2022-07-06 01:24:54,961 - INFO - Epoch 117/250
2022-07-06 01:24:55,267 - INFO - The train loss is 0.017684. The valid loss is 0.017688.
2022-07-06 01:24:55,272 - INFO - Epoch 118/250
2022-07-06 01:24:55,570 - INFO - The train loss is 0.017556. The valid loss is 0.017579.
2022-07-06 01:24:55,574 - INFO - Epoch 119/250
2022-07-06 01:24:55,876 - INFO - The train loss is 0.017480. The valid loss is 0.017471.
2022-07-06 01:24:55,880 - INFO - Epoch 120/250
2022-07-06 01:24:56,186 - INFO - The train loss is 0.017380. The valid loss is 0.017363.
2022-07-06 01:24:56,191 - INFO - Epoch 121/250
2022-07-06 01:24:56,498 - INFO - The train loss is 0.017250. The valid loss is 0.017257.
2022-07-06 01:24:56,503 - INFO - Epoch 122/250
2022-07-06 01:24:56,811 - INFO - The train loss is 0.017149. The valid loss is 0.017153.
2022-07-06 01:24:56,816 - INFO - Epoch 123/250
2022-07-06 01:24:57,127 - INFO - The train loss is 0.017089. The valid loss is 0.017047.
2022-07-06 01:24:57,131 - INFO - Epoch 124/250
2022-07-06 01:24:57,433 - INFO - The train loss is 0.016965. The valid loss is 0.016943.
2022-07-06 01:24:57,438 - INFO - Epoch 125/250
2022-07-06 01:24:57,739 - INFO - The train loss is 0.016843. The valid loss is 0.016842.
2022-07-06 01:24:57,744 - INFO - Epoch 126/250
2022-07-06 01:24:58,043 - INFO - The train loss is 0.016763. The valid loss is 0.016741.
2022-07-06 01:24:58,047 - INFO - Epoch 127/250
2022-07-06 01:24:58,346 - INFO - The train loss is 0.016674. The valid loss is 0.016641.
2022-07-06 01:24:58,351 - INFO - Epoch 128/250
2022-07-06 01:24:58,661 - INFO - The train loss is 0.016595. The valid loss is 0.016543.
2022-07-06 01:24:58,666 - INFO - Epoch 129/250
2022-07-06 01:24:58,978 - INFO - The train loss is 0.016486. The valid loss is 0.016444.
2022-07-06 01:24:58,984 - INFO - Epoch 130/250
2022-07-06 01:24:59,287 - INFO - The train loss is 0.016382. The valid loss is 0.016347.
2022-07-06 01:24:59,291 - INFO - Epoch 131/250
2022-07-06 01:24:59,595 - INFO - The train loss is 0.016315. The valid loss is 0.016253.
2022-07-06 01:24:59,600 - INFO - Epoch 132/250
2022-07-06 01:24:59,906 - INFO - The train loss is 0.016217. The valid loss is 0.016158.
2022-07-06 01:24:59,910 - INFO - Epoch 133/250
2022-07-06 01:25:00,225 - INFO - The train loss is 0.016099. The valid loss is 0.016063.
2022-07-06 01:25:00,230 - INFO - Epoch 134/250
2022-07-06 01:25:00,539 - INFO - The train loss is 0.016040. The valid loss is 0.015971.
2022-07-06 01:25:00,544 - INFO - Epoch 135/250
2022-07-06 01:25:00,868 - INFO - The train loss is 0.015943. The valid loss is 0.015880.
2022-07-06 01:25:00,872 - INFO - Epoch 136/250
2022-07-06 01:25:01,175 - INFO - The train loss is 0.015858. The valid loss is 0.015789.
2022-07-06 01:25:01,180 - INFO - Epoch 137/250
2022-07-06 01:25:01,480 - INFO - The train loss is 0.015770. The valid loss is 0.015699.
2022-07-06 01:25:01,485 - INFO - Epoch 138/250
2022-07-06 01:25:01,794 - INFO - The train loss is 0.015689. The valid loss is 0.015610.
2022-07-06 01:25:01,799 - INFO - Epoch 139/250
