2022-05-11 04:06:58,024 - INFO - 
Config:
'add_train': False
'batch_size': 501
'continue_flag': ''
'cur_time': '2022_05_11_04_06_58'
'debug_mode': False
'debug_num': 500
'do_continue_train': False
'do_figure_save': False
'do_log_print_to_screen': True
'do_log_save_to_file': True
'do_predict': True
'do_train': True
'do_train_visualized': False
'dropout_rate': 0.1
'epoch': 200
'feature_columns': [1, 2, 3, 4, 5]
'figure_save_path': './figure/'
'hidden_size': 128
'input_size': 5
'label_columns': [4, 5]
'label_in_feature_index': [3, 4]
'learning_rate': 0.0001
'log_save_path': './log/2022_05_11_04_06_58_pytorch/'
'lstm_layers': 2
'model_name': 'model_pytorch.pth'
'model_postfix': {'pytorch': '.pth'
'keras': '.h5'
'tensorflow': '.ckpt'}
'model_save_path': './checkpoint/pytorch/'
'output_size': 2
'patience': 3
'predict_day': 1
'random_seed': 42
'shuffle_train_data': True
'time_step': 500
'train_data_path': './gtau0.csv'
'train_data_rate': 0.9
'use_cuda': True
'used_frame': 'pytorch'
'valid_data_rate': 0.1
2022-05-11 04:07:00,484 - INFO - Epoch 0/200
2022-05-11 04:07:01,112 - INFO - The train loss is 0.906420. The valid loss is 0.895606.
2022-05-11 04:07:01,114 - INFO - Epoch 1/200
2022-05-11 04:07:01,388 - INFO - The train loss is 0.900923. The valid loss is 0.890362.
2022-05-11 04:07:01,389 - INFO - Epoch 2/200
2022-05-11 04:07:01,663 - INFO - The train loss is 0.895457. The valid loss is 0.885136.
2022-05-11 04:07:01,665 - INFO - Epoch 3/200
2022-05-11 04:07:01,945 - INFO - The train loss is 0.890042. The valid loss is 0.879909.
2022-05-11 04:07:01,947 - INFO - Epoch 4/200
2022-05-11 04:07:02,224 - INFO - The train loss is 0.884577. The valid loss is 0.874664.
2022-05-11 04:07:02,226 - INFO - Epoch 5/200
2022-05-11 04:07:02,499 - INFO - The train loss is 0.879111. The valid loss is 0.869380.
2022-05-11 04:07:02,501 - INFO - Epoch 6/200
2022-05-11 04:07:02,788 - INFO - The train loss is 0.873590. The valid loss is 0.864036.
2022-05-11 04:07:02,790 - INFO - Epoch 7/200
2022-05-11 04:07:03,084 - INFO - The train loss is 0.868011. The valid loss is 0.858608.
2022-05-11 04:07:03,086 - INFO - Epoch 8/200
2022-05-11 04:07:03,362 - INFO - The train loss is 0.862321. The valid loss is 0.853071.
2022-05-11 04:07:03,364 - INFO - Epoch 9/200
2022-05-11 04:07:03,640 - INFO - The train loss is 0.856483. The valid loss is 0.847397.
2022-05-11 04:07:03,642 - INFO - Epoch 10/200
2022-05-11 04:07:03,918 - INFO - The train loss is 0.850519. The valid loss is 0.841559.
2022-05-11 04:07:03,919 - INFO - Epoch 11/200
2022-05-11 04:07:04,195 - INFO - The train loss is 0.844429. The valid loss is 0.835526.
2022-05-11 04:07:04,197 - INFO - Epoch 12/200
2022-05-11 04:07:04,470 - INFO - The train loss is 0.838069. The valid loss is 0.829267.
2022-05-11 04:07:04,472 - INFO - Epoch 13/200
2022-05-11 04:07:04,748 - INFO - The train loss is 0.831461. The valid loss is 0.822745.
2022-05-11 04:07:04,750 - INFO - Epoch 14/200
2022-05-11 04:07:05,027 - INFO - The train loss is 0.824578. The valid loss is 0.815925.
2022-05-11 04:07:05,029 - INFO - Epoch 15/200
2022-05-11 04:07:05,302 - INFO - The train loss is 0.817421. The valid loss is 0.808765.
2022-05-11 04:07:05,304 - INFO - Epoch 16/200
2022-05-11 04:07:05,585 - INFO - The train loss is 0.809818. The valid loss is 0.801222.
2022-05-11 04:07:05,587 - INFO - Epoch 17/200
2022-05-11 04:07:05,873 - INFO - The train loss is 0.801828. The valid loss is 0.793247.
2022-05-11 04:07:05,875 - INFO - Epoch 18/200
2022-05-11 04:07:06,153 - INFO - The train loss is 0.793370. The valid loss is 0.784789.
2022-05-11 04:07:06,155 - INFO - Epoch 19/200
2022-05-11 04:07:06,430 - INFO - The train loss is 0.784442. The valid loss is 0.775789.
2022-05-11 04:07:06,432 - INFO - Epoch 20/200
2022-05-11 04:07:06,672 - INFO - The train loss is 0.774818. The valid loss is 0.766184.
2022-05-11 04:07:06,674 - INFO - Epoch 21/200
2022-05-11 04:07:06,917 - INFO - The train loss is 0.764671. The valid loss is 0.755907.
2022-05-11 04:07:06,919 - INFO - Epoch 22/200
2022-05-11 04:07:07,161 - INFO - The train loss is 0.753808. The valid loss is 0.744880.
2022-05-11 04:07:07,162 - INFO - Epoch 23/200
2022-05-11 04:07:07,403 - INFO - The train loss is 0.742027. The valid loss is 0.733021.
2022-05-11 04:07:07,405 - INFO - Epoch 24/200
2022-05-11 04:07:07,649 - INFO - The train loss is 0.729451. The valid loss is 0.720240.
2022-05-11 04:07:07,650 - INFO - Epoch 25/200
2022-05-11 04:07:07,894 - INFO - The train loss is 0.715786. The valid loss is 0.706438.
2022-05-11 04:07:07,896 - INFO - Epoch 26/200
2022-05-11 04:07:08,139 - INFO - The train loss is 0.701094. The valid loss is 0.691510.
2022-05-11 04:07:08,141 - INFO - Epoch 27/200
2022-05-11 04:07:08,390 - INFO - The train loss is 0.685106. The valid loss is 0.675346.
2022-05-11 04:07:08,392 - INFO - Epoch 28/200
2022-05-11 04:07:08,635 - INFO - The train loss is 0.667949. The valid loss is 0.657832.
2022-05-11 04:07:08,637 - INFO - Epoch 29/200
2022-05-11 04:07:08,879 - INFO - The train loss is 0.649175. The valid loss is 0.638856.
2022-05-11 04:07:08,881 - INFO - Epoch 30/200
2022-05-11 04:07:09,126 - INFO - The train loss is 0.628982. The valid loss is 0.618308.
2022-05-11 04:07:09,128 - INFO - Epoch 31/200
2022-05-11 04:07:09,371 - INFO - The train loss is 0.607143. The valid loss is 0.596095.
2022-05-11 04:07:09,373 - INFO - Epoch 32/200
2022-05-11 04:07:09,615 - INFO - The train loss is 0.583485. The valid loss is 0.572142.
2022-05-11 04:07:09,617 - INFO - Epoch 33/200
2022-05-11 04:07:09,858 - INFO - The train loss is 0.557993. The valid loss is 0.546397.
2022-05-11 04:07:09,860 - INFO - Epoch 34/200
2022-05-11 04:07:10,113 - INFO - The train loss is 0.530689. The valid loss is 0.518839.
2022-05-11 04:07:10,114 - INFO - Epoch 35/200
2022-05-11 04:07:10,357 - INFO - The train loss is 0.501674. The valid loss is 0.489481.
2022-05-11 04:07:10,359 - INFO - Epoch 36/200
2022-05-11 04:07:10,607 - INFO - The train loss is 0.470858. The valid loss is 0.458378.
2022-05-11 04:07:10,609 - INFO - Epoch 37/200
2022-05-11 04:07:10,854 - INFO - The train loss is 0.438577. The valid loss is 0.425638.
2022-05-11 04:07:10,856 - INFO - Epoch 38/200
2022-05-11 04:07:11,097 - INFO - The train loss is 0.404773. The valid loss is 0.391432.
2022-05-11 04:07:11,099 - INFO - Epoch 39/200
2022-05-11 04:07:11,366 - INFO - The train loss is 0.370047. The valid loss is 0.355984.
2022-05-11 04:07:11,368 - INFO - Epoch 40/200
2022-05-11 04:07:11,634 - INFO - The train loss is 0.334581. The valid loss is 0.319596.
2022-05-11 04:07:11,636 - INFO - Epoch 41/200
2022-05-11 04:07:11,903 - INFO - The train loss is 0.298835. The valid loss is 0.282755.
2022-05-11 04:07:11,905 - INFO - Epoch 42/200
2022-05-11 04:07:12,174 - INFO - The train loss is 0.263477. The valid loss is 0.246340.
2022-05-11 04:07:12,176 - INFO - Epoch 43/200
2022-05-11 04:07:12,442 - INFO - The train loss is 0.229092. The valid loss is 0.211703.
2022-05-11 04:07:12,444 - INFO - Epoch 44/200
2022-05-11 04:07:12,704 - INFO - The train loss is 0.197151. The valid loss is 0.180414.
2022-05-11 04:07:12,706 - INFO - Epoch 45/200
2022-05-11 04:07:12,965 - INFO - The train loss is 0.169014. The valid loss is 0.153774.
2022-05-11 04:07:12,967 - INFO - Epoch 46/200
2022-05-11 04:07:13,234 - INFO - The train loss is 0.145869. The valid loss is 0.132419.
2022-05-11 04:07:13,236 - INFO - Epoch 47/200
2022-05-11 04:07:13,473 - INFO - The train loss is 0.127802. The valid loss is 0.116148.
2022-05-11 04:07:13,474 - INFO - Epoch 48/200
2022-05-11 04:07:13,758 - INFO - The train loss is 0.114502. The valid loss is 0.104055.
2022-05-11 04:07:13,760 - INFO - Epoch 49/200
2022-05-11 04:07:14,043 - INFO - The train loss is 0.104989. The valid loss is 0.094873.
2022-05-11 04:07:14,044 - INFO - Epoch 50/200
2022-05-11 04:07:14,309 - INFO - The train loss is 0.097669. The valid loss is 0.087412.
2022-05-11 04:07:14,311 - INFO - Epoch 51/200
2022-05-11 04:07:14,571 - INFO - The train loss is 0.091639. The valid loss is 0.080852.
2022-05-11 04:07:14,573 - INFO - Epoch 52/200
2022-05-11 04:07:14,834 - INFO - The train loss is 0.086074. The valid loss is 0.074841.
2022-05-11 04:07:14,835 - INFO - Epoch 53/200
2022-05-11 04:07:15,099 - INFO - The train loss is 0.080557. The valid loss is 0.069427.
2022-05-11 04:07:15,100 - INFO - Epoch 54/200
2022-05-11 04:07:15,378 - INFO - The train loss is 0.075305. The valid loss is 0.064847.
2022-05-11 04:07:15,380 - INFO - Epoch 55/200
2022-05-11 04:07:15,653 - INFO - The train loss is 0.070631. The valid loss is 0.061268.
2022-05-11 04:07:15,655 - INFO - Epoch 56/200
2022-05-11 04:07:15,927 - INFO - The train loss is 0.066799. The valid loss is 0.058673.
2022-05-11 04:07:15,929 - INFO - Epoch 57/200
2022-05-11 04:07:16,200 - INFO - The train loss is 0.063701. The valid loss is 0.056873.
2022-05-11 04:07:16,202 - INFO - Epoch 58/200
2022-05-11 04:07:16,481 - INFO - The train loss is 0.061299. The valid loss is 0.055599.
2022-05-11 04:07:16,483 - INFO - Epoch 59/200
2022-05-11 04:07:16,750 - INFO - The train loss is 0.059178. The valid loss is 0.054587.
2022-05-11 04:07:16,752 - INFO - Epoch 60/200
2022-05-11 04:07:17,025 - INFO - The train loss is 0.057415. The valid loss is 0.053632.
2022-05-11 04:07:17,027 - INFO - Epoch 61/200
2022-05-11 04:07:17,303 - INFO - The train loss is 0.055493. The valid loss is 0.052604.
2022-05-11 04:07:17,304 - INFO - Epoch 62/200
2022-05-11 04:07:17,582 - INFO - The train loss is 0.053547. The valid loss is 0.051433.
2022-05-11 04:07:17,584 - INFO - Epoch 63/200
2022-05-11 04:07:17,873 - INFO - The train loss is 0.051676. The valid loss is 0.050091.
2022-05-11 04:07:17,874 - INFO - Epoch 64/200
2022-05-11 04:07:18,128 - INFO - The train loss is 0.049574. The valid loss is 0.048562.
2022-05-11 04:07:18,129 - INFO - Epoch 65/200
2022-05-11 04:07:18,405 - INFO - The train loss is 0.047547. The valid loss is 0.046844.
2022-05-11 04:07:18,407 - INFO - Epoch 66/200
2022-05-11 04:07:18,669 - INFO - The train loss is 0.045544. The valid loss is 0.044945.
2022-05-11 04:07:18,671 - INFO - Epoch 67/200
2022-05-11 04:07:18,936 - INFO - The train loss is 0.043493. The valid loss is 0.042879.
2022-05-11 04:07:18,937 - INFO - Epoch 68/200
2022-05-11 04:07:19,203 - INFO - The train loss is 0.041578. The valid loss is 0.040689.
2022-05-11 04:07:19,205 - INFO - Epoch 69/200
2022-05-11 04:07:19,473 - INFO - The train loss is 0.039582. The valid loss is 0.038442.
2022-05-11 04:07:19,474 - INFO - Epoch 70/200
2022-05-11 04:07:19,737 - INFO - The train loss is 0.037628. The valid loss is 0.036219.
2022-05-11 04:07:19,738 - INFO - Epoch 71/200
2022-05-11 04:07:20,013 - INFO - The train loss is 0.035842. The valid loss is 0.034103.
2022-05-11 04:07:20,016 - INFO - Epoch 72/200
2022-05-11 04:07:20,279 - INFO - The train loss is 0.034015. The valid loss is 0.032152.
2022-05-11 04:07:20,281 - INFO - Epoch 73/200
2022-05-11 04:07:20,544 - INFO - The train loss is 0.032282. The valid loss is 0.030386.
2022-05-11 04:07:20,545 - INFO - Epoch 74/200
2022-05-11 04:07:20,809 - INFO - The train loss is 0.030656. The valid loss is 0.028799.
2022-05-11 04:07:20,810 - INFO - Epoch 75/200
2022-05-11 04:07:21,077 - INFO - The train loss is 0.029052. The valid loss is 0.027369.
2022-05-11 04:07:21,078 - INFO - Epoch 76/200
2022-05-11 04:07:21,340 - INFO - The train loss is 0.027560. The valid loss is 0.026073.
2022-05-11 04:07:21,342 - INFO - Epoch 77/200
2022-05-11 04:07:21,608 - INFO - The train loss is 0.026055. The valid loss is 0.024899.
2022-05-11 04:07:21,609 - INFO - Epoch 78/200
2022-05-11 04:07:21,872 - INFO - The train loss is 0.024715. The valid loss is 0.023837.
2022-05-11 04:07:21,874 - INFO - Epoch 79/200
2022-05-11 04:07:22,140 - INFO - The train loss is 0.023452. The valid loss is 0.022885.
2022-05-11 04:07:22,142 - INFO - Epoch 80/200
2022-05-11 04:07:22,406 - INFO - The train loss is 0.022387. The valid loss is 0.022032.
2022-05-11 04:07:22,408 - INFO - Epoch 81/200
2022-05-11 04:07:22,688 - INFO - The train loss is 0.021297. The valid loss is 0.021269.
2022-05-11 04:07:22,690 - INFO - Epoch 82/200
2022-05-11 04:07:22,958 - INFO - The train loss is 0.020405. The valid loss is 0.020591.
2022-05-11 04:07:22,960 - INFO - Epoch 83/200
2022-05-11 04:07:23,205 - INFO - The train loss is 0.019649. The valid loss is 0.019989.
2022-05-11 04:07:23,207 - INFO - Epoch 84/200
2022-05-11 04:07:23,458 - INFO - The train loss is 0.018991. The valid loss is 0.019458.
2022-05-11 04:07:23,460 - INFO - Epoch 85/200
2022-05-11 04:07:23,707 - INFO - The train loss is 0.018412. The valid loss is 0.018986.
2022-05-11 04:07:23,709 - INFO - Epoch 86/200
2022-05-11 04:07:23,958 - INFO - The train loss is 0.017905. The valid loss is 0.018562.
2022-05-11 04:07:23,960 - INFO - Epoch 87/200
2022-05-11 04:07:24,208 - INFO - The train loss is 0.017536. The valid loss is 0.018174.
2022-05-11 04:07:24,210 - INFO - Epoch 88/200
2022-05-11 04:07:24,459 - INFO - The train loss is 0.017123. The valid loss is 0.017814.
2022-05-11 04:07:24,461 - INFO - Epoch 89/200
2022-05-11 04:07:24,713 - INFO - The train loss is 0.016834. The valid loss is 0.017478.
2022-05-11 04:07:24,715 - INFO - Epoch 90/200
2022-05-11 04:07:24,961 - INFO - The train loss is 0.016544. The valid loss is 0.017163.
2022-05-11 04:07:24,964 - INFO - Epoch 91/200
2022-05-11 04:07:25,211 - INFO - The train loss is 0.016272. The valid loss is 0.016865.
2022-05-11 04:07:25,212 - INFO - Epoch 92/200
2022-05-11 04:07:25,453 - INFO - The train loss is 0.016002. The valid loss is 0.016580.
2022-05-11 04:07:25,455 - INFO - Epoch 93/200
2022-05-11 04:07:25,699 - INFO - The train loss is 0.015723. The valid loss is 0.016309.
2022-05-11 04:07:25,701 - INFO - Epoch 94/200
2022-05-11 04:07:25,942 - INFO - The train loss is 0.015536. The valid loss is 0.016052.
2022-05-11 04:07:25,944 - INFO - Epoch 95/200
2022-05-11 04:07:26,185 - INFO - The train loss is 0.015321. The valid loss is 0.015810.
2022-05-11 04:07:26,187 - INFO - Epoch 96/200
2022-05-11 04:07:26,426 - INFO - The train loss is 0.015122. The valid loss is 0.015581.
2022-05-11 04:07:26,427 - INFO - Epoch 97/200
2022-05-11 04:07:26,669 - INFO - The train loss is 0.014906. The valid loss is 0.015364.
2022-05-11 04:07:26,670 - INFO - Epoch 98/200
2022-05-11 04:07:26,911 - INFO - The train loss is 0.014719. The valid loss is 0.015157.
2022-05-11 04:07:26,913 - INFO - Epoch 99/200
2022-05-11 04:07:27,157 - INFO - The train loss is 0.014546. The valid loss is 0.014960.
2022-05-11 04:07:27,158 - INFO - Epoch 100/200
2022-05-11 04:07:27,472 - INFO - The train loss is 0.014380. The valid loss is 0.014774.
2022-05-11 04:07:27,474 - INFO - Epoch 101/200
2022-05-11 04:07:27,705 - INFO - The train loss is 0.014274. The valid loss is 0.014600.
2022-05-11 04:07:27,706 - INFO - Epoch 102/200
2022-05-11 04:07:27,946 - INFO - The train loss is 0.014092. The valid loss is 0.014436.
2022-05-11 04:07:27,947 - INFO - Epoch 103/200
2022-05-11 04:07:28,190 - INFO - The train loss is 0.013964. The valid loss is 0.014281.
2022-05-11 04:07:28,192 - INFO - Epoch 104/200
2022-05-11 04:07:28,467 - INFO - The train loss is 0.013843. The valid loss is 0.014135.
2022-05-11 04:07:28,469 - INFO - Epoch 105/200
2022-05-11 04:07:28,743 - INFO - The train loss is 0.013700. The valid loss is 0.013998.
2022-05-11 04:07:28,745 - INFO - Epoch 106/200
2022-05-11 04:07:28,996 - INFO - The train loss is 0.013621. The valid loss is 0.013867.
2022-05-11 04:07:28,998 - INFO - Epoch 107/200
2022-05-11 04:07:29,239 - INFO - The train loss is 0.013505. The valid loss is 0.013741.
2022-05-11 04:07:29,240 - INFO - Epoch 108/200
2022-05-11 04:07:29,480 - INFO - The train loss is 0.013391. The valid loss is 0.013621.
2022-05-11 04:07:29,482 - INFO - Epoch 109/200
2022-05-11 04:07:29,721 - INFO - The train loss is 0.013311. The valid loss is 0.013506.
2022-05-11 04:07:29,723 - INFO - Epoch 110/200
2022-05-11 04:07:29,966 - INFO - The train loss is 0.013174. The valid loss is 0.013396.
2022-05-11 04:07:29,968 - INFO - Epoch 111/200
2022-05-11 04:07:30,211 - INFO - The train loss is 0.013065. The valid loss is 0.013290.
2022-05-11 04:07:30,213 - INFO - Epoch 112/200
2022-05-11 04:07:30,453 - INFO - The train loss is 0.013015. The valid loss is 0.013188.
2022-05-11 04:07:30,455 - INFO - Epoch 113/200
2022-05-11 04:07:30,697 - INFO - The train loss is 0.012891. The valid loss is 0.013089.
2022-05-11 04:07:30,699 - INFO - Epoch 114/200
2022-05-11 04:07:30,965 - INFO - The train loss is 0.012822. The valid loss is 0.012994.
2022-05-11 04:07:30,967 - INFO - Epoch 115/200
2022-05-11 04:07:31,236 - INFO - The train loss is 0.012790. The valid loss is 0.012902.
2022-05-11 04:07:31,238 - INFO - Epoch 116/200
2022-05-11 04:07:31,503 - INFO - The train loss is 0.012643. The valid loss is 0.012815.
2022-05-11 04:07:31,504 - INFO - Epoch 117/200
2022-05-11 04:07:31,770 - INFO - The train loss is 0.012609. The valid loss is 0.012736.
2022-05-11 04:07:31,772 - INFO - Epoch 118/200
2022-05-11 04:07:32,036 - INFO - The train loss is 0.012524. The valid loss is 0.012659.
2022-05-11 04:07:32,037 - INFO - Epoch 119/200
2022-05-11 04:07:32,302 - INFO - The train loss is 0.012471. The valid loss is 0.012583.
2022-05-11 04:07:32,304 - INFO - Epoch 120/200
2022-05-11 04:07:32,569 - INFO - The train loss is 0.012388. The valid loss is 0.012507.
2022-05-11 04:07:32,570 - INFO - Epoch 121/200
2022-05-11 04:07:32,836 - INFO - The train loss is 0.012304. The valid loss is 0.012432.
2022-05-11 04:07:32,838 - INFO - Epoch 122/200
2022-05-11 04:07:33,104 - INFO - The train loss is 0.012243. The valid loss is 0.012360.
2022-05-11 04:07:33,106 - INFO - Epoch 123/200
2022-05-11 04:07:33,369 - INFO - The train loss is 0.012183. The valid loss is 0.012292.
2022-05-11 04:07:33,371 - INFO - Epoch 124/200
2022-05-11 04:07:33,634 - INFO - The train loss is 0.012097. The valid loss is 0.012227.
2022-05-11 04:07:33,637 - INFO - Epoch 125/200
2022-05-11 04:07:33,910 - INFO - The train loss is 0.012036. The valid loss is 0.012165.
2022-05-11 04:07:33,912 - INFO - Epoch 126/200
2022-05-11 04:07:34,169 - INFO - The train loss is 0.011978. The valid loss is 0.012104.
2022-05-11 04:07:34,170 - INFO - Epoch 127/200
2022-05-11 04:07:34,430 - INFO - The train loss is 0.011959. The valid loss is 0.012043.
2022-05-11 04:07:34,432 - INFO - Epoch 128/200
2022-05-11 04:07:34,692 - INFO - The train loss is 0.011873. The valid loss is 0.011983.
2022-05-11 04:07:34,694 - INFO - Epoch 129/200
2022-05-11 04:07:34,936 - INFO - The train loss is 0.011815. The valid loss is 0.011927.
2022-05-11 04:07:34,938 - INFO - Epoch 130/200
2022-05-11 04:07:35,187 - INFO - The train loss is 0.011770. The valid loss is 0.011873.
2022-05-11 04:07:35,188 - INFO - Epoch 131/200
2022-05-11 04:07:35,445 - INFO - The train loss is 0.011720. The valid loss is 0.011820.
2022-05-11 04:07:35,446 - INFO - Epoch 132/200
2022-05-11 04:07:35,706 - INFO - The train loss is 0.011648. The valid loss is 0.011769.
2022-05-11 04:07:35,708 - INFO - Epoch 133/200
2022-05-11 04:07:35,953 - INFO - The train loss is 0.011618. The valid loss is 0.011719.
2022-05-11 04:07:35,955 - INFO - Epoch 134/200
2022-05-11 04:07:36,233 - INFO - The train loss is 0.011577. The valid loss is 0.011671.
2022-05-11 04:07:36,235 - INFO - Epoch 135/200
2022-05-11 04:07:36,510 - INFO - The train loss is 0.011519. The valid loss is 0.011623.
2022-05-11 04:07:36,511 - INFO - Epoch 136/200
2022-05-11 04:07:36,787 - INFO - The train loss is 0.011478. The valid loss is 0.011576.
2022-05-11 04:07:36,789 - INFO - Epoch 137/200
2022-05-11 04:07:37,047 - INFO - The train loss is 0.011453. The valid loss is 0.011531.
2022-05-11 04:07:37,049 - INFO - Epoch 138/200
2022-05-11 04:07:37,329 - INFO - The train loss is 0.011371. The valid loss is 0.011488.
2022-05-11 04:07:37,331 - INFO - Epoch 139/200
2022-05-11 04:07:37,600 - INFO - The train loss is 0.011324. The valid loss is 0.011446.
2022-05-11 04:07:37,602 - INFO - Epoch 140/200
2022-05-11 04:07:37,884 - INFO - The train loss is 0.011318. The valid loss is 0.011406.
2022-05-11 04:07:37,887 - INFO - Epoch 141/200
2022-05-11 04:07:38,153 - INFO - The train loss is 0.011287. The valid loss is 0.011368.
2022-05-11 04:07:38,155 - INFO - Epoch 142/200
2022-05-11 04:07:38,439 - INFO - The train loss is 0.011192. The valid loss is 0.011329.
2022-05-11 04:07:38,441 - INFO - Epoch 143/200
2022-05-11 04:07:38,715 - INFO - The train loss is 0.011204. The valid loss is 0.011291.
2022-05-11 04:07:38,717 - INFO - Epoch 144/200
2022-05-11 04:07:38,999 - INFO - The train loss is 0.011139. The valid loss is 0.011253.
2022-05-11 04:07:39,001 - INFO - Epoch 145/200
2022-05-11 04:07:39,271 - INFO - The train loss is 0.011140. The valid loss is 0.011215.
2022-05-11 04:07:39,273 - INFO - Epoch 146/200
2022-05-11 04:07:39,554 - INFO - The train loss is 0.011059. The valid loss is 0.011179.
2022-05-11 04:07:39,556 - INFO - Epoch 147/200
2022-05-11 04:07:39,832 - INFO - The train loss is 0.011039. The valid loss is 0.011145.
2022-05-11 04:07:39,833 - INFO - Epoch 148/200
2022-05-11 04:07:40,100 - INFO - The train loss is 0.010976. The valid loss is 0.011113.
2022-05-11 04:07:40,102 - INFO - Epoch 149/200
2022-05-11 04:07:40,353 - INFO - The train loss is 0.010963. The valid loss is 0.011081.
2022-05-11 04:07:40,355 - INFO - Epoch 150/200
2022-05-11 04:07:40,658 - INFO - The train loss is 0.010966. The valid loss is 0.011050.
2022-05-11 04:07:40,659 - INFO - Epoch 151/200
2022-05-11 04:07:40,947 - INFO - The train loss is 0.010926. The valid loss is 0.011020.
2022-05-11 04:07:40,949 - INFO - Epoch 152/200
2022-05-11 04:07:41,210 - INFO - The train loss is 0.010913. The valid loss is 0.010990.
2022-05-11 04:07:41,212 - INFO - Epoch 153/200
2022-05-11 04:07:41,495 - INFO - The train loss is 0.010856. The valid loss is 0.010960.
2022-05-11 04:07:41,497 - INFO - Epoch 154/200
2022-05-11 04:07:41,772 - INFO - The train loss is 0.010826. The valid loss is 0.010931.
2022-05-11 04:07:41,773 - INFO - Epoch 155/200
2022-05-11 04:07:42,054 - INFO - The train loss is 0.010808. The valid loss is 0.010904.
2022-05-11 04:07:42,056 - INFO - Epoch 156/200
2022-05-11 04:07:42,336 - INFO - The train loss is 0.010772. The valid loss is 0.010877.
2022-05-11 04:07:42,338 - INFO - Epoch 157/200
2022-05-11 04:07:42,614 - INFO - The train loss is 0.010745. The valid loss is 0.010850.
2022-05-11 04:07:42,615 - INFO - Epoch 158/200
2022-05-11 04:07:42,897 - INFO - The train loss is 0.010708. The valid loss is 0.010824.
2022-05-11 04:07:42,899 - INFO - Epoch 159/200
2022-05-11 04:07:43,182 - INFO - The train loss is 0.010669. The valid loss is 0.010798.
2022-05-11 04:07:43,184 - INFO - Epoch 160/200
2022-05-11 04:07:43,428 - INFO - The train loss is 0.010690. The valid loss is 0.010772.
2022-05-11 04:07:43,430 - INFO - Epoch 161/200
2022-05-11 04:07:43,687 - INFO - The train loss is 0.010666. The valid loss is 0.010746.
2022-05-11 04:07:43,689 - INFO - Epoch 162/200
2022-05-11 04:07:43,942 - INFO - The train loss is 0.010611. The valid loss is 0.010722.
2022-05-11 04:07:43,943 - INFO - Epoch 163/200
2022-05-11 04:07:44,187 - INFO - The train loss is 0.010566. The valid loss is 0.010698.
2022-05-11 04:07:44,189 - INFO - Epoch 164/200
2022-05-11 04:07:44,429 - INFO - The train loss is 0.010572. The valid loss is 0.010675.
2022-05-11 04:07:44,430 - INFO - Epoch 165/200
2022-05-11 04:07:44,689 - INFO - The train loss is 0.010561. The valid loss is 0.010653.
2022-05-11 04:07:44,691 - INFO - Epoch 166/200
2022-05-11 04:07:44,990 - INFO - The train loss is 0.010533. The valid loss is 0.010632.
2022-05-11 04:07:44,992 - INFO - Epoch 167/200
2022-05-11 04:07:45,235 - INFO - The train loss is 0.010507. The valid loss is 0.010609.
2022-05-11 04:07:45,237 - INFO - Epoch 168/200
2022-05-11 04:07:45,496 - INFO - The train loss is 0.010486. The valid loss is 0.010587.
2022-05-11 04:07:45,498 - INFO - Epoch 169/200
2022-05-11 04:07:45,759 - INFO - The train loss is 0.010468. The valid loss is 0.010564.
2022-05-11 04:07:45,761 - INFO - Epoch 170/200
2022-05-11 04:07:46,046 - INFO - The train loss is 0.010469. The valid loss is 0.010544.
2022-05-11 04:07:46,048 - INFO - Epoch 171/200
2022-05-11 04:07:46,290 - INFO - The train loss is 0.010416. The valid loss is 0.010524.
2022-05-11 04:07:46,292 - INFO - Epoch 172/200
2022-05-11 04:07:46,557 - INFO - The train loss is 0.010383. The valid loss is 0.010504.
2022-05-11 04:07:46,559 - INFO - Epoch 173/200
2022-05-11 04:07:46,816 - INFO - The train loss is 0.010388. The valid loss is 0.010485.
2022-05-11 04:07:46,817 - INFO - Epoch 174/200
2022-05-11 04:07:47,081 - INFO - The train loss is 0.010355. The valid loss is 0.010465.
2022-05-11 04:07:47,083 - INFO - Epoch 175/200
2022-05-11 04:07:47,337 - INFO - The train loss is 0.010350. The valid loss is 0.010445.
2022-05-11 04:07:47,339 - INFO - Epoch 176/200
2022-05-11 04:07:47,591 - INFO - The train loss is 0.010317. The valid loss is 0.010426.
2022-05-11 04:07:47,593 - INFO - Epoch 177/200
2022-05-11 04:07:47,853 - INFO - The train loss is 0.010300. The valid loss is 0.010408.
2022-05-11 04:07:47,855 - INFO - Epoch 178/200
2022-05-11 04:07:48,106 - INFO - The train loss is 0.010262. The valid loss is 0.010390.
2022-05-11 04:07:48,108 - INFO - Epoch 179/200
2022-05-11 04:07:48,367 - INFO - The train loss is 0.010266. The valid loss is 0.010372.
2022-05-11 04:07:48,369 - INFO - Epoch 180/200
2022-05-11 04:07:48,623 - INFO - The train loss is 0.010245. The valid loss is 0.010354.
2022-05-11 04:07:48,625 - INFO - Epoch 181/200
2022-05-11 04:07:48,880 - INFO - The train loss is 0.010224. The valid loss is 0.010336.
2022-05-11 04:07:48,882 - INFO - Epoch 182/200
2022-05-11 04:07:49,123 - INFO - The train loss is 0.010208. The valid loss is 0.010317.
2022-05-11 04:07:49,125 - INFO - Epoch 183/200
2022-05-11 04:07:49,380 - INFO - The train loss is 0.010195. The valid loss is 0.010298.
2022-05-11 04:07:49,382 - INFO - Epoch 184/200
2022-05-11 04:07:49,641 - INFO - The train loss is 0.010173. The valid loss is 0.010281.
2022-05-11 04:07:49,643 - INFO - Epoch 185/200
2022-05-11 04:07:49,895 - INFO - The train loss is 0.010146. The valid loss is 0.010266.
2022-05-11 04:07:49,896 - INFO - Epoch 186/200
2022-05-11 04:07:50,143 - INFO - The train loss is 0.010155. The valid loss is 0.010252.
2022-05-11 04:07:50,145 - INFO - Epoch 187/200
2022-05-11 04:07:50,420 - INFO - The train loss is 0.010125. The valid loss is 0.010236.
2022-05-11 04:07:50,422 - INFO - Epoch 188/200
2022-05-11 04:07:50,683 - INFO - The train loss is 0.010099. The valid loss is 0.010219.
2022-05-11 04:07:50,685 - INFO - Epoch 189/200
2022-05-11 04:07:50,919 - INFO - The train loss is 0.010088. The valid loss is 0.010201.
2022-05-11 04:07:50,921 - INFO - Epoch 190/200
2022-05-11 04:07:51,187 - INFO - The train loss is 0.010089. The valid loss is 0.010185.
2022-05-11 04:07:51,189 - INFO - Epoch 191/200
2022-05-11 04:07:51,455 - INFO - The train loss is 0.010031. The valid loss is 0.010170.
2022-05-11 04:07:51,457 - INFO - Epoch 192/200
2022-05-11 04:07:51,725 - INFO - The train loss is 0.010070. The valid loss is 0.010155.
2022-05-11 04:07:51,726 - INFO - Epoch 193/200
2022-05-11 04:07:51,989 - INFO - The train loss is 0.010024. The valid loss is 0.010138.
2022-05-11 04:07:51,990 - INFO - Epoch 194/200
2022-05-11 04:07:52,268 - INFO - The train loss is 0.010027. The valid loss is 0.010121.
2022-05-11 04:07:52,270 - INFO - Epoch 195/200
2022-05-11 04:07:52,530 - INFO - The train loss is 0.009987. The valid loss is 0.010106.
2022-05-11 04:07:52,532 - INFO - Epoch 196/200
2022-05-11 04:07:52,810 - INFO - The train loss is 0.009999. The valid loss is 0.010091.
2022-05-11 04:07:52,812 - INFO - Epoch 197/200
2022-05-11 04:07:53,065 - INFO - The train loss is 0.009966. The valid loss is 0.010076.
2022-05-11 04:07:53,067 - INFO - Epoch 198/200
2022-05-11 04:07:53,310 - INFO - The train loss is 0.009960. The valid loss is 0.010059.
2022-05-11 04:07:53,312 - INFO - Epoch 199/200
2022-05-11 04:07:53,569 - INFO - The train loss is 0.009944. The valid loss is 0.010045.
2022-05-11 04:07:55,082 - INFO - The mean squared error of stock ['top blood velocity', 'bottom blood velocity'] is [0.03707287 0.02065387]
2022-05-11 04:07:55,124 - INFO - The predicted top blood velocity is: 52.423246653510624
2022-05-11 04:07:55,141 - INFO - The predicted bottom blood velocity is: 54.90070732440887
