2022-07-06 01:08:44,760 - INFO - 
Config:
'add_train': False
'batch_size': 334
'continue_flag': ''
'cur_time': '2022_07_06_01_08_44'
'debug_mode': False
'debug_num': 500
'do_continue_train': False
'do_figure_save': False
'do_log_print_to_screen': True
'do_log_save_to_file': True
'do_predict': True
'do_train': True
'do_train_visualized': False
'dropout_rate': 0.1
'epoch': 25
'feature_columns': [1, 2, 3, 4, 5]
'figure_save_path': './figure/'
'hidden_size': 256
'input_size': 5
'label_columns': [4, 5]
'label_in_feature_index': [3, 4]
'learning_rate': 0.0001
'log_save_path': './log/2022_07_06_01_08_44_pytorch/'
'lstm_layers': 2
'model_name': 'model_pytorch.pth'
'model_postfix': {'pytorch': '.pth'
'keras': '.h5'
'tensorflow': '.ckpt'}
'model_save_path': './checkpoint/pytorch/'
'output_size': 2
'patience': 3
'predict_day': 1
'random_seed': 23
'shuffle_train_data': True
'time_step': 167
'train_data_path': './gtau2.3edited.csv'
'train_data_rate': 0.9
'use_cuda': True
'used_frame': 'pytorch'
'valid_data_rate': 0.1
2022-07-06 01:08:47,012 - INFO - Epoch 0/25
2022-07-06 01:08:47,575 - INFO - The train loss is 0.994277. The valid loss is 0.995966.
2022-07-06 01:08:47,580 - INFO - Epoch 1/25
2022-07-06 01:08:47,876 - INFO - The train loss is 0.973242. The valid loss is 0.974739.
2022-07-06 01:08:47,881 - INFO - Epoch 2/25
2022-07-06 01:08:48,179 - INFO - The train loss is 0.951089. The valid loss is 0.951811.
2022-07-06 01:08:48,184 - INFO - Epoch 3/25
2022-07-06 01:08:48,468 - INFO - The train loss is 0.926706. The valid loss is 0.926024.
2022-07-06 01:08:48,474 - INFO - Epoch 4/25
2022-07-06 01:08:48,772 - INFO - The train loss is 0.898833. The valid loss is 0.895929.
2022-07-06 01:08:48,777 - INFO - Epoch 5/25
2022-07-06 01:08:49,073 - INFO - The train loss is 0.865790. The valid loss is 0.859596.
2022-07-06 01:08:49,077 - INFO - Epoch 6/25
2022-07-06 01:08:49,378 - INFO - The train loss is 0.825372. The valid loss is 0.814374.
2022-07-06 01:08:49,383 - INFO - Epoch 7/25
2022-07-06 01:08:49,672 - INFO - The train loss is 0.774270. The valid loss is 0.756527.
2022-07-06 01:08:49,677 - INFO - Epoch 8/25
2022-07-06 01:08:49,972 - INFO - The train loss is 0.708137. The valid loss is 0.680798.
2022-07-06 01:08:49,976 - INFO - Epoch 9/25
2022-07-06 01:08:50,263 - INFO - The train loss is 0.620759. The valid loss is 0.580780.
2022-07-06 01:08:50,267 - INFO - Epoch 10/25
2022-07-06 01:08:50,565 - INFO - The train loss is 0.507158. The valid loss is 0.456881.
2022-07-06 01:08:50,570 - INFO - Epoch 11/25
2022-07-06 01:08:50,863 - INFO - The train loss is 0.384283. The valid loss is 0.356435.
2022-07-06 01:08:50,868 - INFO - Epoch 12/25
2022-07-06 01:08:51,153 - INFO - The train loss is 0.312086. The valid loss is 0.291830.
2022-07-06 01:08:51,158 - INFO - Epoch 13/25
2022-07-06 01:08:51,482 - INFO - The train loss is 0.235213. The valid loss is 0.199793.
2022-07-06 01:08:51,487 - INFO - Epoch 14/25
2022-07-06 01:08:51,781 - INFO - The train loss is 0.161755. The valid loss is 0.145852.
2022-07-06 01:08:51,789 - INFO - Epoch 15/25
2022-07-06 01:08:52,086 - INFO - The train loss is 0.127184. The valid loss is 0.120878.
2022-07-06 01:08:52,090 - INFO - Epoch 16/25
2022-07-06 01:08:52,387 - INFO - The train loss is 0.107201. The valid loss is 0.097101.
2022-07-06 01:08:52,392 - INFO - Epoch 17/25
2022-07-06 01:08:52,688 - INFO - The train loss is 0.082063. The valid loss is 0.070403.
2022-07-06 01:08:52,693 - INFO - Epoch 18/25
2022-07-06 01:08:52,987 - INFO - The train loss is 0.063030. The valid loss is 0.058176.
2022-07-06 01:08:52,992 - INFO - Epoch 19/25
2022-07-06 01:08:53,286 - INFO - The train loss is 0.053646. The valid loss is 0.050201.
2022-07-06 01:08:53,291 - INFO - Epoch 20/25
2022-07-06 01:08:53,589 - INFO - The train loss is 0.047585. The valid loss is 0.045431.
2022-07-06 01:08:53,593 - INFO - Epoch 21/25
2022-07-06 01:08:53,890 - INFO - The train loss is 0.044899. The valid loss is 0.043054.
2022-07-06 01:08:53,895 - INFO - Epoch 22/25
2022-07-06 01:08:54,190 - INFO - The train loss is 0.043271. The valid loss is 0.041171.
2022-07-06 01:08:54,195 - INFO - Epoch 23/25
2022-07-06 01:08:54,493 - INFO - The train loss is 0.041792. The valid loss is 0.039845.
2022-07-06 01:08:54,498 - INFO - Epoch 24/25
2022-07-06 01:08:54,795 - INFO - The train loss is 0.040343. The valid loss is 0.038369.
2022-07-06 01:08:55,662 - INFO - The mean squared error of ['top', 'bottom'] is [0.01057325 0.03140686]
2022-07-06 01:08:55,699 - INFO - The predicted top is: 56.72734189060735
2022-07-06 01:08:55,713 - INFO - The predicted bottom is: 57.74677213100078
