2022-07-06 01:04:44,839 - INFO - 
Config:
'add_train': False
'batch_size': 334
'continue_flag': ''
'cur_time': '2022_07_06_01_04_44'
'debug_mode': False
'debug_num': 500
'do_continue_train': False
'do_figure_save': False
'do_log_print_to_screen': True
'do_log_save_to_file': True
'do_predict': True
'do_train': True
'do_train_visualized': False
'dropout_rate': 0.1
'epoch': 250
'feature_columns': [1, 2, 3, 4, 5]
'figure_save_path': './figure/'
'hidden_size': 256
'input_size': 5
'label_columns': [4, 5]
'label_in_feature_index': [3, 4]
'learning_rate': 0.0001
'log_save_path': './log/2022_07_06_01_04_44_pytorch/'
'lstm_layers': 2
'model_name': 'model_pytorch.pth'
'model_postfix': {'pytorch': '.pth'
'keras': '.h5'
'tensorflow': '.ckpt'}
'model_save_path': './checkpoint/pytorch/'
'output_size': 2
'patience': 3
'predict_day': 1
'random_seed': 23
'shuffle_train_data': True
'time_step': 167
'train_data_path': './gtau2.3edited.csv'
'train_data_rate': 0.9
'use_cuda': True
'used_frame': 'pytorch'
'valid_data_rate': 0.1
2022-07-06 01:04:47,257 - INFO - Epoch 0/250
2022-07-06 01:04:47,833 - INFO - The train loss is 1.003121. The valid loss is 0.998487.
2022-07-06 01:04:47,839 - INFO - Epoch 1/250
2022-07-06 01:04:48,129 - INFO - The train loss is 0.982820. The valid loss is 0.979171.
2022-07-06 01:04:48,133 - INFO - Epoch 2/250
2022-07-06 01:04:48,425 - INFO - The train loss is 0.962048. The valid loss is 0.958805.
2022-07-06 01:04:48,430 - INFO - Epoch 3/250
2022-07-06 01:04:48,732 - INFO - The train loss is 0.939904. The valid loss is 0.936355.
2022-07-06 01:04:48,736 - INFO - Epoch 4/250
2022-07-06 01:04:49,024 - INFO - The train loss is 0.915289. The valid loss is 0.910597.
2022-07-06 01:04:49,028 - INFO - Epoch 5/250
2022-07-06 01:04:49,329 - INFO - The train loss is 0.886836. The valid loss is 0.880017.
2022-07-06 01:04:49,333 - INFO - Epoch 6/250
2022-07-06 01:04:49,617 - INFO - The train loss is 0.852943. The valid loss is 0.842661.
2022-07-06 01:04:49,622 - INFO - Epoch 7/250
2022-07-06 01:04:49,916 - INFO - The train loss is 0.811370. The valid loss is 0.795998.
2022-07-06 01:04:49,921 - INFO - Epoch 8/250
2022-07-06 01:04:50,223 - INFO - The train loss is 0.759367. The valid loss is 0.736881.
2022-07-06 01:04:50,228 - INFO - Epoch 9/250
2022-07-06 01:04:50,532 - INFO - The train loss is 0.693748. The valid loss is 0.661934.
2022-07-06 01:04:50,537 - INFO - Epoch 10/250
2022-07-06 01:04:50,830 - INFO - The train loss is 0.611532. The valid loss is 0.568993.
2022-07-06 01:04:50,835 - INFO - Epoch 11/250
2022-07-06 01:04:51,127 - INFO - The train loss is 0.512339. The valid loss is 0.459371.
2022-07-06 01:04:51,132 - INFO - Epoch 12/250
2022-07-06 01:04:51,427 - INFO - The train loss is 0.398900. The valid loss is 0.336216.
2022-07-06 01:04:51,432 - INFO - Epoch 13/250
2022-07-06 01:04:51,753 - INFO - The train loss is 0.272650. The valid loss is 0.206911.
2022-07-06 01:04:51,758 - INFO - Epoch 14/250
2022-07-06 01:04:52,053 - INFO - The train loss is 0.160483. The valid loss is 0.131793.
2022-07-06 01:04:52,057 - INFO - Epoch 15/250
2022-07-06 01:04:52,350 - INFO - The train loss is 0.118477. The valid loss is 0.097761.
2022-07-06 01:04:52,355 - INFO - Epoch 16/250
2022-07-06 01:04:52,657 - INFO - The train loss is 0.082816. The valid loss is 0.070671.
2022-07-06 01:04:52,663 - INFO - Epoch 17/250
2022-07-06 01:04:52,960 - INFO - The train loss is 0.064682. The valid loss is 0.065183.
2022-07-06 01:04:52,965 - INFO - Epoch 18/250
2022-07-06 01:04:53,262 - INFO - The train loss is 0.062232. The valid loss is 0.060404.
2022-07-06 01:04:53,267 - INFO - Epoch 19/250
2022-07-06 01:04:53,565 - INFO - The train loss is 0.056878. The valid loss is 0.049838.
2022-07-06 01:04:53,570 - INFO - Epoch 20/250
2022-07-06 01:04:53,867 - INFO - The train loss is 0.048658. The valid loss is 0.044548.
2022-07-06 01:04:53,871 - INFO - Epoch 21/250
2022-07-06 01:04:54,170 - INFO - The train loss is 0.046125. The valid loss is 0.044503.
2022-07-06 01:04:54,175 - INFO - Epoch 22/250
2022-07-06 01:04:54,471 - INFO - The train loss is 0.044766. The valid loss is 0.041545.
2022-07-06 01:04:54,476 - INFO - Epoch 23/250
2022-07-06 01:04:54,774 - INFO - The train loss is 0.040868. The valid loss is 0.038270.
2022-07-06 01:04:54,779 - INFO - Epoch 24/250
2022-07-06 01:04:55,075 - INFO - The train loss is 0.038299. The valid loss is 0.037380.
2022-07-06 01:04:55,079 - INFO - Epoch 25/250
2022-07-06 01:04:55,380 - INFO - The train loss is 0.037421. The valid loss is 0.036669.
2022-07-06 01:04:55,385 - INFO - Epoch 26/250
2022-07-06 01:04:55,690 - INFO - The train loss is 0.036337. The valid loss is 0.035617.
2022-07-06 01:04:55,696 - INFO - Epoch 27/250
2022-07-06 01:04:55,989 - INFO - The train loss is 0.035224. The valid loss is 0.034676.
2022-07-06 01:04:55,994 - INFO - Epoch 28/250
2022-07-06 01:04:56,286 - INFO - The train loss is 0.034356. The valid loss is 0.033934.
2022-07-06 01:04:56,291 - INFO - Epoch 29/250
2022-07-06 01:04:56,584 - INFO - The train loss is 0.033658. The valid loss is 0.033303.
2022-07-06 01:04:56,589 - INFO - Epoch 30/250
2022-07-06 01:04:56,889 - INFO - The train loss is 0.033025. The valid loss is 0.032767.
2022-07-06 01:04:56,893 - INFO - Epoch 31/250
2022-07-06 01:04:57,198 - INFO - The train loss is 0.032540. The valid loss is 0.032387.
2022-07-06 01:04:57,203 - INFO - Epoch 32/250
2022-07-06 01:04:57,498 - INFO - The train loss is 0.032152. The valid loss is 0.032013.
2022-07-06 01:04:57,503 - INFO - Epoch 33/250
2022-07-06 01:04:57,814 - INFO - The train loss is 0.031814. The valid loss is 0.031651.
2022-07-06 01:04:57,819 - INFO - Epoch 34/250
2022-07-06 01:04:58,117 - INFO - The train loss is 0.031415. The valid loss is 0.031388.
2022-07-06 01:04:58,122 - INFO - Epoch 35/250
2022-07-06 01:04:58,415 - INFO - The train loss is 0.031167. The valid loss is 0.031163.
2022-07-06 01:04:58,419 - INFO - Epoch 36/250
2022-07-06 01:04:58,731 - INFO - The train loss is 0.030916. The valid loss is 0.030923.
2022-07-06 01:04:58,736 - INFO - Epoch 37/250
2022-07-06 01:04:59,054 - INFO - The train loss is 0.030611. The valid loss is 0.030658.
2022-07-06 01:04:59,059 - INFO - Epoch 38/250
2022-07-06 01:04:59,353 - INFO - The train loss is 0.030313. The valid loss is 0.030396.
2022-07-06 01:04:59,357 - INFO - Epoch 39/250
2022-07-06 01:04:59,657 - INFO - The train loss is 0.030095. The valid loss is 0.030155.
2022-07-06 01:04:59,662 - INFO - Epoch 40/250
2022-07-06 01:04:59,971 - INFO - The train loss is 0.029864. The valid loss is 0.029930.
2022-07-06 01:04:59,976 - INFO - Epoch 41/250
2022-07-06 01:05:00,279 - INFO - The train loss is 0.029604. The valid loss is 0.029702.
2022-07-06 01:05:00,284 - INFO - Epoch 42/250
2022-07-06 01:05:00,579 - INFO - The train loss is 0.029360. The valid loss is 0.029467.
2022-07-06 01:05:00,583 - INFO - Epoch 43/250
2022-07-06 01:05:00,884 - INFO - The train loss is 0.029166. The valid loss is 0.029235.
2022-07-06 01:05:00,888 - INFO - Epoch 44/250
2022-07-06 01:05:01,188 - INFO - The train loss is 0.028938. The valid loss is 0.029019.
2022-07-06 01:05:01,193 - INFO - Epoch 45/250
2022-07-06 01:05:01,489 - INFO - The train loss is 0.028696. The valid loss is 0.028810.
2022-07-06 01:05:01,493 - INFO - Epoch 46/250
2022-07-06 01:05:01,803 - INFO - The train loss is 0.028459. The valid loss is 0.028600.
2022-07-06 01:05:01,808 - INFO - Epoch 47/250
2022-07-06 01:05:02,095 - INFO - The train loss is 0.028289. The valid loss is 0.028386.
2022-07-06 01:05:02,101 - INFO - Epoch 48/250
2022-07-06 01:05:02,398 - INFO - The train loss is 0.028067. The valid loss is 0.028178.
2022-07-06 01:05:02,403 - INFO - Epoch 49/250
2022-07-06 01:05:02,694 - INFO - The train loss is 0.027891. The valid loss is 0.027977.
2022-07-06 01:05:02,699 - INFO - Epoch 50/250
2022-07-06 01:05:02,994 - INFO - The train loss is 0.027680. The valid loss is 0.027779.
2022-07-06 01:05:02,999 - INFO - Epoch 51/250
2022-07-06 01:05:03,293 - INFO - The train loss is 0.027507. The valid loss is 0.027579.
2022-07-06 01:05:03,298 - INFO - Epoch 52/250
2022-07-06 01:05:03,587 - INFO - The train loss is 0.027282. The valid loss is 0.027382.
2022-07-06 01:05:03,592 - INFO - Epoch 53/250
2022-07-06 01:05:03,890 - INFO - The train loss is 0.027112. The valid loss is 0.027191.
2022-07-06 01:05:03,895 - INFO - Epoch 54/250
2022-07-06 01:05:04,193 - INFO - The train loss is 0.026931. The valid loss is 0.027001.
2022-07-06 01:05:04,198 - INFO - Epoch 55/250
2022-07-06 01:05:04,495 - INFO - The train loss is 0.026732. The valid loss is 0.026811.
2022-07-06 01:05:04,500 - INFO - Epoch 56/250
2022-07-06 01:05:04,793 - INFO - The train loss is 0.026551. The valid loss is 0.026622.
2022-07-06 01:05:04,798 - INFO - Epoch 57/250
2022-07-06 01:05:05,099 - INFO - The train loss is 0.026361. The valid loss is 0.026436.
2022-07-06 01:05:05,104 - INFO - Epoch 58/250
2022-07-06 01:05:05,406 - INFO - The train loss is 0.026156. The valid loss is 0.026256.
2022-07-06 01:05:05,411 - INFO - Epoch 59/250
2022-07-06 01:05:05,718 - INFO - The train loss is 0.026001. The valid loss is 0.026077.
2022-07-06 01:05:05,723 - INFO - Epoch 60/250
2022-07-06 01:05:06,031 - INFO - The train loss is 0.025834. The valid loss is 0.025896.
2022-07-06 01:05:06,036 - INFO - Epoch 61/250
2022-07-06 01:05:06,343 - INFO - The train loss is 0.025663. The valid loss is 0.025717.
2022-07-06 01:05:06,348 - INFO - Epoch 62/250
2022-07-06 01:05:06,650 - INFO - The train loss is 0.025492. The valid loss is 0.025544.
2022-07-06 01:05:06,655 - INFO - Epoch 63/250
2022-07-06 01:05:06,953 - INFO - The train loss is 0.025342. The valid loss is 0.025373.
2022-07-06 01:05:06,958 - INFO - Epoch 64/250
2022-07-06 01:05:07,268 - INFO - The train loss is 0.025134. The valid loss is 0.025201.
2022-07-06 01:05:07,274 - INFO - Epoch 65/250
2022-07-06 01:05:07,577 - INFO - The train loss is 0.024976. The valid loss is 0.025031.
2022-07-06 01:05:07,582 - INFO - Epoch 66/250
2022-07-06 01:05:07,873 - INFO - The train loss is 0.024817. The valid loss is 0.024865.
2022-07-06 01:05:07,879 - INFO - Epoch 67/250
2022-07-06 01:05:08,176 - INFO - The train loss is 0.024671. The valid loss is 0.024699.
2022-07-06 01:05:08,180 - INFO - Epoch 68/250
2022-07-06 01:05:08,480 - INFO - The train loss is 0.024479. The valid loss is 0.024534.
2022-07-06 01:05:08,484 - INFO - Epoch 69/250
2022-07-06 01:05:08,795 - INFO - The train loss is 0.024356. The valid loss is 0.024369.
2022-07-06 01:05:08,800 - INFO - Epoch 70/250
2022-07-06 01:05:09,113 - INFO - The train loss is 0.024162. The valid loss is 0.024206.
2022-07-06 01:05:09,120 - INFO - Epoch 71/250
2022-07-06 01:05:09,423 - INFO - The train loss is 0.024013. The valid loss is 0.024044.
2022-07-06 01:05:09,428 - INFO - Epoch 72/250
2022-07-06 01:05:09,734 - INFO - The train loss is 0.023833. The valid loss is 0.023886.
2022-07-06 01:05:09,739 - INFO - Epoch 73/250
2022-07-06 01:05:10,044 - INFO - The train loss is 0.023676. The valid loss is 0.023729.
2022-07-06 01:05:10,049 - INFO - Epoch 74/250
2022-07-06 01:05:10,359 - INFO - The train loss is 0.023545. The valid loss is 0.023573.
2022-07-06 01:05:10,365 - INFO - Epoch 75/250
2022-07-06 01:05:10,672 - INFO - The train loss is 0.023405. The valid loss is 0.023418.
2022-07-06 01:05:10,677 - INFO - Epoch 76/250
2022-07-06 01:05:10,987 - INFO - The train loss is 0.023229. The valid loss is 0.023263.
2022-07-06 01:05:10,993 - INFO - Epoch 77/250
2022-07-06 01:05:11,302 - INFO - The train loss is 0.023090. The valid loss is 0.023111.
2022-07-06 01:05:11,307 - INFO - Epoch 78/250
2022-07-06 01:05:11,624 - INFO - The train loss is 0.022951. The valid loss is 0.022961.
2022-07-06 01:05:11,629 - INFO - Epoch 79/250
2022-07-06 01:05:11,933 - INFO - The train loss is 0.022796. The valid loss is 0.022809.
2022-07-06 01:05:11,939 - INFO - Epoch 80/250
2022-07-06 01:05:12,249 - INFO - The train loss is 0.022664. The valid loss is 0.022659.
2022-07-06 01:05:12,254 - INFO - Epoch 81/250
2022-07-06 01:05:12,561 - INFO - The train loss is 0.022484. The valid loss is 0.022511.
2022-07-06 01:05:12,566 - INFO - Epoch 82/250
2022-07-06 01:05:12,878 - INFO - The train loss is 0.022345. The valid loss is 0.022364.
2022-07-06 01:05:12,884 - INFO - Epoch 83/250
2022-07-06 01:05:13,203 - INFO - The train loss is 0.022237. The valid loss is 0.022219.
2022-07-06 01:05:13,208 - INFO - Epoch 84/250
2022-07-06 01:05:13,510 - INFO - The train loss is 0.022070. The valid loss is 0.022074.
2022-07-06 01:05:13,515 - INFO - Epoch 85/250
2022-07-06 01:05:13,819 - INFO - The train loss is 0.021930. The valid loss is 0.021930.
2022-07-06 01:05:13,824 - INFO - Epoch 86/250
2022-07-06 01:05:14,116 - INFO - The train loss is 0.021799. The valid loss is 0.021789.
2022-07-06 01:05:14,121 - INFO - Epoch 87/250
2022-07-06 01:05:14,429 - INFO - The train loss is 0.021675. The valid loss is 0.021648.
2022-07-06 01:05:14,435 - INFO - Epoch 88/250
2022-07-06 01:05:14,759 - INFO - The train loss is 0.021543. The valid loss is 0.021507.
2022-07-06 01:05:14,764 - INFO - Epoch 89/250
2022-07-06 01:05:15,072 - INFO - The train loss is 0.021408. The valid loss is 0.021367.
2022-07-06 01:05:15,077 - INFO - Epoch 90/250
2022-07-06 01:05:15,384 - INFO - The train loss is 0.021231. The valid loss is 0.021228.
2022-07-06 01:05:15,389 - INFO - Epoch 91/250
2022-07-06 01:05:15,694 - INFO - The train loss is 0.021118. The valid loss is 0.021090.
2022-07-06 01:05:15,700 - INFO - Epoch 92/250
2022-07-06 01:05:16,006 - INFO - The train loss is 0.020955. The valid loss is 0.020954.
2022-07-06 01:05:16,013 - INFO - Epoch 93/250
2022-07-06 01:05:16,331 - INFO - The train loss is 0.020854. The valid loss is 0.020817.
2022-07-06 01:05:16,338 - INFO - Epoch 94/250
2022-07-06 01:05:16,634 - INFO - The train loss is 0.020714. The valid loss is 0.020682.
2022-07-06 01:05:16,639 - INFO - Epoch 95/250
2022-07-06 01:05:16,953 - INFO - The train loss is 0.020572. The valid loss is 0.020550.
2022-07-06 01:05:16,959 - INFO - Epoch 96/250
2022-07-06 01:05:17,277 - INFO - The train loss is 0.020476. The valid loss is 0.020416.
2022-07-06 01:05:17,282 - INFO - Epoch 97/250
2022-07-06 01:05:17,587 - INFO - The train loss is 0.020306. The valid loss is 0.020285.
2022-07-06 01:05:17,592 - INFO - Epoch 98/250
2022-07-06 01:05:17,907 - INFO - The train loss is 0.020164. The valid loss is 0.020154.
2022-07-06 01:05:17,912 - INFO - Epoch 99/250
2022-07-06 01:05:18,212 - INFO - The train loss is 0.020079. The valid loss is 0.020023.
2022-07-06 01:05:18,217 - INFO - Epoch 100/250
2022-07-06 01:05:18,526 - INFO - The train loss is 0.019936. The valid loss is 0.019893.
2022-07-06 01:05:18,531 - INFO - Epoch 101/250
2022-07-06 01:05:18,833 - INFO - The train loss is 0.019819. The valid loss is 0.019765.
2022-07-06 01:05:18,839 - INFO - Epoch 102/250
2022-07-06 01:05:19,150 - INFO - The train loss is 0.019696. The valid loss is 0.019639.
2022-07-06 01:05:19,155 - INFO - Epoch 103/250
2022-07-06 01:05:19,462 - INFO - The train loss is 0.019567. The valid loss is 0.019512.
2022-07-06 01:05:19,468 - INFO - Epoch 104/250
2022-07-06 01:05:19,776 - INFO - The train loss is 0.019435. The valid loss is 0.019386.
2022-07-06 01:05:19,781 - INFO - Epoch 105/250
2022-07-06 01:05:20,092 - INFO - The train loss is 0.019305. The valid loss is 0.019261.
2022-07-06 01:05:20,097 - INFO - Epoch 106/250
2022-07-06 01:05:20,401 - INFO - The train loss is 0.019207. The valid loss is 0.019137.
2022-07-06 01:05:20,407 - INFO - Epoch 107/250
2022-07-06 01:05:20,716 - INFO - The train loss is 0.019056. The valid loss is 0.019014.
2022-07-06 01:05:20,723 - INFO - Epoch 108/250
2022-07-06 01:05:21,028 - INFO - The train loss is 0.018931. The valid loss is 0.018892.
2022-07-06 01:05:21,032 - INFO - Epoch 109/250
2022-07-06 01:05:21,344 - INFO - The train loss is 0.018810. The valid loss is 0.018771.
2022-07-06 01:05:21,353 - INFO - Epoch 110/250
2022-07-06 01:05:21,662 - INFO - The train loss is 0.018723. The valid loss is 0.018651.
2022-07-06 01:05:21,667 - INFO - Epoch 111/250
2022-07-06 01:05:21,971 - INFO - The train loss is 0.018576. The valid loss is 0.018532.
2022-07-06 01:05:21,977 - INFO - Epoch 112/250
2022-07-06 01:05:22,285 - INFO - The train loss is 0.018458. The valid loss is 0.018413.
2022-07-06 01:05:22,290 - INFO - Epoch 113/250
2022-07-06 01:05:22,596 - INFO - The train loss is 0.018346. The valid loss is 0.018295.
2022-07-06 01:05:22,601 - INFO - Epoch 114/250
2022-07-06 01:05:22,909 - INFO - The train loss is 0.018237. The valid loss is 0.018179.
2022-07-06 01:05:22,914 - INFO - Epoch 115/250
2022-07-06 01:05:23,218 - INFO - The train loss is 0.018144. The valid loss is 0.018062.
2022-07-06 01:05:23,222 - INFO - Epoch 116/250
2022-07-06 01:05:23,526 - INFO - The train loss is 0.018021. The valid loss is 0.017948.
2022-07-06 01:05:23,531 - INFO - Epoch 117/250
2022-07-06 01:05:23,832 - INFO - The train loss is 0.017914. The valid loss is 0.017835.
2022-07-06 01:05:23,837 - INFO - Epoch 118/250
2022-07-06 01:05:24,143 - INFO - The train loss is 0.017790. The valid loss is 0.017722.
2022-07-06 01:05:24,148 - INFO - Epoch 119/250
2022-07-06 01:05:24,465 - INFO - The train loss is 0.017672. The valid loss is 0.017611.
2022-07-06 01:05:24,470 - INFO - Epoch 120/250
2022-07-06 01:05:24,772 - INFO - The train loss is 0.017563. The valid loss is 0.017500.
2022-07-06 01:05:24,778 - INFO - Epoch 121/250
2022-07-06 01:05:25,093 - INFO - The train loss is 0.017479. The valid loss is 0.017389.
2022-07-06 01:05:25,098 - INFO - Epoch 122/250
2022-07-06 01:05:25,397 - INFO - The train loss is 0.017348. The valid loss is 0.017280.
2022-07-06 01:05:25,402 - INFO - Epoch 123/250
2022-07-06 01:05:25,713 - INFO - The train loss is 0.017260. The valid loss is 0.017173.
2022-07-06 01:05:25,719 - INFO - Epoch 124/250
2022-07-06 01:05:26,024 - INFO - The train loss is 0.017143. The valid loss is 0.017065.
2022-07-06 01:05:26,029 - INFO - Epoch 125/250
2022-07-06 01:05:26,340 - INFO - The train loss is 0.017037. The valid loss is 0.016960.
2022-07-06 01:05:26,345 - INFO - Epoch 126/250
2022-07-06 01:05:26,642 - INFO - The train loss is 0.016922. The valid loss is 0.016856.
2022-07-06 01:05:26,647 - INFO - Epoch 127/250
2022-07-06 01:05:26,950 - INFO - The train loss is 0.016853. The valid loss is 0.016751.
2022-07-06 01:05:26,955 - INFO - Epoch 128/250
2022-07-06 01:05:27,277 - INFO - The train loss is 0.016741. The valid loss is 0.016648.
2022-07-06 01:05:27,282 - INFO - Epoch 129/250
2022-07-06 01:05:27,584 - INFO - The train loss is 0.016636. The valid loss is 0.016547.
2022-07-06 01:05:27,589 - INFO - Epoch 130/250
2022-07-06 01:05:27,889 - INFO - The train loss is 0.016555. The valid loss is 0.016448.
2022-07-06 01:05:27,894 - INFO - Epoch 131/250
2022-07-06 01:05:28,200 - INFO - The train loss is 0.016450. The valid loss is 0.016348.
2022-07-06 01:05:28,204 - INFO - Epoch 132/250
2022-07-06 01:05:28,502 - INFO - The train loss is 0.016360. The valid loss is 0.016249.
2022-07-06 01:05:28,507 - INFO - Epoch 133/250
2022-07-06 01:05:28,826 - INFO - The train loss is 0.016233. The valid loss is 0.016153.
2022-07-06 01:05:28,831 - INFO - Epoch 134/250
2022-07-06 01:05:29,132 - INFO - The train loss is 0.016167. The valid loss is 0.016057.
2022-07-06 01:05:29,137 - INFO - Epoch 135/250
2022-07-06 01:05:29,438 - INFO - The train loss is 0.016076. The valid loss is 0.015961.
2022-07-06 01:05:29,442 - INFO - Epoch 136/250
2022-07-06 01:05:29,743 - INFO - The train loss is 0.015987. The valid loss is 0.015867.
2022-07-06 01:05:29,750 - INFO - Epoch 137/250
2022-07-06 01:05:30,046 - INFO - The train loss is 0.015890. The valid loss is 0.015774.
2022-07-06 01:05:30,051 - INFO - Epoch 138/250
2022-07-06 01:05:30,350 - INFO - The train loss is 0.015785. The valid loss is 0.015684.
2022-07-06 01:05:30,355 - INFO - Epoch 139/250
2022-07-06 01:05:30,652 - INFO - The train loss is 0.015716. The valid loss is 0.015592.
2022-07-06 01:05:30,656 - INFO - Epoch 140/250
2022-07-06 01:05:30,955 - INFO - The train loss is 0.015624. The valid loss is 0.015502.
2022-07-06 01:05:30,960 - INFO - Epoch 141/250
2022-07-06 01:05:31,263 - INFO - The train loss is 0.015534. The valid loss is 0.015414.
2022-07-06 01:05:31,267 - INFO - Epoch 142/250
2022-07-06 01:05:31,574 - INFO - The train loss is 0.015450. The valid loss is 0.015328.
2022-07-06 01:05:31,579 - INFO - Epoch 143/250
2022-07-06 01:05:31,886 - INFO - The train loss is 0.015352. The valid loss is 0.015241.
2022-07-06 01:05:31,893 - INFO - Epoch 144/250
2022-07-06 01:05:32,197 - INFO - The train loss is 0.015283. The valid loss is 0.015156.
2022-07-06 01:05:32,201 - INFO - Epoch 145/250
2022-07-06 01:05:32,505 - INFO - The train loss is 0.015224. The valid loss is 0.015073.
2022-07-06 01:05:32,510 - INFO - Epoch 146/250
2022-07-06 01:05:32,819 - INFO - The train loss is 0.015130. The valid loss is 0.014990.
2022-07-06 01:05:32,824 - INFO - Epoch 147/250
2022-07-06 01:05:33,131 - INFO - The train loss is 0.015034. The valid loss is 0.014908.
2022-07-06 01:05:33,135 - INFO - Epoch 148/250
2022-07-06 01:05:33,438 - INFO - The train loss is 0.014949. The valid loss is 0.014828.
2022-07-06 01:05:33,443 - INFO - Epoch 149/250
2022-07-06 01:05:33,747 - INFO - The train loss is 0.014889. The valid loss is 0.014749.
2022-07-06 01:05:33,755 - INFO - Epoch 150/250
2022-07-06 01:05:34,058 - INFO - The train loss is 0.014813. The valid loss is 0.014670.
2022-07-06 01:05:34,062 - INFO - Epoch 151/250
2022-07-06 01:05:34,364 - INFO - The train loss is 0.014729. The valid loss is 0.014594.
2022-07-06 01:05:34,369 - INFO - Epoch 152/250
2022-07-06 01:05:34,672 - INFO - The train loss is 0.014659. The valid loss is 0.014517.
2022-07-06 01:05:34,677 - INFO - Epoch 153/250
2022-07-06 01:05:34,989 - INFO - The train loss is 0.014598. The valid loss is 0.014442.
2022-07-06 01:05:34,994 - INFO - Epoch 154/250
2022-07-06 01:05:35,298 - INFO - The train loss is 0.014526. The valid loss is 0.014368.
2022-07-06 01:05:35,303 - INFO - Epoch 155/250
2022-07-06 01:05:35,608 - INFO - The train loss is 0.014429. The valid loss is 0.014296.
2022-07-06 01:05:35,612 - INFO - Epoch 156/250
2022-07-06 01:05:35,917 - INFO - The train loss is 0.014389. The valid loss is 0.014224.
2022-07-06 01:05:35,921 - INFO - Epoch 157/250
2022-07-06 01:05:36,225 - INFO - The train loss is 0.014313. The valid loss is 0.014152.
2022-07-06 01:05:36,230 - INFO - Epoch 158/250
2022-07-06 01:05:36,532 - INFO - The train loss is 0.014252. The valid loss is 0.014082.
2022-07-06 01:05:36,537 - INFO - Epoch 159/250
2022-07-06 01:05:36,842 - INFO - The train loss is 0.014178. The valid loss is 0.014013.
2022-07-06 01:05:36,847 - INFO - Epoch 160/250
2022-07-06 01:05:37,151 - INFO - The train loss is 0.014121. The valid loss is 0.013945.
2022-07-06 01:05:37,156 - INFO - Epoch 161/250
2022-07-06 01:05:37,459 - INFO - The train loss is 0.014040. The valid loss is 0.013877.
2022-07-06 01:05:37,464 - INFO - Epoch 162/250
2022-07-06 01:05:37,768 - INFO - The train loss is 0.013985. The valid loss is 0.013810.
2022-07-06 01:05:37,773 - INFO - Epoch 163/250
2022-07-06 01:05:38,080 - INFO - The train loss is 0.013909. The valid loss is 0.013745.
2022-07-06 01:05:38,084 - INFO - Epoch 164/250
2022-07-06 01:05:38,390 - INFO - The train loss is 0.013837. The valid loss is 0.013680.
2022-07-06 01:05:38,395 - INFO - Epoch 165/250
2022-07-06 01:05:38,699 - INFO - The train loss is 0.013802. The valid loss is 0.013615.
2022-07-06 01:05:38,704 - INFO - Epoch 166/250
2022-07-06 01:05:39,007 - INFO - The train loss is 0.013747. The valid loss is 0.013552.
2022-07-06 01:05:39,011 - INFO - Epoch 167/250
2022-07-06 01:05:39,309 - INFO - The train loss is 0.013668. The valid loss is 0.013490.
2022-07-06 01:05:39,314 - INFO - Epoch 168/250
2022-07-06 01:05:39,614 - INFO - The train loss is 0.013608. The valid loss is 0.013428.
2022-07-06 01:05:39,619 - INFO - Epoch 169/250
2022-07-06 01:05:39,920 - INFO - The train loss is 0.013544. The valid loss is 0.013367.
2022-07-06 01:05:39,925 - INFO - Epoch 170/250
2022-07-06 01:05:40,228 - INFO - The train loss is 0.013494. The valid loss is 0.013307.
2022-07-06 01:05:40,233 - INFO - Epoch 171/250
2022-07-06 01:05:40,533 - INFO - The train loss is 0.013454. The valid loss is 0.013247.
2022-07-06 01:05:40,537 - INFO - Epoch 172/250
2022-07-06 01:05:40,840 - INFO - The train loss is 0.013395. The valid loss is 0.013188.
2022-07-06 01:05:40,845 - INFO - Epoch 173/250
2022-07-06 01:05:41,140 - INFO - The train loss is 0.013349. The valid loss is 0.013129.
2022-07-06 01:05:41,145 - INFO - Epoch 174/250
2022-07-06 01:05:41,444 - INFO - The train loss is 0.013292. The valid loss is 0.013071.
2022-07-06 01:05:41,449 - INFO - Epoch 175/250
2022-07-06 01:05:41,751 - INFO - The train loss is 0.013212. The valid loss is 0.013015.
2022-07-06 01:05:41,756 - INFO - Epoch 176/250
2022-07-06 01:05:42,058 - INFO - The train loss is 0.013164. The valid loss is 0.012958.
2022-07-06 01:05:42,063 - INFO - Epoch 177/250
2022-07-06 01:05:42,360 - INFO - The train loss is 0.013105. The valid loss is 0.012902.
2022-07-06 01:05:42,365 - INFO - Epoch 178/250
2022-07-06 01:05:42,666 - INFO - The train loss is 0.013056. The valid loss is 0.012847.
2022-07-06 01:05:42,671 - INFO - Epoch 179/250
2022-07-06 01:05:42,968 - INFO - The train loss is 0.013001. The valid loss is 0.012792.
2022-07-06 01:05:42,973 - INFO - Epoch 180/250
2022-07-06 01:05:43,278 - INFO - The train loss is 0.012946. The valid loss is 0.012737.
2022-07-06 01:05:43,282 - INFO - Epoch 181/250
2022-07-06 01:05:43,582 - INFO - The train loss is 0.012876. The valid loss is 0.012683.
2022-07-06 01:05:43,587 - INFO - Epoch 182/250
2022-07-06 01:05:43,887 - INFO - The train loss is 0.012870. The valid loss is 0.012629.
2022-07-06 01:05:43,892 - INFO - Epoch 183/250
2022-07-06 01:05:44,195 - INFO - The train loss is 0.012780. The valid loss is 0.012576.
2022-07-06 01:05:44,200 - INFO - Epoch 184/250
2022-07-06 01:05:44,498 - INFO - The train loss is 0.012746. The valid loss is 0.012524.
2022-07-06 01:05:44,503 - INFO - Epoch 185/250
2022-07-06 01:05:44,807 - INFO - The train loss is 0.012699. The valid loss is 0.012472.
2022-07-06 01:05:44,812 - INFO - Epoch 186/250
2022-07-06 01:05:45,115 - INFO - The train loss is 0.012644. The valid loss is 0.012420.
2022-07-06 01:05:45,120 - INFO - Epoch 187/250
2022-07-06 01:05:45,417 - INFO - The train loss is 0.012594. The valid loss is 0.012369.
2022-07-06 01:05:45,422 - INFO - Epoch 188/250
2022-07-06 01:05:45,722 - INFO - The train loss is 0.012540. The valid loss is 0.012318.
2022-07-06 01:05:45,727 - INFO - Epoch 189/250
2022-07-06 01:05:46,025 - INFO - The train loss is 0.012493. The valid loss is 0.012268.
2022-07-06 01:05:46,030 - INFO - Epoch 190/250
2022-07-06 01:05:46,330 - INFO - The train loss is 0.012456. The valid loss is 0.012218.
2022-07-06 01:05:46,335 - INFO - Epoch 191/250
2022-07-06 01:05:46,634 - INFO - The train loss is 0.012394. The valid loss is 0.012168.
2022-07-06 01:05:46,638 - INFO - Epoch 192/250
2022-07-06 01:05:46,941 - INFO - The train loss is 0.012341. The valid loss is 0.012119.
2022-07-06 01:05:46,946 - INFO - Epoch 193/250
2022-07-06 01:05:47,246 - INFO - The train loss is 0.012316. The valid loss is 0.012070.
2022-07-06 01:05:47,250 - INFO - Epoch 194/250
2022-07-06 01:05:47,549 - INFO - The train loss is 0.012267. The valid loss is 0.012021.
2022-07-06 01:05:47,554 - INFO - Epoch 195/250
2022-07-06 01:05:47,856 - INFO - The train loss is 0.012224. The valid loss is 0.011973.
2022-07-06 01:05:47,861 - INFO - Epoch 196/250
2022-07-06 01:05:48,160 - INFO - The train loss is 0.012165. The valid loss is 0.011925.
2022-07-06 01:05:48,165 - INFO - Epoch 197/250
2022-07-06 01:05:48,464 - INFO - The train loss is 0.012136. The valid loss is 0.011878.
2022-07-06 01:05:48,469 - INFO - Epoch 198/250
2022-07-06 01:05:48,768 - INFO - The train loss is 0.012074. The valid loss is 0.011831.
2022-07-06 01:05:48,773 - INFO - Epoch 199/250
2022-07-06 01:05:49,072 - INFO - The train loss is 0.012039. The valid loss is 0.011784.
2022-07-06 01:05:49,077 - INFO - Epoch 200/250
2022-07-06 01:05:49,377 - INFO - The train loss is 0.012004. The valid loss is 0.011737.
2022-07-06 01:05:49,381 - INFO - Epoch 201/250
2022-07-06 01:05:49,690 - INFO - The train loss is 0.011937. The valid loss is 0.011691.
2022-07-06 01:05:49,695 - INFO - Epoch 202/250
2022-07-06 01:05:49,992 - INFO - The train loss is 0.011886. The valid loss is 0.011645.
2022-07-06 01:05:49,997 - INFO - Epoch 203/250
2022-07-06 01:05:50,298 - INFO - The train loss is 0.011875. The valid loss is 0.011599.
2022-07-06 01:05:50,303 - INFO - Epoch 204/250
2022-07-06 01:05:50,607 - INFO - The train loss is 0.011804. The valid loss is 0.011554.
2022-07-06 01:05:50,612 - INFO - Epoch 205/250
2022-07-06 01:05:50,918 - INFO - The train loss is 0.011791. The valid loss is 0.011509.
2022-07-06 01:05:50,923 - INFO - Epoch 206/250
2022-07-06 01:05:51,222 - INFO - The train loss is 0.011747. The valid loss is 0.011464.
2022-07-06 01:05:51,227 - INFO - Epoch 207/250
2022-07-06 01:05:51,526 - INFO - The train loss is 0.011693. The valid loss is 0.011420.
2022-07-06 01:05:51,530 - INFO - Epoch 208/250
2022-07-06 01:05:51,830 - INFO - The train loss is 0.011641. The valid loss is 0.011375.
2022-07-06 01:05:51,836 - INFO - Epoch 209/250
2022-07-06 01:05:52,135 - INFO - The train loss is 0.011600. The valid loss is 0.011331.
2022-07-06 01:05:52,140 - INFO - Epoch 210/250
2022-07-06 01:05:52,439 - INFO - The train loss is 0.011581. The valid loss is 0.011288.
2022-07-06 01:05:52,444 - INFO - Epoch 211/250
2022-07-06 01:05:52,748 - INFO - The train loss is 0.011517. The valid loss is 0.011244.
2022-07-06 01:05:52,753 - INFO - Epoch 212/250
2022-07-06 01:05:53,055 - INFO - The train loss is 0.011474. The valid loss is 0.011201.
2022-07-06 01:05:53,060 - INFO - Epoch 213/250
2022-07-06 01:05:53,370 - INFO - The train loss is 0.011442. The valid loss is 0.011158.
2022-07-06 01:05:53,375 - INFO - Epoch 214/250
2022-07-06 01:05:53,674 - INFO - The train loss is 0.011389. The valid loss is 0.011116.
2022-07-06 01:05:53,679 - INFO - Epoch 215/250
2022-07-06 01:05:53,982 - INFO - The train loss is 0.011345. The valid loss is 0.011073.
2022-07-06 01:05:53,986 - INFO - Epoch 216/250
2022-07-06 01:05:54,290 - INFO - The train loss is 0.011307. The valid loss is 0.011031.
2022-07-06 01:05:54,295 - INFO - Epoch 217/250
2022-07-06 01:05:54,597 - INFO - The train loss is 0.011273. The valid loss is 0.010989.
2022-07-06 01:05:54,602 - INFO - Epoch 218/250
2022-07-06 01:05:54,900 - INFO - The train loss is 0.011228. The valid loss is 0.010947.
2022-07-06 01:05:54,905 - INFO - Epoch 219/250
2022-07-06 01:05:55,210 - INFO - The train loss is 0.011189. The valid loss is 0.010906.
2022-07-06 01:05:55,214 - INFO - Epoch 220/250
2022-07-06 01:05:55,517 - INFO - The train loss is 0.011145. The valid loss is 0.010864.
2022-07-06 01:05:55,522 - INFO - Epoch 221/250
2022-07-06 01:05:55,828 - INFO - The train loss is 0.011115. The valid loss is 0.010824.
2022-07-06 01:05:55,835 - INFO - Epoch 222/250
2022-07-06 01:05:56,139 - INFO - The train loss is 0.011064. The valid loss is 0.010783.
2022-07-06 01:05:56,143 - INFO - Epoch 223/250
2022-07-06 01:05:56,439 - INFO - The train loss is 0.011042. The valid loss is 0.010742.
2022-07-06 01:05:56,444 - INFO - Epoch 224/250
2022-07-06 01:05:56,746 - INFO - The train loss is 0.010979. The valid loss is 0.010702.
2022-07-06 01:05:56,751 - INFO - Epoch 225/250
2022-07-06 01:05:57,056 - INFO - The train loss is 0.010964. The valid loss is 0.010661.
2022-07-06 01:05:57,060 - INFO - Epoch 226/250
2022-07-06 01:05:57,371 - INFO - The train loss is 0.010902. The valid loss is 0.010621.
2022-07-06 01:05:57,376 - INFO - Epoch 227/250
2022-07-06 01:05:57,676 - INFO - The train loss is 0.010888. The valid loss is 0.010581.
2022-07-06 01:05:57,682 - INFO - Epoch 228/250
2022-07-06 01:05:57,982 - INFO - The train loss is 0.010844. The valid loss is 0.010543.
2022-07-06 01:05:57,987 - INFO - Epoch 229/250
2022-07-06 01:05:58,291 - INFO - The train loss is 0.010796. The valid loss is 0.010503.
2022-07-06 01:05:58,295 - INFO - Epoch 230/250
2022-07-06 01:05:58,597 - INFO - The train loss is 0.010763. The valid loss is 0.010464.
2022-07-06 01:05:58,602 - INFO - Epoch 231/250
2022-07-06 01:05:58,906 - INFO - The train loss is 0.010719. The valid loss is 0.010425.
2022-07-06 01:05:58,910 - INFO - Epoch 232/250
2022-07-06 01:05:59,213 - INFO - The train loss is 0.010681. The valid loss is 0.010386.
2022-07-06 01:05:59,217 - INFO - Epoch 233/250
2022-07-06 01:05:59,522 - INFO - The train loss is 0.010631. The valid loss is 0.010348.
2022-07-06 01:05:59,527 - INFO - Epoch 234/250
2022-07-06 01:05:59,841 - INFO - The train loss is 0.010618. The valid loss is 0.010309.
2022-07-06 01:05:59,846 - INFO - Epoch 235/250
2022-07-06 01:06:00,158 - INFO - The train loss is 0.010570. The valid loss is 0.010271.
2022-07-06 01:06:00,163 - INFO - Epoch 236/250
2022-07-06 01:06:00,471 - INFO - The train loss is 0.010544. The valid loss is 0.010233.
2022-07-06 01:06:00,477 - INFO - Epoch 237/250
2022-07-06 01:06:00,787 - INFO - The train loss is 0.010507. The valid loss is 0.010195.
2022-07-06 01:06:00,792 - INFO - Epoch 238/250
2022-07-06 01:06:01,095 - INFO - The train loss is 0.010469. The valid loss is 0.010158.
2022-07-06 01:06:01,099 - INFO - Epoch 239/250
2022-07-06 01:06:01,406 - INFO - The train loss is 0.010423. The valid loss is 0.010120.
2022-07-06 01:06:01,411 - INFO - Epoch 240/250
2022-07-06 01:06:01,707 - INFO - The train loss is 0.010380. The valid loss is 0.010083.
2022-07-06 01:06:01,712 - INFO - Epoch 241/250
2022-07-06 01:06:02,040 - INFO - The train loss is 0.010366. The valid loss is 0.010046.
2022-07-06 01:06:02,045 - INFO - Epoch 242/250
2022-07-06 01:06:02,352 - INFO - The train loss is 0.010324. The valid loss is 0.010009.
2022-07-06 01:06:02,357 - INFO - Epoch 243/250
2022-07-06 01:06:02,656 - INFO - The train loss is 0.010284. The valid loss is 0.009972.
2022-07-06 01:06:02,661 - INFO - Epoch 244/250
2022-07-06 01:06:02,965 - INFO - The train loss is 0.010258. The valid loss is 0.009936.
2022-07-06 01:06:02,969 - INFO - Epoch 245/250
2022-07-06 01:06:03,263 - INFO - The train loss is 0.010219. The valid loss is 0.009900.
2022-07-06 01:06:03,268 - INFO - Epoch 246/250
2022-07-06 01:06:03,566 - INFO - The train loss is 0.010189. The valid loss is 0.009863.
2022-07-06 01:06:03,571 - INFO - Epoch 247/250
2022-07-06 01:06:03,873 - INFO - The train loss is 0.010146. The valid loss is 0.009828.
2022-07-06 01:06:03,878 - INFO - Epoch 248/250
2022-07-06 01:06:04,182 - INFO - The train loss is 0.010106. The valid loss is 0.009792.
2022-07-06 01:06:04,186 - INFO - Epoch 249/250
2022-07-06 01:06:04,490 - INFO - The train loss is 0.010076. The valid loss is 0.009756.
2022-07-06 01:06:05,443 - ERROR - Run Error
Traceback (most recent call last):
  File "C:/Users/Liu Siwei/Desktop/DCS/Main.py", line 256, in main
    draw(config, data_gainer, logger, pred_result)
  File "C:/Users/Liu Siwei/Desktop/DCS/Main.py", line 223, in draw
    print(label_data.shape())
TypeError: 'tuple' object is not callable
