2022-05-18 10:29:46,573 - INFO - 
Config:
'add_train': False
'batch_size': 501
'continue_flag': ''
'cur_time': '2022_05_18_10_29_46'
'debug_mode': False
'debug_num': 500
'do_continue_train': False
'do_figure_save': False
'do_log_print_to_screen': True
'do_log_save_to_file': True
'do_predict': True
'do_train': True
'do_train_visualized': False
'dropout_rate': 0.1
'epoch': 250
'feature_columns': [1, 2, 3, 4, 5]
'figure_save_path': './figure/'
'hidden_size': 256
'input_size': 5
'label_columns': [4, 5]
'label_in_feature_index': [3, 4]
'learning_rate': 0.0001
'log_save_path': './log/2022_05_18_10_29_46_pytorch/'
'lstm_layers': 2
'model_name': 'model_pytorch.pth'
'model_postfix': {'pytorch': '.pth'
'keras': '.h5'
'tensorflow': '.ckpt'}
'model_save_path': './checkpoint/pytorch/'
'output_size': 2
'patience': 3
'predict_day': 1
'random_seed': 58
'shuffle_train_data': True
'time_step': 167
'train_data_path': './gtau2.3edited.csv'
'train_data_rate': 0.9
'use_cuda': True
'used_frame': 'pytorch'
'valid_data_rate': 0.1
2022-05-18 10:29:50,842 - INFO - Epoch 0/250
2022-05-18 10:29:51,664 - INFO - The train loss is 1.019827. The valid loss is 0.968968.
2022-05-18 10:29:51,671 - INFO - Epoch 1/250
2022-05-18 10:29:51,949 - INFO - The train loss is 1.005330. The valid loss is 0.954863.
2022-05-18 10:29:51,954 - INFO - Epoch 2/250
2022-05-18 10:29:52,239 - INFO - The train loss is 0.990775. The valid loss is 0.940471.
2022-05-18 10:29:52,244 - INFO - Epoch 3/250
2022-05-18 10:29:52,531 - INFO - The train loss is 0.975787. The valid loss is 0.925409.
2022-05-18 10:29:52,536 - INFO - Epoch 4/250
2022-05-18 10:29:52,809 - INFO - The train loss is 0.959923. The valid loss is 0.909252.
2022-05-18 10:29:52,814 - INFO - Epoch 5/250
2022-05-18 10:29:53,095 - INFO - The train loss is 0.942774. The valid loss is 0.891523.
2022-05-18 10:29:53,100 - INFO - Epoch 6/250
2022-05-18 10:29:53,384 - INFO - The train loss is 0.923849. The valid loss is 0.871667.
2022-05-18 10:29:53,389 - INFO - Epoch 7/250
2022-05-18 10:29:53,667 - INFO - The train loss is 0.902459. The valid loss is 0.849003.
2022-05-18 10:29:53,672 - INFO - Epoch 8/250
2022-05-18 10:29:53,955 - INFO - The train loss is 0.877858. The valid loss is 0.822683.
2022-05-18 10:29:53,962 - INFO - Epoch 9/250
2022-05-18 10:29:54,240 - INFO - The train loss is 0.849139. The valid loss is 0.791629.
2022-05-18 10:29:54,244 - INFO - Epoch 10/250
2022-05-18 10:29:54,523 - INFO - The train loss is 0.814919. The valid loss is 0.754458.
2022-05-18 10:29:54,530 - INFO - Epoch 11/250
2022-05-18 10:29:54,816 - INFO - The train loss is 0.773686. The valid loss is 0.709390.
2022-05-18 10:29:54,821 - INFO - Epoch 12/250
2022-05-18 10:29:55,098 - INFO - The train loss is 0.723208. The valid loss is 0.654161.
2022-05-18 10:29:55,105 - INFO - Epoch 13/250
2022-05-18 10:29:55,386 - INFO - The train loss is 0.660938. The valid loss is 0.586015.
2022-05-18 10:29:55,391 - INFO - Epoch 14/250
2022-05-18 10:29:55,669 - INFO - The train loss is 0.583383. The valid loss is 0.502131.
2022-05-18 10:29:55,674 - INFO - Epoch 15/250
2022-05-18 10:29:55,943 - INFO - The train loss is 0.487902. The valid loss is 0.401925.
2022-05-18 10:29:55,949 - INFO - Epoch 16/250
2022-05-18 10:29:56,225 - INFO - The train loss is 0.376423. The valid loss is 0.296017.
2022-05-18 10:29:56,230 - INFO - Epoch 17/250
2022-05-18 10:29:56,511 - INFO - The train loss is 0.272397. The valid loss is 0.223219.
2022-05-18 10:29:56,517 - INFO - Epoch 18/250
2022-05-18 10:29:56,799 - INFO - The train loss is 0.219075. The valid loss is 0.196644.
2022-05-18 10:29:56,805 - INFO - Epoch 19/250
2022-05-18 10:29:57,085 - INFO - The train loss is 0.189585. The valid loss is 0.167617.
2022-05-18 10:29:57,091 - INFO - Epoch 20/250
2022-05-18 10:29:57,376 - INFO - The train loss is 0.154317. The valid loss is 0.137501.
2022-05-18 10:29:57,382 - INFO - Epoch 21/250
2022-05-18 10:29:57,661 - INFO - The train loss is 0.121886. The valid loss is 0.106323.
2022-05-18 10:29:57,666 - INFO - Epoch 22/250
2022-05-18 10:29:57,943 - INFO - The train loss is 0.095067. The valid loss is 0.087917.
2022-05-18 10:29:57,948 - INFO - Epoch 23/250
2022-05-18 10:29:58,227 - INFO - The train loss is 0.081356. The valid loss is 0.078446.
2022-05-18 10:29:58,232 - INFO - Epoch 24/250
2022-05-18 10:29:58,509 - INFO - The train loss is 0.073282. The valid loss is 0.067993.
2022-05-18 10:29:58,515 - INFO - Epoch 25/250
2022-05-18 10:29:58,794 - INFO - The train loss is 0.063533. The valid loss is 0.056169.
2022-05-18 10:29:58,799 - INFO - Epoch 26/250
2022-05-18 10:29:59,075 - INFO - The train loss is 0.053214. The valid loss is 0.047693.
2022-05-18 10:29:59,079 - INFO - Epoch 27/250
2022-05-18 10:29:59,357 - INFO - The train loss is 0.047074. The valid loss is 0.045680.
2022-05-18 10:29:59,362 - INFO - Epoch 28/250
2022-05-18 10:29:59,639 - INFO - The train loss is 0.046267. The valid loss is 0.046359.
2022-05-18 10:29:59,640 - INFO - Epoch 29/250
2022-05-18 10:29:59,922 - INFO - The train loss is 0.046228. The valid loss is 0.045154.
2022-05-18 10:29:59,926 - INFO - Epoch 30/250
2022-05-18 10:30:00,203 - INFO - The train loss is 0.044680. The valid loss is 0.043221.
2022-05-18 10:30:00,209 - INFO - Epoch 31/250
2022-05-18 10:30:00,493 - INFO - The train loss is 0.043092. The valid loss is 0.041743.
2022-05-18 10:30:00,500 - INFO - Epoch 32/250
2022-05-18 10:30:00,777 - INFO - The train loss is 0.041861. The valid loss is 0.040310.
2022-05-18 10:30:00,782 - INFO - Epoch 33/250
2022-05-18 10:30:01,065 - INFO - The train loss is 0.040538. The valid loss is 0.038670.
2022-05-18 10:30:01,070 - INFO - Epoch 34/250
2022-05-18 10:30:01,345 - INFO - The train loss is 0.039002. The valid loss is 0.037146.
2022-05-18 10:30:01,350 - INFO - Epoch 35/250
2022-05-18 10:30:01,625 - INFO - The train loss is 0.037607. The valid loss is 0.036112.
2022-05-18 10:30:01,630 - INFO - Epoch 36/250
2022-05-18 10:30:01,896 - INFO - The train loss is 0.036682. The valid loss is 0.035451.
2022-05-18 10:30:01,902 - INFO - Epoch 37/250
2022-05-18 10:30:02,192 - INFO - The train loss is 0.036037. The valid loss is 0.034844.
2022-05-18 10:30:02,195 - INFO - Epoch 38/250
2022-05-18 10:30:02,474 - INFO - The train loss is 0.035443. The valid loss is 0.034224.
2022-05-18 10:30:02,479 - INFO - Epoch 39/250
2022-05-18 10:30:02,754 - INFO - The train loss is 0.034923. The valid loss is 0.033657.
2022-05-18 10:30:02,759 - INFO - Epoch 40/250
2022-05-18 10:30:03,031 - INFO - The train loss is 0.034435. The valid loss is 0.033156.
2022-05-18 10:30:03,036 - INFO - Epoch 41/250
2022-05-18 10:30:03,309 - INFO - The train loss is 0.033999. The valid loss is 0.032718.
2022-05-18 10:30:03,314 - INFO - Epoch 42/250
2022-05-18 10:30:03,598 - INFO - The train loss is 0.033605. The valid loss is 0.032359.
2022-05-18 10:30:03,606 - INFO - Epoch 43/250
2022-05-18 10:30:03,886 - INFO - The train loss is 0.033231. The valid loss is 0.032083.
2022-05-18 10:30:03,891 - INFO - Epoch 44/250
2022-05-18 10:30:04,164 - INFO - The train loss is 0.032910. The valid loss is 0.031861.
2022-05-18 10:30:04,170 - INFO - Epoch 45/250
2022-05-18 10:30:04,447 - INFO - The train loss is 0.032654. The valid loss is 0.031649.
2022-05-18 10:30:04,452 - INFO - Epoch 46/250
2022-05-18 10:30:04,726 - INFO - The train loss is 0.032479. The valid loss is 0.031423.
2022-05-18 10:30:04,733 - INFO - Epoch 47/250
2022-05-18 10:30:05,004 - INFO - The train loss is 0.032212. The valid loss is 0.031181.
2022-05-18 10:30:05,009 - INFO - Epoch 48/250
2022-05-18 10:30:05,280 - INFO - The train loss is 0.032003. The valid loss is 0.030935.
2022-05-18 10:30:05,284 - INFO - Epoch 49/250
2022-05-18 10:30:05,562 - INFO - The train loss is 0.031772. The valid loss is 0.030697.
2022-05-18 10:30:05,569 - INFO - Epoch 50/250
2022-05-18 10:30:05,844 - INFO - The train loss is 0.031564. The valid loss is 0.030474.
2022-05-18 10:30:05,849 - INFO - Epoch 51/250
2022-05-18 10:30:06,125 - INFO - The train loss is 0.031373. The valid loss is 0.030266.
2022-05-18 10:30:06,130 - INFO - Epoch 52/250
2022-05-18 10:30:06,398 - INFO - The train loss is 0.031217. The valid loss is 0.030068.
2022-05-18 10:30:06,403 - INFO - Epoch 53/250
2022-05-18 10:30:06,680 - INFO - The train loss is 0.030976. The valid loss is 0.029871.
2022-05-18 10:30:06,685 - INFO - Epoch 54/250
2022-05-18 10:30:06,960 - INFO - The train loss is 0.030781. The valid loss is 0.029673.
2022-05-18 10:30:06,965 - INFO - Epoch 55/250
2022-05-18 10:30:07,234 - INFO - The train loss is 0.030616. The valid loss is 0.029475.
2022-05-18 10:30:07,239 - INFO - Epoch 56/250
2022-05-18 10:30:07,510 - INFO - The train loss is 0.030412. The valid loss is 0.029280.
2022-05-18 10:30:07,515 - INFO - Epoch 57/250
2022-05-18 10:30:07,785 - INFO - The train loss is 0.030230. The valid loss is 0.029091.
2022-05-18 10:30:07,789 - INFO - Epoch 58/250
2022-05-18 10:30:08,061 - INFO - The train loss is 0.030060. The valid loss is 0.028909.
2022-05-18 10:30:08,066 - INFO - Epoch 59/250
2022-05-18 10:30:08,339 - INFO - The train loss is 0.029844. The valid loss is 0.028730.
2022-05-18 10:30:08,344 - INFO - Epoch 60/250
2022-05-18 10:30:08,619 - INFO - The train loss is 0.029690. The valid loss is 0.028551.
2022-05-18 10:30:08,625 - INFO - Epoch 61/250
2022-05-18 10:30:08,901 - INFO - The train loss is 0.029541. The valid loss is 0.028372.
2022-05-18 10:30:08,905 - INFO - Epoch 62/250
2022-05-18 10:30:09,182 - INFO - The train loss is 0.029369. The valid loss is 0.028194.
2022-05-18 10:30:09,188 - INFO - Epoch 63/250
2022-05-18 10:30:09,465 - INFO - The train loss is 0.029203. The valid loss is 0.028021.
2022-05-18 10:30:09,470 - INFO - Epoch 64/250
2022-05-18 10:30:09,745 - INFO - The train loss is 0.029011. The valid loss is 0.027852.
2022-05-18 10:30:09,750 - INFO - Epoch 65/250
2022-05-18 10:30:10,026 - INFO - The train loss is 0.028826. The valid loss is 0.027686.
2022-05-18 10:30:10,030 - INFO - Epoch 66/250
2022-05-18 10:30:10,313 - INFO - The train loss is 0.028685. The valid loss is 0.027521.
2022-05-18 10:30:10,319 - INFO - Epoch 67/250
2022-05-18 10:30:10,606 - INFO - The train loss is 0.028536. The valid loss is 0.027358.
2022-05-18 10:30:10,611 - INFO - Epoch 68/250
2022-05-18 10:30:10,891 - INFO - The train loss is 0.028387. The valid loss is 0.027198.
2022-05-18 10:30:10,896 - INFO - Epoch 69/250
2022-05-18 10:30:11,180 - INFO - The train loss is 0.028191. The valid loss is 0.027042.
2022-05-18 10:30:11,185 - INFO - Epoch 70/250
2022-05-18 10:30:11,461 - INFO - The train loss is 0.028092. The valid loss is 0.026885.
2022-05-18 10:30:11,467 - INFO - Epoch 71/250
2022-05-18 10:30:11,747 - INFO - The train loss is 0.027904. The valid loss is 0.026731.
2022-05-18 10:30:11,751 - INFO - Epoch 72/250
2022-05-18 10:30:12,025 - INFO - The train loss is 0.027749. The valid loss is 0.026577.
2022-05-18 10:30:12,032 - INFO - Epoch 73/250
2022-05-18 10:30:12,326 - INFO - The train loss is 0.027604. The valid loss is 0.026426.
2022-05-18 10:30:12,332 - INFO - Epoch 74/250
2022-05-18 10:30:12,606 - INFO - The train loss is 0.027430. The valid loss is 0.026279.
2022-05-18 10:30:12,612 - INFO - Epoch 75/250
2022-05-18 10:30:12,898 - INFO - The train loss is 0.027310. The valid loss is 0.026134.
2022-05-18 10:30:12,903 - INFO - Epoch 76/250
2022-05-18 10:30:13,192 - INFO - The train loss is 0.027177. The valid loss is 0.025989.
2022-05-18 10:30:13,198 - INFO - Epoch 77/250
2022-05-18 10:30:13,491 - INFO - The train loss is 0.027026. The valid loss is 0.025844.
2022-05-18 10:30:13,497 - INFO - Epoch 78/250
2022-05-18 10:30:13,772 - INFO - The train loss is 0.026880. The valid loss is 0.025700.
2022-05-18 10:30:13,778 - INFO - Epoch 79/250
2022-05-18 10:30:14,063 - INFO - The train loss is 0.026777. The valid loss is 0.025559.
2022-05-18 10:30:14,069 - INFO - Epoch 80/250
2022-05-18 10:30:14,347 - INFO - The train loss is 0.026585. The valid loss is 0.025419.
2022-05-18 10:30:14,352 - INFO - Epoch 81/250
2022-05-18 10:30:14,629 - INFO - The train loss is 0.026478. The valid loss is 0.025281.
2022-05-18 10:30:14,634 - INFO - Epoch 82/250
2022-05-18 10:30:14,916 - INFO - The train loss is 0.026348. The valid loss is 0.025146.
2022-05-18 10:30:14,921 - INFO - Epoch 83/250
2022-05-18 10:30:15,192 - INFO - The train loss is 0.026160. The valid loss is 0.025013.
2022-05-18 10:30:15,197 - INFO - Epoch 84/250
2022-05-18 10:30:15,486 - INFO - The train loss is 0.026016. The valid loss is 0.024879.
2022-05-18 10:30:15,492 - INFO - Epoch 85/250
2022-05-18 10:30:15,766 - INFO - The train loss is 0.025924. The valid loss is 0.024743.
2022-05-18 10:30:15,771 - INFO - Epoch 86/250
2022-05-18 10:30:16,058 - INFO - The train loss is 0.025820. The valid loss is 0.024609.
2022-05-18 10:30:16,065 - INFO - Epoch 87/250
2022-05-18 10:30:16,352 - INFO - The train loss is 0.025640. The valid loss is 0.024479.
2022-05-18 10:30:16,358 - INFO - Epoch 88/250
2022-05-18 10:30:16,632 - INFO - The train loss is 0.025556. The valid loss is 0.024351.
2022-05-18 10:30:16,637 - INFO - Epoch 89/250
2022-05-18 10:30:16,909 - INFO - The train loss is 0.025368. The valid loss is 0.024222.
2022-05-18 10:30:16,914 - INFO - Epoch 90/250
2022-05-18 10:30:17,193 - INFO - The train loss is 0.025278. The valid loss is 0.024092.
2022-05-18 10:30:17,199 - INFO - Epoch 91/250
2022-05-18 10:30:17,478 - INFO - The train loss is 0.025117. The valid loss is 0.023965.
2022-05-18 10:30:17,485 - INFO - Epoch 92/250
2022-05-18 10:30:17,772 - INFO - The train loss is 0.025038. The valid loss is 0.023840.
2022-05-18 10:30:17,777 - INFO - Epoch 93/250
2022-05-18 10:30:18,066 - INFO - The train loss is 0.024886. The valid loss is 0.023716.
2022-05-18 10:30:18,071 - INFO - Epoch 94/250
2022-05-18 10:30:18,347 - INFO - The train loss is 0.024750. The valid loss is 0.023592.
2022-05-18 10:30:18,353 - INFO - Epoch 95/250
2022-05-18 10:30:18,625 - INFO - The train loss is 0.024655. The valid loss is 0.023469.
2022-05-18 10:30:18,631 - INFO - Epoch 96/250
2022-05-18 10:30:18,914 - INFO - The train loss is 0.024500. The valid loss is 0.023348.
2022-05-18 10:30:18,919 - INFO - Epoch 97/250
2022-05-18 10:30:19,212 - INFO - The train loss is 0.024410. The valid loss is 0.023226.
2022-05-18 10:30:19,218 - INFO - Epoch 98/250
2022-05-18 10:30:19,529 - INFO - The train loss is 0.024248. The valid loss is 0.023106.
2022-05-18 10:30:19,534 - INFO - Epoch 99/250
2022-05-18 10:30:19,809 - INFO - The train loss is 0.024146. The valid loss is 0.022987.
2022-05-18 10:30:19,814 - INFO - Epoch 100/250
2022-05-18 10:30:20,093 - INFO - The train loss is 0.024049. The valid loss is 0.022869.
2022-05-18 10:30:20,099 - INFO - Epoch 101/250
2022-05-18 10:30:20,385 - INFO - The train loss is 0.023903. The valid loss is 0.022751.
2022-05-18 10:30:20,390 - INFO - Epoch 102/250
2022-05-18 10:30:20,670 - INFO - The train loss is 0.023791. The valid loss is 0.022633.
2022-05-18 10:30:20,675 - INFO - Epoch 103/250
2022-05-18 10:30:20,953 - INFO - The train loss is 0.023699. The valid loss is 0.022517.
2022-05-18 10:30:20,958 - INFO - Epoch 104/250
2022-05-18 10:30:21,241 - INFO - The train loss is 0.023567. The valid loss is 0.022402.
2022-05-18 10:30:21,245 - INFO - Epoch 105/250
2022-05-18 10:30:21,529 - INFO - The train loss is 0.023464. The valid loss is 0.022287.
2022-05-18 10:30:21,534 - INFO - Epoch 106/250
2022-05-18 10:30:21,812 - INFO - The train loss is 0.023370. The valid loss is 0.022173.
2022-05-18 10:30:21,817 - INFO - Epoch 107/250
2022-05-18 10:30:22,100 - INFO - The train loss is 0.023230. The valid loss is 0.022060.
2022-05-18 10:30:22,105 - INFO - Epoch 108/250
2022-05-18 10:30:22,382 - INFO - The train loss is 0.023110. The valid loss is 0.021948.
2022-05-18 10:30:22,388 - INFO - Epoch 109/250
2022-05-18 10:30:22,672 - INFO - The train loss is 0.022971. The valid loss is 0.021836.
2022-05-18 10:30:22,677 - INFO - Epoch 110/250
2022-05-18 10:30:22,957 - INFO - The train loss is 0.022875. The valid loss is 0.021724.
2022-05-18 10:30:22,962 - INFO - Epoch 111/250
2022-05-18 10:30:23,248 - INFO - The train loss is 0.022738. The valid loss is 0.021614.
2022-05-18 10:30:23,252 - INFO - Epoch 112/250
2022-05-18 10:30:23,540 - INFO - The train loss is 0.022657. The valid loss is 0.021504.
2022-05-18 10:30:23,545 - INFO - Epoch 113/250
2022-05-18 10:30:23,828 - INFO - The train loss is 0.022529. The valid loss is 0.021396.
2022-05-18 10:30:23,833 - INFO - Epoch 114/250
2022-05-18 10:30:24,114 - INFO - The train loss is 0.022426. The valid loss is 0.021289.
2022-05-18 10:30:24,120 - INFO - Epoch 115/250
2022-05-18 10:30:24,414 - INFO - The train loss is 0.022300. The valid loss is 0.021181.
2022-05-18 10:30:24,419 - INFO - Epoch 116/250
2022-05-18 10:30:24,703 - INFO - The train loss is 0.022194. The valid loss is 0.021074.
2022-05-18 10:30:24,708 - INFO - Epoch 117/250
2022-05-18 10:30:24,995 - INFO - The train loss is 0.022103. The valid loss is 0.020968.
2022-05-18 10:30:25,000 - INFO - Epoch 118/250
2022-05-18 10:30:25,285 - INFO - The train loss is 0.021999. The valid loss is 0.020863.
2022-05-18 10:30:25,290 - INFO - Epoch 119/250
2022-05-18 10:30:25,572 - INFO - The train loss is 0.021897. The valid loss is 0.020758.
2022-05-18 10:30:25,580 - INFO - Epoch 120/250
2022-05-18 10:30:25,863 - INFO - The train loss is 0.021772. The valid loss is 0.020653.
2022-05-18 10:30:25,868 - INFO - Epoch 121/250
2022-05-18 10:30:26,141 - INFO - The train loss is 0.021678. The valid loss is 0.020548.
2022-05-18 10:30:26,146 - INFO - Epoch 122/250
2022-05-18 10:30:26,426 - INFO - The train loss is 0.021599. The valid loss is 0.020445.
2022-05-18 10:30:26,431 - INFO - Epoch 123/250
2022-05-18 10:30:26,720 - INFO - The train loss is 0.021481. The valid loss is 0.020345.
2022-05-18 10:30:26,725 - INFO - Epoch 124/250
2022-05-18 10:30:27,011 - INFO - The train loss is 0.021377. The valid loss is 0.020245.
2022-05-18 10:30:27,016 - INFO - Epoch 125/250
2022-05-18 10:30:27,303 - INFO - The train loss is 0.021304. The valid loss is 0.020143.
2022-05-18 10:30:27,308 - INFO - Epoch 126/250
2022-05-18 10:30:27,593 - INFO - The train loss is 0.021156. The valid loss is 0.020041.
2022-05-18 10:30:27,600 - INFO - Epoch 127/250
2022-05-18 10:30:27,886 - INFO - The train loss is 0.021042. The valid loss is 0.019942.
2022-05-18 10:30:27,891 - INFO - Epoch 128/250
2022-05-18 10:30:28,175 - INFO - The train loss is 0.020938. The valid loss is 0.019844.
2022-05-18 10:30:28,180 - INFO - Epoch 129/250
2022-05-18 10:30:28,470 - INFO - The train loss is 0.020868. The valid loss is 0.019745.
2022-05-18 10:30:28,475 - INFO - Epoch 130/250
2022-05-18 10:30:28,760 - INFO - The train loss is 0.020755. The valid loss is 0.019648.
2022-05-18 10:30:28,765 - INFO - Epoch 131/250
2022-05-18 10:30:29,046 - INFO - The train loss is 0.020657. The valid loss is 0.019551.
2022-05-18 10:30:29,051 - INFO - Epoch 132/250
2022-05-18 10:30:29,344 - INFO - The train loss is 0.020569. The valid loss is 0.019455.
2022-05-18 10:30:29,349 - INFO - Epoch 133/250
2022-05-18 10:30:29,643 - INFO - The train loss is 0.020452. The valid loss is 0.019359.
2022-05-18 10:30:29,649 - INFO - Epoch 134/250
2022-05-18 10:30:29,930 - INFO - The train loss is 0.020388. The valid loss is 0.019262.
2022-05-18 10:30:29,935 - INFO - Epoch 135/250
2022-05-18 10:30:30,221 - INFO - The train loss is 0.020283. The valid loss is 0.019167.
2022-05-18 10:30:30,226 - INFO - Epoch 136/250
2022-05-18 10:30:30,508 - INFO - The train loss is 0.020152. The valid loss is 0.019072.
2022-05-18 10:30:30,512 - INFO - Epoch 137/250
2022-05-18 10:30:30,795 - INFO - The train loss is 0.020094. The valid loss is 0.018980.
2022-05-18 10:30:30,801 - INFO - Epoch 138/250
2022-05-18 10:30:31,082 - INFO - The train loss is 0.019997. The valid loss is 0.018888.
2022-05-18 10:30:31,089 - INFO - Epoch 139/250
2022-05-18 10:30:31,371 - INFO - The train loss is 0.019906. The valid loss is 0.018795.
2022-05-18 10:30:31,376 - INFO - Epoch 140/250
2022-05-18 10:30:31,657 - INFO - The train loss is 0.019832. The valid loss is 0.018702.
2022-05-18 10:30:31,662 - INFO - Epoch 141/250
2022-05-18 10:30:31,942 - INFO - The train loss is 0.019708. The valid loss is 0.018609.
2022-05-18 10:30:31,947 - INFO - Epoch 142/250
2022-05-18 10:30:32,225 - INFO - The train loss is 0.019617. The valid loss is 0.018518.
2022-05-18 10:30:32,230 - INFO - Epoch 143/250
2022-05-18 10:30:32,511 - INFO - The train loss is 0.019516. The valid loss is 0.018429.
2022-05-18 10:30:32,516 - INFO - Epoch 144/250
2022-05-18 10:30:32,800 - INFO - The train loss is 0.019420. The valid loss is 0.018340.
2022-05-18 10:30:32,806 - INFO - Epoch 145/250
2022-05-18 10:30:33,089 - INFO - The train loss is 0.019336. The valid loss is 0.018250.
2022-05-18 10:30:33,094 - INFO - Epoch 146/250
2022-05-18 10:30:33,379 - INFO - The train loss is 0.019228. The valid loss is 0.018161.
2022-05-18 10:30:33,384 - INFO - Epoch 147/250
2022-05-18 10:30:33,665 - INFO - The train loss is 0.019145. The valid loss is 0.018073.
2022-05-18 10:30:33,670 - INFO - Epoch 148/250
2022-05-18 10:30:33,949 - INFO - The train loss is 0.019088. The valid loss is 0.017985.
2022-05-18 10:30:33,954 - INFO - Epoch 149/250
2022-05-18 10:30:34,240 - INFO - The train loss is 0.018959. The valid loss is 0.017897.
2022-05-18 10:30:34,245 - INFO - Epoch 150/250
2022-05-18 10:30:34,530 - INFO - The train loss is 0.018876. The valid loss is 0.017811.
2022-05-18 10:30:34,536 - INFO - Epoch 151/250
2022-05-18 10:30:34,814 - INFO - The train loss is 0.018780. The valid loss is 0.017726.
2022-05-18 10:30:34,821 - INFO - Epoch 152/250
2022-05-18 10:30:35,108 - INFO - The train loss is 0.018742. The valid loss is 0.017640.
2022-05-18 10:30:35,113 - INFO - Epoch 153/250
2022-05-18 10:30:35,394 - INFO - The train loss is 0.018630. The valid loss is 0.017554.
2022-05-18 10:30:35,405 - INFO - Epoch 154/250
2022-05-18 10:30:35,684 - INFO - The train loss is 0.018527. The valid loss is 0.017469.
2022-05-18 10:30:35,689 - INFO - Epoch 155/250
2022-05-18 10:30:35,973 - INFO - The train loss is 0.018453. The valid loss is 0.017385.
2022-05-18 10:30:35,978 - INFO - Epoch 156/250
2022-05-18 10:30:36,266 - INFO - The train loss is 0.018346. The valid loss is 0.017302.
2022-05-18 10:30:36,271 - INFO - Epoch 157/250
2022-05-18 10:30:36,546 - INFO - The train loss is 0.018303. The valid loss is 0.017220.
2022-05-18 10:30:36,550 - INFO - Epoch 158/250
2022-05-18 10:30:36,835 - INFO - The train loss is 0.018205. The valid loss is 0.017137.
2022-05-18 10:30:36,840 - INFO - Epoch 159/250
2022-05-18 10:30:37,133 - INFO - The train loss is 0.018146. The valid loss is 0.017054.
2022-05-18 10:30:37,138 - INFO - Epoch 160/250
2022-05-18 10:30:37,421 - INFO - The train loss is 0.018043. The valid loss is 0.016972.
2022-05-18 10:30:37,426 - INFO - Epoch 161/250
2022-05-18 10:30:37,707 - INFO - The train loss is 0.017977. The valid loss is 0.016893.
2022-05-18 10:30:37,711 - INFO - Epoch 162/250
2022-05-18 10:30:37,999 - INFO - The train loss is 0.017885. The valid loss is 0.016813.
2022-05-18 10:30:38,004 - INFO - Epoch 163/250
2022-05-18 10:30:38,286 - INFO - The train loss is 0.017765. The valid loss is 0.016733.
2022-05-18 10:30:38,291 - INFO - Epoch 164/250
2022-05-18 10:30:38,572 - INFO - The train loss is 0.017695. The valid loss is 0.016654.
2022-05-18 10:30:38,578 - INFO - Epoch 165/250
2022-05-18 10:30:38,857 - INFO - The train loss is 0.017632. The valid loss is 0.016576.
2022-05-18 10:30:38,862 - INFO - Epoch 166/250
2022-05-18 10:30:39,145 - INFO - The train loss is 0.017550. The valid loss is 0.016498.
2022-05-18 10:30:39,150 - INFO - Epoch 167/250
2022-05-18 10:30:39,431 - INFO - The train loss is 0.017495. The valid loss is 0.016420.
2022-05-18 10:30:39,436 - INFO - Epoch 168/250
2022-05-18 10:30:39,717 - INFO - The train loss is 0.017398. The valid loss is 0.016343.
2022-05-18 10:30:39,722 - INFO - Epoch 169/250
2022-05-18 10:30:40,013 - INFO - The train loss is 0.017302. The valid loss is 0.016267.
2022-05-18 10:30:40,018 - INFO - Epoch 170/250
2022-05-18 10:30:40,306 - INFO - The train loss is 0.017231. The valid loss is 0.016192.
2022-05-18 10:30:40,312 - INFO - Epoch 171/250
2022-05-18 10:30:40,589 - INFO - The train loss is 0.017157. The valid loss is 0.016116.
2022-05-18 10:30:40,595 - INFO - Epoch 172/250
2022-05-18 10:30:40,879 - INFO - The train loss is 0.017085. The valid loss is 0.016041.
2022-05-18 10:30:40,883 - INFO - Epoch 173/250
2022-05-18 10:30:41,171 - INFO - The train loss is 0.016998. The valid loss is 0.015968.
2022-05-18 10:30:41,176 - INFO - Epoch 174/250
2022-05-18 10:30:41,455 - INFO - The train loss is 0.016951. The valid loss is 0.015895.
2022-05-18 10:30:41,460 - INFO - Epoch 175/250
2022-05-18 10:30:41,740 - INFO - The train loss is 0.016879. The valid loss is 0.015822.
2022-05-18 10:30:41,746 - INFO - Epoch 176/250
2022-05-18 10:30:42,055 - INFO - The train loss is 0.016773. The valid loss is 0.015749.
2022-05-18 10:30:42,060 - INFO - Epoch 177/250
2022-05-18 10:30:42,339 - INFO - The train loss is 0.016701. The valid loss is 0.015677.
2022-05-18 10:30:42,344 - INFO - Epoch 178/250
2022-05-18 10:30:42,629 - INFO - The train loss is 0.016653. The valid loss is 0.015607.
2022-05-18 10:30:42,634 - INFO - Epoch 179/250
2022-05-18 10:30:42,916 - INFO - The train loss is 0.016561. The valid loss is 0.015537.
2022-05-18 10:30:42,920 - INFO - Epoch 180/250
2022-05-18 10:30:43,205 - INFO - The train loss is 0.016494. The valid loss is 0.015468.
2022-05-18 10:30:43,210 - INFO - Epoch 181/250
2022-05-18 10:30:43,493 - INFO - The train loss is 0.016400. The valid loss is 0.015399.
2022-05-18 10:30:43,498 - INFO - Epoch 182/250
2022-05-18 10:30:43,780 - INFO - The train loss is 0.016350. The valid loss is 0.015330.
2022-05-18 10:30:43,784 - INFO - Epoch 183/250
2022-05-18 10:30:44,065 - INFO - The train loss is 0.016284. The valid loss is 0.015262.
2022-05-18 10:30:44,070 - INFO - Epoch 184/250
2022-05-18 10:30:44,354 - INFO - The train loss is 0.016208. The valid loss is 0.015195.
2022-05-18 10:30:44,359 - INFO - Epoch 185/250
2022-05-18 10:30:44,642 - INFO - The train loss is 0.016131. The valid loss is 0.015128.
2022-05-18 10:30:44,647 - INFO - Epoch 186/250
2022-05-18 10:30:44,928 - INFO - The train loss is 0.016075. The valid loss is 0.015063.
2022-05-18 10:30:44,933 - INFO - Epoch 187/250
2022-05-18 10:30:45,217 - INFO - The train loss is 0.016011. The valid loss is 0.014997.
2022-05-18 10:30:45,222 - INFO - Epoch 188/250
2022-05-18 10:30:45,500 - INFO - The train loss is 0.015941. The valid loss is 0.014932.
2022-05-18 10:30:45,504 - INFO - Epoch 189/250
2022-05-18 10:30:45,789 - INFO - The train loss is 0.015902. The valid loss is 0.014868.
2022-05-18 10:30:45,794 - INFO - Epoch 190/250
2022-05-18 10:30:46,078 - INFO - The train loss is 0.015842. The valid loss is 0.014805.
2022-05-18 10:30:46,097 - INFO - Epoch 191/250
2022-05-18 10:30:46,378 - INFO - The train loss is 0.015763. The valid loss is 0.014742.
2022-05-18 10:30:46,383 - INFO - Epoch 192/250
2022-05-18 10:30:46,665 - INFO - The train loss is 0.015663. The valid loss is 0.014680.
2022-05-18 10:30:46,670 - INFO - Epoch 193/250
2022-05-18 10:30:46,952 - INFO - The train loss is 0.015630. The valid loss is 0.014618.
2022-05-18 10:30:46,957 - INFO - Epoch 194/250
2022-05-18 10:30:47,238 - INFO - The train loss is 0.015561. The valid loss is 0.014558.
2022-05-18 10:30:47,242 - INFO - Epoch 195/250
2022-05-18 10:30:47,528 - INFO - The train loss is 0.015515. The valid loss is 0.014498.
2022-05-18 10:30:47,533 - INFO - Epoch 196/250
2022-05-18 10:30:47,814 - INFO - The train loss is 0.015424. The valid loss is 0.014439.
2022-05-18 10:30:47,819 - INFO - Epoch 197/250
2022-05-18 10:30:48,114 - INFO - The train loss is 0.015370. The valid loss is 0.014380.
2022-05-18 10:30:48,119 - INFO - Epoch 198/250
2022-05-18 10:30:48,408 - INFO - The train loss is 0.015315. The valid loss is 0.014321.
2022-05-18 10:30:48,412 - INFO - Epoch 199/250
2022-05-18 10:30:48,692 - INFO - The train loss is 0.015247. The valid loss is 0.014263.
2022-05-18 10:30:48,697 - INFO - Epoch 200/250
2022-05-18 10:30:48,978 - INFO - The train loss is 0.015200. The valid loss is 0.014206.
2022-05-18 10:30:48,986 - INFO - Epoch 201/250
2022-05-18 10:30:49,269 - INFO - The train loss is 0.015172. The valid loss is 0.014149.
2022-05-18 10:30:49,273 - INFO - Epoch 202/250
2022-05-18 10:30:49,560 - INFO - The train loss is 0.015087. The valid loss is 0.014094.
2022-05-18 10:30:49,565 - INFO - Epoch 203/250
2022-05-18 10:30:49,848 - INFO - The train loss is 0.015041. The valid loss is 0.014038.
2022-05-18 10:30:49,853 - INFO - Epoch 204/250
2022-05-18 10:30:50,134 - INFO - The train loss is 0.014978. The valid loss is 0.013984.
2022-05-18 10:30:50,140 - INFO - Epoch 205/250
2022-05-18 10:30:50,422 - INFO - The train loss is 0.014924. The valid loss is 0.013930.
2022-05-18 10:30:50,427 - INFO - Epoch 206/250
2022-05-18 10:30:50,707 - INFO - The train loss is 0.014864. The valid loss is 0.013876.
2022-05-18 10:30:50,714 - INFO - Epoch 207/250
2022-05-18 10:30:50,999 - INFO - The train loss is 0.014797. The valid loss is 0.013823.
2022-05-18 10:30:51,007 - INFO - Epoch 208/250
2022-05-18 10:30:51,293 - INFO - The train loss is 0.014726. The valid loss is 0.013771.
2022-05-18 10:30:51,298 - INFO - Epoch 209/250
2022-05-18 10:30:51,580 - INFO - The train loss is 0.014705. The valid loss is 0.013718.
2022-05-18 10:30:51,585 - INFO - Epoch 210/250
2022-05-18 10:30:51,872 - INFO - The train loss is 0.014627. The valid loss is 0.013668.
2022-05-18 10:30:51,877 - INFO - Epoch 211/250
2022-05-18 10:30:52,162 - INFO - The train loss is 0.014589. The valid loss is 0.013617.
2022-05-18 10:30:52,168 - INFO - Epoch 212/250
2022-05-18 10:30:52,453 - INFO - The train loss is 0.014534. The valid loss is 0.013566.
2022-05-18 10:30:52,458 - INFO - Epoch 213/250
2022-05-18 10:30:52,743 - INFO - The train loss is 0.014485. The valid loss is 0.013516.
2022-05-18 10:30:52,750 - INFO - Epoch 214/250
2022-05-18 10:30:53,037 - INFO - The train loss is 0.014434. The valid loss is 0.013468.
2022-05-18 10:30:53,042 - INFO - Epoch 215/250
2022-05-18 10:30:53,326 - INFO - The train loss is 0.014387. The valid loss is 0.013418.
2022-05-18 10:30:53,330 - INFO - Epoch 216/250
2022-05-18 10:30:53,617 - INFO - The train loss is 0.014339. The valid loss is 0.013370.
2022-05-18 10:30:53,622 - INFO - Epoch 217/250
2022-05-18 10:30:53,901 - INFO - The train loss is 0.014295. The valid loss is 0.013322.
2022-05-18 10:30:53,907 - INFO - Epoch 218/250
2022-05-18 10:30:54,191 - INFO - The train loss is 0.014261. The valid loss is 0.013274.
2022-05-18 10:30:54,196 - INFO - Epoch 219/250
2022-05-18 10:30:54,479 - INFO - The train loss is 0.014175. The valid loss is 0.013227.
2022-05-18 10:30:54,483 - INFO - Epoch 220/250
2022-05-18 10:30:54,763 - INFO - The train loss is 0.014144. The valid loss is 0.013180.
2022-05-18 10:30:54,769 - INFO - Epoch 221/250
2022-05-18 10:30:55,054 - INFO - The train loss is 0.014086. The valid loss is 0.013134.
2022-05-18 10:30:55,059 - INFO - Epoch 222/250
2022-05-18 10:30:55,344 - INFO - The train loss is 0.014061. The valid loss is 0.013089.
2022-05-18 10:30:55,349 - INFO - Epoch 223/250
2022-05-18 10:30:55,628 - INFO - The train loss is 0.013997. The valid loss is 0.013043.
2022-05-18 10:30:55,633 - INFO - Epoch 224/250
2022-05-18 10:30:55,917 - INFO - The train loss is 0.013938. The valid loss is 0.012998.
2022-05-18 10:30:55,922 - INFO - Epoch 225/250
2022-05-18 10:30:56,209 - INFO - The train loss is 0.013910. The valid loss is 0.012953.
2022-05-18 10:30:56,213 - INFO - Epoch 226/250
2022-05-18 10:30:56,494 - INFO - The train loss is 0.013858. The valid loss is 0.012909.
2022-05-18 10:30:56,500 - INFO - Epoch 227/250
2022-05-18 10:30:56,785 - INFO - The train loss is 0.013787. The valid loss is 0.012865.
2022-05-18 10:30:56,790 - INFO - Epoch 228/250
2022-05-18 10:30:57,070 - INFO - The train loss is 0.013764. The valid loss is 0.012821.
2022-05-18 10:30:57,079 - INFO - Epoch 229/250
2022-05-18 10:30:57,362 - INFO - The train loss is 0.013711. The valid loss is 0.012778.
2022-05-18 10:30:57,367 - INFO - Epoch 230/250
2022-05-18 10:30:57,655 - INFO - The train loss is 0.013671. The valid loss is 0.012735.
2022-05-18 10:30:57,660 - INFO - Epoch 231/250
2022-05-18 10:30:57,945 - INFO - The train loss is 0.013639. The valid loss is 0.012693.
2022-05-18 10:30:57,950 - INFO - Epoch 232/250
2022-05-18 10:30:58,228 - INFO - The train loss is 0.013584. The valid loss is 0.012651.
2022-05-18 10:30:58,234 - INFO - Epoch 233/250
2022-05-18 10:30:58,522 - INFO - The train loss is 0.013561. The valid loss is 0.012608.
2022-05-18 10:30:58,527 - INFO - Epoch 234/250
2022-05-18 10:30:58,812 - INFO - The train loss is 0.013522. The valid loss is 0.012567.
2022-05-18 10:30:58,817 - INFO - Epoch 235/250
2022-05-18 10:30:59,104 - INFO - The train loss is 0.013470. The valid loss is 0.012526.
2022-05-18 10:30:59,110 - INFO - Epoch 236/250
2022-05-18 10:30:59,395 - INFO - The train loss is 0.013437. The valid loss is 0.012485.
2022-05-18 10:30:59,400 - INFO - Epoch 237/250
2022-05-18 10:30:59,681 - INFO - The train loss is 0.013371. The valid loss is 0.012444.
2022-05-18 10:30:59,689 - INFO - Epoch 238/250
2022-05-18 10:30:59,975 - INFO - The train loss is 0.013358. The valid loss is 0.012404.
2022-05-18 10:30:59,980 - INFO - Epoch 239/250
2022-05-18 10:31:00,264 - INFO - The train loss is 0.013291. The valid loss is 0.012364.
2022-05-18 10:31:00,268 - INFO - Epoch 240/250
2022-05-18 10:31:00,554 - INFO - The train loss is 0.013264. The valid loss is 0.012324.
2022-05-18 10:31:00,559 - INFO - Epoch 241/250
2022-05-18 10:31:00,849 - INFO - The train loss is 0.013211. The valid loss is 0.012284.
2022-05-18 10:31:00,854 - INFO - Epoch 242/250
2022-05-18 10:31:01,138 - INFO - The train loss is 0.013199. The valid loss is 0.012245.
2022-05-18 10:31:01,144 - INFO - Epoch 243/250
2022-05-18 10:31:01,425 - INFO - The train loss is 0.013167. The valid loss is 0.012206.
2022-05-18 10:31:01,430 - INFO - Epoch 244/250
2022-05-18 10:31:01,719 - INFO - The train loss is 0.013101. The valid loss is 0.012167.
2022-05-18 10:31:01,724 - INFO - Epoch 245/250
2022-05-18 10:31:02,011 - INFO - The train loss is 0.013060. The valid loss is 0.012128.
2022-05-18 10:31:02,015 - INFO - Epoch 246/250
2022-05-18 10:31:02,298 - INFO - The train loss is 0.013028. The valid loss is 0.012090.
2022-05-18 10:31:02,302 - INFO - Epoch 247/250
2022-05-18 10:31:02,591 - INFO - The train loss is 0.012977. The valid loss is 0.012052.
2022-05-18 10:31:02,596 - INFO - Epoch 248/250
2022-05-18 10:31:02,884 - INFO - The train loss is 0.012948. The valid loss is 0.012015.
2022-05-18 10:31:02,892 - INFO - Epoch 249/250
2022-05-18 10:31:03,175 - INFO - The train loss is 0.012939. The valid loss is 0.011977.
2022-05-18 10:31:04,147 - INFO - The mean squared error of ['top', 'bottom'] is [0.00109901 0.01227707]
2022-05-18 10:31:04,196 - INFO - The predicted top is: 59.74649779564969
2022-05-18 10:31:04,212 - INFO - The predicted bottom is: 60.01680565491401
