2022-05-17 22:10:14,723 - INFO - 
Config:
'add_train': False
'batch_size': 501
'continue_flag': ''
'cur_time': '2022_05_17_22_10_14'
'debug_mode': False
'debug_num': 500
'do_continue_train': False
'do_figure_save': False
'do_log_print_to_screen': True
'do_log_save_to_file': True
'do_predict': True
'do_train': True
'do_train_visualized': False
'dropout_rate': 0.1
'epoch': 250
'feature_columns': [1, 2, 3, 4, 5]
'figure_save_path': './figure/'
'hidden_size': 256
'input_size': 5
'label_columns': [4, 5]
'label_in_feature_index': [3, 4]
'learning_rate': 0.0001
'log_save_path': './log/2022_05_17_22_10_14_pytorch/'
'lstm_layers': 2
'model_name': 'model_pytorch.pth'
'model_postfix': {'pytorch': '.pth'
'keras': '.h5'
'tensorflow': '.ckpt'}
'model_save_path': './checkpoint/pytorch/'
'output_size': 2
'patience': 3
'predict_day': 1
'random_seed': 42
'shuffle_train_data': True
'time_step': 167
'train_data_path': './finaldata.csv'
'train_data_rate': 0.95
'use_cuda': True
'used_frame': 'pytorch'
'valid_data_rate': 0.1
2022-05-17 22:10:17,173 - INFO - Epoch 0/250
2022-05-17 22:10:17,854 - INFO - The train loss is 0.995728. The valid loss is 1.015006.
2022-05-17 22:10:17,859 - INFO - Epoch 1/250
2022-05-17 22:10:18,252 - INFO - The train loss is 0.975438. The valid loss is 0.993678.
2022-05-17 22:10:18,257 - INFO - Epoch 2/250
2022-05-17 22:10:18,657 - INFO - The train loss is 0.954517. The valid loss is 0.971033.
2022-05-17 22:10:18,662 - INFO - Epoch 3/250
2022-05-17 22:10:19,057 - INFO - The train loss is 0.931942. The valid loss is 0.946014.
2022-05-17 22:10:19,062 - INFO - Epoch 4/250
2022-05-17 22:10:19,465 - INFO - The train loss is 0.906692. The valid loss is 0.917330.
2022-05-17 22:10:19,469 - INFO - Epoch 5/250
2022-05-17 22:10:19,868 - INFO - The train loss is 0.877271. The valid loss is 0.883310.
2022-05-17 22:10:19,874 - INFO - Epoch 6/250
2022-05-17 22:10:20,277 - INFO - The train loss is 0.842034. The valid loss is 0.841708.
2022-05-17 22:10:20,282 - INFO - Epoch 7/250
2022-05-17 22:10:20,682 - INFO - The train loss is 0.798461. The valid loss is 0.789412.
2022-05-17 22:10:20,687 - INFO - Epoch 8/250
2022-05-17 22:10:21,091 - INFO - The train loss is 0.743247. The valid loss is 0.721999.
2022-05-17 22:10:21,096 - INFO - Epoch 9/250
2022-05-17 22:10:21,494 - INFO - The train loss is 0.671564. The valid loss is 0.633224.
2022-05-17 22:10:21,499 - INFO - Epoch 10/250
2022-05-17 22:10:21,899 - INFO - The train loss is 0.576949. The valid loss is 0.515758.
2022-05-17 22:10:21,903 - INFO - Epoch 11/250
2022-05-17 22:10:22,304 - INFO - The train loss is 0.454611. The valid loss is 0.373855.
2022-05-17 22:10:22,309 - INFO - Epoch 12/250
2022-05-17 22:10:22,712 - INFO - The train loss is 0.325093. The valid loss is 0.267578.
2022-05-17 22:10:22,717 - INFO - Epoch 13/250
2022-05-17 22:10:23,122 - INFO - The train loss is 0.234690. The valid loss is 0.183780.
2022-05-17 22:10:23,126 - INFO - Epoch 14/250
2022-05-17 22:10:23,529 - INFO - The train loss is 0.152620. The valid loss is 0.124296.
2022-05-17 22:10:23,534 - INFO - Epoch 15/250
2022-05-17 22:10:23,938 - INFO - The train loss is 0.120891. The valid loss is 0.108370.
2022-05-17 22:10:23,943 - INFO - Epoch 16/250
2022-05-17 22:10:24,346 - INFO - The train loss is 0.100353. The valid loss is 0.084588.
2022-05-17 22:10:24,351 - INFO - Epoch 17/250
2022-05-17 22:10:24,768 - INFO - The train loss is 0.078951. The valid loss is 0.068528.
2022-05-17 22:10:24,773 - INFO - Epoch 18/250
2022-05-17 22:10:25,192 - INFO - The train loss is 0.063755. The valid loss is 0.056120.
2022-05-17 22:10:25,197 - INFO - Epoch 19/250
2022-05-17 22:10:25,616 - INFO - The train loss is 0.053083. The valid loss is 0.049703.
2022-05-17 22:10:25,622 - INFO - Epoch 20/250
2022-05-17 22:10:26,029 - INFO - The train loss is 0.047439. The valid loss is 0.045813.
2022-05-17 22:10:26,033 - INFO - Epoch 21/250
2022-05-17 22:10:26,442 - INFO - The train loss is 0.043650. The valid loss is 0.042955.
2022-05-17 22:10:26,448 - INFO - Epoch 22/250
2022-05-17 22:10:26,860 - INFO - The train loss is 0.041526. The valid loss is 0.041969.
2022-05-17 22:10:26,865 - INFO - Epoch 23/250
2022-05-17 22:10:27,276 - INFO - The train loss is 0.040339. The valid loss is 0.040472.
2022-05-17 22:10:27,281 - INFO - Epoch 24/250
2022-05-17 22:10:27,690 - INFO - The train loss is 0.038451. The valid loss is 0.038429.
2022-05-17 22:10:27,696 - INFO - Epoch 25/250
2022-05-17 22:10:28,104 - INFO - The train loss is 0.036613. The valid loss is 0.037157.
2022-05-17 22:10:28,110 - INFO - Epoch 26/250
2022-05-17 22:10:28,517 - INFO - The train loss is 0.035535. The valid loss is 0.036144.
2022-05-17 22:10:28,523 - INFO - Epoch 27/250
2022-05-17 22:10:28,929 - INFO - The train loss is 0.034656. The valid loss is 0.035218.
2022-05-17 22:10:28,935 - INFO - Epoch 28/250
2022-05-17 22:10:29,347 - INFO - The train loss is 0.033913. The valid loss is 0.034649.
2022-05-17 22:10:29,353 - INFO - Epoch 29/250
2022-05-17 22:10:29,762 - INFO - The train loss is 0.033395. The valid loss is 0.034114.
2022-05-17 22:10:29,767 - INFO - Epoch 30/250
2022-05-17 22:10:30,172 - INFO - The train loss is 0.032861. The valid loss is 0.033543.
2022-05-17 22:10:30,178 - INFO - Epoch 31/250
2022-05-17 22:10:30,583 - INFO - The train loss is 0.032323. The valid loss is 0.033107.
2022-05-17 22:10:30,588 - INFO - Epoch 32/250
2022-05-17 22:10:30,998 - INFO - The train loss is 0.031944. The valid loss is 0.032749.
2022-05-17 22:10:31,004 - INFO - Epoch 33/250
2022-05-17 22:10:31,411 - INFO - The train loss is 0.031643. The valid loss is 0.032411.
2022-05-17 22:10:31,416 - INFO - Epoch 34/250
2022-05-17 22:10:31,851 - INFO - The train loss is 0.031342. The valid loss is 0.032117.
2022-05-17 22:10:31,857 - INFO - Epoch 35/250
2022-05-17 22:10:32,267 - INFO - The train loss is 0.031050. The valid loss is 0.031851.
2022-05-17 22:10:32,272 - INFO - Epoch 36/250
2022-05-17 22:10:32,677 - INFO - The train loss is 0.030824. The valid loss is 0.031588.
2022-05-17 22:10:32,682 - INFO - Epoch 37/250
2022-05-17 22:10:33,091 - INFO - The train loss is 0.030542. The valid loss is 0.031329.
2022-05-17 22:10:33,096 - INFO - Epoch 38/250
2022-05-17 22:10:33,504 - INFO - The train loss is 0.030321. The valid loss is 0.031070.
2022-05-17 22:10:33,509 - INFO - Epoch 39/250
2022-05-17 22:10:33,911 - INFO - The train loss is 0.030093. The valid loss is 0.030818.
2022-05-17 22:10:33,916 - INFO - Epoch 40/250
2022-05-17 22:10:34,323 - INFO - The train loss is 0.029865. The valid loss is 0.030578.
2022-05-17 22:10:34,328 - INFO - Epoch 41/250
2022-05-17 22:10:34,734 - INFO - The train loss is 0.029642. The valid loss is 0.030347.
2022-05-17 22:10:34,740 - INFO - Epoch 42/250
2022-05-17 22:10:35,148 - INFO - The train loss is 0.029417. The valid loss is 0.030118.
2022-05-17 22:10:35,153 - INFO - Epoch 43/250
2022-05-17 22:10:35,567 - INFO - The train loss is 0.029198. The valid loss is 0.029893.
2022-05-17 22:10:35,572 - INFO - Epoch 44/250
2022-05-17 22:10:35,994 - INFO - The train loss is 0.028996. The valid loss is 0.029673.
2022-05-17 22:10:36,000 - INFO - Epoch 45/250
2022-05-17 22:10:36,404 - INFO - The train loss is 0.028789. The valid loss is 0.029456.
2022-05-17 22:10:36,409 - INFO - Epoch 46/250
2022-05-17 22:10:36,819 - INFO - The train loss is 0.028575. The valid loss is 0.029242.
2022-05-17 22:10:36,824 - INFO - Epoch 47/250
2022-05-17 22:10:37,227 - INFO - The train loss is 0.028370. The valid loss is 0.029031.
2022-05-17 22:10:37,233 - INFO - Epoch 48/250
2022-05-17 22:10:37,640 - INFO - The train loss is 0.028188. The valid loss is 0.028822.
2022-05-17 22:10:37,645 - INFO - Epoch 49/250
2022-05-17 22:10:38,051 - INFO - The train loss is 0.028010. The valid loss is 0.028616.
2022-05-17 22:10:38,055 - INFO - Epoch 50/250
2022-05-17 22:10:38,466 - INFO - The train loss is 0.027781. The valid loss is 0.028414.
2022-05-17 22:10:38,471 - INFO - Epoch 51/250
2022-05-17 22:10:38,877 - INFO - The train loss is 0.027594. The valid loss is 0.028215.
2022-05-17 22:10:38,882 - INFO - Epoch 52/250
2022-05-17 22:10:39,287 - INFO - The train loss is 0.027393. The valid loss is 0.028018.
2022-05-17 22:10:39,293 - INFO - Epoch 53/250
2022-05-17 22:10:39,697 - INFO - The train loss is 0.027227. The valid loss is 0.027825.
2022-05-17 22:10:39,702 - INFO - Epoch 54/250
2022-05-17 22:10:40,103 - INFO - The train loss is 0.027021. The valid loss is 0.027634.
2022-05-17 22:10:40,108 - INFO - Epoch 55/250
2022-05-17 22:10:40,508 - INFO - The train loss is 0.026854. The valid loss is 0.027445.
2022-05-17 22:10:40,513 - INFO - Epoch 56/250
2022-05-17 22:10:40,915 - INFO - The train loss is 0.026664. The valid loss is 0.027258.
2022-05-17 22:10:40,921 - INFO - Epoch 57/250
2022-05-17 22:10:41,322 - INFO - The train loss is 0.026492. The valid loss is 0.027074.
2022-05-17 22:10:41,328 - INFO - Epoch 58/250
2022-05-17 22:10:41,729 - INFO - The train loss is 0.026305. The valid loss is 0.026891.
2022-05-17 22:10:41,735 - INFO - Epoch 59/250
2022-05-17 22:10:42,139 - INFO - The train loss is 0.026131. The valid loss is 0.026711.
2022-05-17 22:10:42,143 - INFO - Epoch 60/250
2022-05-17 22:10:42,541 - INFO - The train loss is 0.025968. The valid loss is 0.026533.
2022-05-17 22:10:42,547 - INFO - Epoch 61/250
2022-05-17 22:10:42,946 - INFO - The train loss is 0.025797. The valid loss is 0.026357.
2022-05-17 22:10:42,952 - INFO - Epoch 62/250
2022-05-17 22:10:43,352 - INFO - The train loss is 0.025659. The valid loss is 0.026183.
2022-05-17 22:10:43,358 - INFO - Epoch 63/250
2022-05-17 22:10:43,760 - INFO - The train loss is 0.025467. The valid loss is 0.026012.
2022-05-17 22:10:43,765 - INFO - Epoch 64/250
2022-05-17 22:10:44,167 - INFO - The train loss is 0.025283. The valid loss is 0.025841.
2022-05-17 22:10:44,171 - INFO - Epoch 65/250
2022-05-17 22:10:44,575 - INFO - The train loss is 0.025120. The valid loss is 0.025671.
2022-05-17 22:10:44,579 - INFO - Epoch 66/250
2022-05-17 22:10:44,986 - INFO - The train loss is 0.024967. The valid loss is 0.025504.
2022-05-17 22:10:44,991 - INFO - Epoch 67/250
2022-05-17 22:10:45,395 - INFO - The train loss is 0.024821. The valid loss is 0.025339.
2022-05-17 22:10:45,400 - INFO - Epoch 68/250
2022-05-17 22:10:45,801 - INFO - The train loss is 0.024650. The valid loss is 0.025175.
2022-05-17 22:10:45,807 - INFO - Epoch 69/250
2022-05-17 22:10:46,210 - INFO - The train loss is 0.024499. The valid loss is 0.025011.
2022-05-17 22:10:46,215 - INFO - Epoch 70/250
2022-05-17 22:10:46,621 - INFO - The train loss is 0.024327. The valid loss is 0.024850.
2022-05-17 22:10:46,626 - INFO - Epoch 71/250
2022-05-17 22:10:47,034 - INFO - The train loss is 0.024197. The valid loss is 0.024692.
2022-05-17 22:10:47,038 - INFO - Epoch 72/250
2022-05-17 22:10:47,449 - INFO - The train loss is 0.024031. The valid loss is 0.024534.
2022-05-17 22:10:47,453 - INFO - Epoch 73/250
2022-05-17 22:10:47,862 - INFO - The train loss is 0.023880. The valid loss is 0.024378.
2022-05-17 22:10:47,866 - INFO - Epoch 74/250
2022-05-17 22:10:48,276 - INFO - The train loss is 0.023725. The valid loss is 0.024221.
2022-05-17 22:10:48,281 - INFO - Epoch 75/250
2022-05-17 22:10:48,688 - INFO - The train loss is 0.023584. The valid loss is 0.024065.
2022-05-17 22:10:48,693 - INFO - Epoch 76/250
2022-05-17 22:10:49,105 - INFO - The train loss is 0.023445. The valid loss is 0.023913.
2022-05-17 22:10:49,110 - INFO - Epoch 77/250
2022-05-17 22:10:49,521 - INFO - The train loss is 0.023287. The valid loss is 0.023762.
2022-05-17 22:10:49,526 - INFO - Epoch 78/250
2022-05-17 22:10:49,933 - INFO - The train loss is 0.023145. The valid loss is 0.023611.
2022-05-17 22:10:49,938 - INFO - Epoch 79/250
2022-05-17 22:10:50,346 - INFO - The train loss is 0.023003. The valid loss is 0.023460.
2022-05-17 22:10:50,350 - INFO - Epoch 80/250
2022-05-17 22:10:50,760 - INFO - The train loss is 0.022832. The valid loss is 0.023312.
2022-05-17 22:10:50,764 - INFO - Epoch 81/250
2022-05-17 22:10:51,170 - INFO - The train loss is 0.022720. The valid loss is 0.023165.
2022-05-17 22:10:51,175 - INFO - Epoch 82/250
2022-05-17 22:10:51,580 - INFO - The train loss is 0.022558. The valid loss is 0.023017.
2022-05-17 22:10:51,585 - INFO - Epoch 83/250
2022-05-17 22:10:51,993 - INFO - The train loss is 0.022408. The valid loss is 0.022870.
2022-05-17 22:10:51,997 - INFO - Epoch 84/250
2022-05-17 22:10:52,410 - INFO - The train loss is 0.022282. The valid loss is 0.022726.
2022-05-17 22:10:52,414 - INFO - Epoch 85/250
2022-05-17 22:10:52,821 - INFO - The train loss is 0.022142. The valid loss is 0.022582.
2022-05-17 22:10:52,826 - INFO - Epoch 86/250
2022-05-17 22:10:53,232 - INFO - The train loss is 0.022001. The valid loss is 0.022439.
2022-05-17 22:10:53,237 - INFO - Epoch 87/250
2022-05-17 22:10:53,642 - INFO - The train loss is 0.021883. The valid loss is 0.022297.
2022-05-17 22:10:53,646 - INFO - Epoch 88/250
2022-05-17 22:10:54,066 - INFO - The train loss is 0.021728. The valid loss is 0.022156.
2022-05-17 22:10:54,070 - INFO - Epoch 89/250
2022-05-17 22:10:54,485 - INFO - The train loss is 0.021592. The valid loss is 0.022015.
2022-05-17 22:10:54,491 - INFO - Epoch 90/250
2022-05-17 22:10:54,904 - INFO - The train loss is 0.021441. The valid loss is 0.021876.
2022-05-17 22:10:54,908 - INFO - Epoch 91/250
2022-05-17 22:10:55,323 - INFO - The train loss is 0.021331. The valid loss is 0.021738.
2022-05-17 22:10:55,329 - INFO - Epoch 92/250
2022-05-17 22:10:55,738 - INFO - The train loss is 0.021200. The valid loss is 0.021599.
2022-05-17 22:10:55,743 - INFO - Epoch 93/250
2022-05-17 22:10:56,159 - INFO - The train loss is 0.021075. The valid loss is 0.021461.
2022-05-17 22:10:56,164 - INFO - Epoch 94/250
2022-05-17 22:10:56,581 - INFO - The train loss is 0.020919. The valid loss is 0.021324.
2022-05-17 22:10:56,586 - INFO - Epoch 95/250
2022-05-17 22:10:56,998 - INFO - The train loss is 0.020798. The valid loss is 0.021190.
2022-05-17 22:10:57,002 - INFO - Epoch 96/250
2022-05-17 22:10:57,413 - INFO - The train loss is 0.020668. The valid loss is 0.021054.
2022-05-17 22:10:57,418 - INFO - Epoch 97/250
2022-05-17 22:10:57,834 - INFO - The train loss is 0.020544. The valid loss is 0.020919.
2022-05-17 22:10:57,839 - INFO - Epoch 98/250
2022-05-17 22:10:58,256 - INFO - The train loss is 0.020410. The valid loss is 0.020785.
2022-05-17 22:10:58,261 - INFO - Epoch 99/250
2022-05-17 22:10:58,673 - INFO - The train loss is 0.020283. The valid loss is 0.020652.
2022-05-17 22:10:58,678 - INFO - Epoch 100/250
2022-05-17 22:10:59,091 - INFO - The train loss is 0.020130. The valid loss is 0.020520.
2022-05-17 22:10:59,096 - INFO - Epoch 101/250
2022-05-17 22:10:59,506 - INFO - The train loss is 0.020030. The valid loss is 0.020389.
2022-05-17 22:10:59,510 - INFO - Epoch 102/250
2022-05-17 22:10:59,918 - INFO - The train loss is 0.019895. The valid loss is 0.020256.
2022-05-17 22:10:59,923 - INFO - Epoch 103/250
2022-05-17 22:11:00,333 - INFO - The train loss is 0.019768. The valid loss is 0.020126.
2022-05-17 22:11:00,338 - INFO - Epoch 104/250
2022-05-17 22:11:00,741 - INFO - The train loss is 0.019665. The valid loss is 0.019997.
2022-05-17 22:11:00,746 - INFO - Epoch 105/250
2022-05-17 22:11:01,154 - INFO - The train loss is 0.019529. The valid loss is 0.019867.
2022-05-17 22:11:01,158 - INFO - Epoch 106/250
2022-05-17 22:11:01,570 - INFO - The train loss is 0.019399. The valid loss is 0.019738.
2022-05-17 22:11:01,575 - INFO - Epoch 107/250
2022-05-17 22:11:01,984 - INFO - The train loss is 0.019269. The valid loss is 0.019610.
2022-05-17 22:11:01,989 - INFO - Epoch 108/250
2022-05-17 22:11:02,395 - INFO - The train loss is 0.019154. The valid loss is 0.019484.
2022-05-17 22:11:02,400 - INFO - Epoch 109/250
2022-05-17 22:11:02,827 - INFO - The train loss is 0.019041. The valid loss is 0.019357.
2022-05-17 22:11:02,833 - INFO - Epoch 110/250
2022-05-17 22:11:03,239 - INFO - The train loss is 0.018907. The valid loss is 0.019231.
2022-05-17 22:11:03,244 - INFO - Epoch 111/250
2022-05-17 22:11:03,649 - INFO - The train loss is 0.018796. The valid loss is 0.019105.
2022-05-17 22:11:03,654 - INFO - Epoch 112/250
2022-05-17 22:11:04,061 - INFO - The train loss is 0.018680. The valid loss is 0.018981.
2022-05-17 22:11:04,066 - INFO - Epoch 113/250
2022-05-17 22:11:04,471 - INFO - The train loss is 0.018551. The valid loss is 0.018858.
2022-05-17 22:11:04,476 - INFO - Epoch 114/250
2022-05-17 22:11:04,881 - INFO - The train loss is 0.018447. The valid loss is 0.018735.
2022-05-17 22:11:04,888 - INFO - Epoch 115/250
2022-05-17 22:11:05,294 - INFO - The train loss is 0.018335. The valid loss is 0.018613.
2022-05-17 22:11:05,299 - INFO - Epoch 116/250
2022-05-17 22:11:05,705 - INFO - The train loss is 0.018182. The valid loss is 0.018492.
2022-05-17 22:11:05,710 - INFO - Epoch 117/250
2022-05-17 22:11:06,115 - INFO - The train loss is 0.018107. The valid loss is 0.018373.
2022-05-17 22:11:06,119 - INFO - Epoch 118/250
2022-05-17 22:11:06,523 - INFO - The train loss is 0.017973. The valid loss is 0.018253.
2022-05-17 22:11:06,528 - INFO - Epoch 119/250
2022-05-17 22:11:06,935 - INFO - The train loss is 0.017872. The valid loss is 0.018136.
2022-05-17 22:11:06,939 - INFO - Epoch 120/250
2022-05-17 22:11:07,347 - INFO - The train loss is 0.017753. The valid loss is 0.018019.
2022-05-17 22:11:07,352 - INFO - Epoch 121/250
2022-05-17 22:11:07,758 - INFO - The train loss is 0.017646. The valid loss is 0.017904.
2022-05-17 22:11:07,762 - INFO - Epoch 122/250
2022-05-17 22:11:08,165 - INFO - The train loss is 0.017547. The valid loss is 0.017789.
2022-05-17 22:11:08,170 - INFO - Epoch 123/250
2022-05-17 22:11:08,577 - INFO - The train loss is 0.017431. The valid loss is 0.017675.
2022-05-17 22:11:08,582 - INFO - Epoch 124/250
2022-05-17 22:11:08,987 - INFO - The train loss is 0.017327. The valid loss is 0.017564.
2022-05-17 22:11:08,992 - INFO - Epoch 125/250
2022-05-17 22:11:09,402 - INFO - The train loss is 0.017216. The valid loss is 0.017453.
2022-05-17 22:11:09,406 - INFO - Epoch 126/250
2022-05-17 22:11:09,816 - INFO - The train loss is 0.017117. The valid loss is 0.017343.
2022-05-17 22:11:09,821 - INFO - Epoch 127/250
2022-05-17 22:11:10,223 - INFO - The train loss is 0.017010. The valid loss is 0.017235.
2022-05-17 22:11:10,228 - INFO - Epoch 128/250
2022-05-17 22:11:10,631 - INFO - The train loss is 0.016902. The valid loss is 0.017128.
2022-05-17 22:11:10,636 - INFO - Epoch 129/250
2022-05-17 22:11:11,040 - INFO - The train loss is 0.016823. The valid loss is 0.017022.
2022-05-17 22:11:11,044 - INFO - Epoch 130/250
2022-05-17 22:11:11,450 - INFO - The train loss is 0.016716. The valid loss is 0.016917.
2022-05-17 22:11:11,455 - INFO - Epoch 131/250
2022-05-17 22:11:11,859 - INFO - The train loss is 0.016606. The valid loss is 0.016814.
2022-05-17 22:11:11,864 - INFO - Epoch 132/250
2022-05-17 22:11:12,266 - INFO - The train loss is 0.016515. The valid loss is 0.016712.
2022-05-17 22:11:12,271 - INFO - Epoch 133/250
2022-05-17 22:11:12,682 - INFO - The train loss is 0.016417. The valid loss is 0.016611.
2022-05-17 22:11:12,686 - INFO - Epoch 134/250
2022-05-17 22:11:13,096 - INFO - The train loss is 0.016309. The valid loss is 0.016512.
2022-05-17 22:11:13,099 - INFO - Epoch 135/250
2022-05-17 22:11:13,512 - INFO - The train loss is 0.016236. The valid loss is 0.016414.
2022-05-17 22:11:13,516 - INFO - Epoch 136/250
2022-05-17 22:11:13,930 - INFO - The train loss is 0.016143. The valid loss is 0.016317.
2022-05-17 22:11:13,934 - INFO - Epoch 137/250
2022-05-17 22:11:14,344 - INFO - The train loss is 0.016041. The valid loss is 0.016221.
2022-05-17 22:11:14,348 - INFO - Epoch 138/250
2022-05-17 22:11:14,761 - INFO - The train loss is 0.015945. The valid loss is 0.016127.
2022-05-17 22:11:14,766 - INFO - Epoch 139/250
2022-05-17 22:11:15,176 - INFO - The train loss is 0.015850. The valid loss is 0.016033.
2022-05-17 22:11:15,180 - INFO - Epoch 140/250
2022-05-17 22:11:15,590 - INFO - The train loss is 0.015761. The valid loss is 0.015942.
2022-05-17 22:11:15,595 - INFO - Epoch 141/250
2022-05-17 22:11:16,005 - INFO - The train loss is 0.015696. The valid loss is 0.015851.
2022-05-17 22:11:16,009 - INFO - Epoch 142/250
2022-05-17 22:11:16,422 - INFO - The train loss is 0.015604. The valid loss is 0.015762.
2022-05-17 22:11:16,427 - INFO - Epoch 143/250
2022-05-17 22:11:16,834 - INFO - The train loss is 0.015516. The valid loss is 0.015674.
2022-05-17 22:11:16,838 - INFO - Epoch 144/250
2022-05-17 22:11:17,244 - INFO - The train loss is 0.015431. The valid loss is 0.015587.
2022-05-17 22:11:17,250 - INFO - Epoch 145/250
2022-05-17 22:11:17,658 - INFO - The train loss is 0.015368. The valid loss is 0.015502.
2022-05-17 22:11:17,662 - INFO - Epoch 146/250
2022-05-17 22:11:18,071 - INFO - The train loss is 0.015284. The valid loss is 0.015417.
2022-05-17 22:11:18,076 - INFO - Epoch 147/250
2022-05-17 22:11:18,485 - INFO - The train loss is 0.015179. The valid loss is 0.015334.
2022-05-17 22:11:18,489 - INFO - Epoch 148/250
2022-05-17 22:11:18,914 - INFO - The train loss is 0.015111. The valid loss is 0.015253.
2022-05-17 22:11:18,920 - INFO - Epoch 149/250
2022-05-17 22:11:19,331 - INFO - The train loss is 0.015042. The valid loss is 0.015172.
2022-05-17 22:11:19,336 - INFO - Epoch 150/250
2022-05-17 22:11:19,745 - INFO - The train loss is 0.014960. The valid loss is 0.015093.
2022-05-17 22:11:19,750 - INFO - Epoch 151/250
2022-05-17 22:11:20,155 - INFO - The train loss is 0.014893. The valid loss is 0.015015.
2022-05-17 22:11:20,160 - INFO - Epoch 152/250
2022-05-17 22:11:20,575 - INFO - The train loss is 0.014814. The valid loss is 0.014938.
2022-05-17 22:11:20,580 - INFO - Epoch 153/250
2022-05-17 22:11:20,992 - INFO - The train loss is 0.014740. The valid loss is 0.014862.
2022-05-17 22:11:20,997 - INFO - Epoch 154/250
2022-05-17 22:11:21,406 - INFO - The train loss is 0.014686. The valid loss is 0.014787.
2022-05-17 22:11:21,410 - INFO - Epoch 155/250
2022-05-17 22:11:21,825 - INFO - The train loss is 0.014599. The valid loss is 0.014714.
2022-05-17 22:11:21,830 - INFO - Epoch 156/250
2022-05-17 22:11:22,244 - INFO - The train loss is 0.014553. The valid loss is 0.014641.
2022-05-17 22:11:22,249 - INFO - Epoch 157/250
2022-05-17 22:11:22,663 - INFO - The train loss is 0.014471. The valid loss is 0.014569.
2022-05-17 22:11:22,667 - INFO - Epoch 158/250
2022-05-17 22:11:23,079 - INFO - The train loss is 0.014411. The valid loss is 0.014499.
2022-05-17 22:11:23,084 - INFO - Epoch 159/250
2022-05-17 22:11:23,498 - INFO - The train loss is 0.014335. The valid loss is 0.014429.
2022-05-17 22:11:23,502 - INFO - Epoch 160/250
2022-05-17 22:11:23,916 - INFO - The train loss is 0.014269. The valid loss is 0.014361.
2022-05-17 22:11:23,920 - INFO - Epoch 161/250
2022-05-17 22:11:24,331 - INFO - The train loss is 0.014197. The valid loss is 0.014293.
2022-05-17 22:11:24,336 - INFO - Epoch 162/250
2022-05-17 22:11:24,744 - INFO - The train loss is 0.014147. The valid loss is 0.014226.
2022-05-17 22:11:24,749 - INFO - Epoch 163/250
2022-05-17 22:11:25,156 - INFO - The train loss is 0.014086. The valid loss is 0.014160.
2022-05-17 22:11:25,160 - INFO - Epoch 164/250
2022-05-17 22:11:25,566 - INFO - The train loss is 0.014004. The valid loss is 0.014094.
2022-05-17 22:11:25,571 - INFO - Epoch 165/250
2022-05-17 22:11:25,978 - INFO - The train loss is 0.013948. The valid loss is 0.014030.
2022-05-17 22:11:25,983 - INFO - Epoch 166/250
2022-05-17 22:11:26,393 - INFO - The train loss is 0.013902. The valid loss is 0.013967.
2022-05-17 22:11:26,397 - INFO - Epoch 167/250
2022-05-17 22:11:26,803 - INFO - The train loss is 0.013832. The valid loss is 0.013904.
2022-05-17 22:11:26,808 - INFO - Epoch 168/250
2022-05-17 22:11:27,215 - INFO - The train loss is 0.013779. The valid loss is 0.013842.
2022-05-17 22:11:27,219 - INFO - Epoch 169/250
2022-05-17 22:11:27,629 - INFO - The train loss is 0.013740. The valid loss is 0.013780.
2022-05-17 22:11:27,633 - INFO - Epoch 170/250
2022-05-17 22:11:28,039 - INFO - The train loss is 0.013655. The valid loss is 0.013720.
2022-05-17 22:11:28,044 - INFO - Epoch 171/250
2022-05-17 22:11:28,451 - INFO - The train loss is 0.013601. The valid loss is 0.013659.
2022-05-17 22:11:28,455 - INFO - Epoch 172/250
2022-05-17 22:11:28,864 - INFO - The train loss is 0.013545. The valid loss is 0.013599.
2022-05-17 22:11:28,868 - INFO - Epoch 173/250
2022-05-17 22:11:29,274 - INFO - The train loss is 0.013488. The valid loss is 0.013541.
2022-05-17 22:11:29,279 - INFO - Epoch 174/250
2022-05-17 22:11:29,684 - INFO - The train loss is 0.013438. The valid loss is 0.013482.
2022-05-17 22:11:29,689 - INFO - Epoch 175/250
2022-05-17 22:11:30,095 - INFO - The train loss is 0.013376. The valid loss is 0.013424.
2022-05-17 22:11:30,100 - INFO - Epoch 176/250
2022-05-17 22:11:30,504 - INFO - The train loss is 0.013330. The valid loss is 0.013367.
2022-05-17 22:11:30,509 - INFO - Epoch 177/250
2022-05-17 22:11:30,918 - INFO - The train loss is 0.013277. The valid loss is 0.013310.
2022-05-17 22:11:30,923 - INFO - Epoch 178/250
2022-05-17 22:11:31,334 - INFO - The train loss is 0.013222. The valid loss is 0.013254.
2022-05-17 22:11:31,339 - INFO - Epoch 179/250
2022-05-17 22:11:31,748 - INFO - The train loss is 0.013179. The valid loss is 0.013198.
2022-05-17 22:11:31,752 - INFO - Epoch 180/250
2022-05-17 22:11:32,160 - INFO - The train loss is 0.013141. The valid loss is 0.013142.
2022-05-17 22:11:32,165 - INFO - Epoch 181/250
2022-05-17 22:11:32,571 - INFO - The train loss is 0.013067. The valid loss is 0.013088.
2022-05-17 22:11:32,576 - INFO - Epoch 182/250
2022-05-17 22:11:32,982 - INFO - The train loss is 0.013018. The valid loss is 0.013033.
2022-05-17 22:11:32,986 - INFO - Epoch 183/250
2022-05-17 22:11:33,392 - INFO - The train loss is 0.012952. The valid loss is 0.012979.
2022-05-17 22:11:33,397 - INFO - Epoch 184/250
2022-05-17 22:11:33,806 - INFO - The train loss is 0.012943. The valid loss is 0.012926.
2022-05-17 22:11:33,811 - INFO - Epoch 185/250
2022-05-17 22:11:34,223 - INFO - The train loss is 0.012873. The valid loss is 0.012873.
2022-05-17 22:11:34,228 - INFO - Epoch 186/250
2022-05-17 22:11:34,643 - INFO - The train loss is 0.012819. The valid loss is 0.012820.
2022-05-17 22:11:34,648 - INFO - Epoch 187/250
2022-05-17 22:11:35,056 - INFO - The train loss is 0.012761. The valid loss is 0.012768.
2022-05-17 22:11:35,061 - INFO - Epoch 188/250
2022-05-17 22:11:35,466 - INFO - The train loss is 0.012725. The valid loss is 0.012716.
2022-05-17 22:11:35,471 - INFO - Epoch 189/250
2022-05-17 22:11:35,878 - INFO - The train loss is 0.012669. The valid loss is 0.012664.
2022-05-17 22:11:35,883 - INFO - Epoch 190/250
2022-05-17 22:11:36,288 - INFO - The train loss is 0.012623. The valid loss is 0.012613.
2022-05-17 22:11:36,294 - INFO - Epoch 191/250
2022-05-17 22:11:36,708 - INFO - The train loss is 0.012582. The valid loss is 0.012562.
2022-05-17 22:11:36,713 - INFO - Epoch 192/250
2022-05-17 22:11:37,124 - INFO - The train loss is 0.012539. The valid loss is 0.012512.
2022-05-17 22:11:37,129 - INFO - Epoch 193/250
2022-05-17 22:11:37,541 - INFO - The train loss is 0.012481. The valid loss is 0.012462.
2022-05-17 22:11:37,546 - INFO - Epoch 194/250
2022-05-17 22:11:37,961 - INFO - The train loss is 0.012426. The valid loss is 0.012413.
2022-05-17 22:11:37,966 - INFO - Epoch 195/250
2022-05-17 22:11:38,382 - INFO - The train loss is 0.012384. The valid loss is 0.012363.
2022-05-17 22:11:38,387 - INFO - Epoch 196/250
2022-05-17 22:11:38,795 - INFO - The train loss is 0.012341. The valid loss is 0.012314.
2022-05-17 22:11:38,799 - INFO - Epoch 197/250
2022-05-17 22:11:39,207 - INFO - The train loss is 0.012284. The valid loss is 0.012265.
2022-05-17 22:11:39,212 - INFO - Epoch 198/250
2022-05-17 22:11:39,620 - INFO - The train loss is 0.012244. The valid loss is 0.012217.
2022-05-17 22:11:39,625 - INFO - Epoch 199/250
2022-05-17 22:11:40,033 - INFO - The train loss is 0.012208. The valid loss is 0.012169.
2022-05-17 22:11:40,038 - INFO - Epoch 200/250
2022-05-17 22:11:40,444 - INFO - The train loss is 0.012165. The valid loss is 0.012122.
2022-05-17 22:11:40,450 - INFO - Epoch 201/250
2022-05-17 22:11:40,860 - INFO - The train loss is 0.012113. The valid loss is 0.012074.
2022-05-17 22:11:40,864 - INFO - Epoch 202/250
2022-05-17 22:11:41,274 - INFO - The train loss is 0.012072. The valid loss is 0.012027.
2022-05-17 22:11:41,279 - INFO - Epoch 203/250
2022-05-17 22:11:41,688 - INFO - The train loss is 0.012021. The valid loss is 0.011980.
2022-05-17 22:11:41,693 - INFO - Epoch 204/250
2022-05-17 22:11:42,100 - INFO - The train loss is 0.011982. The valid loss is 0.011934.
2022-05-17 22:11:42,104 - INFO - Epoch 205/250
2022-05-17 22:11:42,512 - INFO - The train loss is 0.011945. The valid loss is 0.011888.
2022-05-17 22:11:42,517 - INFO - Epoch 206/250
2022-05-17 22:11:42,925 - INFO - The train loss is 0.011902. The valid loss is 0.011842.
2022-05-17 22:11:42,930 - INFO - Epoch 207/250
2022-05-17 22:11:43,336 - INFO - The train loss is 0.011855. The valid loss is 0.011796.
2022-05-17 22:11:43,341 - INFO - Epoch 208/250
2022-05-17 22:11:43,751 - INFO - The train loss is 0.011811. The valid loss is 0.011751.
2022-05-17 22:11:43,756 - INFO - Epoch 209/250
2022-05-17 22:11:44,162 - INFO - The train loss is 0.011770. The valid loss is 0.011706.
2022-05-17 22:11:44,167 - INFO - Epoch 210/250
2022-05-17 22:11:44,572 - INFO - The train loss is 0.011725. The valid loss is 0.011661.
2022-05-17 22:11:44,577 - INFO - Epoch 211/250
2022-05-17 22:11:44,988 - INFO - The train loss is 0.011688. The valid loss is 0.011617.
2022-05-17 22:11:44,993 - INFO - Epoch 212/250
2022-05-17 22:11:45,411 - INFO - The train loss is 0.011642. The valid loss is 0.011572.
2022-05-17 22:11:45,415 - INFO - Epoch 213/250
2022-05-17 22:11:45,834 - INFO - The train loss is 0.011605. The valid loss is 0.011529.
2022-05-17 22:11:45,838 - INFO - Epoch 214/250
2022-05-17 22:11:46,257 - INFO - The train loss is 0.011562. The valid loss is 0.011485.
2022-05-17 22:11:46,261 - INFO - Epoch 215/250
2022-05-17 22:11:46,679 - INFO - The train loss is 0.011523. The valid loss is 0.011441.
2022-05-17 22:11:46,684 - INFO - Epoch 216/250
2022-05-17 22:11:47,098 - INFO - The train loss is 0.011478. The valid loss is 0.011399.
2022-05-17 22:11:47,103 - INFO - Epoch 217/250
2022-05-17 22:11:47,518 - INFO - The train loss is 0.011441. The valid loss is 0.011355.
2022-05-17 22:11:47,523 - INFO - Epoch 218/250
2022-05-17 22:11:47,940 - INFO - The train loss is 0.011417. The valid loss is 0.011312.
2022-05-17 22:11:47,945 - INFO - Epoch 219/250
2022-05-17 22:11:48,358 - INFO - The train loss is 0.011365. The valid loss is 0.011270.
2022-05-17 22:11:48,363 - INFO - Epoch 220/250
2022-05-17 22:11:48,782 - INFO - The train loss is 0.011320. The valid loss is 0.011228.
2022-05-17 22:11:48,787 - INFO - Epoch 221/250
2022-05-17 22:11:49,204 - INFO - The train loss is 0.011279. The valid loss is 0.011186.
2022-05-17 22:11:49,209 - INFO - Epoch 222/250
2022-05-17 22:11:49,629 - INFO - The train loss is 0.011253. The valid loss is 0.011144.
2022-05-17 22:11:49,633 - INFO - Epoch 223/250
2022-05-17 22:11:50,076 - INFO - The train loss is 0.011186. The valid loss is 0.011102.
2022-05-17 22:11:50,081 - INFO - Epoch 224/250
2022-05-17 22:11:50,499 - INFO - The train loss is 0.011153. The valid loss is 0.011061.
2022-05-17 22:11:50,504 - INFO - Epoch 225/250
2022-05-17 22:11:50,920 - INFO - The train loss is 0.011118. The valid loss is 0.011020.
2022-05-17 22:11:50,925 - INFO - Epoch 226/250
2022-05-17 22:11:51,339 - INFO - The train loss is 0.011094. The valid loss is 0.010979.
2022-05-17 22:11:51,343 - INFO - Epoch 227/250
2022-05-17 22:11:51,757 - INFO - The train loss is 0.011041. The valid loss is 0.010938.
2022-05-17 22:11:51,761 - INFO - Epoch 228/250
2022-05-17 22:11:52,175 - INFO - The train loss is 0.011015. The valid loss is 0.010897.
2022-05-17 22:11:52,180 - INFO - Epoch 229/250
2022-05-17 22:11:52,594 - INFO - The train loss is 0.010975. The valid loss is 0.010857.
2022-05-17 22:11:52,598 - INFO - Epoch 230/250
2022-05-17 22:11:53,014 - INFO - The train loss is 0.010923. The valid loss is 0.010817.
2022-05-17 22:11:53,018 - INFO - Epoch 231/250
2022-05-17 22:11:53,434 - INFO - The train loss is 0.010901. The valid loss is 0.010777.
2022-05-17 22:11:53,440 - INFO - Epoch 232/250
2022-05-17 22:11:53,851 - INFO - The train loss is 0.010849. The valid loss is 0.010737.
2022-05-17 22:11:53,855 - INFO - Epoch 233/250
2022-05-17 22:11:54,269 - INFO - The train loss is 0.010823. The valid loss is 0.010698.
2022-05-17 22:11:54,274 - INFO - Epoch 234/250
2022-05-17 22:11:54,687 - INFO - The train loss is 0.010783. The valid loss is 0.010659.
2022-05-17 22:11:54,692 - INFO - Epoch 235/250
2022-05-17 22:11:55,103 - INFO - The train loss is 0.010737. The valid loss is 0.010620.
2022-05-17 22:11:55,108 - INFO - Epoch 236/250
2022-05-17 22:11:55,523 - INFO - The train loss is 0.010721. The valid loss is 0.010580.
2022-05-17 22:11:55,528 - INFO - Epoch 237/250
2022-05-17 22:11:55,940 - INFO - The train loss is 0.010672. The valid loss is 0.010542.
2022-05-17 22:11:55,944 - INFO - Epoch 238/250
2022-05-17 22:11:56,358 - INFO - The train loss is 0.010638. The valid loss is 0.010503.
2022-05-17 22:11:56,363 - INFO - Epoch 239/250
2022-05-17 22:11:56,780 - INFO - The train loss is 0.010596. The valid loss is 0.010465.
2022-05-17 22:11:56,785 - INFO - Epoch 240/250
2022-05-17 22:11:57,202 - INFO - The train loss is 0.010551. The valid loss is 0.010427.
2022-05-17 22:11:57,207 - INFO - Epoch 241/250
2022-05-17 22:11:57,617 - INFO - The train loss is 0.010527. The valid loss is 0.010389.
2022-05-17 22:11:57,622 - INFO - Epoch 242/250
2022-05-17 22:11:58,038 - INFO - The train loss is 0.010493. The valid loss is 0.010351.
2022-05-17 22:11:58,043 - INFO - Epoch 243/250
2022-05-17 22:11:58,453 - INFO - The train loss is 0.010461. The valid loss is 0.010313.
2022-05-17 22:11:58,458 - INFO - Epoch 244/250
2022-05-17 22:11:58,865 - INFO - The train loss is 0.010415. The valid loss is 0.010276.
2022-05-17 22:11:58,870 - INFO - Epoch 245/250
2022-05-17 22:11:59,281 - INFO - The train loss is 0.010389. The valid loss is 0.010239.
2022-05-17 22:11:59,286 - INFO - Epoch 246/250
2022-05-17 22:11:59,696 - INFO - The train loss is 0.010366. The valid loss is 0.010201.
2022-05-17 22:11:59,701 - INFO - Epoch 247/250
2022-05-17 22:12:00,119 - INFO - The train loss is 0.010318. The valid loss is 0.010164.
2022-05-17 22:12:00,123 - INFO - Epoch 248/250
2022-05-17 22:12:00,536 - INFO - The train loss is 0.010289. The valid loss is 0.010128.
2022-05-17 22:12:00,541 - INFO - Epoch 249/250
2022-05-17 22:12:00,949 - INFO - The train loss is 0.010255. The valid loss is 0.010091.
2022-05-17 22:12:01,750 - INFO - The mean squared error of stock ['Top', 'Bottom'] is [0.00027617 0.00581359]
2022-05-17 22:12:01,784 - INFO - The predicted Top is: 59.984696393571625
2022-05-17 22:12:01,795 - INFO - The predicted Bottom is: 59.87078794870324
