2022-07-06 01:23:30,132 - INFO - 
Config:
'add_train': False
'batch_size': 334
'continue_flag': ''
'cur_time': '2022_07_06_01_23_30'
'debug_mode': False
'debug_num': 500
'do_continue_train': False
'do_figure_save': False
'do_log_print_to_screen': True
'do_log_save_to_file': True
'do_predict': True
'do_train': True
'do_train_visualized': False
'dropout_rate': 0.1
'epoch': 25
'feature_columns': [1, 2, 3, 4, 5]
'figure_save_path': './figure/'
'hidden_size': 256
'input_size': 5
'label_columns': [4, 5]
'label_in_feature_index': [3, 4]
'learning_rate': 0.0001
'log_save_path': './log/2022_07_06_01_23_30_pytorch/'
'lstm_layers': 2
'model_name': 'model_pytorch.pth'
'model_postfix': {'pytorch': '.pth'
'keras': '.h5'
'tensorflow': '.ckpt'}
'model_save_path': './checkpoint/pytorch/'
'output_size': 2
'patience': 3
'predict_day': 1
'random_seed': 23
'shuffle_train_data': True
'time_step': 167
'train_data_path': './gtau2.3edited.csv'
'train_data_rate': 0.9
'use_cuda': True
'used_frame': 'pytorch'
'valid_data_rate': 0.1
2022-07-06 01:23:32,413 - INFO - Epoch 0/25
2022-07-06 01:23:32,966 - INFO - The train loss is 1.006214. The valid loss is 1.008717.
2022-07-06 01:23:32,971 - INFO - Epoch 1/25
2022-07-06 01:23:33,267 - INFO - The train loss is 0.986434. The valid loss is 0.988353.
2022-07-06 01:23:33,272 - INFO - Epoch 2/25
2022-07-06 01:23:33,561 - INFO - The train loss is 0.966220. The valid loss is 0.966914.
2022-07-06 01:23:33,566 - INFO - Epoch 3/25
2022-07-06 01:23:33,849 - INFO - The train loss is 0.944513. The valid loss is 0.943276.
2022-07-06 01:23:33,853 - INFO - Epoch 4/25
2022-07-06 01:23:34,152 - INFO - The train loss is 0.920237. The valid loss is 0.916129.
2022-07-06 01:23:34,156 - INFO - Epoch 5/25
2022-07-06 01:23:34,440 - INFO - The train loss is 0.891929. The valid loss is 0.883814.
2022-07-06 01:23:34,444 - INFO - Epoch 6/25
2022-07-06 01:23:34,736 - INFO - The train loss is 0.857892. The valid loss is 0.844121.
2022-07-06 01:23:34,740 - INFO - Epoch 7/25
2022-07-06 01:23:35,033 - INFO - The train loss is 0.815766. The valid loss is 0.794034.
2022-07-06 01:23:35,038 - INFO - Epoch 8/25
2022-07-06 01:23:35,332 - INFO - The train loss is 0.762095. The valid loss is 0.729474.
2022-07-06 01:23:35,337 - INFO - Epoch 9/25
2022-07-06 01:23:35,630 - INFO - The train loss is 0.692701. The valid loss is 0.645204.
2022-07-06 01:23:35,636 - INFO - Epoch 10/25
2022-07-06 01:23:35,931 - INFO - The train loss is 0.601885. The valid loss is 0.535528.
2022-07-06 01:23:35,935 - INFO - Epoch 11/25
2022-07-06 01:23:36,227 - INFO - The train loss is 0.484507. The valid loss is 0.398200.
2022-07-06 01:23:36,232 - INFO - Epoch 12/25
2022-07-06 01:23:36,525 - INFO - The train loss is 0.342338. The valid loss is 0.251845.
2022-07-06 01:23:36,530 - INFO - Epoch 13/25
2022-07-06 01:23:36,852 - INFO - The train loss is 0.215753. The valid loss is 0.175435.
2022-07-06 01:23:36,856 - INFO - Epoch 14/25
2022-07-06 01:23:37,150 - INFO - The train loss is 0.173558. The valid loss is 0.152287.
2022-07-06 01:23:37,155 - INFO - Epoch 15/25
2022-07-06 01:23:37,452 - INFO - The train loss is 0.131997. The valid loss is 0.103849.
2022-07-06 01:23:37,457 - INFO - Epoch 16/25
2022-07-06 01:23:37,749 - INFO - The train loss is 0.089255. The valid loss is 0.086649.
2022-07-06 01:23:37,753 - INFO - Epoch 17/25
2022-07-06 01:23:38,051 - INFO - The train loss is 0.077671. The valid loss is 0.078419.
2022-07-06 01:23:38,056 - INFO - Epoch 18/25
2022-07-06 01:23:38,350 - INFO - The train loss is 0.069217. The valid loss is 0.063697.
2022-07-06 01:23:38,354 - INFO - Epoch 19/25
2022-07-06 01:23:38,650 - INFO - The train loss is 0.057721. The valid loss is 0.051344.
2022-07-06 01:23:38,655 - INFO - Epoch 20/25
2022-07-06 01:23:38,954 - INFO - The train loss is 0.050702. The valid loss is 0.048825.
2022-07-06 01:23:38,959 - INFO - Epoch 21/25
2022-07-06 01:23:39,253 - INFO - The train loss is 0.049571. The valid loss is 0.047978.
2022-07-06 01:23:39,258 - INFO - Epoch 22/25
2022-07-06 01:23:39,561 - INFO - The train loss is 0.047681. The valid loss is 0.045131.
2022-07-06 01:23:39,566 - INFO - Epoch 23/25
2022-07-06 01:23:39,866 - INFO - The train loss is 0.044358. The valid loss is 0.042073.
2022-07-06 01:23:39,871 - INFO - Epoch 24/25
2022-07-06 01:23:40,167 - INFO - The train loss is 0.041582. The valid loss is 0.040038.
2022-07-06 01:23:41,002 - INFO - The mean squared error of ['top', 'bottom'] is [0.00756463 0.03431175]
2022-07-06 01:23:41,002 - INFO - The R square of ['top', 'bottom'] is [0.00689213 0.02966151]
2022-07-06 01:23:41,039 - INFO - The predicted top is: 56.87957409616918
2022-07-06 01:23:41,054 - INFO - The predicted bottom is: 55.609999500511606
