2022-05-17 21:04:43,050 - INFO - 
Config:
'add_train': False
'batch_size': 501
'continue_flag': ''
'cur_time': '2022_05_17_21_04_43'
'debug_mode': False
'debug_num': 500
'do_continue_train': False
'do_figure_save': False
'do_log_print_to_screen': True
'do_log_save_to_file': True
'do_predict': True
'do_train': True
'do_train_visualized': False
'dropout_rate': 0.1
'epoch': 200
'feature_columns': [1, 2, 3, 4, 5]
'figure_save_path': './figure/'
'hidden_size': 256
'input_size': 5
'label_columns': [4, 5]
'label_in_feature_index': [3, 4]
'learning_rate': 0.0001
'log_save_path': './log/2022_05_17_21_04_43_pytorch/'
'lstm_layers': 2
'model_name': 'model_pytorch.pth'
'model_postfix': {'pytorch': '.pth'
'keras': '.h5'
'tensorflow': '.ckpt'}
'model_save_path': './checkpoint/pytorch/'
'output_size': 2
'patience': 3
'predict_day': 1
'random_seed': 42
'shuffle_train_data': True
'time_step': 167
'train_data_path': './gtau0.csv'
'train_data_rate': 0.95
'use_cuda': True
'used_frame': 'pytorch'
'valid_data_rate': 0.1
2022-05-17 21:04:47,176 - INFO - Epoch 0/200
2022-05-17 21:04:48,073 - INFO - The train loss is 0.914670. The valid loss is 0.950178.
2022-05-17 21:04:48,079 - INFO - Epoch 1/200
2022-05-17 21:04:48,476 - INFO - The train loss is 0.896104. The valid loss is 0.930066.
2022-05-17 21:04:48,480 - INFO - Epoch 2/200
2022-05-17 21:04:48,876 - INFO - The train loss is 0.877000. The valid loss is 0.908752.
2022-05-17 21:04:48,881 - INFO - Epoch 3/200
2022-05-17 21:04:49,281 - INFO - The train loss is 0.856448. The valid loss is 0.885272.
2022-05-17 21:04:49,285 - INFO - Epoch 4/200
2022-05-17 21:04:49,681 - INFO - The train loss is 0.833440. The valid loss is 0.858447.
2022-05-17 21:04:49,686 - INFO - Epoch 5/200
2022-05-17 21:04:50,083 - INFO - The train loss is 0.806812. The valid loss is 0.826774.
2022-05-17 21:04:50,087 - INFO - Epoch 6/200
2022-05-17 21:04:50,485 - INFO - The train loss is 0.774979. The valid loss is 0.788289.
2022-05-17 21:04:50,490 - INFO - Epoch 7/200
2022-05-17 21:04:50,889 - INFO - The train loss is 0.735955. The valid loss is 0.740371.
2022-05-17 21:04:50,894 - INFO - Epoch 8/200
2022-05-17 21:04:51,288 - INFO - The train loss is 0.686850. The valid loss is 0.679534.
2022-05-17 21:04:51,293 - INFO - Epoch 9/200
2022-05-17 21:04:51,690 - INFO - The train loss is 0.624059. The valid loss is 0.601344.
2022-05-17 21:04:51,694 - INFO - Epoch 10/200
2022-05-17 21:04:52,095 - INFO - The train loss is 0.542936. The valid loss is 0.500985.
2022-05-17 21:04:52,100 - INFO - Epoch 11/200
2022-05-17 21:04:52,500 - INFO - The train loss is 0.439275. The valid loss is 0.376111.
2022-05-17 21:04:52,505 - INFO - Epoch 12/200
2022-05-17 21:04:52,906 - INFO - The train loss is 0.313742. The valid loss is 0.237602.
2022-05-17 21:04:52,910 - INFO - Epoch 13/200
2022-05-17 21:04:53,314 - INFO - The train loss is 0.188433. The valid loss is 0.134329.
2022-05-17 21:04:53,319 - INFO - Epoch 14/200
2022-05-17 21:04:53,720 - INFO - The train loss is 0.115517. The valid loss is 0.102309.
2022-05-17 21:04:53,724 - INFO - Epoch 15/200
2022-05-17 21:04:54,124 - INFO - The train loss is 0.093739. The valid loss is 0.083069.
2022-05-17 21:04:54,129 - INFO - Epoch 16/200
2022-05-17 21:04:54,528 - INFO - The train loss is 0.071132. The valid loss is 0.057352.
2022-05-17 21:04:54,534 - INFO - Epoch 17/200
2022-05-17 21:04:54,934 - INFO - The train loss is 0.051193. The valid loss is 0.051907.
2022-05-17 21:04:54,939 - INFO - Epoch 18/200
2022-05-17 21:04:55,342 - INFO - The train loss is 0.048304. The valid loss is 0.052569.
2022-05-17 21:04:55,342 - INFO - Epoch 19/200
2022-05-17 21:04:55,745 - INFO - The train loss is 0.047320. The valid loss is 0.048081.
2022-05-17 21:04:55,749 - INFO - Epoch 20/200
2022-05-17 21:04:56,150 - INFO - The train loss is 0.043248. The valid loss is 0.042476.
2022-05-17 21:04:56,155 - INFO - Epoch 21/200
2022-05-17 21:04:56,559 - INFO - The train loss is 0.039032. The valid loss is 0.038633.
2022-05-17 21:04:56,564 - INFO - Epoch 22/200
2022-05-17 21:04:56,966 - INFO - The train loss is 0.036671. The valid loss is 0.037510.
2022-05-17 21:04:56,970 - INFO - Epoch 23/200
2022-05-17 21:04:57,365 - INFO - The train loss is 0.035787. The valid loss is 0.036385.
2022-05-17 21:04:57,370 - INFO - Epoch 24/200
2022-05-17 21:04:57,767 - INFO - The train loss is 0.034211. The valid loss is 0.034742.
2022-05-17 21:04:57,772 - INFO - Epoch 25/200
2022-05-17 21:04:58,171 - INFO - The train loss is 0.032821. The valid loss is 0.034036.
2022-05-17 21:04:58,176 - INFO - Epoch 26/200
2022-05-17 21:04:58,578 - INFO - The train loss is 0.032199. The valid loss is 0.033477.
2022-05-17 21:04:58,583 - INFO - Epoch 27/200
2022-05-17 21:04:58,978 - INFO - The train loss is 0.031638. The valid loss is 0.032688.
2022-05-17 21:04:58,982 - INFO - Epoch 28/200
2022-05-17 21:04:59,377 - INFO - The train loss is 0.030931. The valid loss is 0.031990.
2022-05-17 21:04:59,382 - INFO - Epoch 29/200
2022-05-17 21:04:59,778 - INFO - The train loss is 0.030454. The valid loss is 0.031481.
2022-05-17 21:04:59,783 - INFO - Epoch 30/200
2022-05-17 21:05:00,182 - INFO - The train loss is 0.030115. The valid loss is 0.031062.
2022-05-17 21:05:00,187 - INFO - Epoch 31/200
2022-05-17 21:05:00,584 - INFO - The train loss is 0.029721. The valid loss is 0.030704.
2022-05-17 21:05:00,588 - INFO - Epoch 32/200
2022-05-17 21:05:00,986 - INFO - The train loss is 0.029394. The valid loss is 0.030439.
2022-05-17 21:05:00,991 - INFO - Epoch 33/200
2022-05-17 21:05:01,390 - INFO - The train loss is 0.029111. The valid loss is 0.030199.
2022-05-17 21:05:01,394 - INFO - Epoch 34/200
2022-05-17 21:05:01,817 - INFO - The train loss is 0.028857. The valid loss is 0.029909.
2022-05-17 21:05:01,821 - INFO - Epoch 35/200
2022-05-17 21:05:02,221 - INFO - The train loss is 0.028627. The valid loss is 0.029607.
2022-05-17 21:05:02,225 - INFO - Epoch 36/200
2022-05-17 21:05:02,622 - INFO - The train loss is 0.028342. The valid loss is 0.029334.
2022-05-17 21:05:02,627 - INFO - Epoch 37/200
2022-05-17 21:05:03,026 - INFO - The train loss is 0.028118. The valid loss is 0.029089.
2022-05-17 21:05:03,031 - INFO - Epoch 38/200
2022-05-17 21:05:03,430 - INFO - The train loss is 0.027874. The valid loss is 0.028856.
2022-05-17 21:05:03,435 - INFO - Epoch 39/200
2022-05-17 21:05:03,835 - INFO - The train loss is 0.027636. The valid loss is 0.028626.
2022-05-17 21:05:03,840 - INFO - Epoch 40/200
2022-05-17 21:05:04,235 - INFO - The train loss is 0.027437. The valid loss is 0.028396.
2022-05-17 21:05:04,240 - INFO - Epoch 41/200
2022-05-17 21:05:04,645 - INFO - The train loss is 0.027231. The valid loss is 0.028169.
2022-05-17 21:05:04,650 - INFO - Epoch 42/200
2022-05-17 21:05:05,052 - INFO - The train loss is 0.027039. The valid loss is 0.027946.
2022-05-17 21:05:05,057 - INFO - Epoch 43/200
2022-05-17 21:05:05,454 - INFO - The train loss is 0.026804. The valid loss is 0.027733.
2022-05-17 21:05:05,458 - INFO - Epoch 44/200
2022-05-17 21:05:05,863 - INFO - The train loss is 0.026608. The valid loss is 0.027526.
2022-05-17 21:05:05,867 - INFO - Epoch 45/200
2022-05-17 21:05:06,265 - INFO - The train loss is 0.026405. The valid loss is 0.027324.
2022-05-17 21:05:06,270 - INFO - Epoch 46/200
2022-05-17 21:05:06,672 - INFO - The train loss is 0.026227. The valid loss is 0.027124.
2022-05-17 21:05:06,677 - INFO - Epoch 47/200
2022-05-17 21:05:07,079 - INFO - The train loss is 0.026036. The valid loss is 0.026927.
2022-05-17 21:05:07,084 - INFO - Epoch 48/200
2022-05-17 21:05:07,483 - INFO - The train loss is 0.025836. The valid loss is 0.026735.
2022-05-17 21:05:07,488 - INFO - Epoch 49/200
2022-05-17 21:05:07,890 - INFO - The train loss is 0.025670. The valid loss is 0.026546.
2022-05-17 21:05:07,895 - INFO - Epoch 50/200
2022-05-17 21:05:08,301 - INFO - The train loss is 0.025495. The valid loss is 0.026362.
2022-05-17 21:05:08,306 - INFO - Epoch 51/200
2022-05-17 21:05:08,707 - INFO - The train loss is 0.025305. The valid loss is 0.026179.
2022-05-17 21:05:08,712 - INFO - Epoch 52/200
2022-05-17 21:05:09,116 - INFO - The train loss is 0.025126. The valid loss is 0.026000.
2022-05-17 21:05:09,121 - INFO - Epoch 53/200
2022-05-17 21:05:09,526 - INFO - The train loss is 0.024961. The valid loss is 0.025825.
2022-05-17 21:05:09,532 - INFO - Epoch 54/200
2022-05-17 21:05:09,936 - INFO - The train loss is 0.024810. The valid loss is 0.025651.
2022-05-17 21:05:09,941 - INFO - Epoch 55/200
2022-05-17 21:05:10,342 - INFO - The train loss is 0.024657. The valid loss is 0.025479.
2022-05-17 21:05:10,346 - INFO - Epoch 56/200
2022-05-17 21:05:10,744 - INFO - The train loss is 0.024475. The valid loss is 0.025308.
2022-05-17 21:05:10,749 - INFO - Epoch 57/200
2022-05-17 21:05:11,147 - INFO - The train loss is 0.024332. The valid loss is 0.025140.
2022-05-17 21:05:11,151 - INFO - Epoch 58/200
2022-05-17 21:05:11,551 - INFO - The train loss is 0.024154. The valid loss is 0.024976.
2022-05-17 21:05:11,556 - INFO - Epoch 59/200
2022-05-17 21:05:11,953 - INFO - The train loss is 0.023991. The valid loss is 0.024813.
2022-05-17 21:05:11,958 - INFO - Epoch 60/200
2022-05-17 21:05:12,358 - INFO - The train loss is 0.023835. The valid loss is 0.024652.
2022-05-17 21:05:12,363 - INFO - Epoch 61/200
2022-05-17 21:05:12,769 - INFO - The train loss is 0.023696. The valid loss is 0.024493.
2022-05-17 21:05:12,773 - INFO - Epoch 62/200
2022-05-17 21:05:13,171 - INFO - The train loss is 0.023538. The valid loss is 0.024335.
2022-05-17 21:05:13,176 - INFO - Epoch 63/200
2022-05-17 21:05:13,575 - INFO - The train loss is 0.023386. The valid loss is 0.024179.
2022-05-17 21:05:13,579 - INFO - Epoch 64/200
2022-05-17 21:05:13,984 - INFO - The train loss is 0.023235. The valid loss is 0.024024.
2022-05-17 21:05:13,988 - INFO - Epoch 65/200
2022-05-17 21:05:14,391 - INFO - The train loss is 0.023098. The valid loss is 0.023872.
2022-05-17 21:05:14,396 - INFO - Epoch 66/200
2022-05-17 21:05:14,802 - INFO - The train loss is 0.022956. The valid loss is 0.023722.
2022-05-17 21:05:14,806 - INFO - Epoch 67/200
2022-05-17 21:05:15,214 - INFO - The train loss is 0.022794. The valid loss is 0.023572.
2022-05-17 21:05:15,219 - INFO - Epoch 68/200
2022-05-17 21:05:15,628 - INFO - The train loss is 0.022643. The valid loss is 0.023423.
2022-05-17 21:05:15,633 - INFO - Epoch 69/200
2022-05-17 21:05:16,040 - INFO - The train loss is 0.022522. The valid loss is 0.023274.
2022-05-17 21:05:16,045 - INFO - Epoch 70/200
2022-05-17 21:05:16,454 - INFO - The train loss is 0.022361. The valid loss is 0.023126.
2022-05-17 21:05:16,459 - INFO - Epoch 71/200
2022-05-17 21:05:16,867 - INFO - The train loss is 0.022242. The valid loss is 0.022982.
2022-05-17 21:05:16,872 - INFO - Epoch 72/200
2022-05-17 21:05:17,285 - INFO - The train loss is 0.022076. The valid loss is 0.022839.
2022-05-17 21:05:17,289 - INFO - Epoch 73/200
2022-05-17 21:05:17,699 - INFO - The train loss is 0.021960. The valid loss is 0.022697.
2022-05-17 21:05:17,704 - INFO - Epoch 74/200
2022-05-17 21:05:18,113 - INFO - The train loss is 0.021812. The valid loss is 0.022553.
2022-05-17 21:05:18,118 - INFO - Epoch 75/200
2022-05-17 21:05:18,526 - INFO - The train loss is 0.021683. The valid loss is 0.022412.
2022-05-17 21:05:18,530 - INFO - Epoch 76/200
2022-05-17 21:05:18,939 - INFO - The train loss is 0.021543. The valid loss is 0.022273.
2022-05-17 21:05:18,944 - INFO - Epoch 77/200
2022-05-17 21:05:19,349 - INFO - The train loss is 0.021405. The valid loss is 0.022135.
2022-05-17 21:05:19,354 - INFO - Epoch 78/200
2022-05-17 21:05:19,761 - INFO - The train loss is 0.021273. The valid loss is 0.021996.
2022-05-17 21:05:19,766 - INFO - Epoch 79/200
2022-05-17 21:05:20,178 - INFO - The train loss is 0.021125. The valid loss is 0.021859.
2022-05-17 21:05:20,182 - INFO - Epoch 80/200
2022-05-17 21:05:20,595 - INFO - The train loss is 0.021002. The valid loss is 0.021724.
2022-05-17 21:05:20,599 - INFO - Epoch 81/200
2022-05-17 21:05:21,010 - INFO - The train loss is 0.020869. The valid loss is 0.021588.
2022-05-17 21:05:21,015 - INFO - Epoch 82/200
2022-05-17 21:05:21,420 - INFO - The train loss is 0.020739. The valid loss is 0.021452.
2022-05-17 21:05:21,424 - INFO - Epoch 83/200
2022-05-17 21:05:21,838 - INFO - The train loss is 0.020628. The valid loss is 0.021318.
2022-05-17 21:05:21,842 - INFO - Epoch 84/200
2022-05-17 21:05:22,251 - INFO - The train loss is 0.020487. The valid loss is 0.021187.
2022-05-17 21:05:22,256 - INFO - Epoch 85/200
2022-05-17 21:05:22,662 - INFO - The train loss is 0.020367. The valid loss is 0.021056.
2022-05-17 21:05:22,668 - INFO - Epoch 86/200
2022-05-17 21:05:23,071 - INFO - The train loss is 0.020255. The valid loss is 0.020924.
2022-05-17 21:05:23,076 - INFO - Epoch 87/200
2022-05-17 21:05:23,476 - INFO - The train loss is 0.020111. The valid loss is 0.020793.
2022-05-17 21:05:23,481 - INFO - Epoch 88/200
2022-05-17 21:05:23,882 - INFO - The train loss is 0.019996. The valid loss is 0.020664.
2022-05-17 21:05:23,887 - INFO - Epoch 89/200
2022-05-17 21:05:24,286 - INFO - The train loss is 0.019875. The valid loss is 0.020535.
2022-05-17 21:05:24,291 - INFO - Epoch 90/200
2022-05-17 21:05:24,694 - INFO - The train loss is 0.019756. The valid loss is 0.020407.
2022-05-17 21:05:24,699 - INFO - Epoch 91/200
2022-05-17 21:05:25,101 - INFO - The train loss is 0.019638. The valid loss is 0.020280.
2022-05-17 21:05:25,106 - INFO - Epoch 92/200
2022-05-17 21:05:25,510 - INFO - The train loss is 0.019520. The valid loss is 0.020153.
2022-05-17 21:05:25,515 - INFO - Epoch 93/200
2022-05-17 21:05:25,918 - INFO - The train loss is 0.019405. The valid loss is 0.020028.
2022-05-17 21:05:25,922 - INFO - Epoch 94/200
2022-05-17 21:05:26,326 - INFO - The train loss is 0.019269. The valid loss is 0.019903.
2022-05-17 21:05:26,330 - INFO - Epoch 95/200
2022-05-17 21:05:26,736 - INFO - The train loss is 0.019156. The valid loss is 0.019777.
2022-05-17 21:05:26,740 - INFO - Epoch 96/200
2022-05-17 21:05:27,149 - INFO - The train loss is 0.019043. The valid loss is 0.019653.
2022-05-17 21:05:27,154 - INFO - Epoch 97/200
2022-05-17 21:05:27,559 - INFO - The train loss is 0.018916. The valid loss is 0.019533.
2022-05-17 21:05:27,563 - INFO - Epoch 98/200
2022-05-17 21:05:27,969 - INFO - The train loss is 0.018779. The valid loss is 0.019410.
2022-05-17 21:05:27,974 - INFO - Epoch 99/200
2022-05-17 21:05:28,382 - INFO - The train loss is 0.018686. The valid loss is 0.019287.
2022-05-17 21:05:28,389 - INFO - Epoch 100/200
2022-05-17 21:05:28,794 - INFO - The train loss is 0.018573. The valid loss is 0.019167.
2022-05-17 21:05:28,798 - INFO - Epoch 101/200
2022-05-17 21:05:29,206 - INFO - The train loss is 0.018479. The valid loss is 0.019048.
2022-05-17 21:05:29,211 - INFO - Epoch 102/200
2022-05-17 21:05:29,612 - INFO - The train loss is 0.018342. The valid loss is 0.018929.
2022-05-17 21:05:29,617 - INFO - Epoch 103/200
2022-05-17 21:05:30,020 - INFO - The train loss is 0.018239. The valid loss is 0.018810.
2022-05-17 21:05:30,025 - INFO - Epoch 104/200
2022-05-17 21:05:30,431 - INFO - The train loss is 0.018116. The valid loss is 0.018693.
2022-05-17 21:05:30,435 - INFO - Epoch 105/200
2022-05-17 21:05:30,845 - INFO - The train loss is 0.018004. The valid loss is 0.018576.
2022-05-17 21:05:30,848 - INFO - Epoch 106/200
2022-05-17 21:05:31,254 - INFO - The train loss is 0.017908. The valid loss is 0.018460.
2022-05-17 21:05:31,259 - INFO - Epoch 107/200
2022-05-17 21:05:31,663 - INFO - The train loss is 0.017786. The valid loss is 0.018345.
2022-05-17 21:05:31,668 - INFO - Epoch 108/200
2022-05-17 21:05:32,069 - INFO - The train loss is 0.017676. The valid loss is 0.018230.
2022-05-17 21:05:32,073 - INFO - Epoch 109/200
2022-05-17 21:05:32,498 - INFO - The train loss is 0.017576. The valid loss is 0.018116.
2022-05-17 21:05:32,502 - INFO - Epoch 110/200
2022-05-17 21:05:32,914 - INFO - The train loss is 0.017465. The valid loss is 0.018003.
2022-05-17 21:05:32,918 - INFO - Epoch 111/200
2022-05-17 21:05:33,324 - INFO - The train loss is 0.017352. The valid loss is 0.017891.
2022-05-17 21:05:33,329 - INFO - Epoch 112/200
2022-05-17 21:05:33,729 - INFO - The train loss is 0.017251. The valid loss is 0.017780.
2022-05-17 21:05:33,734 - INFO - Epoch 113/200
2022-05-17 21:05:34,140 - INFO - The train loss is 0.017168. The valid loss is 0.017669.
2022-05-17 21:05:34,145 - INFO - Epoch 114/200
2022-05-17 21:05:34,549 - INFO - The train loss is 0.017058. The valid loss is 0.017559.
2022-05-17 21:05:34,553 - INFO - Epoch 115/200
2022-05-17 21:05:34,957 - INFO - The train loss is 0.016941. The valid loss is 0.017451.
2022-05-17 21:05:34,961 - INFO - Epoch 116/200
2022-05-17 21:05:35,365 - INFO - The train loss is 0.016828. The valid loss is 0.017343.
2022-05-17 21:05:35,369 - INFO - Epoch 117/200
2022-05-17 21:05:35,773 - INFO - The train loss is 0.016740. The valid loss is 0.017236.
2022-05-17 21:05:35,777 - INFO - Epoch 118/200
2022-05-17 21:05:36,181 - INFO - The train loss is 0.016643. The valid loss is 0.017130.
2022-05-17 21:05:36,186 - INFO - Epoch 119/200
2022-05-17 21:05:36,592 - INFO - The train loss is 0.016534. The valid loss is 0.017024.
2022-05-17 21:05:36,598 - INFO - Epoch 120/200
2022-05-17 21:05:37,001 - INFO - The train loss is 0.016434. The valid loss is 0.016921.
2022-05-17 21:05:37,005 - INFO - Epoch 121/200
2022-05-17 21:05:37,409 - INFO - The train loss is 0.016342. The valid loss is 0.016818.
2022-05-17 21:05:37,414 - INFO - Epoch 122/200
2022-05-17 21:05:37,817 - INFO - The train loss is 0.016245. The valid loss is 0.016715.
2022-05-17 21:05:37,822 - INFO - Epoch 123/200
2022-05-17 21:05:38,224 - INFO - The train loss is 0.016136. The valid loss is 0.016612.
2022-05-17 21:05:38,229 - INFO - Epoch 124/200
2022-05-17 21:05:38,632 - INFO - The train loss is 0.016054. The valid loss is 0.016513.
2022-05-17 21:05:38,636 - INFO - Epoch 125/200
2022-05-17 21:05:39,044 - INFO - The train loss is 0.015954. The valid loss is 0.016415.
2022-05-17 21:05:39,049 - INFO - Epoch 126/200
2022-05-17 21:05:39,450 - INFO - The train loss is 0.015865. The valid loss is 0.016316.
2022-05-17 21:05:39,455 - INFO - Epoch 127/200
2022-05-17 21:05:39,859 - INFO - The train loss is 0.015772. The valid loss is 0.016219.
2022-05-17 21:05:39,864 - INFO - Epoch 128/200
2022-05-17 21:05:40,274 - INFO - The train loss is 0.015687. The valid loss is 0.016122.
2022-05-17 21:05:40,279 - INFO - Epoch 129/200
2022-05-17 21:05:40,690 - INFO - The train loss is 0.015590. The valid loss is 0.016028.
2022-05-17 21:05:40,694 - INFO - Epoch 130/200
2022-05-17 21:05:41,105 - INFO - The train loss is 0.015519. The valid loss is 0.015934.
2022-05-17 21:05:41,111 - INFO - Epoch 131/200
2022-05-17 21:05:41,523 - INFO - The train loss is 0.015418. The valid loss is 0.015840.
2022-05-17 21:05:41,528 - INFO - Epoch 132/200
2022-05-17 21:05:41,941 - INFO - The train loss is 0.015333. The valid loss is 0.015748.
2022-05-17 21:05:41,945 - INFO - Epoch 133/200
2022-05-17 21:05:42,359 - INFO - The train loss is 0.015262. The valid loss is 0.015657.
2022-05-17 21:05:42,364 - INFO - Epoch 134/200
2022-05-17 21:05:42,775 - INFO - The train loss is 0.015151. The valid loss is 0.015568.
2022-05-17 21:05:42,780 - INFO - Epoch 135/200
2022-05-17 21:05:43,193 - INFO - The train loss is 0.015065. The valid loss is 0.015479.
2022-05-17 21:05:43,198 - INFO - Epoch 136/200
2022-05-17 21:05:43,613 - INFO - The train loss is 0.014994. The valid loss is 0.015391.
2022-05-17 21:05:43,618 - INFO - Epoch 137/200
2022-05-17 21:05:44,031 - INFO - The train loss is 0.014912. The valid loss is 0.015304.
2022-05-17 21:05:44,036 - INFO - Epoch 138/200
2022-05-17 21:05:44,449 - INFO - The train loss is 0.014831. The valid loss is 0.015219.
2022-05-17 21:05:44,454 - INFO - Epoch 139/200
2022-05-17 21:05:44,866 - INFO - The train loss is 0.014745. The valid loss is 0.015135.
2022-05-17 21:05:44,870 - INFO - Epoch 140/200
2022-05-17 21:05:45,285 - INFO - The train loss is 0.014669. The valid loss is 0.015051.
2022-05-17 21:05:45,290 - INFO - Epoch 141/200
2022-05-17 21:05:45,701 - INFO - The train loss is 0.014589. The valid loss is 0.014969.
2022-05-17 21:05:45,705 - INFO - Epoch 142/200
2022-05-17 21:05:46,112 - INFO - The train loss is 0.014505. The valid loss is 0.014888.
2022-05-17 21:05:46,116 - INFO - Epoch 143/200
2022-05-17 21:05:46,526 - INFO - The train loss is 0.014434. The valid loss is 0.014808.
2022-05-17 21:05:46,531 - INFO - Epoch 144/200
2022-05-17 21:05:46,946 - INFO - The train loss is 0.014357. The valid loss is 0.014730.
2022-05-17 21:05:46,951 - INFO - Epoch 145/200
2022-05-17 21:05:47,356 - INFO - The train loss is 0.014293. The valid loss is 0.014651.
2022-05-17 21:05:47,360 - INFO - Epoch 146/200
2022-05-17 21:05:47,768 - INFO - The train loss is 0.014212. The valid loss is 0.014574.
2022-05-17 21:05:47,772 - INFO - Epoch 147/200
2022-05-17 21:05:48,185 - INFO - The train loss is 0.014134. The valid loss is 0.014498.
2022-05-17 21:05:48,190 - INFO - Epoch 148/200
2022-05-17 21:05:48,620 - INFO - The train loss is 0.014057. The valid loss is 0.014424.
2022-05-17 21:05:48,625 - INFO - Epoch 149/200
2022-05-17 21:05:49,038 - INFO - The train loss is 0.014007. The valid loss is 0.014349.
2022-05-17 21:05:49,043 - INFO - Epoch 150/200
2022-05-17 21:05:49,452 - INFO - The train loss is 0.013932. The valid loss is 0.014276.
2022-05-17 21:05:49,457 - INFO - Epoch 151/200
2022-05-17 21:05:49,872 - INFO - The train loss is 0.013876. The valid loss is 0.014205.
2022-05-17 21:05:49,876 - INFO - Epoch 152/200
2022-05-17 21:05:50,286 - INFO - The train loss is 0.013783. The valid loss is 0.014133.
2022-05-17 21:05:50,290 - INFO - Epoch 153/200
2022-05-17 21:05:50,694 - INFO - The train loss is 0.013733. The valid loss is 0.014063.
2022-05-17 21:05:50,699 - INFO - Epoch 154/200
2022-05-17 21:05:51,106 - INFO - The train loss is 0.013660. The valid loss is 0.013994.
2022-05-17 21:05:51,111 - INFO - Epoch 155/200
2022-05-17 21:05:51,517 - INFO - The train loss is 0.013597. The valid loss is 0.013926.
2022-05-17 21:05:51,522 - INFO - Epoch 156/200
2022-05-17 21:05:51,926 - INFO - The train loss is 0.013541. The valid loss is 0.013858.
2022-05-17 21:05:51,930 - INFO - Epoch 157/200
2022-05-17 21:05:52,341 - INFO - The train loss is 0.013472. The valid loss is 0.013791.
2022-05-17 21:05:52,345 - INFO - Epoch 158/200
2022-05-17 21:05:52,751 - INFO - The train loss is 0.013412. The valid loss is 0.013726.
2022-05-17 21:05:52,756 - INFO - Epoch 159/200
2022-05-17 21:05:53,162 - INFO - The train loss is 0.013370. The valid loss is 0.013661.
2022-05-17 21:05:53,167 - INFO - Epoch 160/200
2022-05-17 21:05:53,570 - INFO - The train loss is 0.013296. The valid loss is 0.013596.
2022-05-17 21:05:53,575 - INFO - Epoch 161/200
2022-05-17 21:05:53,985 - INFO - The train loss is 0.013228. The valid loss is 0.013533.
2022-05-17 21:05:53,989 - INFO - Epoch 162/200
2022-05-17 21:05:54,393 - INFO - The train loss is 0.013173. The valid loss is 0.013470.
2022-05-17 21:05:54,398 - INFO - Epoch 163/200
2022-05-17 21:05:54,807 - INFO - The train loss is 0.013116. The valid loss is 0.013408.
2022-05-17 21:05:54,812 - INFO - Epoch 164/200
2022-05-17 21:05:55,222 - INFO - The train loss is 0.013056. The valid loss is 0.013347.
2022-05-17 21:05:55,227 - INFO - Epoch 165/200
2022-05-17 21:05:55,633 - INFO - The train loss is 0.013014. The valid loss is 0.013287.
2022-05-17 21:05:55,637 - INFO - Epoch 166/200
2022-05-17 21:05:56,048 - INFO - The train loss is 0.012946. The valid loss is 0.013227.
2022-05-17 21:05:56,052 - INFO - Epoch 167/200
2022-05-17 21:05:56,464 - INFO - The train loss is 0.012896. The valid loss is 0.013168.
2022-05-17 21:05:56,468 - INFO - Epoch 168/200
2022-05-17 21:05:56,879 - INFO - The train loss is 0.012836. The valid loss is 0.013109.
2022-05-17 21:05:56,884 - INFO - Epoch 169/200
2022-05-17 21:05:57,288 - INFO - The train loss is 0.012784. The valid loss is 0.013051.
2022-05-17 21:05:57,293 - INFO - Epoch 170/200
2022-05-17 21:05:57,697 - INFO - The train loss is 0.012718. The valid loss is 0.012994.
2022-05-17 21:05:57,702 - INFO - Epoch 171/200
2022-05-17 21:05:58,106 - INFO - The train loss is 0.012677. The valid loss is 0.012937.
2022-05-17 21:05:58,111 - INFO - Epoch 172/200
2022-05-17 21:05:58,519 - INFO - The train loss is 0.012620. The valid loss is 0.012881.
2022-05-17 21:05:58,524 - INFO - Epoch 173/200
2022-05-17 21:05:58,929 - INFO - The train loss is 0.012575. The valid loss is 0.012826.
2022-05-17 21:05:58,933 - INFO - Epoch 174/200
2022-05-17 21:05:59,338 - INFO - The train loss is 0.012520. The valid loss is 0.012771.
2022-05-17 21:05:59,344 - INFO - Epoch 175/200
2022-05-17 21:05:59,748 - INFO - The train loss is 0.012472. The valid loss is 0.012716.
2022-05-17 21:05:59,753 - INFO - Epoch 176/200
2022-05-17 21:06:00,162 - INFO - The train loss is 0.012415. The valid loss is 0.012662.
2022-05-17 21:06:00,166 - INFO - Epoch 177/200
2022-05-17 21:06:00,577 - INFO - The train loss is 0.012366. The valid loss is 0.012609.
2022-05-17 21:06:00,582 - INFO - Epoch 178/200
2022-05-17 21:06:00,989 - INFO - The train loss is 0.012316. The valid loss is 0.012556.
2022-05-17 21:06:00,994 - INFO - Epoch 179/200
2022-05-17 21:06:01,402 - INFO - The train loss is 0.012262. The valid loss is 0.012504.
2022-05-17 21:06:01,406 - INFO - Epoch 180/200
2022-05-17 21:06:01,814 - INFO - The train loss is 0.012217. The valid loss is 0.012452.
2022-05-17 21:06:01,819 - INFO - Epoch 181/200
2022-05-17 21:06:02,226 - INFO - The train loss is 0.012178. The valid loss is 0.012401.
2022-05-17 21:06:02,231 - INFO - Epoch 182/200
2022-05-17 21:06:02,638 - INFO - The train loss is 0.012131. The valid loss is 0.012350.
2022-05-17 21:06:02,642 - INFO - Epoch 183/200
2022-05-17 21:06:03,049 - INFO - The train loss is 0.012096. The valid loss is 0.012300.
2022-05-17 21:06:03,054 - INFO - Epoch 184/200
2022-05-17 21:06:03,462 - INFO - The train loss is 0.012041. The valid loss is 0.012250.
2022-05-17 21:06:03,466 - INFO - Epoch 185/200
2022-05-17 21:06:03,875 - INFO - The train loss is 0.011997. The valid loss is 0.012200.
2022-05-17 21:06:03,880 - INFO - Epoch 186/200
2022-05-17 21:06:04,285 - INFO - The train loss is 0.011948. The valid loss is 0.012151.
2022-05-17 21:06:04,290 - INFO - Epoch 187/200
2022-05-17 21:06:04,695 - INFO - The train loss is 0.011901. The valid loss is 0.012103.
2022-05-17 21:06:04,700 - INFO - Epoch 188/200
2022-05-17 21:06:05,106 - INFO - The train loss is 0.011846. The valid loss is 0.012054.
2022-05-17 21:06:05,110 - INFO - Epoch 189/200
2022-05-17 21:06:05,520 - INFO - The train loss is 0.011792. The valid loss is 0.012006.
2022-05-17 21:06:05,525 - INFO - Epoch 190/200
2022-05-17 21:06:05,937 - INFO - The train loss is 0.011771. The valid loss is 0.011959.
2022-05-17 21:06:05,941 - INFO - Epoch 191/200
2022-05-17 21:06:06,354 - INFO - The train loss is 0.011721. The valid loss is 0.011912.
2022-05-17 21:06:06,359 - INFO - Epoch 192/200
2022-05-17 21:06:06,770 - INFO - The train loss is 0.011680. The valid loss is 0.011866.
2022-05-17 21:06:06,775 - INFO - Epoch 193/200
2022-05-17 21:06:07,181 - INFO - The train loss is 0.011638. The valid loss is 0.011820.
2022-05-17 21:06:07,186 - INFO - Epoch 194/200
2022-05-17 21:06:07,592 - INFO - The train loss is 0.011604. The valid loss is 0.011773.
2022-05-17 21:06:07,597 - INFO - Epoch 195/200
2022-05-17 21:06:08,001 - INFO - The train loss is 0.011540. The valid loss is 0.011728.
2022-05-17 21:06:08,006 - INFO - Epoch 196/200
2022-05-17 21:06:08,413 - INFO - The train loss is 0.011510. The valid loss is 0.011683.
2022-05-17 21:06:08,418 - INFO - Epoch 197/200
2022-05-17 21:06:08,830 - INFO - The train loss is 0.011471. The valid loss is 0.011638.
2022-05-17 21:06:08,835 - INFO - Epoch 198/200
2022-05-17 21:06:09,246 - INFO - The train loss is 0.011425. The valid loss is 0.011593.
2022-05-17 21:06:09,251 - INFO - Epoch 199/200
2022-05-17 21:06:09,666 - INFO - The train loss is 0.011384. The valid loss is 0.011549.
2022-05-17 21:06:10,299 - INFO - The mean squared error of stock ['top blood velocity', 'bottom blood velocity'] is [0.0012887  0.00156831]
2022-05-17 21:06:10,340 - INFO - The predicted top blood velocity is: 59.16614265537969
2022-05-17 21:06:10,354 - INFO - The predicted bottom blood velocity is: 59.69708187891044
