2022-07-20 13:43:10,078 - INFO - 
Config:
'add_train': False
'batch_size': 501
'continue_flag': ''
'cur_time': '2022_07_20_13_43_10'
'debug_mode': False
'debug_num': 500
'do_continue_train': False
'do_figure_save': False
'do_log_print_to_screen': True
'do_log_save_to_file': True
'do_predict': True
'do_train': True
'do_train_visualized': False
'dropout_rate': 0.1
'epoch': 200
'feature_columns': [1, 2, 3, 4, 5]
'figure_save_path': './figure/'
'hidden_size': 256
'input_size': 5
'label_columns': [4, 5]
'label_in_feature_index': [3, 4]
'learning_rate': 0.0001
'log_save_path': './log/2022_07_20_13_43_10_pytorch/'
'lstm_layers': 2
'model_name': 'model_pytorch.pth'
'model_postfix': {'pytorch': '.pth'
'keras': '.h5'
'tensorflow': '.ckpt'}
'model_save_path': './checkpoint/pytorch/'
'output_size': 2
'patience': 3
'predict_day': 1
'random_seed': 48
'shuffle_train_data': True
'time_step': 167
'train_data_path': './gtau2.3edited.csv'
'train_data_rate': 0.9
'use_cuda': True
'used_frame': 'pytorch'
'valid_data_rate': 0.1
2022-07-20 13:43:14,483 - INFO - Epoch 0/200
2022-07-20 13:43:15,286 - INFO - The train loss is 0.964724. The valid loss is 1.045365.
2022-07-20 13:43:15,295 - INFO - Epoch 1/200
2022-07-20 13:43:15,564 - INFO - The train loss is 0.948642. The valid loss is 1.028554.
2022-07-20 13:43:15,569 - INFO - Epoch 2/200
2022-07-20 13:43:15,848 - INFO - The train loss is 0.932338. The valid loss is 1.011240.
2022-07-20 13:43:15,853 - INFO - Epoch 3/200
2022-07-20 13:43:16,117 - INFO - The train loss is 0.915368. The valid loss is 0.992989.
2022-07-20 13:43:16,122 - INFO - Epoch 4/200
2022-07-20 13:43:16,391 - INFO - The train loss is 0.897273. The valid loss is 0.973303.
2022-07-20 13:43:16,396 - INFO - Epoch 5/200
2022-07-20 13:43:16,668 - INFO - The train loss is 0.877582. The valid loss is 0.951598.
2022-07-20 13:43:16,674 - INFO - Epoch 6/200
2022-07-20 13:43:16,948 - INFO - The train loss is 0.855660. The valid loss is 0.927173.
2022-07-20 13:43:16,953 - INFO - Epoch 7/200
2022-07-20 13:43:17,215 - INFO - The train loss is 0.830714. The valid loss is 0.899166.
2022-07-20 13:43:17,220 - INFO - Epoch 8/200
2022-07-20 13:43:17,490 - INFO - The train loss is 0.801853. The valid loss is 0.866494.
2022-07-20 13:43:17,495 - INFO - Epoch 9/200
2022-07-20 13:43:17,768 - INFO - The train loss is 0.767906. The valid loss is 0.827802.
2022-07-20 13:43:17,773 - INFO - Epoch 10/200
2022-07-20 13:43:18,066 - INFO - The train loss is 0.727249. The valid loss is 0.781399.
2022-07-20 13:43:18,071 - INFO - Epoch 11/200
2022-07-20 13:43:18,338 - INFO - The train loss is 0.678169. The valid loss is 0.725296.
2022-07-20 13:43:18,343 - INFO - Epoch 12/200
2022-07-20 13:43:18,614 - INFO - The train loss is 0.618765. The valid loss is 0.657538.
2022-07-20 13:43:18,618 - INFO - Epoch 13/200
2022-07-20 13:43:18,889 - INFO - The train loss is 0.547324. The valid loss is 0.577534.
2022-07-20 13:43:18,894 - INFO - Epoch 14/200
2022-07-20 13:43:19,162 - INFO - The train loss is 0.465701. The valid loss is 0.489977.
2022-07-20 13:43:19,168 - INFO - Epoch 15/200
2022-07-20 13:43:19,435 - INFO - The train loss is 0.384307. The valid loss is 0.410470.
2022-07-20 13:43:19,440 - INFO - Epoch 16/200
2022-07-20 13:43:19,720 - INFO - The train loss is 0.321863. The valid loss is 0.349624.
2022-07-20 13:43:19,724 - INFO - Epoch 17/200
2022-07-20 13:43:19,994 - INFO - The train loss is 0.277932. The valid loss is 0.307885.
2022-07-20 13:43:19,999 - INFO - Epoch 18/200
2022-07-20 13:43:20,263 - INFO - The train loss is 0.249869. The valid loss is 0.279003.
2022-07-20 13:43:20,268 - INFO - Epoch 19/200
2022-07-20 13:43:20,532 - INFO - The train loss is 0.223445. The valid loss is 0.231620.
2022-07-20 13:43:20,537 - INFO - Epoch 20/200
2022-07-20 13:43:20,807 - INFO - The train loss is 0.185162. The valid loss is 0.183589.
2022-07-20 13:43:20,812 - INFO - Epoch 21/200
2022-07-20 13:43:21,077 - INFO - The train loss is 0.150562. The valid loss is 0.146902.
2022-07-20 13:43:21,082 - INFO - Epoch 22/200
2022-07-20 13:43:21,348 - INFO - The train loss is 0.123634. The valid loss is 0.118608.
2022-07-20 13:43:21,352 - INFO - Epoch 23/200
2022-07-20 13:43:21,618 - INFO - The train loss is 0.101861. The valid loss is 0.096755.
2022-07-20 13:43:21,622 - INFO - Epoch 24/200
2022-07-20 13:43:21,889 - INFO - The train loss is 0.083966. The valid loss is 0.078938.
2022-07-20 13:43:21,894 - INFO - Epoch 25/200
2022-07-20 13:43:22,159 - INFO - The train loss is 0.068165. The valid loss is 0.064526.
2022-07-20 13:43:22,164 - INFO - Epoch 26/200
2022-07-20 13:43:22,435 - INFO - The train loss is 0.056004. The valid loss is 0.056194.
2022-07-20 13:43:22,440 - INFO - Epoch 27/200
2022-07-20 13:43:22,709 - INFO - The train loss is 0.049346. The valid loss is 0.052242.
2022-07-20 13:43:22,713 - INFO - Epoch 28/200
2022-07-20 13:43:22,977 - INFO - The train loss is 0.045948. The valid loss is 0.049273.
2022-07-20 13:43:22,981 - INFO - Epoch 29/200
2022-07-20 13:43:23,254 - INFO - The train loss is 0.043464. The valid loss is 0.047207.
2022-07-20 13:43:23,258 - INFO - Epoch 30/200
2022-07-20 13:43:23,526 - INFO - The train loss is 0.042141. The valid loss is 0.046169.
2022-07-20 13:43:23,531 - INFO - Epoch 31/200
2022-07-20 13:43:23,806 - INFO - The train loss is 0.041229. The valid loss is 0.045225.
2022-07-20 13:43:23,811 - INFO - Epoch 32/200
2022-07-20 13:43:24,076 - INFO - The train loss is 0.039879. The valid loss is 0.044299.
2022-07-20 13:43:24,080 - INFO - Epoch 33/200
2022-07-20 13:43:24,353 - INFO - The train loss is 0.038613. The valid loss is 0.043195.
2022-07-20 13:43:24,358 - INFO - Epoch 34/200
2022-07-20 13:43:24,625 - INFO - The train loss is 0.037302. The valid loss is 0.041606.
2022-07-20 13:43:24,630 - INFO - Epoch 35/200
2022-07-20 13:43:24,904 - INFO - The train loss is 0.035897. The valid loss is 0.039930.
2022-07-20 13:43:24,909 - INFO - Epoch 36/200
2022-07-20 13:43:25,178 - INFO - The train loss is 0.034889. The valid loss is 0.038702.
2022-07-20 13:43:25,182 - INFO - Epoch 37/200
2022-07-20 13:43:25,455 - INFO - The train loss is 0.034156. The valid loss is 0.037952.
2022-07-20 13:43:25,460 - INFO - Epoch 38/200
2022-07-20 13:43:25,733 - INFO - The train loss is 0.033769. The valid loss is 0.037430.
2022-07-20 13:43:25,738 - INFO - Epoch 39/200
2022-07-20 13:43:26,004 - INFO - The train loss is 0.033367. The valid loss is 0.037012.
2022-07-20 13:43:26,009 - INFO - Epoch 40/200
2022-07-20 13:43:26,277 - INFO - The train loss is 0.033030. The valid loss is 0.036630.
2022-07-20 13:43:26,282 - INFO - Epoch 41/200
2022-07-20 13:43:26,550 - INFO - The train loss is 0.032591. The valid loss is 0.036235.
2022-07-20 13:43:26,555 - INFO - Epoch 42/200
2022-07-20 13:43:26,827 - INFO - The train loss is 0.032208. The valid loss is 0.035853.
2022-07-20 13:43:26,832 - INFO - Epoch 43/200
2022-07-20 13:43:27,100 - INFO - The train loss is 0.031920. The valid loss is 0.035525.
2022-07-20 13:43:27,104 - INFO - Epoch 44/200
2022-07-20 13:43:27,367 - INFO - The train loss is 0.031655. The valid loss is 0.035253.
2022-07-20 13:43:27,374 - INFO - Epoch 45/200
2022-07-20 13:43:27,647 - INFO - The train loss is 0.031415. The valid loss is 0.035013.
2022-07-20 13:43:27,652 - INFO - Epoch 46/200
2022-07-20 13:43:27,919 - INFO - The train loss is 0.031179. The valid loss is 0.034769.
2022-07-20 13:43:27,925 - INFO - Epoch 47/200
2022-07-20 13:43:28,194 - INFO - The train loss is 0.030970. The valid loss is 0.034503.
2022-07-20 13:43:28,198 - INFO - Epoch 48/200
2022-07-20 13:43:28,460 - INFO - The train loss is 0.030766. The valid loss is 0.034226.
2022-07-20 13:43:28,466 - INFO - Epoch 49/200
2022-07-20 13:43:28,733 - INFO - The train loss is 0.030506. The valid loss is 0.033960.
2022-07-20 13:43:28,739 - INFO - Epoch 50/200
2022-07-20 13:43:29,009 - INFO - The train loss is 0.030282. The valid loss is 0.033710.
2022-07-20 13:43:29,014 - INFO - Epoch 51/200
2022-07-20 13:43:29,281 - INFO - The train loss is 0.030088. The valid loss is 0.033474.
2022-07-20 13:43:29,286 - INFO - Epoch 52/200
2022-07-20 13:43:29,553 - INFO - The train loss is 0.029917. The valid loss is 0.033248.
2022-07-20 13:43:29,558 - INFO - Epoch 53/200
2022-07-20 13:43:29,824 - INFO - The train loss is 0.029730. The valid loss is 0.033024.
2022-07-20 13:43:29,829 - INFO - Epoch 54/200
2022-07-20 13:43:30,103 - INFO - The train loss is 0.029536. The valid loss is 0.032795.
2022-07-20 13:43:30,108 - INFO - Epoch 55/200
2022-07-20 13:43:30,376 - INFO - The train loss is 0.029350. The valid loss is 0.032570.
2022-07-20 13:43:30,380 - INFO - Epoch 56/200
2022-07-20 13:43:30,651 - INFO - The train loss is 0.029181. The valid loss is 0.032353.
2022-07-20 13:43:30,655 - INFO - Epoch 57/200
2022-07-20 13:43:30,925 - INFO - The train loss is 0.028972. The valid loss is 0.032143.
2022-07-20 13:43:30,930 - INFO - Epoch 58/200
2022-07-20 13:43:31,197 - INFO - The train loss is 0.028783. The valid loss is 0.031936.
2022-07-20 13:43:31,202 - INFO - Epoch 59/200
2022-07-20 13:43:31,471 - INFO - The train loss is 0.028627. The valid loss is 0.031734.
2022-07-20 13:43:31,477 - INFO - Epoch 60/200
2022-07-20 13:43:31,745 - INFO - The train loss is 0.028465. The valid loss is 0.031528.
2022-07-20 13:43:31,749 - INFO - Epoch 61/200
2022-07-20 13:43:32,015 - INFO - The train loss is 0.028292. The valid loss is 0.031320.
2022-07-20 13:43:32,020 - INFO - Epoch 62/200
2022-07-20 13:43:32,290 - INFO - The train loss is 0.028105. The valid loss is 0.031109.
2022-07-20 13:43:32,294 - INFO - Epoch 63/200
2022-07-20 13:43:32,563 - INFO - The train loss is 0.027975. The valid loss is 0.030906.
2022-07-20 13:43:32,568 - INFO - Epoch 64/200
2022-07-20 13:43:32,840 - INFO - The train loss is 0.027730. The valid loss is 0.030708.
2022-07-20 13:43:32,845 - INFO - Epoch 65/200
2022-07-20 13:43:33,112 - INFO - The train loss is 0.027623. The valid loss is 0.030519.
2022-07-20 13:43:33,116 - INFO - Epoch 66/200
2022-07-20 13:43:33,386 - INFO - The train loss is 0.027442. The valid loss is 0.030332.
2022-07-20 13:43:33,391 - INFO - Epoch 67/200
2022-07-20 13:43:33,658 - INFO - The train loss is 0.027270. The valid loss is 0.030145.
2022-07-20 13:43:33,662 - INFO - Epoch 68/200
2022-07-20 13:43:33,934 - INFO - The train loss is 0.027133. The valid loss is 0.029961.
2022-07-20 13:43:33,940 - INFO - Epoch 69/200
2022-07-20 13:43:34,210 - INFO - The train loss is 0.026949. The valid loss is 0.029778.
2022-07-20 13:43:34,215 - INFO - Epoch 70/200
2022-07-20 13:43:34,488 - INFO - The train loss is 0.026814. The valid loss is 0.029593.
2022-07-20 13:43:34,493 - INFO - Epoch 71/200
2022-07-20 13:43:34,762 - INFO - The train loss is 0.026683. The valid loss is 0.029410.
2022-07-20 13:43:34,766 - INFO - Epoch 72/200
2022-07-20 13:43:35,038 - INFO - The train loss is 0.026518. The valid loss is 0.029232.
2022-07-20 13:43:35,042 - INFO - Epoch 73/200
2022-07-20 13:43:35,312 - INFO - The train loss is 0.026376. The valid loss is 0.029057.
2022-07-20 13:43:35,317 - INFO - Epoch 74/200
2022-07-20 13:43:35,586 - INFO - The train loss is 0.026246. The valid loss is 0.028884.
2022-07-20 13:43:35,590 - INFO - Epoch 75/200
2022-07-20 13:43:35,862 - INFO - The train loss is 0.026089. The valid loss is 0.028711.
2022-07-20 13:43:35,867 - INFO - Epoch 76/200
2022-07-20 13:43:36,139 - INFO - The train loss is 0.025928. The valid loss is 0.028538.
2022-07-20 13:43:36,144 - INFO - Epoch 77/200
2022-07-20 13:43:36,414 - INFO - The train loss is 0.025801. The valid loss is 0.028370.
2022-07-20 13:43:36,419 - INFO - Epoch 78/200
2022-07-20 13:43:36,687 - INFO - The train loss is 0.025677. The valid loss is 0.028206.
2022-07-20 13:43:36,692 - INFO - Epoch 79/200
2022-07-20 13:43:36,958 - INFO - The train loss is 0.025508. The valid loss is 0.028042.
2022-07-20 13:43:36,963 - INFO - Epoch 80/200
2022-07-20 13:43:37,234 - INFO - The train loss is 0.025397. The valid loss is 0.027880.
2022-07-20 13:43:37,239 - INFO - Epoch 81/200
2022-07-20 13:43:37,511 - INFO - The train loss is 0.025229. The valid loss is 0.027720.
2022-07-20 13:43:37,516 - INFO - Epoch 82/200
2022-07-20 13:43:37,786 - INFO - The train loss is 0.025107. The valid loss is 0.027562.
2022-07-20 13:43:37,790 - INFO - Epoch 83/200
2022-07-20 13:43:38,063 - INFO - The train loss is 0.024998. The valid loss is 0.027405.
2022-07-20 13:43:38,068 - INFO - Epoch 84/200
2022-07-20 13:43:38,340 - INFO - The train loss is 0.024847. The valid loss is 0.027252.
2022-07-20 13:43:38,345 - INFO - Epoch 85/200
2022-07-20 13:43:38,615 - INFO - The train loss is 0.024714. The valid loss is 0.027098.
2022-07-20 13:43:38,620 - INFO - Epoch 86/200
2022-07-20 13:43:38,886 - INFO - The train loss is 0.024587. The valid loss is 0.026944.
2022-07-20 13:43:38,891 - INFO - Epoch 87/200
2022-07-20 13:43:39,161 - INFO - The train loss is 0.024442. The valid loss is 0.026791.
2022-07-20 13:43:39,165 - INFO - Epoch 88/200
2022-07-20 13:43:39,433 - INFO - The train loss is 0.024314. The valid loss is 0.026646.
2022-07-20 13:43:39,437 - INFO - Epoch 89/200
2022-07-20 13:43:39,711 - INFO - The train loss is 0.024173. The valid loss is 0.026502.
2022-07-20 13:43:39,716 - INFO - Epoch 90/200
2022-07-20 13:43:39,987 - INFO - The train loss is 0.024088. The valid loss is 0.026353.
2022-07-20 13:43:39,992 - INFO - Epoch 91/200
2022-07-20 13:43:40,262 - INFO - The train loss is 0.023941. The valid loss is 0.026205.
2022-07-20 13:43:40,266 - INFO - Epoch 92/200
2022-07-20 13:43:40,538 - INFO - The train loss is 0.023839. The valid loss is 0.026062.
2022-07-20 13:43:40,543 - INFO - Epoch 93/200
2022-07-20 13:43:40,810 - INFO - The train loss is 0.023709. The valid loss is 0.025921.
2022-07-20 13:43:40,815 - INFO - Epoch 94/200
2022-07-20 13:43:41,084 - INFO - The train loss is 0.023558. The valid loss is 0.025780.
2022-07-20 13:43:41,088 - INFO - Epoch 95/200
2022-07-20 13:43:41,356 - INFO - The train loss is 0.023447. The valid loss is 0.025638.
2022-07-20 13:43:41,360 - INFO - Epoch 96/200
2022-07-20 13:43:41,632 - INFO - The train loss is 0.023335. The valid loss is 0.025499.
2022-07-20 13:43:41,636 - INFO - Epoch 97/200
2022-07-20 13:43:41,931 - INFO - The train loss is 0.023246. The valid loss is 0.025362.
2022-07-20 13:43:41,936 - INFO - Epoch 98/200
2022-07-20 13:43:42,221 - INFO - The train loss is 0.023075. The valid loss is 0.025226.
2022-07-20 13:43:42,226 - INFO - Epoch 99/200
2022-07-20 13:43:42,491 - INFO - The train loss is 0.022955. The valid loss is 0.025089.
2022-07-20 13:43:42,495 - INFO - Epoch 100/200
2022-07-20 13:43:42,764 - INFO - The train loss is 0.022844. The valid loss is 0.024957.
2022-07-20 13:43:42,769 - INFO - Epoch 101/200
2022-07-20 13:43:43,050 - INFO - The train loss is 0.022741. The valid loss is 0.024824.
2022-07-20 13:43:43,054 - INFO - Epoch 102/200
2022-07-20 13:43:43,324 - INFO - The train loss is 0.022625. The valid loss is 0.024691.
2022-07-20 13:43:43,328 - INFO - Epoch 103/200
2022-07-20 13:43:43,599 - INFO - The train loss is 0.022532. The valid loss is 0.024560.
2022-07-20 13:43:43,604 - INFO - Epoch 104/200
2022-07-20 13:43:43,874 - INFO - The train loss is 0.022375. The valid loss is 0.024432.
2022-07-20 13:43:43,879 - INFO - Epoch 105/200
2022-07-20 13:43:44,148 - INFO - The train loss is 0.022290. The valid loss is 0.024303.
2022-07-20 13:43:44,153 - INFO - Epoch 106/200
2022-07-20 13:43:44,422 - INFO - The train loss is 0.022163. The valid loss is 0.024176.
2022-07-20 13:43:44,426 - INFO - Epoch 107/200
2022-07-20 13:43:44,696 - INFO - The train loss is 0.022060. The valid loss is 0.024045.
2022-07-20 13:43:44,700 - INFO - Epoch 108/200
2022-07-20 13:43:44,969 - INFO - The train loss is 0.021976. The valid loss is 0.023916.
2022-07-20 13:43:44,974 - INFO - Epoch 109/200
2022-07-20 13:43:45,244 - INFO - The train loss is 0.021834. The valid loss is 0.023794.
2022-07-20 13:43:45,249 - INFO - Epoch 110/200
2022-07-20 13:43:45,518 - INFO - The train loss is 0.021733. The valid loss is 0.023672.
2022-07-20 13:43:45,523 - INFO - Epoch 111/200
2022-07-20 13:43:45,793 - INFO - The train loss is 0.021612. The valid loss is 0.023547.
2022-07-20 13:43:45,798 - INFO - Epoch 112/200
2022-07-20 13:43:46,069 - INFO - The train loss is 0.021539. The valid loss is 0.023421.
2022-07-20 13:43:46,074 - INFO - Epoch 113/200
2022-07-20 13:43:46,347 - INFO - The train loss is 0.021410. The valid loss is 0.023297.
2022-07-20 13:43:46,352 - INFO - Epoch 114/200
2022-07-20 13:43:46,628 - INFO - The train loss is 0.021300. The valid loss is 0.023180.
2022-07-20 13:43:46,633 - INFO - Epoch 115/200
2022-07-20 13:43:46,902 - INFO - The train loss is 0.021182. The valid loss is 0.023061.
2022-07-20 13:43:46,908 - INFO - Epoch 116/200
2022-07-20 13:43:47,185 - INFO - The train loss is 0.021111. The valid loss is 0.022941.
2022-07-20 13:43:47,190 - INFO - Epoch 117/200
2022-07-20 13:43:47,455 - INFO - The train loss is 0.020964. The valid loss is 0.022822.
2022-07-20 13:43:47,460 - INFO - Epoch 118/200
2022-07-20 13:43:47,730 - INFO - The train loss is 0.020875. The valid loss is 0.022699.
2022-07-20 13:43:47,735 - INFO - Epoch 119/200
2022-07-20 13:43:48,011 - INFO - The train loss is 0.020799. The valid loss is 0.022579.
2022-07-20 13:43:48,016 - INFO - Epoch 120/200
2022-07-20 13:43:48,284 - INFO - The train loss is 0.020666. The valid loss is 0.022461.
2022-07-20 13:43:48,289 - INFO - Epoch 121/200
2022-07-20 13:43:48,563 - INFO - The train loss is 0.020550. The valid loss is 0.022349.
2022-07-20 13:43:48,569 - INFO - Epoch 122/200
2022-07-20 13:43:48,844 - INFO - The train loss is 0.020459. The valid loss is 0.022238.
2022-07-20 13:43:48,849 - INFO - Epoch 123/200
2022-07-20 13:43:49,122 - INFO - The train loss is 0.020387. The valid loss is 0.022122.
2022-07-20 13:43:49,127 - INFO - Epoch 124/200
2022-07-20 13:43:49,391 - INFO - The train loss is 0.020256. The valid loss is 0.022003.
2022-07-20 13:43:49,396 - INFO - Epoch 125/200
2022-07-20 13:43:49,664 - INFO - The train loss is 0.020153. The valid loss is 0.021884.
2022-07-20 13:43:49,669 - INFO - Epoch 126/200
2022-07-20 13:43:49,944 - INFO - The train loss is 0.020064. The valid loss is 0.021769.
2022-07-20 13:43:49,949 - INFO - Epoch 127/200
2022-07-20 13:43:50,225 - INFO - The train loss is 0.019960. The valid loss is 0.021658.
2022-07-20 13:43:50,229 - INFO - Epoch 128/200
2022-07-20 13:43:50,505 - INFO - The train loss is 0.019861. The valid loss is 0.021549.
2022-07-20 13:43:50,510 - INFO - Epoch 129/200
2022-07-20 13:43:50,783 - INFO - The train loss is 0.019733. The valid loss is 0.021440.
2022-07-20 13:43:50,788 - INFO - Epoch 130/200
2022-07-20 13:43:51,055 - INFO - The train loss is 0.019650. The valid loss is 0.021330.
2022-07-20 13:43:51,059 - INFO - Epoch 131/200
2022-07-20 13:43:51,336 - INFO - The train loss is 0.019554. The valid loss is 0.021217.
2022-07-20 13:43:51,341 - INFO - Epoch 132/200
2022-07-20 13:43:51,608 - INFO - The train loss is 0.019437. The valid loss is 0.021105.
2022-07-20 13:43:51,612 - INFO - Epoch 133/200
2022-07-20 13:43:51,889 - INFO - The train loss is 0.019362. The valid loss is 0.020995.
2022-07-20 13:43:51,893 - INFO - Epoch 134/200
2022-07-20 13:43:52,164 - INFO - The train loss is 0.019253. The valid loss is 0.020887.
2022-07-20 13:43:52,169 - INFO - Epoch 135/200
2022-07-20 13:43:52,438 - INFO - The train loss is 0.019158. The valid loss is 0.020780.
2022-07-20 13:43:52,443 - INFO - Epoch 136/200
2022-07-20 13:43:52,713 - INFO - The train loss is 0.019052. The valid loss is 0.020671.
2022-07-20 13:43:52,718 - INFO - Epoch 137/200
2022-07-20 13:43:52,990 - INFO - The train loss is 0.018956. The valid loss is 0.020561.
2022-07-20 13:43:52,995 - INFO - Epoch 138/200
2022-07-20 13:43:53,264 - INFO - The train loss is 0.018855. The valid loss is 0.020452.
2022-07-20 13:43:53,269 - INFO - Epoch 139/200
2022-07-20 13:43:53,537 - INFO - The train loss is 0.018780. The valid loss is 0.020346.
2022-07-20 13:43:53,542 - INFO - Epoch 140/200
2022-07-20 13:43:53,810 - INFO - The train loss is 0.018675. The valid loss is 0.020241.
2022-07-20 13:43:53,816 - INFO - Epoch 141/200
2022-07-20 13:43:54,085 - INFO - The train loss is 0.018574. The valid loss is 0.020136.
2022-07-20 13:43:54,089 - INFO - Epoch 142/200
2022-07-20 13:43:54,361 - INFO - The train loss is 0.018470. The valid loss is 0.020030.
2022-07-20 13:43:54,366 - INFO - Epoch 143/200
2022-07-20 13:43:54,635 - INFO - The train loss is 0.018377. The valid loss is 0.019927.
2022-07-20 13:43:54,642 - INFO - Epoch 144/200
2022-07-20 13:43:54,915 - INFO - The train loss is 0.018325. The valid loss is 0.019823.
2022-07-20 13:43:54,920 - INFO - Epoch 145/200
2022-07-20 13:43:55,189 - INFO - The train loss is 0.018192. The valid loss is 0.019721.
2022-07-20 13:43:55,196 - INFO - Epoch 146/200
2022-07-20 13:43:55,468 - INFO - The train loss is 0.018119. The valid loss is 0.019618.
2022-07-20 13:43:55,473 - INFO - Epoch 147/200
2022-07-20 13:43:55,746 - INFO - The train loss is 0.018023. The valid loss is 0.019516.
2022-07-20 13:43:55,750 - INFO - Epoch 148/200
2022-07-20 13:43:56,018 - INFO - The train loss is 0.017920. The valid loss is 0.019416.
2022-07-20 13:43:56,022 - INFO - Epoch 149/200
2022-07-20 13:43:56,297 - INFO - The train loss is 0.017824. The valid loss is 0.019317.
2022-07-20 13:43:56,302 - INFO - Epoch 150/200
2022-07-20 13:43:56,573 - INFO - The train loss is 0.017743. The valid loss is 0.019217.
2022-07-20 13:43:56,577 - INFO - Epoch 151/200
2022-07-20 13:43:56,847 - INFO - The train loss is 0.017665. The valid loss is 0.019118.
2022-07-20 13:43:56,852 - INFO - Epoch 152/200
2022-07-20 13:43:57,125 - INFO - The train loss is 0.017572. The valid loss is 0.019020.
2022-07-20 13:43:57,130 - INFO - Epoch 153/200
2022-07-20 13:43:57,401 - INFO - The train loss is 0.017487. The valid loss is 0.018923.
2022-07-20 13:43:57,406 - INFO - Epoch 154/200
2022-07-20 13:43:57,678 - INFO - The train loss is 0.017385. The valid loss is 0.018828.
2022-07-20 13:43:57,683 - INFO - Epoch 155/200
2022-07-20 13:43:57,956 - INFO - The train loss is 0.017318. The valid loss is 0.018734.
2022-07-20 13:43:57,961 - INFO - Epoch 156/200
2022-07-20 13:43:58,236 - INFO - The train loss is 0.017228. The valid loss is 0.018639.
2022-07-20 13:43:58,241 - INFO - Epoch 157/200
2022-07-20 13:43:58,511 - INFO - The train loss is 0.017150. The valid loss is 0.018543.
2022-07-20 13:43:58,516 - INFO - Epoch 158/200
2022-07-20 13:43:58,786 - INFO - The train loss is 0.017060. The valid loss is 0.018450.
2022-07-20 13:43:58,791 - INFO - Epoch 159/200
2022-07-20 13:43:59,066 - INFO - The train loss is 0.017015. The valid loss is 0.018359.
2022-07-20 13:43:59,071 - INFO - Epoch 160/200
2022-07-20 13:43:59,342 - INFO - The train loss is 0.016931. The valid loss is 0.018270.
2022-07-20 13:43:59,346 - INFO - Epoch 161/200
2022-07-20 13:43:59,611 - INFO - The train loss is 0.016818. The valid loss is 0.018182.
2022-07-20 13:43:59,616 - INFO - Epoch 162/200
2022-07-20 13:43:59,887 - INFO - The train loss is 0.016735. The valid loss is 0.018095.
2022-07-20 13:43:59,891 - INFO - Epoch 163/200
2022-07-20 13:44:00,169 - INFO - The train loss is 0.016672. The valid loss is 0.018008.
2022-07-20 13:44:00,174 - INFO - Epoch 164/200
2022-07-20 13:44:00,446 - INFO - The train loss is 0.016572. The valid loss is 0.017920.
2022-07-20 13:44:00,451 - INFO - Epoch 165/200
2022-07-20 13:44:00,725 - INFO - The train loss is 0.016501. The valid loss is 0.017833.
2022-07-20 13:44:00,730 - INFO - Epoch 166/200
2022-07-20 13:44:01,001 - INFO - The train loss is 0.016438. The valid loss is 0.017750.
2022-07-20 13:44:01,006 - INFO - Epoch 167/200
2022-07-20 13:44:01,273 - INFO - The train loss is 0.016346. The valid loss is 0.017667.
2022-07-20 13:44:01,277 - INFO - Epoch 168/200
2022-07-20 13:44:01,553 - INFO - The train loss is 0.016259. The valid loss is 0.017586.
2022-07-20 13:44:01,558 - INFO - Epoch 169/200
2022-07-20 13:44:01,829 - INFO - The train loss is 0.016226. The valid loss is 0.017505.
2022-07-20 13:44:01,834 - INFO - Epoch 170/200
2022-07-20 13:44:02,109 - INFO - The train loss is 0.016140. The valid loss is 0.017423.
2022-07-20 13:44:02,114 - INFO - Epoch 171/200
2022-07-20 13:44:02,390 - INFO - The train loss is 0.016081. The valid loss is 0.017342.
2022-07-20 13:44:02,395 - INFO - Epoch 172/200
2022-07-20 13:44:02,667 - INFO - The train loss is 0.015997. The valid loss is 0.017266.
2022-07-20 13:44:02,672 - INFO - Epoch 173/200
2022-07-20 13:44:02,944 - INFO - The train loss is 0.015948. The valid loss is 0.017190.
2022-07-20 13:44:02,948 - INFO - Epoch 174/200
2022-07-20 13:44:03,221 - INFO - The train loss is 0.015868. The valid loss is 0.017113.
2022-07-20 13:44:03,226 - INFO - Epoch 175/200
2022-07-20 13:44:03,498 - INFO - The train loss is 0.015819. The valid loss is 0.017038.
2022-07-20 13:44:03,503 - INFO - Epoch 176/200
2022-07-20 13:44:03,773 - INFO - The train loss is 0.015737. The valid loss is 0.016964.
2022-07-20 13:44:03,778 - INFO - Epoch 177/200
2022-07-20 13:44:04,047 - INFO - The train loss is 0.015676. The valid loss is 0.016891.
2022-07-20 13:44:04,053 - INFO - Epoch 178/200
2022-07-20 13:44:04,327 - INFO - The train loss is 0.015609. The valid loss is 0.016817.
2022-07-20 13:44:04,332 - INFO - Epoch 179/200
2022-07-20 13:44:04,603 - INFO - The train loss is 0.015523. The valid loss is 0.016744.
2022-07-20 13:44:04,607 - INFO - Epoch 180/200
2022-07-20 13:44:04,880 - INFO - The train loss is 0.015470. The valid loss is 0.016674.
2022-07-20 13:44:04,890 - INFO - Epoch 181/200
2022-07-20 13:44:05,159 - INFO - The train loss is 0.015395. The valid loss is 0.016604.
2022-07-20 13:44:05,164 - INFO - Epoch 182/200
2022-07-20 13:44:05,437 - INFO - The train loss is 0.015331. The valid loss is 0.016535.
2022-07-20 13:44:05,442 - INFO - Epoch 183/200
2022-07-20 13:44:05,714 - INFO - The train loss is 0.015279. The valid loss is 0.016466.
2022-07-20 13:44:05,719 - INFO - Epoch 184/200
2022-07-20 13:44:06,016 - INFO - The train loss is 0.015219. The valid loss is 0.016397.
2022-07-20 13:44:06,020 - INFO - Epoch 185/200
2022-07-20 13:44:06,292 - INFO - The train loss is 0.015164. The valid loss is 0.016329.
2022-07-20 13:44:06,297 - INFO - Epoch 186/200
2022-07-20 13:44:06,573 - INFO - The train loss is 0.015090. The valid loss is 0.016262.
2022-07-20 13:44:06,578 - INFO - Epoch 187/200
2022-07-20 13:44:06,846 - INFO - The train loss is 0.015049. The valid loss is 0.016197.
2022-07-20 13:44:06,851 - INFO - Epoch 188/200
2022-07-20 13:44:07,125 - INFO - The train loss is 0.014987. The valid loss is 0.016132.
2022-07-20 13:44:07,130 - INFO - Epoch 189/200
2022-07-20 13:44:07,401 - INFO - The train loss is 0.014943. The valid loss is 0.016067.
2022-07-20 13:44:07,405 - INFO - Epoch 190/200
2022-07-20 13:44:07,677 - INFO - The train loss is 0.014861. The valid loss is 0.016002.
2022-07-20 13:44:07,682 - INFO - Epoch 191/200
2022-07-20 13:44:07,954 - INFO - The train loss is 0.014809. The valid loss is 0.015938.
2022-07-20 13:44:07,959 - INFO - Epoch 192/200
2022-07-20 13:44:08,227 - INFO - The train loss is 0.014766. The valid loss is 0.015875.
2022-07-20 13:44:08,232 - INFO - Epoch 193/200
2022-07-20 13:44:08,502 - INFO - The train loss is 0.014718. The valid loss is 0.015814.
2022-07-20 13:44:08,507 - INFO - Epoch 194/200
2022-07-20 13:44:08,777 - INFO - The train loss is 0.014626. The valid loss is 0.015753.
2022-07-20 13:44:08,782 - INFO - Epoch 195/200
2022-07-20 13:44:09,055 - INFO - The train loss is 0.014595. The valid loss is 0.015692.
2022-07-20 13:44:09,059 - INFO - Epoch 196/200
2022-07-20 13:44:09,330 - INFO - The train loss is 0.014552. The valid loss is 0.015631.
2022-07-20 13:44:09,335 - INFO - Epoch 197/200
2022-07-20 13:44:09,607 - INFO - The train loss is 0.014514. The valid loss is 0.015570.
2022-07-20 13:44:09,612 - INFO - Epoch 198/200
2022-07-20 13:44:09,884 - INFO - The train loss is 0.014441. The valid loss is 0.015512.
2022-07-20 13:44:09,901 - INFO - Epoch 199/200
2022-07-20 13:44:10,174 - INFO - The train loss is 0.014389. The valid loss is 0.015454.
2022-07-20 13:44:11,043 - INFO - The MSE of ['top', 'bottom'] is [0.64991499 4.41149333]
2022-07-20 13:44:11,043 - INFO - The mean squared error of ['top', 'bottom'] is [0.00145858 0.01340081]
2022-07-20 13:44:11,044 - INFO - The R squared of ['top', 'bottom'] is [0.99867109 0.98841539]
