2022-05-17 21:08:56,714 - INFO - 
Config:
'add_train': False
'batch_size': 501
'continue_flag': ''
'cur_time': '2022_05_17_21_08_56'
'debug_mode': False
'debug_num': 500
'do_continue_train': False
'do_figure_save': False
'do_log_print_to_screen': True
'do_log_save_to_file': True
'do_predict': True
'do_train': True
'do_train_visualized': False
'dropout_rate': 0.1
'epoch': 250
'feature_columns': [1, 2, 3, 4, 5]
'figure_save_path': './figure/'
'hidden_size': 256
'input_size': 5
'label_columns': [4, 5]
'label_in_feature_index': [3, 4]
'learning_rate': 0.0001
'log_save_path': './log/2022_05_17_21_08_56_pytorch/'
'lstm_layers': 2
'model_name': 'model_pytorch.pth'
'model_postfix': {'pytorch': '.pth'
'keras': '.h5'
'tensorflow': '.ckpt'}
'model_save_path': './checkpoint/pytorch/'
'output_size': 2
'patience': 3
'predict_day': 1
'random_seed': 42
'shuffle_train_data': True
'time_step': 167
'train_data_path': './gtau0.csv'
'train_data_rate': 0.95
'use_cuda': True
'used_frame': 'pytorch'
'valid_data_rate': 0.1
2022-05-17 21:08:58,960 - INFO - Epoch 0/250
2022-05-17 21:08:59,659 - INFO - The train loss is 0.930174. The valid loss is 0.959811.
2022-05-17 21:08:59,663 - INFO - Epoch 1/250
2022-05-17 21:09:00,056 - INFO - The train loss is 0.909717. The valid loss is 0.938345.
2022-05-17 21:09:00,061 - INFO - Epoch 2/250
2022-05-17 21:09:00,455 - INFO - The train loss is 0.889111. The valid loss is 0.916052.
2022-05-17 21:09:00,459 - INFO - Epoch 3/250
2022-05-17 21:09:00,852 - INFO - The train loss is 0.867439. The valid loss is 0.891930.
2022-05-17 21:09:00,856 - INFO - Epoch 4/250
2022-05-17 21:09:01,254 - INFO - The train loss is 0.843649. The valid loss is 0.864779.
2022-05-17 21:09:01,258 - INFO - Epoch 5/250
2022-05-17 21:09:01,651 - INFO - The train loss is 0.816559. The valid loss is 0.833077.
2022-05-17 21:09:01,657 - INFO - Epoch 6/250
2022-05-17 21:09:02,057 - INFO - The train loss is 0.784532. The valid loss is 0.794811.
2022-05-17 21:09:02,061 - INFO - Epoch 7/250
2022-05-17 21:09:02,455 - INFO - The train loss is 0.745539. The valid loss is 0.747258.
2022-05-17 21:09:02,459 - INFO - Epoch 8/250
2022-05-17 21:09:02,857 - INFO - The train loss is 0.696609. The valid loss is 0.686782.
2022-05-17 21:09:02,861 - INFO - Epoch 9/250
2022-05-17 21:09:03,257 - INFO - The train loss is 0.633999. The valid loss is 0.608850.
2022-05-17 21:09:03,262 - INFO - Epoch 10/250
2022-05-17 21:09:03,660 - INFO - The train loss is 0.553311. The valid loss is 0.509298.
2022-05-17 21:09:03,665 - INFO - Epoch 11/250
2022-05-17 21:09:04,065 - INFO - The train loss is 0.451711. The valid loss is 0.390060.
2022-05-17 21:09:04,069 - INFO - Epoch 12/250
2022-05-17 21:09:04,471 - INFO - The train loss is 0.336676. The valid loss is 0.276548.
2022-05-17 21:09:04,475 - INFO - Epoch 13/250
2022-05-17 21:09:04,873 - INFO - The train loss is 0.244992. The valid loss is 0.224339.
2022-05-17 21:09:04,878 - INFO - Epoch 14/250
2022-05-17 21:09:05,278 - INFO - The train loss is 0.210311. The valid loss is 0.193475.
2022-05-17 21:09:05,283 - INFO - Epoch 15/250
2022-05-17 21:09:05,693 - INFO - The train loss is 0.169893. The valid loss is 0.136743.
2022-05-17 21:09:05,697 - INFO - Epoch 16/250
2022-05-17 21:09:06,098 - INFO - The train loss is 0.120843. The valid loss is 0.100546.
2022-05-17 21:09:06,103 - INFO - Epoch 17/250
2022-05-17 21:09:06,503 - INFO - The train loss is 0.093176. The valid loss is 0.082840.
2022-05-17 21:09:06,508 - INFO - Epoch 18/250
2022-05-17 21:09:06,909 - INFO - The train loss is 0.078931. The valid loss is 0.073528.
2022-05-17 21:09:06,914 - INFO - Epoch 19/250
2022-05-17 21:09:07,317 - INFO - The train loss is 0.071001. The valid loss is 0.068961.
2022-05-17 21:09:07,323 - INFO - Epoch 20/250
2022-05-17 21:09:07,726 - INFO - The train loss is 0.066085. The valid loss is 0.065096.
2022-05-17 21:09:07,731 - INFO - Epoch 21/250
2022-05-17 21:09:08,133 - INFO - The train loss is 0.060964. The valid loss is 0.058781.
2022-05-17 21:09:08,138 - INFO - Epoch 22/250
2022-05-17 21:09:08,537 - INFO - The train loss is 0.054388. The valid loss is 0.051967.
2022-05-17 21:09:08,541 - INFO - Epoch 23/250
2022-05-17 21:09:08,938 - INFO - The train loss is 0.048500. The valid loss is 0.046501.
2022-05-17 21:09:08,942 - INFO - Epoch 24/250
2022-05-17 21:09:09,341 - INFO - The train loss is 0.043717. The valid loss is 0.042164.
2022-05-17 21:09:09,346 - INFO - Epoch 25/250
2022-05-17 21:09:09,739 - INFO - The train loss is 0.040043. The valid loss is 0.039552.
2022-05-17 21:09:09,743 - INFO - Epoch 26/250
2022-05-17 21:09:10,144 - INFO - The train loss is 0.037827. The valid loss is 0.037854.
2022-05-17 21:09:10,149 - INFO - Epoch 27/250
2022-05-17 21:09:10,549 - INFO - The train loss is 0.036271. The valid loss is 0.036360.
2022-05-17 21:09:10,554 - INFO - Epoch 28/250
2022-05-17 21:09:10,952 - INFO - The train loss is 0.034900. The valid loss is 0.035012.
2022-05-17 21:09:10,957 - INFO - Epoch 29/250
2022-05-17 21:09:11,356 - INFO - The train loss is 0.033703. The valid loss is 0.033848.
2022-05-17 21:09:11,360 - INFO - Epoch 30/250
2022-05-17 21:09:11,757 - INFO - The train loss is 0.032612. The valid loss is 0.032882.
2022-05-17 21:09:11,761 - INFO - Epoch 31/250
2022-05-17 21:09:12,157 - INFO - The train loss is 0.031684. The valid loss is 0.032117.
2022-05-17 21:09:12,162 - INFO - Epoch 32/250
2022-05-17 21:09:12,559 - INFO - The train loss is 0.030992. The valid loss is 0.031525.
2022-05-17 21:09:12,564 - INFO - Epoch 33/250
2022-05-17 21:09:12,961 - INFO - The train loss is 0.030442. The valid loss is 0.031005.
2022-05-17 21:09:12,966 - INFO - Epoch 34/250
2022-05-17 21:09:13,384 - INFO - The train loss is 0.029965. The valid loss is 0.030547.
2022-05-17 21:09:13,389 - INFO - Epoch 35/250
2022-05-17 21:09:13,787 - INFO - The train loss is 0.029564. The valid loss is 0.030164.
2022-05-17 21:09:13,804 - INFO - Epoch 36/250
2022-05-17 21:09:14,207 - INFO - The train loss is 0.029192. The valid loss is 0.029832.
2022-05-17 21:09:14,212 - INFO - Epoch 37/250
2022-05-17 21:09:14,618 - INFO - The train loss is 0.028895. The valid loss is 0.029524.
2022-05-17 21:09:14,623 - INFO - Epoch 38/250
2022-05-17 21:09:15,030 - INFO - The train loss is 0.028591. The valid loss is 0.029234.
2022-05-17 21:09:15,035 - INFO - Epoch 39/250
2022-05-17 21:09:15,433 - INFO - The train loss is 0.028296. The valid loss is 0.028963.
2022-05-17 21:09:15,438 - INFO - Epoch 40/250
2022-05-17 21:09:15,836 - INFO - The train loss is 0.028053. The valid loss is 0.028707.
2022-05-17 21:09:15,841 - INFO - Epoch 41/250
2022-05-17 21:09:16,245 - INFO - The train loss is 0.027780. The valid loss is 0.028461.
2022-05-17 21:09:16,249 - INFO - Epoch 42/250
2022-05-17 21:09:16,651 - INFO - The train loss is 0.027539. The valid loss is 0.028217.
2022-05-17 21:09:16,657 - INFO - Epoch 43/250
2022-05-17 21:09:17,055 - INFO - The train loss is 0.027295. The valid loss is 0.027977.
2022-05-17 21:09:17,060 - INFO - Epoch 44/250
2022-05-17 21:09:17,458 - INFO - The train loss is 0.027064. The valid loss is 0.027747.
2022-05-17 21:09:17,462 - INFO - Epoch 45/250
2022-05-17 21:09:17,861 - INFO - The train loss is 0.026858. The valid loss is 0.027522.
2022-05-17 21:09:17,866 - INFO - Epoch 46/250
2022-05-17 21:09:18,273 - INFO - The train loss is 0.026639. The valid loss is 0.027301.
2022-05-17 21:09:18,279 - INFO - Epoch 47/250
2022-05-17 21:09:18,678 - INFO - The train loss is 0.026421. The valid loss is 0.027083.
2022-05-17 21:09:18,682 - INFO - Epoch 48/250
2022-05-17 21:09:19,082 - INFO - The train loss is 0.026221. The valid loss is 0.026871.
2022-05-17 21:09:19,087 - INFO - Epoch 49/250
2022-05-17 21:09:19,490 - INFO - The train loss is 0.026036. The valid loss is 0.026665.
2022-05-17 21:09:19,494 - INFO - Epoch 50/250
2022-05-17 21:09:19,895 - INFO - The train loss is 0.025794. The valid loss is 0.026461.
2022-05-17 21:09:19,900 - INFO - Epoch 51/250
2022-05-17 21:09:20,308 - INFO - The train loss is 0.025585. The valid loss is 0.026260.
2022-05-17 21:09:20,313 - INFO - Epoch 52/250
2022-05-17 21:09:20,718 - INFO - The train loss is 0.025403. The valid loss is 0.026061.
2022-05-17 21:09:20,723 - INFO - Epoch 53/250
2022-05-17 21:09:21,125 - INFO - The train loss is 0.025200. The valid loss is 0.025869.
2022-05-17 21:09:21,130 - INFO - Epoch 54/250
2022-05-17 21:09:21,535 - INFO - The train loss is 0.025028. The valid loss is 0.025682.
2022-05-17 21:09:21,539 - INFO - Epoch 55/250
2022-05-17 21:09:21,941 - INFO - The train loss is 0.024844. The valid loss is 0.025494.
2022-05-17 21:09:21,946 - INFO - Epoch 56/250
2022-05-17 21:09:22,345 - INFO - The train loss is 0.024658. The valid loss is 0.025307.
2022-05-17 21:09:22,350 - INFO - Epoch 57/250
2022-05-17 21:09:22,754 - INFO - The train loss is 0.024496. The valid loss is 0.025123.
2022-05-17 21:09:22,758 - INFO - Epoch 58/250
2022-05-17 21:09:23,160 - INFO - The train loss is 0.024299. The valid loss is 0.024944.
2022-05-17 21:09:23,165 - INFO - Epoch 59/250
2022-05-17 21:09:23,565 - INFO - The train loss is 0.024154. The valid loss is 0.024766.
2022-05-17 21:09:23,571 - INFO - Epoch 60/250
2022-05-17 21:09:23,978 - INFO - The train loss is 0.023968. The valid loss is 0.024590.
2022-05-17 21:09:23,983 - INFO - Epoch 61/250
2022-05-17 21:09:24,389 - INFO - The train loss is 0.023797. The valid loss is 0.024416.
2022-05-17 21:09:24,394 - INFO - Epoch 62/250
2022-05-17 21:09:24,801 - INFO - The train loss is 0.023606. The valid loss is 0.024243.
2022-05-17 21:09:24,806 - INFO - Epoch 63/250
2022-05-17 21:09:25,211 - INFO - The train loss is 0.023452. The valid loss is 0.024073.
2022-05-17 21:09:25,216 - INFO - Epoch 64/250
2022-05-17 21:09:25,621 - INFO - The train loss is 0.023316. The valid loss is 0.023905.
2022-05-17 21:09:25,625 - INFO - Epoch 65/250
2022-05-17 21:09:26,030 - INFO - The train loss is 0.023137. The valid loss is 0.023739.
2022-05-17 21:09:26,035 - INFO - Epoch 66/250
2022-05-17 21:09:26,441 - INFO - The train loss is 0.022976. The valid loss is 0.023573.
2022-05-17 21:09:26,446 - INFO - Epoch 67/250
2022-05-17 21:09:26,854 - INFO - The train loss is 0.022803. The valid loss is 0.023409.
2022-05-17 21:09:26,859 - INFO - Epoch 68/250
2022-05-17 21:09:27,265 - INFO - The train loss is 0.022653. The valid loss is 0.023248.
2022-05-17 21:09:27,270 - INFO - Epoch 69/250
2022-05-17 21:09:27,676 - INFO - The train loss is 0.022494. The valid loss is 0.023086.
2022-05-17 21:09:27,681 - INFO - Epoch 70/250
2022-05-17 21:09:28,087 - INFO - The train loss is 0.022329. The valid loss is 0.022927.
2022-05-17 21:09:28,092 - INFO - Epoch 71/250
2022-05-17 21:09:28,502 - INFO - The train loss is 0.022185. The valid loss is 0.022769.
2022-05-17 21:09:28,506 - INFO - Epoch 72/250
2022-05-17 21:09:28,918 - INFO - The train loss is 0.022012. The valid loss is 0.022611.
2022-05-17 21:09:28,923 - INFO - Epoch 73/250
2022-05-17 21:09:29,333 - INFO - The train loss is 0.021906. The valid loss is 0.022455.
2022-05-17 21:09:29,338 - INFO - Epoch 74/250
2022-05-17 21:09:29,748 - INFO - The train loss is 0.021732. The valid loss is 0.022302.
2022-05-17 21:09:29,753 - INFO - Epoch 75/250
2022-05-17 21:09:30,162 - INFO - The train loss is 0.021594. The valid loss is 0.022149.
2022-05-17 21:09:30,167 - INFO - Epoch 76/250
2022-05-17 21:09:30,577 - INFO - The train loss is 0.021437. The valid loss is 0.021996.
2022-05-17 21:09:30,582 - INFO - Epoch 77/250
2022-05-17 21:09:30,990 - INFO - The train loss is 0.021274. The valid loss is 0.021844.
2022-05-17 21:09:30,994 - INFO - Epoch 78/250
2022-05-17 21:09:31,403 - INFO - The train loss is 0.021141. The valid loss is 0.021695.
2022-05-17 21:09:31,408 - INFO - Epoch 79/250
2022-05-17 21:09:31,819 - INFO - The train loss is 0.020991. The valid loss is 0.021546.
2022-05-17 21:09:31,823 - INFO - Epoch 80/250
2022-05-17 21:09:32,234 - INFO - The train loss is 0.020863. The valid loss is 0.021398.
2022-05-17 21:09:32,239 - INFO - Epoch 81/250
2022-05-17 21:09:32,648 - INFO - The train loss is 0.020715. The valid loss is 0.021250.
2022-05-17 21:09:32,652 - INFO - Epoch 82/250
2022-05-17 21:09:33,061 - INFO - The train loss is 0.020584. The valid loss is 0.021105.
2022-05-17 21:09:33,065 - INFO - Epoch 83/250
2022-05-17 21:09:33,464 - INFO - The train loss is 0.020433. The valid loss is 0.020959.
2022-05-17 21:09:33,470 - INFO - Epoch 84/250
2022-05-17 21:09:33,875 - INFO - The train loss is 0.020299. The valid loss is 0.020815.
2022-05-17 21:09:33,880 - INFO - Epoch 85/250
2022-05-17 21:09:34,280 - INFO - The train loss is 0.020167. The valid loss is 0.020672.
2022-05-17 21:09:34,285 - INFO - Epoch 86/250
2022-05-17 21:09:34,686 - INFO - The train loss is 0.020025. The valid loss is 0.020528.
2022-05-17 21:09:34,691 - INFO - Epoch 87/250
2022-05-17 21:09:35,093 - INFO - The train loss is 0.019875. The valid loss is 0.020387.
2022-05-17 21:09:35,097 - INFO - Epoch 88/250
2022-05-17 21:09:35,502 - INFO - The train loss is 0.019740. The valid loss is 0.020247.
2022-05-17 21:09:35,507 - INFO - Epoch 89/250
2022-05-17 21:09:35,910 - INFO - The train loss is 0.019614. The valid loss is 0.020107.
2022-05-17 21:09:35,915 - INFO - Epoch 90/250
2022-05-17 21:09:36,319 - INFO - The train loss is 0.019496. The valid loss is 0.019967.
2022-05-17 21:09:36,324 - INFO - Epoch 91/250
2022-05-17 21:09:36,730 - INFO - The train loss is 0.019359. The valid loss is 0.019829.
2022-05-17 21:09:36,734 - INFO - Epoch 92/250
2022-05-17 21:09:37,139 - INFO - The train loss is 0.019225. The valid loss is 0.019691.
2022-05-17 21:09:37,144 - INFO - Epoch 93/250
2022-05-17 21:09:37,546 - INFO - The train loss is 0.019095. The valid loss is 0.019554.
2022-05-17 21:09:37,551 - INFO - Epoch 94/250
2022-05-17 21:09:37,956 - INFO - The train loss is 0.018959. The valid loss is 0.019418.
2022-05-17 21:09:37,960 - INFO - Epoch 95/250
2022-05-17 21:09:38,364 - INFO - The train loss is 0.018839. The valid loss is 0.019285.
2022-05-17 21:09:38,369 - INFO - Epoch 96/250
2022-05-17 21:09:38,776 - INFO - The train loss is 0.018699. The valid loss is 0.019150.
2022-05-17 21:09:38,780 - INFO - Epoch 97/250
2022-05-17 21:09:39,186 - INFO - The train loss is 0.018584. The valid loss is 0.019017.
2022-05-17 21:09:39,191 - INFO - Epoch 98/250
2022-05-17 21:09:39,593 - INFO - The train loss is 0.018430. The valid loss is 0.018885.
2022-05-17 21:09:39,598 - INFO - Epoch 99/250
2022-05-17 21:09:40,001 - INFO - The train loss is 0.018317. The valid loss is 0.018753.
2022-05-17 21:09:40,006 - INFO - Epoch 100/250
2022-05-17 21:09:40,409 - INFO - The train loss is 0.018187. The valid loss is 0.018623.
2022-05-17 21:09:40,413 - INFO - Epoch 101/250
2022-05-17 21:09:40,822 - INFO - The train loss is 0.018066. The valid loss is 0.018495.
2022-05-17 21:09:40,827 - INFO - Epoch 102/250
2022-05-17 21:09:41,230 - INFO - The train loss is 0.017943. The valid loss is 0.018366.
2022-05-17 21:09:41,235 - INFO - Epoch 103/250
2022-05-17 21:09:41,641 - INFO - The train loss is 0.017820. The valid loss is 0.018239.
2022-05-17 21:09:41,646 - INFO - Epoch 104/250
2022-05-17 21:09:42,048 - INFO - The train loss is 0.017709. The valid loss is 0.018114.
2022-05-17 21:09:42,052 - INFO - Epoch 105/250
2022-05-17 21:09:42,456 - INFO - The train loss is 0.017599. The valid loss is 0.017992.
2022-05-17 21:09:42,461 - INFO - Epoch 106/250
2022-05-17 21:09:42,864 - INFO - The train loss is 0.017475. The valid loss is 0.017869.
2022-05-17 21:09:42,869 - INFO - Epoch 107/250
2022-05-17 21:09:43,282 - INFO - The train loss is 0.017337. The valid loss is 0.017749.
2022-05-17 21:09:43,286 - INFO - Epoch 108/250
2022-05-17 21:09:43,692 - INFO - The train loss is 0.017246. The valid loss is 0.017631.
2022-05-17 21:09:43,697 - INFO - Epoch 109/250
2022-05-17 21:09:44,125 - INFO - The train loss is 0.017125. The valid loss is 0.017515.
2022-05-17 21:09:44,130 - INFO - Epoch 110/250
2022-05-17 21:09:44,534 - INFO - The train loss is 0.017031. The valid loss is 0.017400.
2022-05-17 21:09:44,539 - INFO - Epoch 111/250
2022-05-17 21:09:44,941 - INFO - The train loss is 0.016914. The valid loss is 0.017287.
2022-05-17 21:09:44,946 - INFO - Epoch 112/250
2022-05-17 21:09:45,347 - INFO - The train loss is 0.016796. The valid loss is 0.017176.
2022-05-17 21:09:45,353 - INFO - Epoch 113/250
2022-05-17 21:09:45,758 - INFO - The train loss is 0.016702. The valid loss is 0.017066.
2022-05-17 21:09:45,763 - INFO - Epoch 114/250
2022-05-17 21:09:46,169 - INFO - The train loss is 0.016600. The valid loss is 0.016957.
2022-05-17 21:09:46,173 - INFO - Epoch 115/250
2022-05-17 21:09:46,575 - INFO - The train loss is 0.016497. The valid loss is 0.016851.
2022-05-17 21:09:46,580 - INFO - Epoch 116/250
2022-05-17 21:09:46,984 - INFO - The train loss is 0.016397. The valid loss is 0.016747.
2022-05-17 21:09:46,989 - INFO - Epoch 117/250
2022-05-17 21:09:47,391 - INFO - The train loss is 0.016286. The valid loss is 0.016642.
2022-05-17 21:09:47,396 - INFO - Epoch 118/250
2022-05-17 21:09:47,799 - INFO - The train loss is 0.016206. The valid loss is 0.016540.
2022-05-17 21:09:47,805 - INFO - Epoch 119/250
2022-05-17 21:09:48,207 - INFO - The train loss is 0.016093. The valid loss is 0.016439.
2022-05-17 21:09:48,211 - INFO - Epoch 120/250
2022-05-17 21:09:48,614 - INFO - The train loss is 0.015997. The valid loss is 0.016340.
2022-05-17 21:09:48,619 - INFO - Epoch 121/250
2022-05-17 21:09:49,025 - INFO - The train loss is 0.015917. The valid loss is 0.016242.
2022-05-17 21:09:49,030 - INFO - Epoch 122/250
2022-05-17 21:09:49,437 - INFO - The train loss is 0.015833. The valid loss is 0.016144.
2022-05-17 21:09:49,442 - INFO - Epoch 123/250
2022-05-17 21:09:49,848 - INFO - The train loss is 0.015739. The valid loss is 0.016050.
2022-05-17 21:09:49,853 - INFO - Epoch 124/250
2022-05-17 21:09:50,257 - INFO - The train loss is 0.015641. The valid loss is 0.015957.
2022-05-17 21:09:50,262 - INFO - Epoch 125/250
2022-05-17 21:09:50,668 - INFO - The train loss is 0.015557. The valid loss is 0.015862.
2022-05-17 21:09:50,673 - INFO - Epoch 126/250
2022-05-17 21:09:51,079 - INFO - The train loss is 0.015476. The valid loss is 0.015770.
2022-05-17 21:09:51,084 - INFO - Epoch 127/250
2022-05-17 21:09:51,493 - INFO - The train loss is 0.015371. The valid loss is 0.015681.
2022-05-17 21:09:51,498 - INFO - Epoch 128/250
2022-05-17 21:09:51,904 - INFO - The train loss is 0.015291. The valid loss is 0.015592.
2022-05-17 21:09:51,909 - INFO - Epoch 129/250
2022-05-17 21:09:52,315 - INFO - The train loss is 0.015213. The valid loss is 0.015504.
2022-05-17 21:09:52,320 - INFO - Epoch 130/250
2022-05-17 21:09:52,731 - INFO - The train loss is 0.015136. The valid loss is 0.015417.
2022-05-17 21:09:52,736 - INFO - Epoch 131/250
2022-05-17 21:09:53,149 - INFO - The train loss is 0.015047. The valid loss is 0.015332.
2022-05-17 21:09:53,154 - INFO - Epoch 132/250
2022-05-17 21:09:53,566 - INFO - The train loss is 0.014971. The valid loss is 0.015247.
2022-05-17 21:09:53,571 - INFO - Epoch 133/250
2022-05-17 21:09:53,982 - INFO - The train loss is 0.014892. The valid loss is 0.015164.
2022-05-17 21:09:53,986 - INFO - Epoch 134/250
2022-05-17 21:09:54,399 - INFO - The train loss is 0.014801. The valid loss is 0.015083.
2022-05-17 21:09:54,404 - INFO - Epoch 135/250
2022-05-17 21:09:54,818 - INFO - The train loss is 0.014735. The valid loss is 0.015002.
2022-05-17 21:09:54,823 - INFO - Epoch 136/250
2022-05-17 21:09:55,234 - INFO - The train loss is 0.014653. The valid loss is 0.014922.
2022-05-17 21:09:55,239 - INFO - Epoch 137/250
2022-05-17 21:09:55,652 - INFO - The train loss is 0.014581. The valid loss is 0.014844.
2022-05-17 21:09:55,658 - INFO - Epoch 138/250
2022-05-17 21:09:56,071 - INFO - The train loss is 0.014513. The valid loss is 0.014767.
2022-05-17 21:09:56,075 - INFO - Epoch 139/250
2022-05-17 21:09:56,489 - INFO - The train loss is 0.014422. The valid loss is 0.014690.
2022-05-17 21:09:56,494 - INFO - Epoch 140/250
2022-05-17 21:09:56,906 - INFO - The train loss is 0.014370. The valid loss is 0.014616.
2022-05-17 21:09:56,911 - INFO - Epoch 141/250
2022-05-17 21:09:57,324 - INFO - The train loss is 0.014291. The valid loss is 0.014542.
2022-05-17 21:09:57,329 - INFO - Epoch 142/250
2022-05-17 21:09:57,743 - INFO - The train loss is 0.014233. The valid loss is 0.014468.
2022-05-17 21:09:57,747 - INFO - Epoch 143/250
2022-05-17 21:09:58,164 - INFO - The train loss is 0.014154. The valid loss is 0.014397.
2022-05-17 21:09:58,169 - INFO - Epoch 144/250
2022-05-17 21:09:58,578 - INFO - The train loss is 0.014075. The valid loss is 0.014325.
2022-05-17 21:09:58,583 - INFO - Epoch 145/250
2022-05-17 21:09:58,993 - INFO - The train loss is 0.014018. The valid loss is 0.014255.
2022-05-17 21:09:58,998 - INFO - Epoch 146/250
2022-05-17 21:09:59,414 - INFO - The train loss is 0.013968. The valid loss is 0.014186.
2022-05-17 21:09:59,419 - INFO - Epoch 147/250
2022-05-17 21:09:59,831 - INFO - The train loss is 0.013892. The valid loss is 0.014119.
2022-05-17 21:09:59,835 - INFO - Epoch 148/250
2022-05-17 21:10:00,269 - INFO - The train loss is 0.013822. The valid loss is 0.014052.
2022-05-17 21:10:00,274 - INFO - Epoch 149/250
2022-05-17 21:10:00,686 - INFO - The train loss is 0.013762. The valid loss is 0.013985.
2022-05-17 21:10:00,691 - INFO - Epoch 150/250
2022-05-17 21:10:01,101 - INFO - The train loss is 0.013701. The valid loss is 0.013920.
2022-05-17 21:10:01,106 - INFO - Epoch 151/250
2022-05-17 21:10:01,517 - INFO - The train loss is 0.013647. The valid loss is 0.013855.
2022-05-17 21:10:01,522 - INFO - Epoch 152/250
2022-05-17 21:10:01,928 - INFO - The train loss is 0.013591. The valid loss is 0.013792.
2022-05-17 21:10:01,932 - INFO - Epoch 153/250
2022-05-17 21:10:02,342 - INFO - The train loss is 0.013514. The valid loss is 0.013729.
2022-05-17 21:10:02,347 - INFO - Epoch 154/250
2022-05-17 21:10:02,752 - INFO - The train loss is 0.013473. The valid loss is 0.013667.
2022-05-17 21:10:02,757 - INFO - Epoch 155/250
2022-05-17 21:10:03,160 - INFO - The train loss is 0.013405. The valid loss is 0.013606.
2022-05-17 21:10:03,165 - INFO - Epoch 156/250
2022-05-17 21:10:03,573 - INFO - The train loss is 0.013344. The valid loss is 0.013545.
2022-05-17 21:10:03,578 - INFO - Epoch 157/250
2022-05-17 21:10:03,984 - INFO - The train loss is 0.013292. The valid loss is 0.013485.
2022-05-17 21:10:03,989 - INFO - Epoch 158/250
2022-05-17 21:10:04,398 - INFO - The train loss is 0.013239. The valid loss is 0.013426.
2022-05-17 21:10:04,404 - INFO - Epoch 159/250
2022-05-17 21:10:04,809 - INFO - The train loss is 0.013173. The valid loss is 0.013368.
2022-05-17 21:10:04,824 - INFO - Epoch 160/250
2022-05-17 21:10:05,230 - INFO - The train loss is 0.013133. The valid loss is 0.013310.
2022-05-17 21:10:05,235 - INFO - Epoch 161/250
2022-05-17 21:10:05,645 - INFO - The train loss is 0.013069. The valid loss is 0.013252.
2022-05-17 21:10:05,650 - INFO - Epoch 162/250
2022-05-17 21:10:06,062 - INFO - The train loss is 0.013034. The valid loss is 0.013197.
2022-05-17 21:10:06,068 - INFO - Epoch 163/250
2022-05-17 21:10:06,479 - INFO - The train loss is 0.012965. The valid loss is 0.013140.
2022-05-17 21:10:06,484 - INFO - Epoch 164/250
2022-05-17 21:10:06,891 - INFO - The train loss is 0.012913. The valid loss is 0.013085.
2022-05-17 21:10:06,895 - INFO - Epoch 165/250
2022-05-17 21:10:07,305 - INFO - The train loss is 0.012848. The valid loss is 0.013031.
2022-05-17 21:10:07,310 - INFO - Epoch 166/250
2022-05-17 21:10:07,718 - INFO - The train loss is 0.012811. The valid loss is 0.012976.
2022-05-17 21:10:07,723 - INFO - Epoch 167/250
2022-05-17 21:10:08,132 - INFO - The train loss is 0.012755. The valid loss is 0.012922.
2022-05-17 21:10:08,135 - INFO - Epoch 168/250
2022-05-17 21:10:08,541 - INFO - The train loss is 0.012718. The valid loss is 0.012870.
2022-05-17 21:10:08,546 - INFO - Epoch 169/250
2022-05-17 21:10:08,954 - INFO - The train loss is 0.012657. The valid loss is 0.012816.
2022-05-17 21:10:08,959 - INFO - Epoch 170/250
2022-05-17 21:10:09,370 - INFO - The train loss is 0.012606. The valid loss is 0.012764.
2022-05-17 21:10:09,375 - INFO - Epoch 171/250
2022-05-17 21:10:09,782 - INFO - The train loss is 0.012557. The valid loss is 0.012713.
2022-05-17 21:10:09,786 - INFO - Epoch 172/250
2022-05-17 21:10:10,202 - INFO - The train loss is 0.012505. The valid loss is 0.012661.
2022-05-17 21:10:10,207 - INFO - Epoch 173/250
2022-05-17 21:10:10,611 - INFO - The train loss is 0.012469. The valid loss is 0.012611.
2022-05-17 21:10:10,615 - INFO - Epoch 174/250
2022-05-17 21:10:11,022 - INFO - The train loss is 0.012419. The valid loss is 0.012560.
2022-05-17 21:10:11,027 - INFO - Epoch 175/250
2022-05-17 21:10:11,438 - INFO - The train loss is 0.012369. The valid loss is 0.012511.
2022-05-17 21:10:11,443 - INFO - Epoch 176/250
2022-05-17 21:10:11,841 - INFO - The train loss is 0.012331. The valid loss is 0.012461.
2022-05-17 21:10:11,846 - INFO - Epoch 177/250
2022-05-17 21:10:12,256 - INFO - The train loss is 0.012277. The valid loss is 0.012412.
2022-05-17 21:10:12,261 - INFO - Epoch 178/250
2022-05-17 21:10:12,670 - INFO - The train loss is 0.012230. The valid loss is 0.012363.
2022-05-17 21:10:12,674 - INFO - Epoch 179/250
2022-05-17 21:10:13,084 - INFO - The train loss is 0.012180. The valid loss is 0.012315.
2022-05-17 21:10:13,089 - INFO - Epoch 180/250
2022-05-17 21:10:13,495 - INFO - The train loss is 0.012149. The valid loss is 0.012267.
2022-05-17 21:10:13,500 - INFO - Epoch 181/250
2022-05-17 21:10:13,907 - INFO - The train loss is 0.012103. The valid loss is 0.012220.
2022-05-17 21:10:13,912 - INFO - Epoch 182/250
2022-05-17 21:10:14,323 - INFO - The train loss is 0.012060. The valid loss is 0.012172.
2022-05-17 21:10:14,328 - INFO - Epoch 183/250
2022-05-17 21:10:14,735 - INFO - The train loss is 0.011999. The valid loss is 0.012126.
2022-05-17 21:10:14,739 - INFO - Epoch 184/250
2022-05-17 21:10:15,147 - INFO - The train loss is 0.011957. The valid loss is 0.012079.
2022-05-17 21:10:15,152 - INFO - Epoch 185/250
2022-05-17 21:10:15,557 - INFO - The train loss is 0.011923. The valid loss is 0.012034.
2022-05-17 21:10:15,562 - INFO - Epoch 186/250
2022-05-17 21:10:15,970 - INFO - The train loss is 0.011877. The valid loss is 0.011988.
2022-05-17 21:10:15,974 - INFO - Epoch 187/250
2022-05-17 21:10:16,383 - INFO - The train loss is 0.011844. The valid loss is 0.011942.
2022-05-17 21:10:16,389 - INFO - Epoch 188/250
2022-05-17 21:10:16,802 - INFO - The train loss is 0.011801. The valid loss is 0.011897.
2022-05-17 21:10:16,807 - INFO - Epoch 189/250
2022-05-17 21:10:17,216 - INFO - The train loss is 0.011757. The valid loss is 0.011852.
2022-05-17 21:10:17,220 - INFO - Epoch 190/250
2022-05-17 21:10:17,627 - INFO - The train loss is 0.011710. The valid loss is 0.011807.
2022-05-17 21:10:17,632 - INFO - Epoch 191/250
2022-05-17 21:10:18,044 - INFO - The train loss is 0.011662. The valid loss is 0.011763.
2022-05-17 21:10:18,049 - INFO - Epoch 192/250
2022-05-17 21:10:18,465 - INFO - The train loss is 0.011633. The valid loss is 0.011719.
2022-05-17 21:10:18,469 - INFO - Epoch 193/250
2022-05-17 21:10:18,884 - INFO - The train loss is 0.011598. The valid loss is 0.011675.
2022-05-17 21:10:18,889 - INFO - Epoch 194/250
2022-05-17 21:10:19,305 - INFO - The train loss is 0.011543. The valid loss is 0.011632.
2022-05-17 21:10:19,310 - INFO - Epoch 195/250
2022-05-17 21:10:19,725 - INFO - The train loss is 0.011514. The valid loss is 0.011589.
2022-05-17 21:10:19,729 - INFO - Epoch 196/250
2022-05-17 21:10:20,155 - INFO - The train loss is 0.011466. The valid loss is 0.011546.
2022-05-17 21:10:20,159 - INFO - Epoch 197/250
2022-05-17 21:10:20,574 - INFO - The train loss is 0.011430. The valid loss is 0.011504.
2022-05-17 21:10:20,579 - INFO - Epoch 198/250
2022-05-17 21:10:20,994 - INFO - The train loss is 0.011400. The valid loss is 0.011462.
2022-05-17 21:10:21,000 - INFO - Epoch 199/250
2022-05-17 21:10:21,414 - INFO - The train loss is 0.011349. The valid loss is 0.011420.
2022-05-17 21:10:21,420 - INFO - Epoch 200/250
2022-05-17 21:10:21,834 - INFO - The train loss is 0.011312. The valid loss is 0.011378.
2022-05-17 21:10:21,838 - INFO - Epoch 201/250
2022-05-17 21:10:22,253 - INFO - The train loss is 0.011269. The valid loss is 0.011336.
2022-05-17 21:10:22,258 - INFO - Epoch 202/250
2022-05-17 21:10:22,675 - INFO - The train loss is 0.011233. The valid loss is 0.011295.
2022-05-17 21:10:22,679 - INFO - Epoch 203/250
2022-05-17 21:10:23,090 - INFO - The train loss is 0.011197. The valid loss is 0.011254.
2022-05-17 21:10:23,095 - INFO - Epoch 204/250
2022-05-17 21:10:23,508 - INFO - The train loss is 0.011159. The valid loss is 0.011214.
2022-05-17 21:10:23,513 - INFO - Epoch 205/250
2022-05-17 21:10:23,922 - INFO - The train loss is 0.011129. The valid loss is 0.011173.
2022-05-17 21:10:23,927 - INFO - Epoch 206/250
2022-05-17 21:10:24,344 - INFO - The train loss is 0.011085. The valid loss is 0.011133.
2022-05-17 21:10:24,349 - INFO - Epoch 207/250
2022-05-17 21:10:24,765 - INFO - The train loss is 0.011042. The valid loss is 0.011093.
2022-05-17 21:10:24,770 - INFO - Epoch 208/250
2022-05-17 21:10:25,185 - INFO - The train loss is 0.011014. The valid loss is 0.011053.
2022-05-17 21:10:25,190 - INFO - Epoch 209/250
2022-05-17 21:10:25,601 - INFO - The train loss is 0.010955. The valid loss is 0.011013.
2022-05-17 21:10:25,606 - INFO - Epoch 210/250
2022-05-17 21:10:26,017 - INFO - The train loss is 0.010936. The valid loss is 0.010974.
2022-05-17 21:10:26,022 - INFO - Epoch 211/250
2022-05-17 21:10:26,437 - INFO - The train loss is 0.010900. The valid loss is 0.010934.
2022-05-17 21:10:26,441 - INFO - Epoch 212/250
2022-05-17 21:10:26,857 - INFO - The train loss is 0.010860. The valid loss is 0.010895.
2022-05-17 21:10:26,862 - INFO - Epoch 213/250
2022-05-17 21:10:27,278 - INFO - The train loss is 0.010823. The valid loss is 0.010857.
2022-05-17 21:10:27,283 - INFO - Epoch 214/250
2022-05-17 21:10:27,696 - INFO - The train loss is 0.010790. The valid loss is 0.010818.
2022-05-17 21:10:27,701 - INFO - Epoch 215/250
2022-05-17 21:10:28,114 - INFO - The train loss is 0.010748. The valid loss is 0.010779.
2022-05-17 21:10:28,119 - INFO - Epoch 216/250
2022-05-17 21:10:28,533 - INFO - The train loss is 0.010717. The valid loss is 0.010741.
2022-05-17 21:10:28,538 - INFO - Epoch 217/250
2022-05-17 21:10:28,942 - INFO - The train loss is 0.010694. The valid loss is 0.010703.
2022-05-17 21:10:28,947 - INFO - Epoch 218/250
2022-05-17 21:10:29,361 - INFO - The train loss is 0.010641. The valid loss is 0.010666.
2022-05-17 21:10:29,366 - INFO - Epoch 219/250
2022-05-17 21:10:29,786 - INFO - The train loss is 0.010623. The valid loss is 0.010628.
2022-05-17 21:10:29,790 - INFO - Epoch 220/250
2022-05-17 21:10:30,204 - INFO - The train loss is 0.010581. The valid loss is 0.010591.
2022-05-17 21:10:30,209 - INFO - Epoch 221/250
2022-05-17 21:10:30,623 - INFO - The train loss is 0.010548. The valid loss is 0.010554.
2022-05-17 21:10:30,628 - INFO - Epoch 222/250
2022-05-17 21:10:31,040 - INFO - The train loss is 0.010514. The valid loss is 0.010517.
2022-05-17 21:10:31,045 - INFO - Epoch 223/250
2022-05-17 21:10:31,478 - INFO - The train loss is 0.010461. The valid loss is 0.010479.
2022-05-17 21:10:31,483 - INFO - Epoch 224/250
2022-05-17 21:10:31,898 - INFO - The train loss is 0.010429. The valid loss is 0.010443.
2022-05-17 21:10:31,903 - INFO - Epoch 225/250
2022-05-17 21:10:32,320 - INFO - The train loss is 0.010409. The valid loss is 0.010406.
2022-05-17 21:10:32,324 - INFO - Epoch 226/250
2022-05-17 21:10:32,736 - INFO - The train loss is 0.010371. The valid loss is 0.010370.
2022-05-17 21:10:32,741 - INFO - Epoch 227/250
2022-05-17 21:10:33,150 - INFO - The train loss is 0.010350. The valid loss is 0.010334.
2022-05-17 21:10:33,156 - INFO - Epoch 228/250
2022-05-17 21:10:33,566 - INFO - The train loss is 0.010306. The valid loss is 0.010297.
2022-05-17 21:10:33,571 - INFO - Epoch 229/250
2022-05-17 21:10:33,979 - INFO - The train loss is 0.010280. The valid loss is 0.010262.
2022-05-17 21:10:33,984 - INFO - Epoch 230/250
2022-05-17 21:10:34,392 - INFO - The train loss is 0.010240. The valid loss is 0.010226.
2022-05-17 21:10:34,397 - INFO - Epoch 231/250
2022-05-17 21:10:34,808 - INFO - The train loss is 0.010213. The valid loss is 0.010190.
2022-05-17 21:10:34,813 - INFO - Epoch 232/250
2022-05-17 21:10:35,225 - INFO - The train loss is 0.010174. The valid loss is 0.010155.
2022-05-17 21:10:35,230 - INFO - Epoch 233/250
2022-05-17 21:10:35,640 - INFO - The train loss is 0.010142. The valid loss is 0.010120.
2022-05-17 21:10:35,645 - INFO - Epoch 234/250
2022-05-17 21:10:36,063 - INFO - The train loss is 0.010114. The valid loss is 0.010085.
2022-05-17 21:10:36,069 - INFO - Epoch 235/250
2022-05-17 21:10:36,500 - INFO - The train loss is 0.010068. The valid loss is 0.010049.
2022-05-17 21:10:36,505 - INFO - Epoch 236/250
2022-05-17 21:10:36,918 - INFO - The train loss is 0.010052. The valid loss is 0.010014.
2022-05-17 21:10:36,923 - INFO - Epoch 237/250
2022-05-17 21:10:37,335 - INFO - The train loss is 0.010006. The valid loss is 0.009980.
2022-05-17 21:10:37,340 - INFO - Epoch 238/250
2022-05-17 21:10:37,755 - INFO - The train loss is 0.009986. The valid loss is 0.009945.
2022-05-17 21:10:37,761 - INFO - Epoch 239/250
2022-05-17 21:10:38,177 - INFO - The train loss is 0.009955. The valid loss is 0.009911.
2022-05-17 21:10:38,189 - INFO - Epoch 240/250
2022-05-17 21:10:38,604 - INFO - The train loss is 0.009916. The valid loss is 0.009876.
2022-05-17 21:10:38,609 - INFO - Epoch 241/250
2022-05-17 21:10:39,023 - INFO - The train loss is 0.009892. The valid loss is 0.009843.
2022-05-17 21:10:39,027 - INFO - Epoch 242/250
2022-05-17 21:10:39,444 - INFO - The train loss is 0.009841. The valid loss is 0.009809.
2022-05-17 21:10:39,449 - INFO - Epoch 243/250
2022-05-17 21:10:39,864 - INFO - The train loss is 0.009825. The valid loss is 0.009774.
2022-05-17 21:10:39,869 - INFO - Epoch 244/250
2022-05-17 21:10:40,284 - INFO - The train loss is 0.009789. The valid loss is 0.009741.
2022-05-17 21:10:40,289 - INFO - Epoch 245/250
2022-05-17 21:10:40,699 - INFO - The train loss is 0.009759. The valid loss is 0.009708.
2022-05-17 21:10:40,705 - INFO - Epoch 246/250
2022-05-17 21:10:41,120 - INFO - The train loss is 0.009726. The valid loss is 0.009674.
2022-05-17 21:10:41,126 - INFO - Epoch 247/250
2022-05-17 21:10:41,539 - INFO - The train loss is 0.009689. The valid loss is 0.009641.
2022-05-17 21:10:41,544 - INFO - Epoch 248/250
2022-05-17 21:10:41,958 - INFO - The train loss is 0.009658. The valid loss is 0.009607.
2022-05-17 21:10:41,962 - INFO - Epoch 249/250
2022-05-17 21:10:42,376 - INFO - The train loss is 0.009630. The valid loss is 0.009575.
2022-05-17 21:10:43,001 - INFO - The mean squared error of stock ['top blood velocity', 'bottom blood velocity'] is [0.00127776 0.00114393]
2022-05-17 21:10:43,034 - INFO - The predicted top blood velocity is: 59.06634670987917
2022-05-17 21:10:43,046 - INFO - The predicted bottom blood velocity is: 59.249608827371475
