2022-05-11 14:40:42,959 - INFO - 
Config:
'add_train': False
'batch_size': 501
'continue_flag': ''
'cur_time': '2022_05_11_14_40_42'
'debug_mode': False
'debug_num': 500
'do_continue_train': False
'do_figure_save': False
'do_log_print_to_screen': True
'do_log_save_to_file': True
'do_predict': True
'do_train': True
'do_train_visualized': True
'dropout_rate': 0.1
'epoch': 200
'feature_columns': [1, 2, 3, 4, 5]
'figure_save_path': './figure/'
'hidden_size': 256
'input_size': 5
'label_columns': [4, 5]
'label_in_feature_index': [3, 4]
'learning_rate': 0.0001
'log_save_path': './log/2022_05_11_14_40_42_pytorch/'
'lstm_layers': 2
'model_name': 'model_pytorch.pth'
'model_postfix': {'pytorch': '.pth'
'keras': '.h5'
'tensorflow': '.ckpt'}
'model_save_path': './checkpoint/pytorch/'
'output_size': 2
'patience': 3
'predict_day': 1
'random_seed': 42
'shuffle_train_data': True
'time_step': 167
'train_data_path': './gtau0.csv'
'train_data_rate': 0.9
'use_cuda': True
'used_frame': 'pytorch'
'valid_data_rate': 0.1
2022-05-11 14:40:43,215 - WARNING - Setting up a new session...
2022-05-11 14:40:51,343 - INFO - Socket refused connection, running socketless
2022-05-11 14:40:51,343 - ERROR - [WinError 10061] 由于目标计算机积极拒绝，无法连接。
2022-05-11 14:40:51,346 - ERROR - error from callback <function Visdom.setup_socket.<locals>.on_close at 0x000002102CD00430>: on_close() takes 1 positional argument but 3 were given
2022-05-11 14:40:51,346 - ERROR - on_close() takes 1 positional argument but 3 were given
2022-05-11 14:40:53,590 - WARNING - Visdom python client failed to establish socket to get messages from the server. This feature is optional and can be disabled by initializing Visdom with `use_incoming_socket=False`, which will prevent waiting for this request to timeout.
2022-05-11 14:40:55,805 - INFO - Epoch 0/200
2022-05-11 14:40:56,509 - INFO - The train loss is 0.886826. The valid loss is 0.905259.
2022-05-11 14:41:04,644 - INFO - Epoch 1/200
2022-05-11 14:41:05,079 - INFO - The train loss is 0.868456. The valid loss is 0.886341.
2022-05-11 14:41:21,368 - INFO - Epoch 2/200
2022-05-11 14:41:21,786 - INFO - The train loss is 0.850074. The valid loss is 0.866833.
2022-05-11 14:41:38,018 - INFO - Epoch 3/200
2022-05-11 14:41:38,427 - INFO - The train loss is 0.830859. The valid loss is 0.845811.
