2022-06-01 00:45:05,092 - INFO - 
Config:
'add_train': False
'batch_size': 334
'continue_flag': ''
'cur_time': '2022_06_01_00_45_05'
'debug_mode': False
'debug_num': 500
'do_continue_train': False
'do_figure_save': False
'do_log_print_to_screen': True
'do_log_save_to_file': True
'do_predict': True
'do_train': True
'do_train_visualized': False
'dropout_rate': 0.1
'epoch': 250
'feature_columns': [1, 2, 3, 4, 5]
'figure_save_path': './figure/'
'hidden_size': 256
'input_size': 5
'label_columns': [4, 5]
'label_in_feature_index': [3, 4]
'learning_rate': 0.0001
'log_save_path': './log/2022_06_01_00_45_05_pytorch/'
'lstm_layers': 2
'model_name': 'model_pytorch.pth'
'model_postfix': {'pytorch': '.pth'
'keras': '.h5'
'tensorflow': '.ckpt'}
'model_save_path': './checkpoint/pytorch/'
'output_size': 2
'patience': 3
'predict_day': 1
'random_seed': 58
'shuffle_train_data': True
'time_step': 167
'train_data_path': './gtau2.3edited.csv'
'train_data_rate': 0.9
'use_cuda': True
'used_frame': 'pytorch'
'valid_data_rate': 0.1
2022-06-01 00:45:09,207 - INFO - Epoch 0/250
2022-06-01 00:45:10,000 - INFO - The train loss is 1.013330. The valid loss is 0.967634.
2022-06-01 00:45:10,006 - INFO - Epoch 1/250
2022-06-01 00:45:10,301 - INFO - The train loss is 0.992609. The valid loss is 0.947437.
2022-06-01 00:45:10,306 - INFO - Epoch 2/250
2022-06-01 00:45:10,595 - INFO - The train loss is 0.971517. The valid loss is 0.926295.
2022-06-01 00:45:10,600 - INFO - Epoch 3/250
2022-06-01 00:45:10,892 - INFO - The train loss is 0.949053. The valid loss is 0.903209.
2022-06-01 00:45:10,897 - INFO - Epoch 4/250
2022-06-01 00:45:11,191 - INFO - The train loss is 0.924071. The valid loss is 0.877004.
2022-06-01 00:45:11,195 - INFO - Epoch 5/250
2022-06-01 00:45:11,486 - INFO - The train loss is 0.895343. The valid loss is 0.846201.
2022-06-01 00:45:11,491 - INFO - Epoch 6/250
2022-06-01 00:45:11,794 - INFO - The train loss is 0.860922. The valid loss is 0.808842.
2022-06-01 00:45:11,798 - INFO - Epoch 7/250
2022-06-01 00:45:12,087 - INFO - The train loss is 0.818669. The valid loss is 0.762243.
2022-06-01 00:45:12,092 - INFO - Epoch 8/250
2022-06-01 00:45:12,385 - INFO - The train loss is 0.764953. The valid loss is 0.702628.
2022-06-01 00:45:12,390 - INFO - Epoch 9/250
2022-06-01 00:45:12,683 - INFO - The train loss is 0.695144. The valid loss is 0.624643.
2022-06-01 00:45:12,687 - INFO - Epoch 10/250
2022-06-01 00:45:12,975 - INFO - The train loss is 0.602114. The valid loss is 0.521200.
2022-06-01 00:45:12,979 - INFO - Epoch 11/250
2022-06-01 00:45:13,270 - INFO - The train loss is 0.478134. The valid loss is 0.389305.
2022-06-01 00:45:13,274 - INFO - Epoch 12/250
2022-06-01 00:45:13,569 - INFO - The train loss is 0.337951. The valid loss is 0.276571.
2022-06-01 00:45:13,574 - INFO - Epoch 13/250
2022-06-01 00:45:13,901 - INFO - The train loss is 0.259496. The valid loss is 0.211935.
2022-06-01 00:45:13,905 - INFO - Epoch 14/250
2022-06-01 00:45:14,200 - INFO - The train loss is 0.186712. The valid loss is 0.148849.
2022-06-01 00:45:14,205 - INFO - Epoch 15/250
2022-06-01 00:45:14,505 - INFO - The train loss is 0.138927. The valid loss is 0.127483.
2022-06-01 00:45:14,509 - INFO - Epoch 16/250
2022-06-01 00:45:14,803 - INFO - The train loss is 0.112631. The valid loss is 0.094371.
2022-06-01 00:45:14,808 - INFO - Epoch 17/250
2022-06-01 00:45:15,104 - INFO - The train loss is 0.080886. The valid loss is 0.069471.
2022-06-01 00:45:15,108 - INFO - Epoch 18/250
2022-06-01 00:45:15,403 - INFO - The train loss is 0.065283. The valid loss is 0.061082.
2022-06-01 00:45:15,408 - INFO - Epoch 19/250
2022-06-01 00:45:15,705 - INFO - The train loss is 0.057950. The valid loss is 0.052352.
2022-06-01 00:45:15,710 - INFO - Epoch 20/250
2022-06-01 00:45:16,006 - INFO - The train loss is 0.049805. The valid loss is 0.047069.
2022-06-01 00:45:16,011 - INFO - Epoch 21/250
2022-06-01 00:45:16,305 - INFO - The train loss is 0.047234. The valid loss is 0.046867.
2022-06-01 00:45:16,310 - INFO - Epoch 22/250
2022-06-01 00:45:16,601 - INFO - The train loss is 0.046883. The valid loss is 0.044857.
2022-06-01 00:45:16,605 - INFO - Epoch 23/250
2022-06-01 00:45:16,901 - INFO - The train loss is 0.044380. The valid loss is 0.041910.
2022-06-01 00:45:16,906 - INFO - Epoch 24/250
2022-06-01 00:45:17,204 - INFO - The train loss is 0.041707. The valid loss is 0.039634.
2022-06-01 00:45:17,208 - INFO - Epoch 25/250
2022-06-01 00:45:17,508 - INFO - The train loss is 0.039705. The valid loss is 0.037973.
2022-06-01 00:45:17,511 - INFO - Epoch 26/250
2022-06-01 00:45:17,808 - INFO - The train loss is 0.038242. The valid loss is 0.036731.
2022-06-01 00:45:17,812 - INFO - Epoch 27/250
2022-06-01 00:45:18,110 - INFO - The train loss is 0.037097. The valid loss is 0.035719.
2022-06-01 00:45:18,115 - INFO - Epoch 28/250
2022-06-01 00:45:18,413 - INFO - The train loss is 0.036182. The valid loss is 0.034776.
2022-06-01 00:45:18,418 - INFO - Epoch 29/250
2022-06-01 00:45:18,715 - INFO - The train loss is 0.035277. The valid loss is 0.034012.
2022-06-01 00:45:18,719 - INFO - Epoch 30/250
2022-06-01 00:45:19,015 - INFO - The train loss is 0.034597. The valid loss is 0.033394.
2022-06-01 00:45:19,019 - INFO - Epoch 31/250
2022-06-01 00:45:19,307 - INFO - The train loss is 0.033944. The valid loss is 0.032821.
2022-06-01 00:45:19,312 - INFO - Epoch 32/250
2022-06-01 00:45:19,602 - INFO - The train loss is 0.033376. The valid loss is 0.032377.
2022-06-01 00:45:19,607 - INFO - Epoch 33/250
2022-06-01 00:45:19,908 - INFO - The train loss is 0.032962. The valid loss is 0.032010.
2022-06-01 00:45:19,913 - INFO - Epoch 34/250
2022-06-01 00:45:20,205 - INFO - The train loss is 0.032572. The valid loss is 0.031631.
2022-06-01 00:45:20,209 - INFO - Epoch 35/250
2022-06-01 00:45:20,496 - INFO - The train loss is 0.032260. The valid loss is 0.031285.
2022-06-01 00:45:20,501 - INFO - Epoch 36/250
2022-06-01 00:45:20,797 - INFO - The train loss is 0.031879. The valid loss is 0.030975.
2022-06-01 00:45:20,803 - INFO - Epoch 37/250
2022-06-01 00:45:21,101 - INFO - The train loss is 0.031585. The valid loss is 0.030688.
2022-06-01 00:45:21,106 - INFO - Epoch 38/250
2022-06-01 00:45:21,415 - INFO - The train loss is 0.031324. The valid loss is 0.030426.
2022-06-01 00:45:21,419 - INFO - Epoch 39/250
2022-06-01 00:45:21,717 - INFO - The train loss is 0.031055. The valid loss is 0.030172.
2022-06-01 00:45:21,722 - INFO - Epoch 40/250
2022-06-01 00:45:22,017 - INFO - The train loss is 0.030812. The valid loss is 0.029922.
2022-06-01 00:45:22,023 - INFO - Epoch 41/250
2022-06-01 00:45:22,311 - INFO - The train loss is 0.030519. The valid loss is 0.029679.
2022-06-01 00:45:22,316 - INFO - Epoch 42/250
2022-06-01 00:45:22,609 - INFO - The train loss is 0.030344. The valid loss is 0.029443.
2022-06-01 00:45:22,614 - INFO - Epoch 43/250
2022-06-01 00:45:22,911 - INFO - The train loss is 0.030060. The valid loss is 0.029215.
2022-06-01 00:45:22,915 - INFO - Epoch 44/250
2022-06-01 00:45:23,210 - INFO - The train loss is 0.029817. The valid loss is 0.028988.
2022-06-01 00:45:23,214 - INFO - Epoch 45/250
2022-06-01 00:45:23,506 - INFO - The train loss is 0.029644. The valid loss is 0.028762.
2022-06-01 00:45:23,510 - INFO - Epoch 46/250
2022-06-01 00:45:23,809 - INFO - The train loss is 0.029393. The valid loss is 0.028544.
2022-06-01 00:45:23,814 - INFO - Epoch 47/250
2022-06-01 00:45:24,119 - INFO - The train loss is 0.029195. The valid loss is 0.028333.
2022-06-01 00:45:24,124 - INFO - Epoch 48/250
2022-06-01 00:45:24,413 - INFO - The train loss is 0.028988. The valid loss is 0.028123.
2022-06-01 00:45:24,417 - INFO - Epoch 49/250
2022-06-01 00:45:24,711 - INFO - The train loss is 0.028784. The valid loss is 0.027914.
2022-06-01 00:45:24,716 - INFO - Epoch 50/250
2022-06-01 00:45:25,008 - INFO - The train loss is 0.028602. The valid loss is 0.027706.
2022-06-01 00:45:25,012 - INFO - Epoch 51/250
2022-06-01 00:45:25,312 - INFO - The train loss is 0.028388. The valid loss is 0.027503.
2022-06-01 00:45:25,316 - INFO - Epoch 52/250
2022-06-01 00:45:25,610 - INFO - The train loss is 0.028208. The valid loss is 0.027305.
2022-06-01 00:45:25,615 - INFO - Epoch 53/250
2022-06-01 00:45:25,910 - INFO - The train loss is 0.027996. The valid loss is 0.027110.
2022-06-01 00:45:25,915 - INFO - Epoch 54/250
2022-06-01 00:45:26,201 - INFO - The train loss is 0.027805. The valid loss is 0.026918.
2022-06-01 00:45:26,205 - INFO - Epoch 55/250
2022-06-01 00:45:26,501 - INFO - The train loss is 0.027609. The valid loss is 0.026726.
2022-06-01 00:45:26,506 - INFO - Epoch 56/250
2022-06-01 00:45:26,795 - INFO - The train loss is 0.027423. The valid loss is 0.026535.
2022-06-01 00:45:26,800 - INFO - Epoch 57/250
2022-06-01 00:45:27,111 - INFO - The train loss is 0.027228. The valid loss is 0.026347.
2022-06-01 00:45:27,116 - INFO - Epoch 58/250
2022-06-01 00:45:27,421 - INFO - The train loss is 0.027050. The valid loss is 0.026161.
2022-06-01 00:45:27,426 - INFO - Epoch 59/250
2022-06-01 00:45:27,720 - INFO - The train loss is 0.026874. The valid loss is 0.025978.
2022-06-01 00:45:27,725 - INFO - Epoch 60/250
2022-06-01 00:45:28,024 - INFO - The train loss is 0.026688. The valid loss is 0.025797.
2022-06-01 00:45:28,029 - INFO - Epoch 61/250
2022-06-01 00:45:28,333 - INFO - The train loss is 0.026522. The valid loss is 0.025618.
2022-06-01 00:45:28,338 - INFO - Epoch 62/250
2022-06-01 00:45:28,645 - INFO - The train loss is 0.026302. The valid loss is 0.025441.
2022-06-01 00:45:28,650 - INFO - Epoch 63/250
2022-06-01 00:45:28,941 - INFO - The train loss is 0.026144. The valid loss is 0.025267.
2022-06-01 00:45:28,946 - INFO - Epoch 64/250
2022-06-01 00:45:29,236 - INFO - The train loss is 0.025983. The valid loss is 0.025091.
2022-06-01 00:45:29,241 - INFO - Epoch 65/250
2022-06-01 00:45:29,530 - INFO - The train loss is 0.025851. The valid loss is 0.024915.
2022-06-01 00:45:29,534 - INFO - Epoch 66/250
2022-06-01 00:45:29,835 - INFO - The train loss is 0.025664. The valid loss is 0.024745.
2022-06-01 00:45:29,840 - INFO - Epoch 67/250
2022-06-01 00:45:30,135 - INFO - The train loss is 0.025488. The valid loss is 0.024577.
2022-06-01 00:45:30,139 - INFO - Epoch 68/250
2022-06-01 00:45:30,435 - INFO - The train loss is 0.025329. The valid loss is 0.024407.
2022-06-01 00:45:30,440 - INFO - Epoch 69/250
2022-06-01 00:45:30,738 - INFO - The train loss is 0.025152. The valid loss is 0.024240.
2022-06-01 00:45:30,743 - INFO - Epoch 70/250
2022-06-01 00:45:31,047 - INFO - The train loss is 0.025000. The valid loss is 0.024076.
2022-06-01 00:45:31,052 - INFO - Epoch 71/250
2022-06-01 00:45:31,352 - INFO - The train loss is 0.024846. The valid loss is 0.023913.
2022-06-01 00:45:31,356 - INFO - Epoch 72/250
2022-06-01 00:45:31,657 - INFO - The train loss is 0.024662. The valid loss is 0.023749.
2022-06-01 00:45:31,662 - INFO - Epoch 73/250
2022-06-01 00:45:31,965 - INFO - The train loss is 0.024498. The valid loss is 0.023586.
2022-06-01 00:45:31,971 - INFO - Epoch 74/250
2022-06-01 00:45:32,279 - INFO - The train loss is 0.024378. The valid loss is 0.023426.
2022-06-01 00:45:32,284 - INFO - Epoch 75/250
2022-06-01 00:45:32,592 - INFO - The train loss is 0.024216. The valid loss is 0.023269.
2022-06-01 00:45:32,598 - INFO - Epoch 76/250
2022-06-01 00:45:32,903 - INFO - The train loss is 0.024013. The valid loss is 0.023109.
2022-06-01 00:45:32,908 - INFO - Epoch 77/250
2022-06-01 00:45:33,220 - INFO - The train loss is 0.023880. The valid loss is 0.022951.
2022-06-01 00:45:33,224 - INFO - Epoch 78/250
2022-06-01 00:45:33,523 - INFO - The train loss is 0.023702. The valid loss is 0.022797.
2022-06-01 00:45:33,527 - INFO - Epoch 79/250
2022-06-01 00:45:33,845 - INFO - The train loss is 0.023538. The valid loss is 0.022643.
2022-06-01 00:45:33,851 - INFO - Epoch 80/250
2022-06-01 00:45:34,150 - INFO - The train loss is 0.023422. The valid loss is 0.022487.
2022-06-01 00:45:34,156 - INFO - Epoch 81/250
2022-06-01 00:45:34,471 - INFO - The train loss is 0.023264. The valid loss is 0.022333.
2022-06-01 00:45:34,477 - INFO - Epoch 82/250
2022-06-01 00:45:34,775 - INFO - The train loss is 0.023090. The valid loss is 0.022183.
2022-06-01 00:45:34,780 - INFO - Epoch 83/250
2022-06-01 00:45:35,091 - INFO - The train loss is 0.022940. The valid loss is 0.022030.
2022-06-01 00:45:35,096 - INFO - Epoch 84/250
2022-06-01 00:45:35,409 - INFO - The train loss is 0.022826. The valid loss is 0.021878.
2022-06-01 00:45:35,414 - INFO - Epoch 85/250
2022-06-01 00:45:35,724 - INFO - The train loss is 0.022655. The valid loss is 0.021728.
2022-06-01 00:45:35,729 - INFO - Epoch 86/250
2022-06-01 00:45:36,033 - INFO - The train loss is 0.022512. The valid loss is 0.021580.
2022-06-01 00:45:36,038 - INFO - Epoch 87/250
2022-06-01 00:45:36,343 - INFO - The train loss is 0.022359. The valid loss is 0.021434.
2022-06-01 00:45:36,349 - INFO - Epoch 88/250
2022-06-01 00:45:36,655 - INFO - The train loss is 0.022228. The valid loss is 0.021287.
2022-06-01 00:45:36,660 - INFO - Epoch 89/250
2022-06-01 00:45:36,962 - INFO - The train loss is 0.022066. The valid loss is 0.021137.
2022-06-01 00:45:36,967 - INFO - Epoch 90/250
2022-06-01 00:45:37,282 - INFO - The train loss is 0.021933. The valid loss is 0.020990.
2022-06-01 00:45:37,288 - INFO - Epoch 91/250
2022-06-01 00:45:37,587 - INFO - The train loss is 0.021765. The valid loss is 0.020847.
2022-06-01 00:45:37,592 - INFO - Epoch 92/250
2022-06-01 00:45:37,890 - INFO - The train loss is 0.021669. The valid loss is 0.020704.
2022-06-01 00:45:37,895 - INFO - Epoch 93/250
2022-06-01 00:45:38,196 - INFO - The train loss is 0.021504. The valid loss is 0.020560.
2022-06-01 00:45:38,200 - INFO - Epoch 94/250
2022-06-01 00:45:38,503 - INFO - The train loss is 0.021338. The valid loss is 0.020417.
2022-06-01 00:45:38,508 - INFO - Epoch 95/250
2022-06-01 00:45:38,804 - INFO - The train loss is 0.021226. The valid loss is 0.020277.
2022-06-01 00:45:38,808 - INFO - Epoch 96/250
2022-06-01 00:45:39,107 - INFO - The train loss is 0.021101. The valid loss is 0.020138.
2022-06-01 00:45:39,112 - INFO - Epoch 97/250
2022-06-01 00:45:39,413 - INFO - The train loss is 0.020931. The valid loss is 0.019999.
2022-06-01 00:45:39,418 - INFO - Epoch 98/250
2022-06-01 00:45:39,725 - INFO - The train loss is 0.020774. The valid loss is 0.019861.
2022-06-01 00:45:39,730 - INFO - Epoch 99/250
2022-06-01 00:45:40,032 - INFO - The train loss is 0.020651. The valid loss is 0.019726.
2022-06-01 00:45:40,037 - INFO - Epoch 100/250
2022-06-01 00:45:40,338 - INFO - The train loss is 0.020521. The valid loss is 0.019590.
2022-06-01 00:45:40,343 - INFO - Epoch 101/250
2022-06-01 00:45:40,644 - INFO - The train loss is 0.020373. The valid loss is 0.019456.
2022-06-01 00:45:40,649 - INFO - Epoch 102/250
2022-06-01 00:45:40,944 - INFO - The train loss is 0.020284. The valid loss is 0.019324.
2022-06-01 00:45:40,949 - INFO - Epoch 103/250
2022-06-01 00:45:41,258 - INFO - The train loss is 0.020121. The valid loss is 0.019192.
2022-06-01 00:45:41,263 - INFO - Epoch 104/250
2022-06-01 00:45:41,573 - INFO - The train loss is 0.020005. The valid loss is 0.019062.
2022-06-01 00:45:41,578 - INFO - Epoch 105/250
2022-06-01 00:45:41,874 - INFO - The train loss is 0.019881. The valid loss is 0.018932.
2022-06-01 00:45:41,879 - INFO - Epoch 106/250
2022-06-01 00:45:42,175 - INFO - The train loss is 0.019716. The valid loss is 0.018805.
2022-06-01 00:45:42,179 - INFO - Epoch 107/250
2022-06-01 00:45:42,481 - INFO - The train loss is 0.019610. The valid loss is 0.018677.
2022-06-01 00:45:42,486 - INFO - Epoch 108/250
2022-06-01 00:45:42,782 - INFO - The train loss is 0.019465. The valid loss is 0.018551.
2022-06-01 00:45:42,787 - INFO - Epoch 109/250
2022-06-01 00:45:43,078 - INFO - The train loss is 0.019352. The valid loss is 0.018427.
2022-06-01 00:45:43,083 - INFO - Epoch 110/250
2022-06-01 00:45:43,378 - INFO - The train loss is 0.019238. The valid loss is 0.018304.
2022-06-01 00:45:43,383 - INFO - Epoch 111/250
2022-06-01 00:45:43,676 - INFO - The train loss is 0.019111. The valid loss is 0.018180.
2022-06-01 00:45:43,681 - INFO - Epoch 112/250
2022-06-01 00:45:43,981 - INFO - The train loss is 0.018969. The valid loss is 0.018058.
2022-06-01 00:45:43,986 - INFO - Epoch 113/250
2022-06-01 00:45:44,289 - INFO - The train loss is 0.018858. The valid loss is 0.017940.
2022-06-01 00:45:44,294 - INFO - Epoch 114/250
2022-06-01 00:45:44,601 - INFO - The train loss is 0.018769. The valid loss is 0.017822.
2022-06-01 00:45:44,606 - INFO - Epoch 115/250
2022-06-01 00:45:44,902 - INFO - The train loss is 0.018656. The valid loss is 0.017703.
2022-06-01 00:45:44,907 - INFO - Epoch 116/250
2022-06-01 00:45:45,214 - INFO - The train loss is 0.018523. The valid loss is 0.017587.
2022-06-01 00:45:45,219 - INFO - Epoch 117/250
2022-06-01 00:45:45,525 - INFO - The train loss is 0.018417. The valid loss is 0.017470.
2022-06-01 00:45:45,530 - INFO - Epoch 118/250
2022-06-01 00:45:45,836 - INFO - The train loss is 0.018304. The valid loss is 0.017356.
2022-06-01 00:45:45,841 - INFO - Epoch 119/250
2022-06-01 00:45:46,146 - INFO - The train loss is 0.018146. The valid loss is 0.017243.
2022-06-01 00:45:46,151 - INFO - Epoch 120/250
2022-06-01 00:45:46,447 - INFO - The train loss is 0.018070. The valid loss is 0.017131.
2022-06-01 00:45:46,451 - INFO - Epoch 121/250
2022-06-01 00:45:46,746 - INFO - The train loss is 0.017937. The valid loss is 0.017020.
2022-06-01 00:45:46,760 - INFO - Epoch 122/250
2022-06-01 00:45:47,069 - INFO - The train loss is 0.017827. The valid loss is 0.016910.
2022-06-01 00:45:47,073 - INFO - Epoch 123/250
2022-06-01 00:45:47,372 - INFO - The train loss is 0.017737. The valid loss is 0.016801.
2022-06-01 00:45:47,377 - INFO - Epoch 124/250
2022-06-01 00:45:47,678 - INFO - The train loss is 0.017614. The valid loss is 0.016694.
2022-06-01 00:45:47,684 - INFO - Epoch 125/250
2022-06-01 00:45:47,995 - INFO - The train loss is 0.017487. The valid loss is 0.016589.
2022-06-01 00:45:48,000 - INFO - Epoch 126/250
2022-06-01 00:45:48,303 - INFO - The train loss is 0.017402. The valid loss is 0.016482.
2022-06-01 00:45:48,307 - INFO - Epoch 127/250
2022-06-01 00:45:48,606 - INFO - The train loss is 0.017278. The valid loss is 0.016377.
2022-06-01 00:45:48,611 - INFO - Epoch 128/250
2022-06-01 00:45:48,929 - INFO - The train loss is 0.017191. The valid loss is 0.016275.
2022-06-01 00:45:48,935 - INFO - Epoch 129/250
2022-06-01 00:45:49,239 - INFO - The train loss is 0.017084. The valid loss is 0.016173.
2022-06-01 00:45:49,245 - INFO - Epoch 130/250
2022-06-01 00:45:49,545 - INFO - The train loss is 0.016965. The valid loss is 0.016072.
2022-06-01 00:45:49,550 - INFO - Epoch 131/250
2022-06-01 00:45:49,854 - INFO - The train loss is 0.016859. The valid loss is 0.015974.
2022-06-01 00:45:49,859 - INFO - Epoch 132/250
2022-06-01 00:45:50,157 - INFO - The train loss is 0.016776. The valid loss is 0.015876.
2022-06-01 00:45:50,161 - INFO - Epoch 133/250
2022-06-01 00:45:50,457 - INFO - The train loss is 0.016713. The valid loss is 0.015779.
2022-06-01 00:45:50,461 - INFO - Epoch 134/250
2022-06-01 00:45:50,756 - INFO - The train loss is 0.016576. The valid loss is 0.015683.
2022-06-01 00:45:50,760 - INFO - Epoch 135/250
2022-06-01 00:45:51,066 - INFO - The train loss is 0.016487. The valid loss is 0.015588.
2022-06-01 00:45:51,071 - INFO - Epoch 136/250
2022-06-01 00:45:51,372 - INFO - The train loss is 0.016396. The valid loss is 0.015495.
2022-06-01 00:45:51,377 - INFO - Epoch 137/250
2022-06-01 00:45:51,668 - INFO - The train loss is 0.016299. The valid loss is 0.015404.
2022-06-01 00:45:51,673 - INFO - Epoch 138/250
2022-06-01 00:45:51,973 - INFO - The train loss is 0.016192. The valid loss is 0.015313.
2022-06-01 00:45:51,979 - INFO - Epoch 139/250
2022-06-01 00:45:52,283 - INFO - The train loss is 0.016117. The valid loss is 0.015223.
2022-06-01 00:45:52,287 - INFO - Epoch 140/250
2022-06-01 00:45:52,589 - INFO - The train loss is 0.016008. The valid loss is 0.015135.
2022-06-01 00:45:52,594 - INFO - Epoch 141/250
2022-06-01 00:45:52,893 - INFO - The train loss is 0.015922. The valid loss is 0.015048.
2022-06-01 00:45:52,897 - INFO - Epoch 142/250
2022-06-01 00:45:53,204 - INFO - The train loss is 0.015829. The valid loss is 0.014962.
2022-06-01 00:45:53,208 - INFO - Epoch 143/250
2022-06-01 00:45:53,511 - INFO - The train loss is 0.015754. The valid loss is 0.014877.
2022-06-01 00:45:53,515 - INFO - Epoch 144/250
2022-06-01 00:45:53,816 - INFO - The train loss is 0.015673. The valid loss is 0.014794.
2022-06-01 00:45:53,821 - INFO - Epoch 145/250
2022-06-01 00:45:54,124 - INFO - The train loss is 0.015585. The valid loss is 0.014712.
2022-06-01 00:45:54,129 - INFO - Epoch 146/250
2022-06-01 00:45:54,431 - INFO - The train loss is 0.015503. The valid loss is 0.014632.
2022-06-01 00:45:54,436 - INFO - Epoch 147/250
2022-06-01 00:45:54,734 - INFO - The train loss is 0.015422. The valid loss is 0.014551.
2022-06-01 00:45:54,739 - INFO - Epoch 148/250
2022-06-01 00:45:55,042 - INFO - The train loss is 0.015344. The valid loss is 0.014473.
2022-06-01 00:45:55,047 - INFO - Epoch 149/250
2022-06-01 00:45:55,349 - INFO - The train loss is 0.015256. The valid loss is 0.014395.
2022-06-01 00:45:55,353 - INFO - Epoch 150/250
2022-06-01 00:45:55,657 - INFO - The train loss is 0.015213. The valid loss is 0.014319.
2022-06-01 00:45:55,661 - INFO - Epoch 151/250
2022-06-01 00:45:55,962 - INFO - The train loss is 0.015079. The valid loss is 0.014243.
2022-06-01 00:45:55,966 - INFO - Epoch 152/250
2022-06-01 00:45:56,269 - INFO - The train loss is 0.015027. The valid loss is 0.014170.
2022-06-01 00:45:56,274 - INFO - Epoch 153/250
2022-06-01 00:45:56,574 - INFO - The train loss is 0.014964. The valid loss is 0.014096.
2022-06-01 00:45:56,579 - INFO - Epoch 154/250
2022-06-01 00:45:56,879 - INFO - The train loss is 0.014873. The valid loss is 0.014024.
2022-06-01 00:45:56,884 - INFO - Epoch 155/250
2022-06-01 00:45:57,187 - INFO - The train loss is 0.014815. The valid loss is 0.013954.
2022-06-01 00:45:57,191 - INFO - Epoch 156/250
2022-06-01 00:45:57,495 - INFO - The train loss is 0.014758. The valid loss is 0.013884.
2022-06-01 00:45:57,499 - INFO - Epoch 157/250
2022-06-01 00:45:57,801 - INFO - The train loss is 0.014671. The valid loss is 0.013815.
2022-06-01 00:45:57,805 - INFO - Epoch 158/250
2022-06-01 00:45:58,106 - INFO - The train loss is 0.014594. The valid loss is 0.013748.
2022-06-01 00:45:58,110 - INFO - Epoch 159/250
2022-06-01 00:45:58,412 - INFO - The train loss is 0.014529. The valid loss is 0.013681.
2022-06-01 00:45:58,416 - INFO - Epoch 160/250
2022-06-01 00:45:58,716 - INFO - The train loss is 0.014459. The valid loss is 0.013614.
2022-06-01 00:45:58,721 - INFO - Epoch 161/250
2022-06-01 00:45:59,020 - INFO - The train loss is 0.014380. The valid loss is 0.013549.
2022-06-01 00:45:59,025 - INFO - Epoch 162/250
2022-06-01 00:45:59,322 - INFO - The train loss is 0.014332. The valid loss is 0.013486.
2022-06-01 00:45:59,327 - INFO - Epoch 163/250
2022-06-01 00:45:59,631 - INFO - The train loss is 0.014257. The valid loss is 0.013421.
2022-06-01 00:45:59,636 - INFO - Epoch 164/250
2022-06-01 00:45:59,930 - INFO - The train loss is 0.014199. The valid loss is 0.013358.
2022-06-01 00:45:59,935 - INFO - Epoch 165/250
2022-06-01 00:46:00,241 - INFO - The train loss is 0.014127. The valid loss is 0.013297.
2022-06-01 00:46:00,246 - INFO - Epoch 166/250
2022-06-01 00:46:00,547 - INFO - The train loss is 0.014090. The valid loss is 0.013236.
2022-06-01 00:46:00,552 - INFO - Epoch 167/250
2022-06-01 00:46:00,864 - INFO - The train loss is 0.014020. The valid loss is 0.013176.
2022-06-01 00:46:00,869 - INFO - Epoch 168/250
2022-06-01 00:46:01,168 - INFO - The train loss is 0.013967. The valid loss is 0.013115.
2022-06-01 00:46:01,173 - INFO - Epoch 169/250
2022-06-01 00:46:01,491 - INFO - The train loss is 0.013893. The valid loss is 0.013056.
2022-06-01 00:46:01,496 - INFO - Epoch 170/250
2022-06-01 00:46:01,802 - INFO - The train loss is 0.013839. The valid loss is 0.012998.
2022-06-01 00:46:01,807 - INFO - Epoch 171/250
2022-06-01 00:46:02,125 - INFO - The train loss is 0.013783. The valid loss is 0.012941.
2022-06-01 00:46:02,130 - INFO - Epoch 172/250
2022-06-01 00:46:02,435 - INFO - The train loss is 0.013736. The valid loss is 0.012883.
2022-06-01 00:46:02,443 - INFO - Epoch 173/250
2022-06-01 00:46:02,754 - INFO - The train loss is 0.013663. The valid loss is 0.012827.
2022-06-01 00:46:02,760 - INFO - Epoch 174/250
2022-06-01 00:46:03,067 - INFO - The train loss is 0.013598. The valid loss is 0.012771.
2022-06-01 00:46:03,072 - INFO - Epoch 175/250
2022-06-01 00:46:03,372 - INFO - The train loss is 0.013563. The valid loss is 0.012716.
2022-06-01 00:46:03,377 - INFO - Epoch 176/250
2022-06-01 00:46:03,686 - INFO - The train loss is 0.013484. The valid loss is 0.012661.
2022-06-01 00:46:03,691 - INFO - Epoch 177/250
2022-06-01 00:46:04,007 - INFO - The train loss is 0.013451. The valid loss is 0.012606.
2022-06-01 00:46:04,012 - INFO - Epoch 178/250
2022-06-01 00:46:04,313 - INFO - The train loss is 0.013384. The valid loss is 0.012552.
2022-06-01 00:46:04,317 - INFO - Epoch 179/250
2022-06-01 00:46:04,617 - INFO - The train loss is 0.013333. The valid loss is 0.012499.
2022-06-01 00:46:04,622 - INFO - Epoch 180/250
2022-06-01 00:46:04,928 - INFO - The train loss is 0.013285. The valid loss is 0.012446.
2022-06-01 00:46:04,932 - INFO - Epoch 181/250
2022-06-01 00:46:05,242 - INFO - The train loss is 0.013224. The valid loss is 0.012394.
2022-06-01 00:46:05,247 - INFO - Epoch 182/250
2022-06-01 00:46:05,545 - INFO - The train loss is 0.013182. The valid loss is 0.012342.
2022-06-01 00:46:05,550 - INFO - Epoch 183/250
2022-06-01 00:46:05,855 - INFO - The train loss is 0.013138. The valid loss is 0.012290.
2022-06-01 00:46:05,860 - INFO - Epoch 184/250
2022-06-01 00:46:06,167 - INFO - The train loss is 0.013060. The valid loss is 0.012240.
2022-06-01 00:46:06,171 - INFO - Epoch 185/250
2022-06-01 00:46:06,481 - INFO - The train loss is 0.013011. The valid loss is 0.012189.
2022-06-01 00:46:06,486 - INFO - Epoch 186/250
2022-06-01 00:46:06,787 - INFO - The train loss is 0.012963. The valid loss is 0.012139.
2022-06-01 00:46:06,792 - INFO - Epoch 187/250
2022-06-01 00:46:07,103 - INFO - The train loss is 0.012935. The valid loss is 0.012089.
2022-06-01 00:46:07,108 - INFO - Epoch 188/250
2022-06-01 00:46:07,414 - INFO - The train loss is 0.012847. The valid loss is 0.012039.
2022-06-01 00:46:07,420 - INFO - Epoch 189/250
2022-06-01 00:46:07,736 - INFO - The train loss is 0.012817. The valid loss is 0.011990.
2022-06-01 00:46:07,741 - INFO - Epoch 190/250
2022-06-01 00:46:08,034 - INFO - The train loss is 0.012753. The valid loss is 0.011942.
2022-06-01 00:46:08,039 - INFO - Epoch 191/250
2022-06-01 00:46:08,331 - INFO - The train loss is 0.012724. The valid loss is 0.011894.
2022-06-01 00:46:08,336 - INFO - Epoch 192/250
2022-06-01 00:46:08,641 - INFO - The train loss is 0.012680. The valid loss is 0.011846.
2022-06-01 00:46:08,646 - INFO - Epoch 193/250
2022-06-01 00:46:08,954 - INFO - The train loss is 0.012624. The valid loss is 0.011798.
2022-06-01 00:46:08,959 - INFO - Epoch 194/250
2022-06-01 00:46:09,263 - INFO - The train loss is 0.012590. The valid loss is 0.011751.
2022-06-01 00:46:09,267 - INFO - Epoch 195/250
2022-06-01 00:46:09,566 - INFO - The train loss is 0.012535. The valid loss is 0.011703.
2022-06-01 00:46:09,571 - INFO - Epoch 196/250
2022-06-01 00:46:09,879 - INFO - The train loss is 0.012483. The valid loss is 0.011657.
2022-06-01 00:46:09,885 - INFO - Epoch 197/250
2022-06-01 00:46:10,193 - INFO - The train loss is 0.012439. The valid loss is 0.011611.
2022-06-01 00:46:10,199 - INFO - Epoch 198/250
2022-06-01 00:46:10,510 - INFO - The train loss is 0.012401. The valid loss is 0.011564.
2022-06-01 00:46:10,515 - INFO - Epoch 199/250
2022-06-01 00:46:10,822 - INFO - The train loss is 0.012345. The valid loss is 0.011518.
2022-06-01 00:46:10,827 - INFO - Epoch 200/250
2022-06-01 00:46:11,137 - INFO - The train loss is 0.012306. The valid loss is 0.011473.
2022-06-01 00:46:11,143 - INFO - Epoch 201/250
2022-06-01 00:46:11,449 - INFO - The train loss is 0.012250. The valid loss is 0.011428.
2022-06-01 00:46:11,453 - INFO - Epoch 202/250
2022-06-01 00:46:11,762 - INFO - The train loss is 0.012196. The valid loss is 0.011383.
2022-06-01 00:46:11,767 - INFO - Epoch 203/250
2022-06-01 00:46:12,070 - INFO - The train loss is 0.012149. The valid loss is 0.011338.
2022-06-01 00:46:12,075 - INFO - Epoch 204/250
2022-06-01 00:46:12,382 - INFO - The train loss is 0.012099. The valid loss is 0.011294.
2022-06-01 00:46:12,386 - INFO - Epoch 205/250
2022-06-01 00:46:12,696 - INFO - The train loss is 0.012081. The valid loss is 0.011250.
2022-06-01 00:46:12,700 - INFO - Epoch 206/250
2022-06-01 00:46:13,006 - INFO - The train loss is 0.012034. The valid loss is 0.011207.
2022-06-01 00:46:13,011 - INFO - Epoch 207/250
2022-06-01 00:46:13,321 - INFO - The train loss is 0.011998. The valid loss is 0.011163.
2022-06-01 00:46:13,326 - INFO - Epoch 208/250
2022-06-01 00:46:13,635 - INFO - The train loss is 0.011945. The valid loss is 0.011120.
2022-06-01 00:46:13,640 - INFO - Epoch 209/250
2022-06-01 00:46:13,949 - INFO - The train loss is 0.011899. The valid loss is 0.011077.
2022-06-01 00:46:13,954 - INFO - Epoch 210/250
2022-06-01 00:46:14,258 - INFO - The train loss is 0.011875. The valid loss is 0.011034.
2022-06-01 00:46:14,262 - INFO - Epoch 211/250
2022-06-01 00:46:14,567 - INFO - The train loss is 0.011805. The valid loss is 0.010991.
2022-06-01 00:46:14,571 - INFO - Epoch 212/250
2022-06-01 00:46:14,881 - INFO - The train loss is 0.011776. The valid loss is 0.010949.
2022-06-01 00:46:14,886 - INFO - Epoch 213/250
2022-06-01 00:46:15,193 - INFO - The train loss is 0.011725. The valid loss is 0.010907.
2022-06-01 00:46:15,198 - INFO - Epoch 214/250
2022-06-01 00:46:15,503 - INFO - The train loss is 0.011683. The valid loss is 0.010865.
2022-06-01 00:46:15,509 - INFO - Epoch 215/250
2022-06-01 00:46:15,819 - INFO - The train loss is 0.011663. The valid loss is 0.010823.
2022-06-01 00:46:15,825 - INFO - Epoch 216/250
2022-06-01 00:46:16,133 - INFO - The train loss is 0.011604. The valid loss is 0.010782.
2022-06-01 00:46:16,137 - INFO - Epoch 217/250
2022-06-01 00:46:16,437 - INFO - The train loss is 0.011560. The valid loss is 0.010741.
2022-06-01 00:46:16,442 - INFO - Epoch 218/250
2022-06-01 00:46:16,745 - INFO - The train loss is 0.011535. The valid loss is 0.010701.
2022-06-01 00:46:16,750 - INFO - Epoch 219/250
2022-06-01 00:46:17,057 - INFO - The train loss is 0.011476. The valid loss is 0.010660.
2022-06-01 00:46:17,062 - INFO - Epoch 220/250
2022-06-01 00:46:17,368 - INFO - The train loss is 0.011424. The valid loss is 0.010619.
2022-06-01 00:46:17,373 - INFO - Epoch 221/250
2022-06-01 00:46:17,682 - INFO - The train loss is 0.011414. The valid loss is 0.010579.
2022-06-01 00:46:17,688 - INFO - Epoch 222/250
2022-06-01 00:46:17,996 - INFO - The train loss is 0.011372. The valid loss is 0.010539.
2022-06-01 00:46:18,000 - INFO - Epoch 223/250
2022-06-01 00:46:18,303 - INFO - The train loss is 0.011330. The valid loss is 0.010500.
2022-06-01 00:46:18,309 - INFO - Epoch 224/250
2022-06-01 00:46:18,614 - INFO - The train loss is 0.011281. The valid loss is 0.010460.
2022-06-01 00:46:18,618 - INFO - Epoch 225/250
2022-06-01 00:46:18,926 - INFO - The train loss is 0.011227. The valid loss is 0.010420.
2022-06-01 00:46:18,933 - INFO - Epoch 226/250
2022-06-01 00:46:19,237 - INFO - The train loss is 0.011207. The valid loss is 0.010381.
2022-06-01 00:46:19,242 - INFO - Epoch 227/250
2022-06-01 00:46:19,552 - INFO - The train loss is 0.011160. The valid loss is 0.010342.
2022-06-01 00:46:19,557 - INFO - Epoch 228/250
2022-06-01 00:46:19,881 - INFO - The train loss is 0.011141. The valid loss is 0.010303.
2022-06-01 00:46:19,886 - INFO - Epoch 229/250
2022-06-01 00:46:20,196 - INFO - The train loss is 0.011084. The valid loss is 0.010265.
2022-06-01 00:46:20,202 - INFO - Epoch 230/250
2022-06-01 00:46:20,509 - INFO - The train loss is 0.011047. The valid loss is 0.010227.
2022-06-01 00:46:20,514 - INFO - Epoch 231/250
2022-06-01 00:46:20,821 - INFO - The train loss is 0.011014. The valid loss is 0.010188.
2022-06-01 00:46:20,826 - INFO - Epoch 232/250
2022-06-01 00:46:21,124 - INFO - The train loss is 0.010977. The valid loss is 0.010150.
2022-06-01 00:46:21,128 - INFO - Epoch 233/250
2022-06-01 00:46:21,426 - INFO - The train loss is 0.010940. The valid loss is 0.010112.
2022-06-01 00:46:21,430 - INFO - Epoch 234/250
2022-06-01 00:46:21,741 - INFO - The train loss is 0.010908. The valid loss is 0.010075.
2022-06-01 00:46:21,747 - INFO - Epoch 235/250
2022-06-01 00:46:22,050 - INFO - The train loss is 0.010860. The valid loss is 0.010037.
2022-06-01 00:46:22,055 - INFO - Epoch 236/250
2022-06-01 00:46:22,363 - INFO - The train loss is 0.010816. The valid loss is 0.010000.
2022-06-01 00:46:22,368 - INFO - Epoch 237/250
2022-06-01 00:46:22,682 - INFO - The train loss is 0.010788. The valid loss is 0.009963.
2022-06-01 00:46:22,686 - INFO - Epoch 238/250
2022-06-01 00:46:22,982 - INFO - The train loss is 0.010748. The valid loss is 0.009925.
2022-06-01 00:46:22,987 - INFO - Epoch 239/250
2022-06-01 00:46:23,295 - INFO - The train loss is 0.010709. The valid loss is 0.009889.
2022-06-01 00:46:23,300 - INFO - Epoch 240/250
2022-06-01 00:46:23,600 - INFO - The train loss is 0.010685. The valid loss is 0.009852.
2022-06-01 00:46:23,604 - INFO - Epoch 241/250
2022-06-01 00:46:23,939 - INFO - The train loss is 0.010635. The valid loss is 0.009815.
2022-06-01 00:46:23,944 - INFO - Epoch 242/250
2022-06-01 00:46:24,246 - INFO - The train loss is 0.010614. The valid loss is 0.009780.
2022-06-01 00:46:24,250 - INFO - Epoch 243/250
2022-06-01 00:46:24,553 - INFO - The train loss is 0.010559. The valid loss is 0.009744.
2022-06-01 00:46:24,558 - INFO - Epoch 244/250
2022-06-01 00:46:24,867 - INFO - The train loss is 0.010527. The valid loss is 0.009708.
2022-06-01 00:46:24,872 - INFO - Epoch 245/250
2022-06-01 00:46:25,166 - INFO - The train loss is 0.010467. The valid loss is 0.009672.
2022-06-01 00:46:25,170 - INFO - Epoch 246/250
2022-06-01 00:46:25,474 - INFO - The train loss is 0.010433. The valid loss is 0.009637.
2022-06-01 00:46:25,479 - INFO - Epoch 247/250
2022-06-01 00:46:25,782 - INFO - The train loss is 0.010398. The valid loss is 0.009601.
2022-06-01 00:46:25,787 - INFO - Epoch 248/250
2022-06-01 00:46:26,098 - INFO - The train loss is 0.010371. The valid loss is 0.009566.
2022-06-01 00:46:26,102 - INFO - Epoch 249/250
2022-06-01 00:46:26,401 - INFO - The train loss is 0.010349. The valid loss is 0.009531.
2022-06-01 00:46:27,308 - INFO - The mean squared error of ['top', 'bottom'] is [0.00088695 0.01074033]
2022-06-01 00:46:27,350 - INFO - The predicted top is: 59.9517144685456
2022-06-01 00:46:27,364 - INFO - The predicted bottom is: 60.0026775604544
