2022-05-17 22:33:05,968 - INFO - 
Config:
'add_train': False
'batch_size': 501
'continue_flag': ''
'cur_time': '2022_05_17_22_33_05'
'debug_mode': False
'debug_num': 500
'do_continue_train': False
'do_figure_save': False
'do_log_print_to_screen': True
'do_log_save_to_file': True
'do_predict': True
'do_train': True
'do_train_visualized': False
'dropout_rate': 0.1
'epoch': 250
'feature_columns': [1, 2, 3, 4, 5]
'figure_save_path': './figure/'
'hidden_size': 256
'input_size': 5
'label_columns': [4, 5]
'label_in_feature_index': [3, 4]
'learning_rate': 0.0001
'log_save_path': './log/2022_05_17_22_33_05_pytorch/'
'lstm_layers': 2
'model_name': 'model_pytorch.pth'
'model_postfix': {'pytorch': '.pth'
'keras': '.h5'
'tensorflow': '.ckpt'}
'model_save_path': './checkpoint/pytorch/'
'output_size': 2
'patience': 3
'predict_day': 1
'random_seed': 27
'shuffle_train_data': True
'time_step': 167
'train_data_path': './finaldata.csv'
'train_data_rate': 0.9
'use_cuda': True
'used_frame': 'pytorch'
'valid_data_rate': 0.1
2022-05-17 22:33:08,210 - INFO - Epoch 0/250
2022-05-17 22:33:08,903 - INFO - The train loss is 0.995001. The valid loss is 1.012437.
2022-05-17 22:33:08,908 - INFO - Epoch 1/250
2022-05-17 22:33:09,290 - INFO - The train loss is 0.975870. The valid loss is 0.992707.
2022-05-17 22:33:09,295 - INFO - Epoch 2/250
2022-05-17 22:33:09,674 - INFO - The train loss is 0.956261. The valid loss is 0.971895.
2022-05-17 22:33:09,679 - INFO - Epoch 3/250
2022-05-17 22:33:10,066 - INFO - The train loss is 0.935214. The valid loss is 0.948951.
2022-05-17 22:33:10,071 - INFO - Epoch 4/250
2022-05-17 22:33:10,457 - INFO - The train loss is 0.911717. The valid loss is 0.922590.
2022-05-17 22:33:10,462 - INFO - Epoch 5/250
2022-05-17 22:33:10,843 - INFO - The train loss is 0.884362. The valid loss is 0.891169.
2022-05-17 22:33:10,848 - INFO - Epoch 6/250
2022-05-17 22:33:11,230 - INFO - The train loss is 0.851379. The valid loss is 0.852502.
2022-05-17 22:33:11,235 - INFO - Epoch 7/250
2022-05-17 22:33:11,621 - INFO - The train loss is 0.810331. The valid loss is 0.803582.
2022-05-17 22:33:11,626 - INFO - Epoch 8/250
2022-05-17 22:33:12,012 - INFO - The train loss is 0.757911. The valid loss is 0.740187.
2022-05-17 22:33:12,017 - INFO - Epoch 9/250
2022-05-17 22:33:12,403 - INFO - The train loss is 0.689145. The valid loss is 0.656387.
2022-05-17 22:33:12,408 - INFO - Epoch 10/250
2022-05-17 22:33:12,788 - INFO - The train loss is 0.597590. The valid loss is 0.544789.
2022-05-17 22:33:12,792 - INFO - Epoch 11/250
2022-05-17 22:33:13,171 - INFO - The train loss is 0.476105. The valid loss is 0.404755.
2022-05-17 22:33:13,175 - INFO - Epoch 12/250
2022-05-17 22:33:13,554 - INFO - The train loss is 0.338343. The valid loss is 0.281980.
2022-05-17 22:33:13,559 - INFO - Epoch 13/250
2022-05-17 22:33:13,940 - INFO - The train loss is 0.236631. The valid loss is 0.198969.
2022-05-17 22:33:13,945 - INFO - Epoch 14/250
2022-05-17 22:33:14,324 - INFO - The train loss is 0.159606. The valid loss is 0.147159.
2022-05-17 22:33:14,328 - INFO - Epoch 15/250
2022-05-17 22:33:14,709 - INFO - The train loss is 0.128447. The valid loss is 0.126205.
2022-05-17 22:33:14,714 - INFO - Epoch 16/250
2022-05-17 22:33:15,098 - INFO - The train loss is 0.105813. The valid loss is 0.092795.
2022-05-17 22:33:15,103 - INFO - Epoch 17/250
2022-05-17 22:33:15,484 - INFO - The train loss is 0.079447. The valid loss is 0.068795.
2022-05-17 22:33:15,489 - INFO - Epoch 18/250
2022-05-17 22:33:15,874 - INFO - The train loss is 0.062465. The valid loss is 0.057453.
2022-05-17 22:33:15,879 - INFO - Epoch 19/250
2022-05-17 22:33:16,268 - INFO - The train loss is 0.053359. The valid loss is 0.051422.
2022-05-17 22:33:16,273 - INFO - Epoch 20/250
2022-05-17 22:33:16,654 - INFO - The train loss is 0.047267. The valid loss is 0.047512.
2022-05-17 22:33:16,659 - INFO - Epoch 21/250
2022-05-17 22:33:17,040 - INFO - The train loss is 0.044405. The valid loss is 0.046677.
2022-05-17 22:33:17,045 - INFO - Epoch 22/250
2022-05-17 22:33:17,433 - INFO - The train loss is 0.043638. The valid loss is 0.044903.
2022-05-17 22:33:17,438 - INFO - Epoch 23/250
2022-05-17 22:33:17,823 - INFO - The train loss is 0.041777. The valid loss is 0.042110.
2022-05-17 22:33:17,827 - INFO - Epoch 24/250
2022-05-17 22:33:18,211 - INFO - The train loss is 0.039397. The valid loss is 0.040121.
2022-05-17 22:33:18,215 - INFO - Epoch 25/250
2022-05-17 22:33:18,598 - INFO - The train loss is 0.037843. The valid loss is 0.038917.
2022-05-17 22:33:18,603 - INFO - Epoch 26/250
2022-05-17 22:33:18,983 - INFO - The train loss is 0.036729. The valid loss is 0.037898.
2022-05-17 22:33:18,988 - INFO - Epoch 27/250
2022-05-17 22:33:19,367 - INFO - The train loss is 0.035915. The valid loss is 0.037125.
2022-05-17 22:33:19,372 - INFO - Epoch 28/250
2022-05-17 22:33:19,749 - INFO - The train loss is 0.035299. The valid loss is 0.036469.
2022-05-17 22:33:19,754 - INFO - Epoch 29/250
2022-05-17 22:33:20,130 - INFO - The train loss is 0.034687. The valid loss is 0.035763.
2022-05-17 22:33:20,135 - INFO - Epoch 30/250
2022-05-17 22:33:20,514 - INFO - The train loss is 0.034016. The valid loss is 0.035186.
2022-05-17 22:33:20,518 - INFO - Epoch 31/250
2022-05-17 22:33:20,910 - INFO - The train loss is 0.033543. The valid loss is 0.034726.
2022-05-17 22:33:20,915 - INFO - Epoch 32/250
2022-05-17 22:33:21,299 - INFO - The train loss is 0.033165. The valid loss is 0.034350.
2022-05-17 22:33:21,303 - INFO - Epoch 33/250
2022-05-17 22:33:21,686 - INFO - The train loss is 0.032809. The valid loss is 0.034046.
2022-05-17 22:33:21,691 - INFO - Epoch 34/250
2022-05-17 22:33:22,100 - INFO - The train loss is 0.032539. The valid loss is 0.033762.
2022-05-17 22:33:22,105 - INFO - Epoch 35/250
2022-05-17 22:33:22,488 - INFO - The train loss is 0.032225. The valid loss is 0.033456.
2022-05-17 22:33:22,492 - INFO - Epoch 36/250
2022-05-17 22:33:22,871 - INFO - The train loss is 0.031942. The valid loss is 0.033130.
2022-05-17 22:33:22,877 - INFO - Epoch 37/250
2022-05-17 22:33:23,269 - INFO - The train loss is 0.031643. The valid loss is 0.032810.
2022-05-17 22:33:23,273 - INFO - Epoch 38/250
2022-05-17 22:33:23,659 - INFO - The train loss is 0.031359. The valid loss is 0.032508.
2022-05-17 22:33:23,664 - INFO - Epoch 39/250
2022-05-17 22:33:24,053 - INFO - The train loss is 0.031113. The valid loss is 0.032221.
2022-05-17 22:33:24,059 - INFO - Epoch 40/250
2022-05-17 22:33:24,438 - INFO - The train loss is 0.030843. The valid loss is 0.031937.
2022-05-17 22:33:24,443 - INFO - Epoch 41/250
2022-05-17 22:33:24,829 - INFO - The train loss is 0.030582. The valid loss is 0.031651.
2022-05-17 22:33:24,833 - INFO - Epoch 42/250
2022-05-17 22:33:25,216 - INFO - The train loss is 0.030356. The valid loss is 0.031371.
2022-05-17 22:33:25,221 - INFO - Epoch 43/250
2022-05-17 22:33:25,605 - INFO - The train loss is 0.030097. The valid loss is 0.031105.
2022-05-17 22:33:25,610 - INFO - Epoch 44/250
2022-05-17 22:33:25,993 - INFO - The train loss is 0.029879. The valid loss is 0.030850.
2022-05-17 22:33:25,998 - INFO - Epoch 45/250
2022-05-17 22:33:26,390 - INFO - The train loss is 0.029629. The valid loss is 0.030599.
2022-05-17 22:33:26,395 - INFO - Epoch 46/250
2022-05-17 22:33:26,781 - INFO - The train loss is 0.029408. The valid loss is 0.030347.
2022-05-17 22:33:26,786 - INFO - Epoch 47/250
2022-05-17 22:33:27,170 - INFO - The train loss is 0.029178. The valid loss is 0.030095.
2022-05-17 22:33:27,175 - INFO - Epoch 48/250
2022-05-17 22:33:27,557 - INFO - The train loss is 0.028978. The valid loss is 0.029851.
2022-05-17 22:33:27,563 - INFO - Epoch 49/250
2022-05-17 22:33:27,944 - INFO - The train loss is 0.028733. The valid loss is 0.029615.
2022-05-17 22:33:27,948 - INFO - Epoch 50/250
2022-05-17 22:33:28,336 - INFO - The train loss is 0.028559. The valid loss is 0.029382.
2022-05-17 22:33:28,342 - INFO - Epoch 51/250
2022-05-17 22:33:28,732 - INFO - The train loss is 0.028316. The valid loss is 0.029151.
2022-05-17 22:33:28,736 - INFO - Epoch 52/250
2022-05-17 22:33:29,125 - INFO - The train loss is 0.028093. The valid loss is 0.028922.
2022-05-17 22:33:29,130 - INFO - Epoch 53/250
2022-05-17 22:33:29,515 - INFO - The train loss is 0.027912. The valid loss is 0.028699.
2022-05-17 22:33:29,520 - INFO - Epoch 54/250
2022-05-17 22:33:29,906 - INFO - The train loss is 0.027708. The valid loss is 0.028484.
2022-05-17 22:33:29,911 - INFO - Epoch 55/250
2022-05-17 22:33:30,295 - INFO - The train loss is 0.027503. The valid loss is 0.028271.
2022-05-17 22:33:30,300 - INFO - Epoch 56/250
2022-05-17 22:33:30,682 - INFO - The train loss is 0.027296. The valid loss is 0.028058.
2022-05-17 22:33:30,687 - INFO - Epoch 57/250
2022-05-17 22:33:31,067 - INFO - The train loss is 0.027112. The valid loss is 0.027848.
2022-05-17 22:33:31,072 - INFO - Epoch 58/250
2022-05-17 22:33:31,459 - INFO - The train loss is 0.026921. The valid loss is 0.027643.
2022-05-17 22:33:31,464 - INFO - Epoch 59/250
2022-05-17 22:33:31,856 - INFO - The train loss is 0.026731. The valid loss is 0.027440.
2022-05-17 22:33:31,861 - INFO - Epoch 60/250
2022-05-17 22:33:32,250 - INFO - The train loss is 0.026523. The valid loss is 0.027240.
2022-05-17 22:33:32,255 - INFO - Epoch 61/250
2022-05-17 22:33:32,648 - INFO - The train loss is 0.026341. The valid loss is 0.027042.
2022-05-17 22:33:32,653 - INFO - Epoch 62/250
2022-05-17 22:33:33,046 - INFO - The train loss is 0.026188. The valid loss is 0.026848.
2022-05-17 22:33:33,051 - INFO - Epoch 63/250
2022-05-17 22:33:33,441 - INFO - The train loss is 0.025998. The valid loss is 0.026655.
2022-05-17 22:33:33,446 - INFO - Epoch 64/250
2022-05-17 22:33:33,833 - INFO - The train loss is 0.025824. The valid loss is 0.026464.
2022-05-17 22:33:33,838 - INFO - Epoch 65/250
2022-05-17 22:33:34,233 - INFO - The train loss is 0.025626. The valid loss is 0.026276.
2022-05-17 22:33:34,238 - INFO - Epoch 66/250
2022-05-17 22:33:34,632 - INFO - The train loss is 0.025463. The valid loss is 0.026093.
2022-05-17 22:33:34,637 - INFO - Epoch 67/250
2022-05-17 22:33:35,027 - INFO - The train loss is 0.025317. The valid loss is 0.025912.
2022-05-17 22:33:35,032 - INFO - Epoch 68/250
2022-05-17 22:33:35,422 - INFO - The train loss is 0.025128. The valid loss is 0.025731.
2022-05-17 22:33:35,426 - INFO - Epoch 69/250
2022-05-17 22:33:35,811 - INFO - The train loss is 0.024958. The valid loss is 0.025551.
2022-05-17 22:33:35,816 - INFO - Epoch 70/250
2022-05-17 22:33:36,207 - INFO - The train loss is 0.024790. The valid loss is 0.025375.
2022-05-17 22:33:36,212 - INFO - Epoch 71/250
2022-05-17 22:33:36,600 - INFO - The train loss is 0.024620. The valid loss is 0.025200.
2022-05-17 22:33:36,605 - INFO - Epoch 72/250
2022-05-17 22:33:36,997 - INFO - The train loss is 0.024439. The valid loss is 0.025025.
2022-05-17 22:33:37,002 - INFO - Epoch 73/250
2022-05-17 22:33:37,386 - INFO - The train loss is 0.024290. The valid loss is 0.024853.
2022-05-17 22:33:37,390 - INFO - Epoch 74/250
2022-05-17 22:33:37,772 - INFO - The train loss is 0.024160. The valid loss is 0.024685.
2022-05-17 22:33:37,777 - INFO - Epoch 75/250
2022-05-17 22:33:38,164 - INFO - The train loss is 0.023987. The valid loss is 0.024518.
2022-05-17 22:33:38,169 - INFO - Epoch 76/250
2022-05-17 22:33:38,558 - INFO - The train loss is 0.023826. The valid loss is 0.024352.
2022-05-17 22:33:38,563 - INFO - Epoch 77/250
2022-05-17 22:33:38,952 - INFO - The train loss is 0.023686. The valid loss is 0.024186.
2022-05-17 22:33:38,957 - INFO - Epoch 78/250
2022-05-17 22:33:39,344 - INFO - The train loss is 0.023530. The valid loss is 0.024024.
2022-05-17 22:33:39,349 - INFO - Epoch 79/250
2022-05-17 22:33:39,738 - INFO - The train loss is 0.023374. The valid loss is 0.023863.
2022-05-17 22:33:39,743 - INFO - Epoch 80/250
2022-05-17 22:33:40,132 - INFO - The train loss is 0.023202. The valid loss is 0.023704.
2022-05-17 22:33:40,136 - INFO - Epoch 81/250
2022-05-17 22:33:40,527 - INFO - The train loss is 0.023037. The valid loss is 0.023546.
2022-05-17 22:33:40,532 - INFO - Epoch 82/250
2022-05-17 22:33:40,920 - INFO - The train loss is 0.022898. The valid loss is 0.023388.
2022-05-17 22:33:40,925 - INFO - Epoch 83/250
2022-05-17 22:33:41,315 - INFO - The train loss is 0.022757. The valid loss is 0.023231.
2022-05-17 22:33:41,320 - INFO - Epoch 84/250
2022-05-17 22:33:41,712 - INFO - The train loss is 0.022640. The valid loss is 0.023075.
2022-05-17 22:33:41,717 - INFO - Epoch 85/250
2022-05-17 22:33:42,106 - INFO - The train loss is 0.022479. The valid loss is 0.022924.
2022-05-17 22:33:42,111 - INFO - Epoch 86/250
2022-05-17 22:33:42,499 - INFO - The train loss is 0.022342. The valid loss is 0.022772.
2022-05-17 22:33:42,504 - INFO - Epoch 87/250
2022-05-17 22:33:42,896 - INFO - The train loss is 0.022199. The valid loss is 0.022622.
2022-05-17 22:33:42,901 - INFO - Epoch 88/250
2022-05-17 22:33:43,290 - INFO - The train loss is 0.022039. The valid loss is 0.022473.
2022-05-17 22:33:43,295 - INFO - Epoch 89/250
2022-05-17 22:33:43,683 - INFO - The train loss is 0.021904. The valid loss is 0.022324.
2022-05-17 22:33:43,689 - INFO - Epoch 90/250
2022-05-17 22:33:44,078 - INFO - The train loss is 0.021763. The valid loss is 0.022176.
2022-05-17 22:33:44,083 - INFO - Epoch 91/250
2022-05-17 22:33:44,475 - INFO - The train loss is 0.021619. The valid loss is 0.022029.
2022-05-17 22:33:44,480 - INFO - Epoch 92/250
2022-05-17 22:33:44,868 - INFO - The train loss is 0.021505. The valid loss is 0.021884.
2022-05-17 22:33:44,874 - INFO - Epoch 93/250
2022-05-17 22:33:45,268 - INFO - The train loss is 0.021348. The valid loss is 0.021740.
2022-05-17 22:33:45,273 - INFO - Epoch 94/250
2022-05-17 22:33:45,661 - INFO - The train loss is 0.021212. The valid loss is 0.021597.
2022-05-17 22:33:45,666 - INFO - Epoch 95/250
2022-05-17 22:33:46,057 - INFO - The train loss is 0.021083. The valid loss is 0.021456.
2022-05-17 22:33:46,063 - INFO - Epoch 96/250
2022-05-17 22:33:46,455 - INFO - The train loss is 0.020945. The valid loss is 0.021314.
2022-05-17 22:33:46,460 - INFO - Epoch 97/250
2022-05-17 22:33:46,850 - INFO - The train loss is 0.020809. The valid loss is 0.021173.
2022-05-17 22:33:46,855 - INFO - Epoch 98/250
2022-05-17 22:33:47,243 - INFO - The train loss is 0.020670. The valid loss is 0.021035.
2022-05-17 22:33:47,248 - INFO - Epoch 99/250
2022-05-17 22:33:47,643 - INFO - The train loss is 0.020564. The valid loss is 0.020898.
2022-05-17 22:33:47,648 - INFO - Epoch 100/250
2022-05-17 22:33:48,040 - INFO - The train loss is 0.020432. The valid loss is 0.020760.
2022-05-17 22:33:48,045 - INFO - Epoch 101/250
2022-05-17 22:33:48,431 - INFO - The train loss is 0.020279. The valid loss is 0.020624.
2022-05-17 22:33:48,436 - INFO - Epoch 102/250
2022-05-17 22:33:48,826 - INFO - The train loss is 0.020128. The valid loss is 0.020489.
2022-05-17 22:33:48,830 - INFO - Epoch 103/250
2022-05-17 22:33:49,220 - INFO - The train loss is 0.020033. The valid loss is 0.020355.
2022-05-17 22:33:49,225 - INFO - Epoch 104/250
2022-05-17 22:33:49,611 - INFO - The train loss is 0.019902. The valid loss is 0.020222.
2022-05-17 22:33:49,616 - INFO - Epoch 105/250
2022-05-17 22:33:50,006 - INFO - The train loss is 0.019760. The valid loss is 0.020090.
2022-05-17 22:33:50,011 - INFO - Epoch 106/250
2022-05-17 22:33:50,396 - INFO - The train loss is 0.019640. The valid loss is 0.019959.
2022-05-17 22:33:50,402 - INFO - Epoch 107/250
2022-05-17 22:33:50,785 - INFO - The train loss is 0.019504. The valid loss is 0.019829.
2022-05-17 22:33:50,789 - INFO - Epoch 108/250
2022-05-17 22:33:51,174 - INFO - The train loss is 0.019407. The valid loss is 0.019700.
2022-05-17 22:33:51,179 - INFO - Epoch 109/250
2022-05-17 22:33:51,588 - INFO - The train loss is 0.019279. The valid loss is 0.019570.
2022-05-17 22:33:51,593 - INFO - Epoch 110/250
2022-05-17 22:33:51,978 - INFO - The train loss is 0.019164. The valid loss is 0.019443.
2022-05-17 22:33:51,982 - INFO - Epoch 111/250
2022-05-17 22:33:52,371 - INFO - The train loss is 0.019038. The valid loss is 0.019317.
2022-05-17 22:33:52,376 - INFO - Epoch 112/250
2022-05-17 22:33:52,763 - INFO - The train loss is 0.018940. The valid loss is 0.019192.
2022-05-17 22:33:52,768 - INFO - Epoch 113/250
2022-05-17 22:33:53,158 - INFO - The train loss is 0.018806. The valid loss is 0.019068.
2022-05-17 22:33:53,162 - INFO - Epoch 114/250
2022-05-17 22:33:53,553 - INFO - The train loss is 0.018671. The valid loss is 0.018944.
2022-05-17 22:33:53,558 - INFO - Epoch 115/250
2022-05-17 22:33:53,943 - INFO - The train loss is 0.018564. The valid loss is 0.018823.
2022-05-17 22:33:53,949 - INFO - Epoch 116/250
2022-05-17 22:33:54,338 - INFO - The train loss is 0.018451. The valid loss is 0.018703.
2022-05-17 22:33:54,343 - INFO - Epoch 117/250
2022-05-17 22:33:54,730 - INFO - The train loss is 0.018344. The valid loss is 0.018583.
2022-05-17 22:33:54,735 - INFO - Epoch 118/250
2022-05-17 22:33:55,124 - INFO - The train loss is 0.018253. The valid loss is 0.018463.
2022-05-17 22:33:55,129 - INFO - Epoch 119/250
2022-05-17 22:33:55,516 - INFO - The train loss is 0.018127. The valid loss is 0.018344.
2022-05-17 22:33:55,521 - INFO - Epoch 120/250
2022-05-17 22:33:55,910 - INFO - The train loss is 0.018030. The valid loss is 0.018228.
2022-05-17 22:33:55,915 - INFO - Epoch 121/250
2022-05-17 22:33:56,301 - INFO - The train loss is 0.017907. The valid loss is 0.018111.
2022-05-17 22:33:56,305 - INFO - Epoch 122/250
2022-05-17 22:33:56,691 - INFO - The train loss is 0.017801. The valid loss is 0.017995.
2022-05-17 22:33:56,696 - INFO - Epoch 123/250
2022-05-17 22:33:57,081 - INFO - The train loss is 0.017690. The valid loss is 0.017882.
2022-05-17 22:33:57,086 - INFO - Epoch 124/250
2022-05-17 22:33:57,474 - INFO - The train loss is 0.017581. The valid loss is 0.017771.
2022-05-17 22:33:57,479 - INFO - Epoch 125/250
2022-05-17 22:33:57,867 - INFO - The train loss is 0.017480. The valid loss is 0.017658.
2022-05-17 22:33:57,872 - INFO - Epoch 126/250
2022-05-17 22:33:58,267 - INFO - The train loss is 0.017359. The valid loss is 0.017547.
2022-05-17 22:33:58,272 - INFO - Epoch 127/250
2022-05-17 22:33:58,663 - INFO - The train loss is 0.017274. The valid loss is 0.017439.
2022-05-17 22:33:58,668 - INFO - Epoch 128/250
2022-05-17 22:33:59,055 - INFO - The train loss is 0.017141. The valid loss is 0.017332.
2022-05-17 22:33:59,060 - INFO - Epoch 129/250
2022-05-17 22:33:59,446 - INFO - The train loss is 0.017061. The valid loss is 0.017223.
2022-05-17 22:33:59,452 - INFO - Epoch 130/250
2022-05-17 22:33:59,843 - INFO - The train loss is 0.016966. The valid loss is 0.017118.
2022-05-17 22:33:59,848 - INFO - Epoch 131/250
2022-05-17 22:34:00,235 - INFO - The train loss is 0.016855. The valid loss is 0.017015.
2022-05-17 22:34:00,239 - INFO - Epoch 132/250
2022-05-17 22:34:00,625 - INFO - The train loss is 0.016750. The valid loss is 0.016911.
2022-05-17 22:34:00,630 - INFO - Epoch 133/250
2022-05-17 22:34:01,017 - INFO - The train loss is 0.016670. The valid loss is 0.016809.
2022-05-17 22:34:01,022 - INFO - Epoch 134/250
2022-05-17 22:34:01,414 - INFO - The train loss is 0.016579. The valid loss is 0.016710.
2022-05-17 22:34:01,421 - INFO - Epoch 135/250
2022-05-17 22:34:01,813 - INFO - The train loss is 0.016471. The valid loss is 0.016611.
2022-05-17 22:34:01,818 - INFO - Epoch 136/250
2022-05-17 22:34:02,213 - INFO - The train loss is 0.016382. The valid loss is 0.016513.
2022-05-17 22:34:02,218 - INFO - Epoch 137/250
2022-05-17 22:34:02,611 - INFO - The train loss is 0.016300. The valid loss is 0.016417.
2022-05-17 22:34:02,615 - INFO - Epoch 138/250
2022-05-17 22:34:03,010 - INFO - The train loss is 0.016207. The valid loss is 0.016323.
2022-05-17 22:34:03,015 - INFO - Epoch 139/250
2022-05-17 22:34:03,405 - INFO - The train loss is 0.016104. The valid loss is 0.016230.
2022-05-17 22:34:03,409 - INFO - Epoch 140/250
2022-05-17 22:34:03,796 - INFO - The train loss is 0.016006. The valid loss is 0.016138.
2022-05-17 22:34:03,801 - INFO - Epoch 141/250
2022-05-17 22:34:04,187 - INFO - The train loss is 0.015937. The valid loss is 0.016049.
2022-05-17 22:34:04,192 - INFO - Epoch 142/250
2022-05-17 22:34:04,581 - INFO - The train loss is 0.015861. The valid loss is 0.015960.
2022-05-17 22:34:04,586 - INFO - Epoch 143/250
2022-05-17 22:34:04,972 - INFO - The train loss is 0.015773. The valid loss is 0.015873.
2022-05-17 22:34:04,976 - INFO - Epoch 144/250
2022-05-17 22:34:05,367 - INFO - The train loss is 0.015694. The valid loss is 0.015788.
2022-05-17 22:34:05,372 - INFO - Epoch 145/250
2022-05-17 22:34:05,771 - INFO - The train loss is 0.015608. The valid loss is 0.015703.
2022-05-17 22:34:05,776 - INFO - Epoch 146/250
2022-05-17 22:34:06,163 - INFO - The train loss is 0.015528. The valid loss is 0.015620.
2022-05-17 22:34:06,168 - INFO - Epoch 147/250
2022-05-17 22:34:06,555 - INFO - The train loss is 0.015441. The valid loss is 0.015539.
2022-05-17 22:34:06,560 - INFO - Epoch 148/250
2022-05-17 22:34:06,973 - INFO - The train loss is 0.015364. The valid loss is 0.015459.
2022-05-17 22:34:06,978 - INFO - Epoch 149/250
2022-05-17 22:34:07,365 - INFO - The train loss is 0.015288. The valid loss is 0.015379.
2022-05-17 22:34:07,370 - INFO - Epoch 150/250
2022-05-17 22:34:07,766 - INFO - The train loss is 0.015236. The valid loss is 0.015302.
2022-05-17 22:34:07,771 - INFO - Epoch 151/250
2022-05-17 22:34:08,158 - INFO - The train loss is 0.015143. The valid loss is 0.015225.
2022-05-17 22:34:08,163 - INFO - Epoch 152/250
2022-05-17 22:34:08,550 - INFO - The train loss is 0.015074. The valid loss is 0.015150.
2022-05-17 22:34:08,555 - INFO - Epoch 153/250
2022-05-17 22:34:08,944 - INFO - The train loss is 0.015005. The valid loss is 0.015075.
2022-05-17 22:34:08,949 - INFO - Epoch 154/250
2022-05-17 22:34:09,341 - INFO - The train loss is 0.014953. The valid loss is 0.015002.
2022-05-17 22:34:09,345 - INFO - Epoch 155/250
2022-05-17 22:34:09,742 - INFO - The train loss is 0.014881. The valid loss is 0.014930.
2022-05-17 22:34:09,747 - INFO - Epoch 156/250
2022-05-17 22:34:10,140 - INFO - The train loss is 0.014799. The valid loss is 0.014859.
2022-05-17 22:34:10,145 - INFO - Epoch 157/250
2022-05-17 22:34:10,539 - INFO - The train loss is 0.014730. The valid loss is 0.014788.
2022-05-17 22:34:10,544 - INFO - Epoch 158/250
2022-05-17 22:34:10,935 - INFO - The train loss is 0.014678. The valid loss is 0.014719.
2022-05-17 22:34:10,940 - INFO - Epoch 159/250
2022-05-17 22:34:11,335 - INFO - The train loss is 0.014609. The valid loss is 0.014651.
2022-05-17 22:34:11,340 - INFO - Epoch 160/250
2022-05-17 22:34:11,733 - INFO - The train loss is 0.014549. The valid loss is 0.014583.
2022-05-17 22:34:11,737 - INFO - Epoch 161/250
2022-05-17 22:34:12,131 - INFO - The train loss is 0.014480. The valid loss is 0.014517.
2022-05-17 22:34:12,136 - INFO - Epoch 162/250
2022-05-17 22:34:12,530 - INFO - The train loss is 0.014401. The valid loss is 0.014451.
2022-05-17 22:34:12,535 - INFO - Epoch 163/250
2022-05-17 22:34:12,929 - INFO - The train loss is 0.014360. The valid loss is 0.014386.
2022-05-17 22:34:12,934 - INFO - Epoch 164/250
2022-05-17 22:34:13,329 - INFO - The train loss is 0.014307. The valid loss is 0.014322.
2022-05-17 22:34:13,334 - INFO - Epoch 165/250
2022-05-17 22:34:13,727 - INFO - The train loss is 0.014246. The valid loss is 0.014259.
2022-05-17 22:34:13,732 - INFO - Epoch 166/250
2022-05-17 22:34:14,125 - INFO - The train loss is 0.014180. The valid loss is 0.014196.
2022-05-17 22:34:14,130 - INFO - Epoch 167/250
2022-05-17 22:34:14,523 - INFO - The train loss is 0.014106. The valid loss is 0.014134.
2022-05-17 22:34:14,528 - INFO - Epoch 168/250
2022-05-17 22:34:14,921 - INFO - The train loss is 0.014046. The valid loss is 0.014073.
2022-05-17 22:34:14,926 - INFO - Epoch 169/250
2022-05-17 22:34:15,320 - INFO - The train loss is 0.014000. The valid loss is 0.014012.
2022-05-17 22:34:15,325 - INFO - Epoch 170/250
2022-05-17 22:34:15,721 - INFO - The train loss is 0.013932. The valid loss is 0.013952.
2022-05-17 22:34:15,726 - INFO - Epoch 171/250
2022-05-17 22:34:16,120 - INFO - The train loss is 0.013895. The valid loss is 0.013893.
2022-05-17 22:34:16,125 - INFO - Epoch 172/250
2022-05-17 22:34:16,519 - INFO - The train loss is 0.013829. The valid loss is 0.013834.
2022-05-17 22:34:16,524 - INFO - Epoch 173/250
2022-05-17 22:34:16,918 - INFO - The train loss is 0.013774. The valid loss is 0.013776.
2022-05-17 22:34:16,923 - INFO - Epoch 174/250
2022-05-17 22:34:17,316 - INFO - The train loss is 0.013720. The valid loss is 0.013719.
2022-05-17 22:34:17,321 - INFO - Epoch 175/250
2022-05-17 22:34:17,713 - INFO - The train loss is 0.013678. The valid loss is 0.013661.
2022-05-17 22:34:17,718 - INFO - Epoch 176/250
2022-05-17 22:34:18,113 - INFO - The train loss is 0.013610. The valid loss is 0.013604.
2022-05-17 22:34:18,118 - INFO - Epoch 177/250
2022-05-17 22:34:18,510 - INFO - The train loss is 0.013566. The valid loss is 0.013549.
2022-05-17 22:34:18,515 - INFO - Epoch 178/250
2022-05-17 22:34:18,908 - INFO - The train loss is 0.013526. The valid loss is 0.013493.
2022-05-17 22:34:18,913 - INFO - Epoch 179/250
2022-05-17 22:34:19,306 - INFO - The train loss is 0.013457. The valid loss is 0.013438.
2022-05-17 22:34:19,310 - INFO - Epoch 180/250
2022-05-17 22:34:19,706 - INFO - The train loss is 0.013405. The valid loss is 0.013384.
2022-05-17 22:34:19,711 - INFO - Epoch 181/250
2022-05-17 22:34:20,097 - INFO - The train loss is 0.013360. The valid loss is 0.013329.
2022-05-17 22:34:20,102 - INFO - Epoch 182/250
2022-05-17 22:34:20,493 - INFO - The train loss is 0.013304. The valid loss is 0.013276.
2022-05-17 22:34:20,497 - INFO - Epoch 183/250
2022-05-17 22:34:20,890 - INFO - The train loss is 0.013246. The valid loss is 0.013223.
2022-05-17 22:34:20,895 - INFO - Epoch 184/250
2022-05-17 22:34:21,288 - INFO - The train loss is 0.013193. The valid loss is 0.013169.
2022-05-17 22:34:21,293 - INFO - Epoch 185/250
2022-05-17 22:34:21,686 - INFO - The train loss is 0.013149. The valid loss is 0.013118.
2022-05-17 22:34:21,691 - INFO - Epoch 186/250
2022-05-17 22:34:22,084 - INFO - The train loss is 0.013111. The valid loss is 0.013066.
2022-05-17 22:34:22,089 - INFO - Epoch 187/250
2022-05-17 22:34:22,479 - INFO - The train loss is 0.013037. The valid loss is 0.013014.
2022-05-17 22:34:22,484 - INFO - Epoch 188/250
2022-05-17 22:34:22,874 - INFO - The train loss is 0.012998. The valid loss is 0.012963.
2022-05-17 22:34:22,889 - INFO - Epoch 189/250
2022-05-17 22:34:23,283 - INFO - The train loss is 0.012966. The valid loss is 0.012913.
2022-05-17 22:34:23,288 - INFO - Epoch 190/250
2022-05-17 22:34:23,677 - INFO - The train loss is 0.012915. The valid loss is 0.012862.
2022-05-17 22:34:23,681 - INFO - Epoch 191/250
2022-05-17 22:34:24,074 - INFO - The train loss is 0.012847. The valid loss is 0.012812.
2022-05-17 22:34:24,079 - INFO - Epoch 192/250
2022-05-17 22:34:24,471 - INFO - The train loss is 0.012812. The valid loss is 0.012763.
2022-05-17 22:34:24,476 - INFO - Epoch 193/250
2022-05-17 22:34:24,867 - INFO - The train loss is 0.012761. The valid loss is 0.012713.
2022-05-17 22:34:24,872 - INFO - Epoch 194/250
2022-05-17 22:34:25,263 - INFO - The train loss is 0.012713. The valid loss is 0.012664.
2022-05-17 22:34:25,268 - INFO - Epoch 195/250
2022-05-17 22:34:25,657 - INFO - The train loss is 0.012661. The valid loss is 0.012617.
2022-05-17 22:34:25,662 - INFO - Epoch 196/250
2022-05-17 22:34:26,056 - INFO - The train loss is 0.012631. The valid loss is 0.012569.
2022-05-17 22:34:26,060 - INFO - Epoch 197/250
2022-05-17 22:34:26,456 - INFO - The train loss is 0.012580. The valid loss is 0.012520.
2022-05-17 22:34:26,461 - INFO - Epoch 198/250
2022-05-17 22:34:26,852 - INFO - The train loss is 0.012535. The valid loss is 0.012473.
2022-05-17 22:34:26,857 - INFO - Epoch 199/250
2022-05-17 22:34:27,252 - INFO - The train loss is 0.012482. The valid loss is 0.012426.
2022-05-17 22:34:27,256 - INFO - Epoch 200/250
2022-05-17 22:34:27,650 - INFO - The train loss is 0.012442. The valid loss is 0.012379.
2022-05-17 22:34:27,654 - INFO - Epoch 201/250
2022-05-17 22:34:28,050 - INFO - The train loss is 0.012408. The valid loss is 0.012333.
2022-05-17 22:34:28,055 - INFO - Epoch 202/250
2022-05-17 22:34:28,449 - INFO - The train loss is 0.012361. The valid loss is 0.012287.
2022-05-17 22:34:28,454 - INFO - Epoch 203/250
2022-05-17 22:34:28,846 - INFO - The train loss is 0.012330. The valid loss is 0.012241.
2022-05-17 22:34:28,851 - INFO - Epoch 204/250
2022-05-17 22:34:29,244 - INFO - The train loss is 0.012270. The valid loss is 0.012195.
2022-05-17 22:34:29,249 - INFO - Epoch 205/250
2022-05-17 22:34:29,640 - INFO - The train loss is 0.012235. The valid loss is 0.012150.
2022-05-17 22:34:29,645 - INFO - Epoch 206/250
2022-05-17 22:34:30,035 - INFO - The train loss is 0.012202. The valid loss is 0.012105.
2022-05-17 22:34:30,040 - INFO - Epoch 207/250
2022-05-17 22:34:30,433 - INFO - The train loss is 0.012151. The valid loss is 0.012061.
2022-05-17 22:34:30,437 - INFO - Epoch 208/250
2022-05-17 22:34:30,833 - INFO - The train loss is 0.012102. The valid loss is 0.012016.
2022-05-17 22:34:30,838 - INFO - Epoch 209/250
2022-05-17 22:34:31,226 - INFO - The train loss is 0.012055. The valid loss is 0.011972.
2022-05-17 22:34:31,231 - INFO - Epoch 210/250
2022-05-17 22:34:31,623 - INFO - The train loss is 0.012030. The valid loss is 0.011928.
2022-05-17 22:34:31,627 - INFO - Epoch 211/250
2022-05-17 22:34:32,017 - INFO - The train loss is 0.011982. The valid loss is 0.011885.
2022-05-17 22:34:32,022 - INFO - Epoch 212/250
2022-05-17 22:34:32,413 - INFO - The train loss is 0.011947. The valid loss is 0.011841.
2022-05-17 22:34:32,417 - INFO - Epoch 213/250
2022-05-17 22:34:32,810 - INFO - The train loss is 0.011900. The valid loss is 0.011799.
2022-05-17 22:34:32,815 - INFO - Epoch 214/250
2022-05-17 22:34:33,205 - INFO - The train loss is 0.011848. The valid loss is 0.011756.
2022-05-17 22:34:33,210 - INFO - Epoch 215/250
2022-05-17 22:34:33,599 - INFO - The train loss is 0.011812. The valid loss is 0.011713.
2022-05-17 22:34:33,604 - INFO - Epoch 216/250
2022-05-17 22:34:33,995 - INFO - The train loss is 0.011771. The valid loss is 0.011671.
2022-05-17 22:34:34,000 - INFO - Epoch 217/250
2022-05-17 22:34:34,391 - INFO - The train loss is 0.011751. The valid loss is 0.011629.
2022-05-17 22:34:34,395 - INFO - Epoch 218/250
2022-05-17 22:34:34,792 - INFO - The train loss is 0.011700. The valid loss is 0.011588.
2022-05-17 22:34:34,797 - INFO - Epoch 219/250
2022-05-17 22:34:35,200 - INFO - The train loss is 0.011661. The valid loss is 0.011546.
2022-05-17 22:34:35,205 - INFO - Epoch 220/250
2022-05-17 22:34:35,609 - INFO - The train loss is 0.011638. The valid loss is 0.011505.
2022-05-17 22:34:35,614 - INFO - Epoch 221/250
2022-05-17 22:34:36,014 - INFO - The train loss is 0.011581. The valid loss is 0.011464.
2022-05-17 22:34:36,019 - INFO - Epoch 222/250
2022-05-17 22:34:36,412 - INFO - The train loss is 0.011554. The valid loss is 0.011423.
2022-05-17 22:34:36,416 - INFO - Epoch 223/250
2022-05-17 22:34:36,837 - INFO - The train loss is 0.011498. The valid loss is 0.011382.
2022-05-17 22:34:36,842 - INFO - Epoch 224/250
2022-05-17 22:34:37,234 - INFO - The train loss is 0.011462. The valid loss is 0.011342.
2022-05-17 22:34:37,239 - INFO - Epoch 225/250
2022-05-17 22:34:37,634 - INFO - The train loss is 0.011441. The valid loss is 0.011302.
2022-05-17 22:34:37,639 - INFO - Epoch 226/250
2022-05-17 22:34:38,035 - INFO - The train loss is 0.011389. The valid loss is 0.011262.
2022-05-17 22:34:38,040 - INFO - Epoch 227/250
2022-05-17 22:34:38,441 - INFO - The train loss is 0.011362. The valid loss is 0.011223.
2022-05-17 22:34:38,445 - INFO - Epoch 228/250
2022-05-17 22:34:38,845 - INFO - The train loss is 0.011321. The valid loss is 0.011184.
2022-05-17 22:34:38,850 - INFO - Epoch 229/250
2022-05-17 22:34:39,251 - INFO - The train loss is 0.011296. The valid loss is 0.011144.
2022-05-17 22:34:39,256 - INFO - Epoch 230/250
2022-05-17 22:34:39,655 - INFO - The train loss is 0.011251. The valid loss is 0.011105.
2022-05-17 22:34:39,660 - INFO - Epoch 231/250
2022-05-17 22:34:40,062 - INFO - The train loss is 0.011200. The valid loss is 0.011066.
2022-05-17 22:34:40,067 - INFO - Epoch 232/250
2022-05-17 22:34:40,462 - INFO - The train loss is 0.011170. The valid loss is 0.011028.
2022-05-17 22:34:40,466 - INFO - Epoch 233/250
2022-05-17 22:34:40,874 - INFO - The train loss is 0.011155. The valid loss is 0.010989.
2022-05-17 22:34:40,879 - INFO - Epoch 234/250
2022-05-17 22:34:41,281 - INFO - The train loss is 0.011107. The valid loss is 0.010952.
2022-05-17 22:34:41,285 - INFO - Epoch 235/250
2022-05-17 22:34:41,683 - INFO - The train loss is 0.011074. The valid loss is 0.010913.
2022-05-17 22:34:41,689 - INFO - Epoch 236/250
2022-05-17 22:34:42,095 - INFO - The train loss is 0.011036. The valid loss is 0.010876.
2022-05-17 22:34:42,101 - INFO - Epoch 237/250
2022-05-17 22:34:42,507 - INFO - The train loss is 0.010999. The valid loss is 0.010838.
2022-05-17 22:34:42,512 - INFO - Epoch 238/250
2022-05-17 22:34:42,911 - INFO - The train loss is 0.010966. The valid loss is 0.010801.
2022-05-17 22:34:42,916 - INFO - Epoch 239/250
2022-05-17 22:34:43,320 - INFO - The train loss is 0.010909. The valid loss is 0.010763.
2022-05-17 22:34:43,325 - INFO - Epoch 240/250
2022-05-17 22:34:43,728 - INFO - The train loss is 0.010894. The valid loss is 0.010726.
2022-05-17 22:34:43,733 - INFO - Epoch 241/250
2022-05-17 22:34:44,130 - INFO - The train loss is 0.010861. The valid loss is 0.010689.
2022-05-17 22:34:44,135 - INFO - Epoch 242/250
2022-05-17 22:34:44,537 - INFO - The train loss is 0.010816. The valid loss is 0.010653.
2022-05-17 22:34:44,541 - INFO - Epoch 243/250
2022-05-17 22:34:44,944 - INFO - The train loss is 0.010794. The valid loss is 0.010617.
2022-05-17 22:34:44,948 - INFO - Epoch 244/250
2022-05-17 22:34:45,353 - INFO - The train loss is 0.010742. The valid loss is 0.010580.
2022-05-17 22:34:45,357 - INFO - Epoch 245/250
2022-05-17 22:34:45,760 - INFO - The train loss is 0.010737. The valid loss is 0.010544.
2022-05-17 22:34:45,765 - INFO - Epoch 246/250
2022-05-17 22:34:46,168 - INFO - The train loss is 0.010687. The valid loss is 0.010508.
2022-05-17 22:34:46,173 - INFO - Epoch 247/250
2022-05-17 22:34:46,575 - INFO - The train loss is 0.010668. The valid loss is 0.010472.
2022-05-17 22:34:46,579 - INFO - Epoch 248/250
2022-05-17 22:34:46,982 - INFO - The train loss is 0.010629. The valid loss is 0.010437.
2022-05-17 22:34:46,987 - INFO - Epoch 249/250
2022-05-17 22:34:47,391 - INFO - The train loss is 0.010590. The valid loss is 0.010401.
2022-05-17 22:34:48,618 - INFO - The mean squared error of stock ['Top', 'Bottom'] is [0.00063814 0.00707288]
2022-05-17 22:34:48,657 - INFO - The predicted Top is: 59.817793811653516
2022-05-17 22:34:48,673 - INFO - The predicted Bottom is: 59.913825429345835
