2022-05-17 21:12:01,273 - INFO - 
Config:
'add_train': False
'batch_size': 501
'continue_flag': ''
'cur_time': '2022_05_17_21_12_01'
'debug_mode': False
'debug_num': 500
'do_continue_train': False
'do_figure_save': False
'do_log_print_to_screen': True
'do_log_save_to_file': True
'do_predict': True
'do_train': True
'do_train_visualized': False
'dropout_rate': 0.1
'epoch': 500
'feature_columns': [1, 2, 3, 4, 5]
'figure_save_path': './figure/'
'hidden_size': 256
'input_size': 5
'label_columns': [4, 5]
'label_in_feature_index': [3, 4]
'learning_rate': 0.0001
'log_save_path': './log/2022_05_17_21_12_01_pytorch/'
'lstm_layers': 2
'model_name': 'model_pytorch.pth'
'model_postfix': {'pytorch': '.pth'
'keras': '.h5'
'tensorflow': '.ckpt'}
'model_save_path': './checkpoint/pytorch/'
'output_size': 2
'patience': 3
'predict_day': 1
'random_seed': 42
'shuffle_train_data': True
'time_step': 167
'train_data_path': './gtau0.csv'
'train_data_rate': 0.95
'use_cuda': True
'used_frame': 'pytorch'
'valid_data_rate': 0.1
2022-05-17 21:12:03,550 - INFO - Epoch 0/500
2022-05-17 21:12:04,240 - INFO - The train loss is 0.919517. The valid loss is 0.950704.
2022-05-17 21:12:04,245 - INFO - Epoch 1/500
2022-05-17 21:12:04,636 - INFO - The train loss is 0.900326. The valid loss is 0.930575.
2022-05-17 21:12:04,642 - INFO - Epoch 2/500
2022-05-17 21:12:05,042 - INFO - The train loss is 0.880716. The valid loss is 0.909327.
2022-05-17 21:12:05,047 - INFO - Epoch 3/500
2022-05-17 21:12:05,443 - INFO - The train loss is 0.859723. The valid loss is 0.885968.
2022-05-17 21:12:05,448 - INFO - Epoch 4/500
2022-05-17 21:12:05,847 - INFO - The train loss is 0.836336. The valid loss is 0.859311.
2022-05-17 21:12:05,851 - INFO - Epoch 5/500
2022-05-17 21:12:06,248 - INFO - The train loss is 0.809342. The valid loss is 0.827855.
2022-05-17 21:12:06,252 - INFO - Epoch 6/500
2022-05-17 21:12:06,654 - INFO - The train loss is 0.777143. The valid loss is 0.789656.
2022-05-17 21:12:06,659 - INFO - Epoch 7/500
2022-05-17 21:12:07,057 - INFO - The train loss is 0.737642. The valid loss is 0.742251.
2022-05-17 21:12:07,062 - INFO - Epoch 8/500
2022-05-17 21:12:07,463 - INFO - The train loss is 0.688311. The valid loss is 0.682869.
2022-05-17 21:12:07,468 - INFO - Epoch 9/500
2022-05-17 21:12:07,872 - INFO - The train loss is 0.626424. The valid loss is 0.609532.
2022-05-17 21:12:07,877 - INFO - Epoch 10/500
2022-05-17 21:12:08,277 - INFO - The train loss is 0.550493. The valid loss is 0.523487.
2022-05-17 21:12:08,282 - INFO - Epoch 11/500
2022-05-17 21:12:08,687 - INFO - The train loss is 0.462800. The valid loss is 0.429310.
2022-05-17 21:12:08,691 - INFO - Epoch 12/500
2022-05-17 21:12:09,095 - INFO - The train loss is 0.367267. The valid loss is 0.319944.
2022-05-17 21:12:09,099 - INFO - Epoch 13/500
2022-05-17 21:12:09,500 - INFO - The train loss is 0.258322. The valid loss is 0.193940.
2022-05-17 21:12:09,504 - INFO - Epoch 14/500
2022-05-17 21:12:09,905 - INFO - The train loss is 0.147820. The valid loss is 0.093748.
2022-05-17 21:12:09,909 - INFO - Epoch 15/500
2022-05-17 21:12:10,314 - INFO - The train loss is 0.080414. The valid loss is 0.073605.
2022-05-17 21:12:10,319 - INFO - Epoch 16/500
2022-05-17 21:12:10,723 - INFO - The train loss is 0.073768. The valid loss is 0.073939.
2022-05-17 21:12:10,724 - INFO - Epoch 17/500
2022-05-17 21:12:11,124 - INFO - The train loss is 0.066571. The valid loss is 0.062183.
2022-05-17 21:12:11,128 - INFO - Epoch 18/500
2022-05-17 21:12:11,531 - INFO - The train loss is 0.054939. The valid loss is 0.050380.
2022-05-17 21:12:11,536 - INFO - Epoch 19/500
2022-05-17 21:12:11,940 - INFO - The train loss is 0.045311. The valid loss is 0.044353.
2022-05-17 21:12:11,944 - INFO - Epoch 20/500
2022-05-17 21:12:12,349 - INFO - The train loss is 0.041593. The valid loss is 0.042142.
2022-05-17 21:12:12,354 - INFO - Epoch 21/500
2022-05-17 21:12:12,759 - INFO - The train loss is 0.039448. The valid loss is 0.038832.
2022-05-17 21:12:12,763 - INFO - Epoch 22/500
2022-05-17 21:12:13,161 - INFO - The train loss is 0.036415. The valid loss is 0.036679.
2022-05-17 21:12:13,166 - INFO - Epoch 23/500
2022-05-17 21:12:13,564 - INFO - The train loss is 0.034979. The valid loss is 0.036082.
2022-05-17 21:12:13,569 - INFO - Epoch 24/500
2022-05-17 21:12:13,971 - INFO - The train loss is 0.034212. The valid loss is 0.034821.
2022-05-17 21:12:13,976 - INFO - Epoch 25/500
2022-05-17 21:12:14,382 - INFO - The train loss is 0.032896. The valid loss is 0.033406.
2022-05-17 21:12:14,387 - INFO - Epoch 26/500
2022-05-17 21:12:14,784 - INFO - The train loss is 0.031747. The valid loss is 0.032561.
2022-05-17 21:12:14,789 - INFO - Epoch 27/500
2022-05-17 21:12:15,189 - INFO - The train loss is 0.031177. The valid loss is 0.032158.
2022-05-17 21:12:15,194 - INFO - Epoch 28/500
2022-05-17 21:12:15,593 - INFO - The train loss is 0.030813. The valid loss is 0.031691.
2022-05-17 21:12:15,598 - INFO - Epoch 29/500
2022-05-17 21:12:15,995 - INFO - The train loss is 0.030367. The valid loss is 0.031113.
2022-05-17 21:12:16,000 - INFO - Epoch 30/500
2022-05-17 21:12:16,398 - INFO - The train loss is 0.029904. The valid loss is 0.030712.
2022-05-17 21:12:16,403 - INFO - Epoch 31/500
2022-05-17 21:12:16,805 - INFO - The train loss is 0.029562. The valid loss is 0.030376.
2022-05-17 21:12:16,810 - INFO - Epoch 32/500
2022-05-17 21:12:17,209 - INFO - The train loss is 0.029196. The valid loss is 0.030074.
2022-05-17 21:12:17,214 - INFO - Epoch 33/500
2022-05-17 21:12:17,614 - INFO - The train loss is 0.028923. The valid loss is 0.029832.
2022-05-17 21:12:17,619 - INFO - Epoch 34/500
2022-05-17 21:12:18,044 - INFO - The train loss is 0.028700. The valid loss is 0.029549.
2022-05-17 21:12:18,049 - INFO - Epoch 35/500
2022-05-17 21:12:18,452 - INFO - The train loss is 0.028415. The valid loss is 0.029270.
2022-05-17 21:12:18,456 - INFO - Epoch 36/500
2022-05-17 21:12:18,859 - INFO - The train loss is 0.028187. The valid loss is 0.029026.
2022-05-17 21:12:18,864 - INFO - Epoch 37/500
2022-05-17 21:12:19,265 - INFO - The train loss is 0.027948. The valid loss is 0.028794.
2022-05-17 21:12:19,270 - INFO - Epoch 38/500
2022-05-17 21:12:19,669 - INFO - The train loss is 0.027726. The valid loss is 0.028561.
2022-05-17 21:12:19,674 - INFO - Epoch 39/500
2022-05-17 21:12:20,075 - INFO - The train loss is 0.027491. The valid loss is 0.028334.
2022-05-17 21:12:20,079 - INFO - Epoch 40/500
2022-05-17 21:12:20,484 - INFO - The train loss is 0.027262. The valid loss is 0.028118.
2022-05-17 21:12:20,489 - INFO - Epoch 41/500
2022-05-17 21:12:20,893 - INFO - The train loss is 0.027085. The valid loss is 0.027910.
2022-05-17 21:12:20,897 - INFO - Epoch 42/500
2022-05-17 21:12:21,305 - INFO - The train loss is 0.026863. The valid loss is 0.027706.
2022-05-17 21:12:21,310 - INFO - Epoch 43/500
2022-05-17 21:12:21,711 - INFO - The train loss is 0.026658. The valid loss is 0.027500.
2022-05-17 21:12:21,716 - INFO - Epoch 44/500
2022-05-17 21:12:22,119 - INFO - The train loss is 0.026483. The valid loss is 0.027297.
2022-05-17 21:12:22,124 - INFO - Epoch 45/500
2022-05-17 21:12:22,526 - INFO - The train loss is 0.026301. The valid loss is 0.027103.
2022-05-17 21:12:22,531 - INFO - Epoch 46/500
2022-05-17 21:12:22,935 - INFO - The train loss is 0.026101. The valid loss is 0.026916.
2022-05-17 21:12:22,940 - INFO - Epoch 47/500
2022-05-17 21:12:23,340 - INFO - The train loss is 0.025924. The valid loss is 0.026731.
2022-05-17 21:12:23,345 - INFO - Epoch 48/500
2022-05-17 21:12:23,746 - INFO - The train loss is 0.025728. The valid loss is 0.026545.
2022-05-17 21:12:23,751 - INFO - Epoch 49/500
2022-05-17 21:12:24,152 - INFO - The train loss is 0.025583. The valid loss is 0.026360.
2022-05-17 21:12:24,157 - INFO - Epoch 50/500
2022-05-17 21:12:24,559 - INFO - The train loss is 0.025385. The valid loss is 0.026179.
2022-05-17 21:12:24,563 - INFO - Epoch 51/500
2022-05-17 21:12:24,975 - INFO - The train loss is 0.025220. The valid loss is 0.026003.
2022-05-17 21:12:24,979 - INFO - Epoch 52/500
2022-05-17 21:12:25,380 - INFO - The train loss is 0.025043. The valid loss is 0.025831.
2022-05-17 21:12:25,384 - INFO - Epoch 53/500
2022-05-17 21:12:25,794 - INFO - The train loss is 0.024877. The valid loss is 0.025659.
2022-05-17 21:12:25,798 - INFO - Epoch 54/500
2022-05-17 21:12:26,205 - INFO - The train loss is 0.024708. The valid loss is 0.025487.
2022-05-17 21:12:26,209 - INFO - Epoch 55/500
2022-05-17 21:12:26,616 - INFO - The train loss is 0.024530. The valid loss is 0.025318.
2022-05-17 21:12:26,621 - INFO - Epoch 56/500
2022-05-17 21:12:27,023 - INFO - The train loss is 0.024398. The valid loss is 0.025153.
2022-05-17 21:12:27,028 - INFO - Epoch 57/500
2022-05-17 21:12:27,429 - INFO - The train loss is 0.024221. The valid loss is 0.024989.
2022-05-17 21:12:27,434 - INFO - Epoch 58/500
2022-05-17 21:12:27,836 - INFO - The train loss is 0.024082. The valid loss is 0.024825.
2022-05-17 21:12:27,842 - INFO - Epoch 59/500
2022-05-17 21:12:28,246 - INFO - The train loss is 0.023896. The valid loss is 0.024664.
2022-05-17 21:12:28,251 - INFO - Epoch 60/500
2022-05-17 21:12:28,657 - INFO - The train loss is 0.023746. The valid loss is 0.024504.
2022-05-17 21:12:28,661 - INFO - Epoch 61/500
2022-05-17 21:12:29,065 - INFO - The train loss is 0.023613. The valid loss is 0.024346.
2022-05-17 21:12:29,069 - INFO - Epoch 62/500
2022-05-17 21:12:29,474 - INFO - The train loss is 0.023452. The valid loss is 0.024190.
2022-05-17 21:12:29,479 - INFO - Epoch 63/500
2022-05-17 21:12:29,883 - INFO - The train loss is 0.023303. The valid loss is 0.024035.
2022-05-17 21:12:29,889 - INFO - Epoch 64/500
2022-05-17 21:12:30,291 - INFO - The train loss is 0.023130. The valid loss is 0.023879.
2022-05-17 21:12:30,297 - INFO - Epoch 65/500
2022-05-17 21:12:30,704 - INFO - The train loss is 0.022990. The valid loss is 0.023725.
2022-05-17 21:12:30,709 - INFO - Epoch 66/500
2022-05-17 21:12:31,117 - INFO - The train loss is 0.022844. The valid loss is 0.023573.
2022-05-17 21:12:31,122 - INFO - Epoch 67/500
2022-05-17 21:12:31,533 - INFO - The train loss is 0.022737. The valid loss is 0.023424.
2022-05-17 21:12:31,538 - INFO - Epoch 68/500
2022-05-17 21:12:31,948 - INFO - The train loss is 0.022552. The valid loss is 0.023277.
2022-05-17 21:12:31,953 - INFO - Epoch 69/500
2022-05-17 21:12:32,358 - INFO - The train loss is 0.022434. The valid loss is 0.023126.
2022-05-17 21:12:32,363 - INFO - Epoch 70/500
2022-05-17 21:12:32,773 - INFO - The train loss is 0.022267. The valid loss is 0.022978.
2022-05-17 21:12:32,778 - INFO - Epoch 71/500
2022-05-17 21:12:33,188 - INFO - The train loss is 0.022132. The valid loss is 0.022832.
2022-05-17 21:12:33,193 - INFO - Epoch 72/500
2022-05-17 21:12:33,604 - INFO - The train loss is 0.021997. The valid loss is 0.022688.
2022-05-17 21:12:33,608 - INFO - Epoch 73/500
2022-05-17 21:12:34,019 - INFO - The train loss is 0.021864. The valid loss is 0.022543.
2022-05-17 21:12:34,023 - INFO - Epoch 74/500
2022-05-17 21:12:34,434 - INFO - The train loss is 0.021714. The valid loss is 0.022398.
2022-05-17 21:12:34,439 - INFO - Epoch 75/500
2022-05-17 21:12:34,850 - INFO - The train loss is 0.021578. The valid loss is 0.022254.
2022-05-17 21:12:34,855 - INFO - Epoch 76/500
2022-05-17 21:12:35,266 - INFO - The train loss is 0.021451. The valid loss is 0.022113.
2022-05-17 21:12:35,271 - INFO - Epoch 77/500
2022-05-17 21:12:35,682 - INFO - The train loss is 0.021300. The valid loss is 0.021972.
2022-05-17 21:12:35,687 - INFO - Epoch 78/500
2022-05-17 21:12:36,097 - INFO - The train loss is 0.021195. The valid loss is 0.021832.
2022-05-17 21:12:36,102 - INFO - Epoch 79/500
2022-05-17 21:12:36,517 - INFO - The train loss is 0.021040. The valid loss is 0.021692.
2022-05-17 21:12:36,522 - INFO - Epoch 80/500
2022-05-17 21:12:36,934 - INFO - The train loss is 0.020898. The valid loss is 0.021553.
2022-05-17 21:12:36,939 - INFO - Epoch 81/500
2022-05-17 21:12:37,350 - INFO - The train loss is 0.020772. The valid loss is 0.021415.
2022-05-17 21:12:37,354 - INFO - Epoch 82/500
2022-05-17 21:12:37,767 - INFO - The train loss is 0.020628. The valid loss is 0.021278.
2022-05-17 21:12:37,772 - INFO - Epoch 83/500
2022-05-17 21:12:38,185 - INFO - The train loss is 0.020501. The valid loss is 0.021140.
2022-05-17 21:12:38,190 - INFO - Epoch 84/500
2022-05-17 21:12:38,600 - INFO - The train loss is 0.020410. The valid loss is 0.021004.
2022-05-17 21:12:38,605 - INFO - Epoch 85/500
2022-05-17 21:12:39,018 - INFO - The train loss is 0.020236. The valid loss is 0.020870.
2022-05-17 21:12:39,022 - INFO - Epoch 86/500
2022-05-17 21:12:39,425 - INFO - The train loss is 0.020120. The valid loss is 0.020737.
2022-05-17 21:12:39,429 - INFO - Epoch 87/500
2022-05-17 21:12:39,832 - INFO - The train loss is 0.019999. The valid loss is 0.020601.
2022-05-17 21:12:39,837 - INFO - Epoch 88/500
2022-05-17 21:12:40,246 - INFO - The train loss is 0.019866. The valid loss is 0.020467.
2022-05-17 21:12:40,251 - INFO - Epoch 89/500
2022-05-17 21:12:40,657 - INFO - The train loss is 0.019730. The valid loss is 0.020335.
2022-05-17 21:12:40,661 - INFO - Epoch 90/500
2022-05-17 21:12:41,066 - INFO - The train loss is 0.019615. The valid loss is 0.020204.
2022-05-17 21:12:41,071 - INFO - Epoch 91/500
2022-05-17 21:12:41,473 - INFO - The train loss is 0.019500. The valid loss is 0.020071.
2022-05-17 21:12:41,478 - INFO - Epoch 92/500
2022-05-17 21:12:41,885 - INFO - The train loss is 0.019364. The valid loss is 0.019940.
2022-05-17 21:12:41,890 - INFO - Epoch 93/500
2022-05-17 21:12:42,294 - INFO - The train loss is 0.019245. The valid loss is 0.019812.
2022-05-17 21:12:42,299 - INFO - Epoch 94/500
2022-05-17 21:12:42,704 - INFO - The train loss is 0.019111. The valid loss is 0.019683.
2022-05-17 21:12:42,708 - INFO - Epoch 95/500
2022-05-17 21:12:43,114 - INFO - The train loss is 0.019004. The valid loss is 0.019554.
2022-05-17 21:12:43,118 - INFO - Epoch 96/500
2022-05-17 21:12:43,523 - INFO - The train loss is 0.018879. The valid loss is 0.019426.
2022-05-17 21:12:43,528 - INFO - Epoch 97/500
2022-05-17 21:12:43,936 - INFO - The train loss is 0.018751. The valid loss is 0.019300.
2022-05-17 21:12:43,941 - INFO - Epoch 98/500
2022-05-17 21:12:44,345 - INFO - The train loss is 0.018629. The valid loss is 0.019173.
2022-05-17 21:12:44,350 - INFO - Epoch 99/500
2022-05-17 21:12:44,755 - INFO - The train loss is 0.018494. The valid loss is 0.019046.
2022-05-17 21:12:44,760 - INFO - Epoch 100/500
2022-05-17 21:12:45,165 - INFO - The train loss is 0.018382. The valid loss is 0.018921.
2022-05-17 21:12:45,169 - INFO - Epoch 101/500
2022-05-17 21:12:45,573 - INFO - The train loss is 0.018272. The valid loss is 0.018798.
2022-05-17 21:12:45,578 - INFO - Epoch 102/500
2022-05-17 21:12:45,983 - INFO - The train loss is 0.018154. The valid loss is 0.018674.
2022-05-17 21:12:45,987 - INFO - Epoch 103/500
2022-05-17 21:12:46,396 - INFO - The train loss is 0.018031. The valid loss is 0.018552.
2022-05-17 21:12:46,401 - INFO - Epoch 104/500
2022-05-17 21:12:46,808 - INFO - The train loss is 0.017922. The valid loss is 0.018430.
2022-05-17 21:12:46,813 - INFO - Epoch 105/500
2022-05-17 21:12:47,227 - INFO - The train loss is 0.017792. The valid loss is 0.018308.
2022-05-17 21:12:47,232 - INFO - Epoch 106/500
2022-05-17 21:12:47,643 - INFO - The train loss is 0.017717. The valid loss is 0.018188.
2022-05-17 21:12:47,648 - INFO - Epoch 107/500
2022-05-17 21:12:48,052 - INFO - The train loss is 0.017594. The valid loss is 0.018069.
2022-05-17 21:12:48,056 - INFO - Epoch 108/500
2022-05-17 21:12:48,470 - INFO - The train loss is 0.017466. The valid loss is 0.017951.
2022-05-17 21:12:48,475 - INFO - Epoch 109/500
2022-05-17 21:12:48,910 - INFO - The train loss is 0.017358. The valid loss is 0.017834.
2022-05-17 21:12:48,914 - INFO - Epoch 110/500
2022-05-17 21:12:49,325 - INFO - The train loss is 0.017245. The valid loss is 0.017717.
2022-05-17 21:12:49,329 - INFO - Epoch 111/500
2022-05-17 21:12:49,751 - INFO - The train loss is 0.017145. The valid loss is 0.017601.
2022-05-17 21:12:49,756 - INFO - Epoch 112/500
2022-05-17 21:12:50,161 - INFO - The train loss is 0.017036. The valid loss is 0.017486.
2022-05-17 21:12:50,166 - INFO - Epoch 113/500
2022-05-17 21:12:50,574 - INFO - The train loss is 0.016922. The valid loss is 0.017372.
2022-05-17 21:12:50,583 - INFO - Epoch 114/500
2022-05-17 21:12:50,996 - INFO - The train loss is 0.016809. The valid loss is 0.017261.
2022-05-17 21:12:51,001 - INFO - Epoch 115/500
2022-05-17 21:12:51,416 - INFO - The train loss is 0.016708. The valid loss is 0.017149.
2022-05-17 21:12:51,421 - INFO - Epoch 116/500
2022-05-17 21:12:51,830 - INFO - The train loss is 0.016608. The valid loss is 0.017038.
2022-05-17 21:12:51,835 - INFO - Epoch 117/500
2022-05-17 21:12:52,241 - INFO - The train loss is 0.016489. The valid loss is 0.016929.
2022-05-17 21:12:52,246 - INFO - Epoch 118/500
2022-05-17 21:12:52,657 - INFO - The train loss is 0.016410. The valid loss is 0.016821.
2022-05-17 21:12:52,662 - INFO - Epoch 119/500
2022-05-17 21:12:53,067 - INFO - The train loss is 0.016303. The valid loss is 0.016713.
2022-05-17 21:12:53,071 - INFO - Epoch 120/500
2022-05-17 21:12:53,479 - INFO - The train loss is 0.016200. The valid loss is 0.016606.
2022-05-17 21:12:53,483 - INFO - Epoch 121/500
2022-05-17 21:12:53,890 - INFO - The train loss is 0.016114. The valid loss is 0.016502.
2022-05-17 21:12:53,894 - INFO - Epoch 122/500
2022-05-17 21:12:54,300 - INFO - The train loss is 0.016006. The valid loss is 0.016398.
2022-05-17 21:12:54,305 - INFO - Epoch 123/500
2022-05-17 21:12:54,712 - INFO - The train loss is 0.015901. The valid loss is 0.016295.
2022-05-17 21:12:54,717 - INFO - Epoch 124/500
2022-05-17 21:12:55,124 - INFO - The train loss is 0.015807. The valid loss is 0.016194.
2022-05-17 21:12:55,128 - INFO - Epoch 125/500
2022-05-17 21:12:55,535 - INFO - The train loss is 0.015713. The valid loss is 0.016094.
2022-05-17 21:12:55,540 - INFO - Epoch 126/500
2022-05-17 21:12:55,950 - INFO - The train loss is 0.015613. The valid loss is 0.015995.
2022-05-17 21:12:55,955 - INFO - Epoch 127/500
2022-05-17 21:12:56,364 - INFO - The train loss is 0.015536. The valid loss is 0.015897.
2022-05-17 21:12:56,368 - INFO - Epoch 128/500
2022-05-17 21:12:56,779 - INFO - The train loss is 0.015436. The valid loss is 0.015800.
2022-05-17 21:12:56,783 - INFO - Epoch 129/500
2022-05-17 21:12:57,191 - INFO - The train loss is 0.015334. The valid loss is 0.015705.
2022-05-17 21:12:57,196 - INFO - Epoch 130/500
2022-05-17 21:12:57,604 - INFO - The train loss is 0.015256. The valid loss is 0.015612.
2022-05-17 21:12:57,610 - INFO - Epoch 131/500
2022-05-17 21:12:58,021 - INFO - The train loss is 0.015176. The valid loss is 0.015519.
2022-05-17 21:12:58,025 - INFO - Epoch 132/500
2022-05-17 21:12:58,440 - INFO - The train loss is 0.015075. The valid loss is 0.015428.
2022-05-17 21:12:58,445 - INFO - Epoch 133/500
2022-05-17 21:12:58,859 - INFO - The train loss is 0.015002. The valid loss is 0.015338.
2022-05-17 21:12:58,864 - INFO - Epoch 134/500
2022-05-17 21:12:59,278 - INFO - The train loss is 0.014934. The valid loss is 0.015249.
2022-05-17 21:12:59,283 - INFO - Epoch 135/500
2022-05-17 21:12:59,697 - INFO - The train loss is 0.014821. The valid loss is 0.015161.
2022-05-17 21:12:59,702 - INFO - Epoch 136/500
2022-05-17 21:13:00,116 - INFO - The train loss is 0.014748. The valid loss is 0.015075.
2022-05-17 21:13:00,121 - INFO - Epoch 137/500
2022-05-17 21:13:00,538 - INFO - The train loss is 0.014663. The valid loss is 0.014989.
2022-05-17 21:13:00,543 - INFO - Epoch 138/500
2022-05-17 21:13:00,956 - INFO - The train loss is 0.014599. The valid loss is 0.014906.
2022-05-17 21:13:00,961 - INFO - Epoch 139/500
2022-05-17 21:13:01,376 - INFO - The train loss is 0.014507. The valid loss is 0.014823.
2022-05-17 21:13:01,381 - INFO - Epoch 140/500
2022-05-17 21:13:01,795 - INFO - The train loss is 0.014414. The valid loss is 0.014742.
2022-05-17 21:13:01,800 - INFO - Epoch 141/500
2022-05-17 21:13:02,214 - INFO - The train loss is 0.014368. The valid loss is 0.014662.
2022-05-17 21:13:02,219 - INFO - Epoch 142/500
2022-05-17 21:13:02,634 - INFO - The train loss is 0.014278. The valid loss is 0.014584.
2022-05-17 21:13:02,639 - INFO - Epoch 143/500
2022-05-17 21:13:03,055 - INFO - The train loss is 0.014219. The valid loss is 0.014505.
2022-05-17 21:13:03,060 - INFO - Epoch 144/500
2022-05-17 21:13:03,474 - INFO - The train loss is 0.014130. The valid loss is 0.014429.
2022-05-17 21:13:03,479 - INFO - Epoch 145/500
2022-05-17 21:13:03,895 - INFO - The train loss is 0.014061. The valid loss is 0.014353.
2022-05-17 21:13:03,900 - INFO - Epoch 146/500
2022-05-17 21:13:04,314 - INFO - The train loss is 0.014005. The valid loss is 0.014279.
2022-05-17 21:13:04,318 - INFO - Epoch 147/500
2022-05-17 21:13:04,733 - INFO - The train loss is 0.013928. The valid loss is 0.014205.
2022-05-17 21:13:04,738 - INFO - Epoch 148/500
2022-05-17 21:13:05,174 - INFO - The train loss is 0.013861. The valid loss is 0.014133.
2022-05-17 21:13:05,179 - INFO - Epoch 149/500
2022-05-17 21:13:05,589 - INFO - The train loss is 0.013790. The valid loss is 0.014061.
2022-05-17 21:13:05,594 - INFO - Epoch 150/500
2022-05-17 21:13:06,010 - INFO - The train loss is 0.013732. The valid loss is 0.013991.
2022-05-17 21:13:06,015 - INFO - Epoch 151/500
2022-05-17 21:13:06,427 - INFO - The train loss is 0.013662. The valid loss is 0.013921.
2022-05-17 21:13:06,432 - INFO - Epoch 152/500
2022-05-17 21:13:06,846 - INFO - The train loss is 0.013612. The valid loss is 0.013852.
2022-05-17 21:13:06,850 - INFO - Epoch 153/500
2022-05-17 21:13:07,255 - INFO - The train loss is 0.013536. The valid loss is 0.013784.
2022-05-17 21:13:07,260 - INFO - Epoch 154/500
2022-05-17 21:13:07,670 - INFO - The train loss is 0.013469. The valid loss is 0.013717.
2022-05-17 21:13:07,675 - INFO - Epoch 155/500
2022-05-17 21:13:08,081 - INFO - The train loss is 0.013401. The valid loss is 0.013651.
2022-05-17 21:13:08,086 - INFO - Epoch 156/500
2022-05-17 21:13:08,491 - INFO - The train loss is 0.013343. The valid loss is 0.013586.
2022-05-17 21:13:08,496 - INFO - Epoch 157/500
2022-05-17 21:13:08,903 - INFO - The train loss is 0.013286. The valid loss is 0.013521.
2022-05-17 21:13:08,907 - INFO - Epoch 158/500
2022-05-17 21:13:09,316 - INFO - The train loss is 0.013222. The valid loss is 0.013457.
2022-05-17 21:13:09,321 - INFO - Epoch 159/500
2022-05-17 21:13:09,735 - INFO - The train loss is 0.013168. The valid loss is 0.013394.
2022-05-17 21:13:09,740 - INFO - Epoch 160/500
2022-05-17 21:13:10,150 - INFO - The train loss is 0.013102. The valid loss is 0.013332.
2022-05-17 21:13:10,155 - INFO - Epoch 161/500
2022-05-17 21:13:10,569 - INFO - The train loss is 0.013048. The valid loss is 0.013270.
2022-05-17 21:13:10,574 - INFO - Epoch 162/500
2022-05-17 21:13:10,982 - INFO - The train loss is 0.012973. The valid loss is 0.013209.
2022-05-17 21:13:10,987 - INFO - Epoch 163/500
2022-05-17 21:13:11,395 - INFO - The train loss is 0.012922. The valid loss is 0.013149.
2022-05-17 21:13:11,400 - INFO - Epoch 164/500
2022-05-17 21:13:11,814 - INFO - The train loss is 0.012882. The valid loss is 0.013090.
2022-05-17 21:13:11,818 - INFO - Epoch 165/500
2022-05-17 21:13:12,229 - INFO - The train loss is 0.012817. The valid loss is 0.013030.
2022-05-17 21:13:12,235 - INFO - Epoch 166/500
2022-05-17 21:13:12,644 - INFO - The train loss is 0.012749. The valid loss is 0.012972.
2022-05-17 21:13:12,649 - INFO - Epoch 167/500
2022-05-17 21:13:13,058 - INFO - The train loss is 0.012703. The valid loss is 0.012915.
2022-05-17 21:13:13,063 - INFO - Epoch 168/500
2022-05-17 21:13:13,478 - INFO - The train loss is 0.012659. The valid loss is 0.012858.
2022-05-17 21:13:13,483 - INFO - Epoch 169/500
2022-05-17 21:13:13,896 - INFO - The train loss is 0.012600. The valid loss is 0.012800.
2022-05-17 21:13:13,900 - INFO - Epoch 170/500
2022-05-17 21:13:14,309 - INFO - The train loss is 0.012549. The valid loss is 0.012744.
2022-05-17 21:13:14,313 - INFO - Epoch 171/500
2022-05-17 21:13:14,720 - INFO - The train loss is 0.012504. The valid loss is 0.012690.
2022-05-17 21:13:14,724 - INFO - Epoch 172/500
2022-05-17 21:13:15,129 - INFO - The train loss is 0.012442. The valid loss is 0.012635.
2022-05-17 21:13:15,134 - INFO - Epoch 173/500
2022-05-17 21:13:15,550 - INFO - The train loss is 0.012387. The valid loss is 0.012580.
2022-05-17 21:13:15,555 - INFO - Epoch 174/500
2022-05-17 21:13:15,970 - INFO - The train loss is 0.012347. The valid loss is 0.012526.
2022-05-17 21:13:15,974 - INFO - Epoch 175/500
2022-05-17 21:13:16,390 - INFO - The train loss is 0.012289. The valid loss is 0.012474.
2022-05-17 21:13:16,395 - INFO - Epoch 176/500
2022-05-17 21:13:16,807 - INFO - The train loss is 0.012259. The valid loss is 0.012421.
2022-05-17 21:13:16,811 - INFO - Epoch 177/500
2022-05-17 21:13:17,226 - INFO - The train loss is 0.012198. The valid loss is 0.012368.
2022-05-17 21:13:17,231 - INFO - Epoch 178/500
2022-05-17 21:13:17,640 - INFO - The train loss is 0.012143. The valid loss is 0.012317.
2022-05-17 21:13:17,645 - INFO - Epoch 179/500
2022-05-17 21:13:18,053 - INFO - The train loss is 0.012097. The valid loss is 0.012266.
2022-05-17 21:13:18,058 - INFO - Epoch 180/500
2022-05-17 21:13:18,471 - INFO - The train loss is 0.012052. The valid loss is 0.012214.
2022-05-17 21:13:18,475 - INFO - Epoch 181/500
2022-05-17 21:13:18,884 - INFO - The train loss is 0.012006. The valid loss is 0.012164.
2022-05-17 21:13:18,889 - INFO - Epoch 182/500
2022-05-17 21:13:19,299 - INFO - The train loss is 0.011953. The valid loss is 0.012114.
2022-05-17 21:13:19,304 - INFO - Epoch 183/500
2022-05-17 21:13:19,712 - INFO - The train loss is 0.011924. The valid loss is 0.012064.
2022-05-17 21:13:19,718 - INFO - Epoch 184/500
2022-05-17 21:13:20,129 - INFO - The train loss is 0.011862. The valid loss is 0.012016.
2022-05-17 21:13:20,134 - INFO - Epoch 185/500
2022-05-17 21:13:20,555 - INFO - The train loss is 0.011818. The valid loss is 0.011967.
2022-05-17 21:13:20,560 - INFO - Epoch 186/500
2022-05-17 21:13:20,979 - INFO - The train loss is 0.011767. The valid loss is 0.011918.
2022-05-17 21:13:20,983 - INFO - Epoch 187/500
2022-05-17 21:13:21,395 - INFO - The train loss is 0.011732. The valid loss is 0.011870.
2022-05-17 21:13:21,399 - INFO - Epoch 188/500
2022-05-17 21:13:21,814 - INFO - The train loss is 0.011673. The valid loss is 0.011823.
2022-05-17 21:13:21,819 - INFO - Epoch 189/500
2022-05-17 21:13:22,228 - INFO - The train loss is 0.011641. The valid loss is 0.011775.
2022-05-17 21:13:22,233 - INFO - Epoch 190/500
2022-05-17 21:13:22,643 - INFO - The train loss is 0.011606. The valid loss is 0.011729.
2022-05-17 21:13:22,648 - INFO - Epoch 191/500
2022-05-17 21:13:23,059 - INFO - The train loss is 0.011549. The valid loss is 0.011682.
2022-05-17 21:13:23,064 - INFO - Epoch 192/500
2022-05-17 21:13:23,475 - INFO - The train loss is 0.011507. The valid loss is 0.011635.
2022-05-17 21:13:23,480 - INFO - Epoch 193/500
2022-05-17 21:13:23,900 - INFO - The train loss is 0.011469. The valid loss is 0.011590.
2022-05-17 21:13:23,905 - INFO - Epoch 194/500
2022-05-17 21:13:24,321 - INFO - The train loss is 0.011416. The valid loss is 0.011544.
2022-05-17 21:13:24,326 - INFO - Epoch 195/500
2022-05-17 21:13:24,745 - INFO - The train loss is 0.011389. The valid loss is 0.011499.
2022-05-17 21:13:24,750 - INFO - Epoch 196/500
2022-05-17 21:13:25,166 - INFO - The train loss is 0.011338. The valid loss is 0.011454.
2022-05-17 21:13:25,171 - INFO - Epoch 197/500
2022-05-17 21:13:25,588 - INFO - The train loss is 0.011295. The valid loss is 0.011410.
2022-05-17 21:13:25,594 - INFO - Epoch 198/500
2022-05-17 21:13:26,013 - INFO - The train loss is 0.011252. The valid loss is 0.011365.
2022-05-17 21:13:26,017 - INFO - Epoch 199/500
2022-05-17 21:13:26,433 - INFO - The train loss is 0.011213. The valid loss is 0.011322.
2022-05-17 21:13:26,438 - INFO - Epoch 200/500
2022-05-17 21:13:26,851 - INFO - The train loss is 0.011164. The valid loss is 0.011278.
2022-05-17 21:13:26,856 - INFO - Epoch 201/500
2022-05-17 21:13:27,274 - INFO - The train loss is 0.011129. The valid loss is 0.011235.
2022-05-17 21:13:27,279 - INFO - Epoch 202/500
2022-05-17 21:13:27,691 - INFO - The train loss is 0.011101. The valid loss is 0.011192.
2022-05-17 21:13:27,696 - INFO - Epoch 203/500
2022-05-17 21:13:28,116 - INFO - The train loss is 0.011060. The valid loss is 0.011149.
2022-05-17 21:13:28,121 - INFO - Epoch 204/500
2022-05-17 21:13:28,537 - INFO - The train loss is 0.011008. The valid loss is 0.011107.
2022-05-17 21:13:28,543 - INFO - Epoch 205/500
2022-05-17 21:13:28,960 - INFO - The train loss is 0.010979. The valid loss is 0.011064.
2022-05-17 21:13:28,965 - INFO - Epoch 206/500
2022-05-17 21:13:29,379 - INFO - The train loss is 0.010935. The valid loss is 0.011022.
2022-05-17 21:13:29,384 - INFO - Epoch 207/500
2022-05-17 21:13:29,811 - INFO - The train loss is 0.010892. The valid loss is 0.010981.
2022-05-17 21:13:29,817 - INFO - Epoch 208/500
2022-05-17 21:13:30,241 - INFO - The train loss is 0.010859. The valid loss is 0.010940.
2022-05-17 21:13:30,246 - INFO - Epoch 209/500
2022-05-17 21:13:30,663 - INFO - The train loss is 0.010820. The valid loss is 0.010899.
2022-05-17 21:13:30,668 - INFO - Epoch 210/500
2022-05-17 21:13:31,090 - INFO - The train loss is 0.010776. The valid loss is 0.010858.
2022-05-17 21:13:31,095 - INFO - Epoch 211/500
2022-05-17 21:13:31,512 - INFO - The train loss is 0.010739. The valid loss is 0.010817.
2022-05-17 21:13:31,517 - INFO - Epoch 212/500
2022-05-17 21:13:31,940 - INFO - The train loss is 0.010707. The valid loss is 0.010777.
2022-05-17 21:13:31,945 - INFO - Epoch 213/500
2022-05-17 21:13:32,366 - INFO - The train loss is 0.010668. The valid loss is 0.010737.
2022-05-17 21:13:32,371 - INFO - Epoch 214/500
2022-05-17 21:13:32,790 - INFO - The train loss is 0.010630. The valid loss is 0.010697.
2022-05-17 21:13:32,795 - INFO - Epoch 215/500
2022-05-17 21:13:33,217 - INFO - The train loss is 0.010600. The valid loss is 0.010657.
2022-05-17 21:13:33,221 - INFO - Epoch 216/500
2022-05-17 21:13:33,639 - INFO - The train loss is 0.010569. The valid loss is 0.010618.
2022-05-17 21:13:33,643 - INFO - Epoch 217/500
2022-05-17 21:13:34,060 - INFO - The train loss is 0.010526. The valid loss is 0.010579.
2022-05-17 21:13:34,064 - INFO - Epoch 218/500
2022-05-17 21:13:34,498 - INFO - The train loss is 0.010495. The valid loss is 0.010539.
2022-05-17 21:13:34,503 - INFO - Epoch 219/500
2022-05-17 21:13:34,928 - INFO - The train loss is 0.010455. The valid loss is 0.010501.
2022-05-17 21:13:34,933 - INFO - Epoch 220/500
2022-05-17 21:13:35,348 - INFO - The train loss is 0.010429. The valid loss is 0.010463.
2022-05-17 21:13:35,352 - INFO - Epoch 221/500
2022-05-17 21:13:35,768 - INFO - The train loss is 0.010363. The valid loss is 0.010424.
2022-05-17 21:13:35,772 - INFO - Epoch 222/500
2022-05-17 21:13:36,188 - INFO - The train loss is 0.010348. The valid loss is 0.010386.
2022-05-17 21:13:36,192 - INFO - Epoch 223/500
2022-05-17 21:13:36,622 - INFO - The train loss is 0.010301. The valid loss is 0.010348.
2022-05-17 21:13:36,627 - INFO - Epoch 224/500
2022-05-17 21:13:37,039 - INFO - The train loss is 0.010272. The valid loss is 0.010310.
2022-05-17 21:13:37,044 - INFO - Epoch 225/500
2022-05-17 21:13:37,459 - INFO - The train loss is 0.010250. The valid loss is 0.010272.
2022-05-17 21:13:37,464 - INFO - Epoch 226/500
2022-05-17 21:13:37,888 - INFO - The train loss is 0.010197. The valid loss is 0.010235.
2022-05-17 21:13:37,892 - INFO - Epoch 227/500
2022-05-17 21:13:38,304 - INFO - The train loss is 0.010172. The valid loss is 0.010198.
2022-05-17 21:13:38,308 - INFO - Epoch 228/500
2022-05-17 21:13:38,722 - INFO - The train loss is 0.010138. The valid loss is 0.010161.
2022-05-17 21:13:38,727 - INFO - Epoch 229/500
2022-05-17 21:13:39,140 - INFO - The train loss is 0.010101. The valid loss is 0.010124.
2022-05-17 21:13:39,145 - INFO - Epoch 230/500
2022-05-17 21:13:39,554 - INFO - The train loss is 0.010074. The valid loss is 0.010087.
2022-05-17 21:13:39,559 - INFO - Epoch 231/500
2022-05-17 21:13:39,971 - INFO - The train loss is 0.010039. The valid loss is 0.010051.
2022-05-17 21:13:39,975 - INFO - Epoch 232/500
2022-05-17 21:13:40,389 - INFO - The train loss is 0.009987. The valid loss is 0.010015.
2022-05-17 21:13:40,394 - INFO - Epoch 233/500
2022-05-17 21:13:40,805 - INFO - The train loss is 0.009959. The valid loss is 0.009979.
2022-05-17 21:13:40,810 - INFO - Epoch 234/500
2022-05-17 21:13:41,221 - INFO - The train loss is 0.009928. The valid loss is 0.009943.
2022-05-17 21:13:41,226 - INFO - Epoch 235/500
2022-05-17 21:13:41,640 - INFO - The train loss is 0.009899. The valid loss is 0.009908.
2022-05-17 21:13:41,645 - INFO - Epoch 236/500
2022-05-17 21:13:42,058 - INFO - The train loss is 0.009854. The valid loss is 0.009872.
2022-05-17 21:13:42,063 - INFO - Epoch 237/500
2022-05-17 21:13:42,477 - INFO - The train loss is 0.009828. The valid loss is 0.009837.
2022-05-17 21:13:42,482 - INFO - Epoch 238/500
2022-05-17 21:13:42,894 - INFO - The train loss is 0.009797. The valid loss is 0.009802.
2022-05-17 21:13:42,898 - INFO - Epoch 239/500
2022-05-17 21:13:43,312 - INFO - The train loss is 0.009780. The valid loss is 0.009767.
2022-05-17 21:13:43,317 - INFO - Epoch 240/500
2022-05-17 21:13:43,732 - INFO - The train loss is 0.009735. The valid loss is 0.009732.
2022-05-17 21:13:43,738 - INFO - Epoch 241/500
2022-05-17 21:13:44,153 - INFO - The train loss is 0.009701. The valid loss is 0.009697.
2022-05-17 21:13:44,157 - INFO - Epoch 242/500
2022-05-17 21:13:44,575 - INFO - The train loss is 0.009670. The valid loss is 0.009663.
2022-05-17 21:13:44,580 - INFO - Epoch 243/500
2022-05-17 21:13:44,999 - INFO - The train loss is 0.009648. The valid loss is 0.009629.
2022-05-17 21:13:45,004 - INFO - Epoch 244/500
2022-05-17 21:13:45,415 - INFO - The train loss is 0.009588. The valid loss is 0.009595.
2022-05-17 21:13:45,419 - INFO - Epoch 245/500
2022-05-17 21:13:45,835 - INFO - The train loss is 0.009587. The valid loss is 0.009561.
2022-05-17 21:13:45,840 - INFO - Epoch 246/500
2022-05-17 21:13:46,259 - INFO - The train loss is 0.009549. The valid loss is 0.009527.
2022-05-17 21:13:46,264 - INFO - Epoch 247/500
2022-05-17 21:13:46,676 - INFO - The train loss is 0.009514. The valid loss is 0.009493.
2022-05-17 21:13:46,680 - INFO - Epoch 248/500
2022-05-17 21:13:47,091 - INFO - The train loss is 0.009485. The valid loss is 0.009460.
2022-05-17 21:13:47,096 - INFO - Epoch 249/500
2022-05-17 21:13:47,504 - INFO - The train loss is 0.009436. The valid loss is 0.009427.
2022-05-17 21:13:47,509 - INFO - Epoch 250/500
2022-05-17 21:13:47,924 - INFO - The train loss is 0.009421. The valid loss is 0.009393.
2022-05-17 21:13:47,929 - INFO - Epoch 251/500
2022-05-17 21:13:48,343 - INFO - The train loss is 0.009388. The valid loss is 0.009360.
2022-05-17 21:13:48,348 - INFO - Epoch 252/500
2022-05-17 21:13:48,756 - INFO - The train loss is 0.009354. The valid loss is 0.009328.
2022-05-17 21:13:48,761 - INFO - Epoch 253/500
2022-05-17 21:13:49,177 - INFO - The train loss is 0.009328. The valid loss is 0.009295.
2022-05-17 21:13:49,182 - INFO - Epoch 254/500
2022-05-17 21:13:49,596 - INFO - The train loss is 0.009294. The valid loss is 0.009262.
2022-05-17 21:13:49,601 - INFO - Epoch 255/500
2022-05-17 21:13:50,016 - INFO - The train loss is 0.009265. The valid loss is 0.009230.
2022-05-17 21:13:50,021 - INFO - Epoch 256/500
2022-05-17 21:13:50,436 - INFO - The train loss is 0.009254. The valid loss is 0.009197.
2022-05-17 21:13:50,441 - INFO - Epoch 257/500
2022-05-17 21:13:50,858 - INFO - The train loss is 0.009202. The valid loss is 0.009165.
2022-05-17 21:13:50,862 - INFO - Epoch 258/500
2022-05-17 21:13:51,281 - INFO - The train loss is 0.009172. The valid loss is 0.009133.
2022-05-17 21:13:51,286 - INFO - Epoch 259/500
2022-05-17 21:13:51,705 - INFO - The train loss is 0.009153. The valid loss is 0.009101.
2022-05-17 21:13:51,710 - INFO - Epoch 260/500
2022-05-17 21:13:52,127 - INFO - The train loss is 0.009127. The valid loss is 0.009069.
2022-05-17 21:13:52,132 - INFO - Epoch 261/500
2022-05-17 21:13:52,553 - INFO - The train loss is 0.009100. The valid loss is 0.009038.
2022-05-17 21:13:52,558 - INFO - Epoch 262/500
2022-05-17 21:13:52,975 - INFO - The train loss is 0.009068. The valid loss is 0.009006.
2022-05-17 21:13:52,980 - INFO - Epoch 263/500
2022-05-17 21:13:53,401 - INFO - The train loss is 0.009019. The valid loss is 0.008974.
2022-05-17 21:13:53,406 - INFO - Epoch 264/500
2022-05-17 21:13:53,823 - INFO - The train loss is 0.008996. The valid loss is 0.008943.
2022-05-17 21:13:53,828 - INFO - Epoch 265/500
2022-05-17 21:13:54,245 - INFO - The train loss is 0.008979. The valid loss is 0.008912.
2022-05-17 21:13:54,250 - INFO - Epoch 266/500
2022-05-17 21:13:54,661 - INFO - The train loss is 0.008948. The valid loss is 0.008881.
2022-05-17 21:13:54,666 - INFO - Epoch 267/500
2022-05-17 21:13:55,081 - INFO - The train loss is 0.008931. The valid loss is 0.008850.
2022-05-17 21:13:55,086 - INFO - Epoch 268/500
2022-05-17 21:13:55,507 - INFO - The train loss is 0.008896. The valid loss is 0.008819.
2022-05-17 21:13:55,512 - INFO - Epoch 269/500
2022-05-17 21:13:55,927 - INFO - The train loss is 0.008854. The valid loss is 0.008789.
2022-05-17 21:13:55,932 - INFO - Epoch 270/500
2022-05-17 21:13:56,350 - INFO - The train loss is 0.008817. The valid loss is 0.008758.
2022-05-17 21:13:56,355 - INFO - Epoch 271/500
2022-05-17 21:13:56,776 - INFO - The train loss is 0.008811. The valid loss is 0.008728.
2022-05-17 21:13:56,781 - INFO - Epoch 272/500
2022-05-17 21:13:57,201 - INFO - The train loss is 0.008772. The valid loss is 0.008698.
2022-05-17 21:13:57,205 - INFO - Epoch 273/500
2022-05-17 21:13:57,627 - INFO - The train loss is 0.008756. The valid loss is 0.008668.
2022-05-17 21:13:57,632 - INFO - Epoch 274/500
2022-05-17 21:13:58,052 - INFO - The train loss is 0.008712. The valid loss is 0.008638.
2022-05-17 21:13:58,056 - INFO - Epoch 275/500
2022-05-17 21:13:58,500 - INFO - The train loss is 0.008698. The valid loss is 0.008608.
2022-05-17 21:13:58,505 - INFO - Epoch 276/500
2022-05-17 21:13:58,931 - INFO - The train loss is 0.008675. The valid loss is 0.008578.
2022-05-17 21:13:58,935 - INFO - Epoch 277/500
2022-05-17 21:13:59,362 - INFO - The train loss is 0.008625. The valid loss is 0.008548.
2022-05-17 21:13:59,366 - INFO - Epoch 278/500
2022-05-17 21:13:59,789 - INFO - The train loss is 0.008603. The valid loss is 0.008519.
2022-05-17 21:13:59,794 - INFO - Epoch 279/500
2022-05-17 21:14:00,213 - INFO - The train loss is 0.008586. The valid loss is 0.008489.
2022-05-17 21:14:00,218 - INFO - Epoch 280/500
2022-05-17 21:14:00,638 - INFO - The train loss is 0.008556. The valid loss is 0.008460.
2022-05-17 21:14:00,642 - INFO - Epoch 281/500
2022-05-17 21:14:01,064 - INFO - The train loss is 0.008532. The valid loss is 0.008431.
2022-05-17 21:14:01,068 - INFO - Epoch 282/500
2022-05-17 21:14:01,493 - INFO - The train loss is 0.008501. The valid loss is 0.008402.
2022-05-17 21:14:01,499 - INFO - Epoch 283/500
2022-05-17 21:14:01,921 - INFO - The train loss is 0.008466. The valid loss is 0.008373.
2022-05-17 21:14:01,925 - INFO - Epoch 284/500
2022-05-17 21:14:02,347 - INFO - The train loss is 0.008442. The valid loss is 0.008344.
2022-05-17 21:14:02,352 - INFO - Epoch 285/500
2022-05-17 21:14:02,774 - INFO - The train loss is 0.008410. The valid loss is 0.008315.
2022-05-17 21:14:02,780 - INFO - Epoch 286/500
2022-05-17 21:14:03,206 - INFO - The train loss is 0.008390. The valid loss is 0.008286.
2022-05-17 21:14:03,211 - INFO - Epoch 287/500
2022-05-17 21:14:03,638 - INFO - The train loss is 0.008366. The valid loss is 0.008258.
2022-05-17 21:14:03,642 - INFO - Epoch 288/500
2022-05-17 21:14:04,059 - INFO - The train loss is 0.008340. The valid loss is 0.008229.
2022-05-17 21:14:04,064 - INFO - Epoch 289/500
2022-05-17 21:14:04,481 - INFO - The train loss is 0.008314. The valid loss is 0.008201.
2022-05-17 21:14:04,486 - INFO - Epoch 290/500
2022-05-17 21:14:04,905 - INFO - The train loss is 0.008286. The valid loss is 0.008173.
2022-05-17 21:14:04,910 - INFO - Epoch 291/500
2022-05-17 21:14:05,325 - INFO - The train loss is 0.008250. The valid loss is 0.008145.
2022-05-17 21:14:05,328 - INFO - Epoch 292/500
2022-05-17 21:14:05,745 - INFO - The train loss is 0.008223. The valid loss is 0.008117.
2022-05-17 21:14:05,750 - INFO - Epoch 293/500
2022-05-17 21:14:06,166 - INFO - The train loss is 0.008212. The valid loss is 0.008089.
2022-05-17 21:14:06,171 - INFO - Epoch 294/500
2022-05-17 21:14:06,590 - INFO - The train loss is 0.008190. The valid loss is 0.008062.
2022-05-17 21:14:06,595 - INFO - Epoch 295/500
2022-05-17 21:14:07,014 - INFO - The train loss is 0.008147. The valid loss is 0.008034.
2022-05-17 21:14:07,018 - INFO - Epoch 296/500
2022-05-17 21:14:07,430 - INFO - The train loss is 0.008124. The valid loss is 0.008006.
2022-05-17 21:14:07,435 - INFO - Epoch 297/500
2022-05-17 21:14:07,857 - INFO - The train loss is 0.008091. The valid loss is 0.007979.
2022-05-17 21:14:07,862 - INFO - Epoch 298/500
2022-05-17 21:14:08,284 - INFO - The train loss is 0.008091. The valid loss is 0.007951.
2022-05-17 21:14:08,289 - INFO - Epoch 299/500
2022-05-17 21:14:08,711 - INFO - The train loss is 0.008052. The valid loss is 0.007924.
2022-05-17 21:14:08,716 - INFO - Epoch 300/500
2022-05-17 21:14:09,136 - INFO - The train loss is 0.008032. The valid loss is 0.007897.
2022-05-17 21:14:09,141 - INFO - Epoch 301/500
2022-05-17 21:14:09,558 - INFO - The train loss is 0.008018. The valid loss is 0.007870.
2022-05-17 21:14:09,563 - INFO - Epoch 302/500
2022-05-17 21:14:09,984 - INFO - The train loss is 0.007985. The valid loss is 0.007843.
2022-05-17 21:14:09,988 - INFO - Epoch 303/500
2022-05-17 21:14:10,411 - INFO - The train loss is 0.007948. The valid loss is 0.007816.
2022-05-17 21:14:10,415 - INFO - Epoch 304/500
2022-05-17 21:14:10,833 - INFO - The train loss is 0.007929. The valid loss is 0.007789.
2022-05-17 21:14:10,838 - INFO - Epoch 305/500
2022-05-17 21:14:11,257 - INFO - The train loss is 0.007903. The valid loss is 0.007763.
2022-05-17 21:14:11,261 - INFO - Epoch 306/500
2022-05-17 21:14:11,673 - INFO - The train loss is 0.007885. The valid loss is 0.007736.
2022-05-17 21:14:11,677 - INFO - Epoch 307/500
2022-05-17 21:14:12,092 - INFO - The train loss is 0.007849. The valid loss is 0.007709.
2022-05-17 21:14:12,097 - INFO - Epoch 308/500
2022-05-17 21:14:12,514 - INFO - The train loss is 0.007826. The valid loss is 0.007683.
2022-05-17 21:14:12,519 - INFO - Epoch 309/500
2022-05-17 21:14:12,941 - INFO - The train loss is 0.007819. The valid loss is 0.007657.
2022-05-17 21:14:12,945 - INFO - Epoch 310/500
2022-05-17 21:14:13,368 - INFO - The train loss is 0.007785. The valid loss is 0.007630.
2022-05-17 21:14:13,373 - INFO - Epoch 311/500
2022-05-17 21:14:13,797 - INFO - The train loss is 0.007751. The valid loss is 0.007604.
2022-05-17 21:14:13,802 - INFO - Epoch 312/500
2022-05-17 21:14:14,223 - INFO - The train loss is 0.007729. The valid loss is 0.007578.
2022-05-17 21:14:14,227 - INFO - Epoch 313/500
2022-05-17 21:14:14,645 - INFO - The train loss is 0.007727. The valid loss is 0.007552.
2022-05-17 21:14:14,650 - INFO - Epoch 314/500
2022-05-17 21:14:15,071 - INFO - The train loss is 0.007680. The valid loss is 0.007526.
2022-05-17 21:14:15,076 - INFO - Epoch 315/500
2022-05-17 21:14:15,495 - INFO - The train loss is 0.007654. The valid loss is 0.007500.
2022-05-17 21:14:15,500 - INFO - Epoch 316/500
2022-05-17 21:14:15,918 - INFO - The train loss is 0.007651. The valid loss is 0.007475.
2022-05-17 21:14:15,923 - INFO - Epoch 317/500
2022-05-17 21:14:16,339 - INFO - The train loss is 0.007619. The valid loss is 0.007449.
2022-05-17 21:14:16,344 - INFO - Epoch 318/500
2022-05-17 21:14:16,761 - INFO - The train loss is 0.007584. The valid loss is 0.007424.
2022-05-17 21:14:16,766 - INFO - Epoch 319/500
2022-05-17 21:14:17,186 - INFO - The train loss is 0.007573. The valid loss is 0.007398.
2022-05-17 21:14:17,190 - INFO - Epoch 320/500
2022-05-17 21:14:17,607 - INFO - The train loss is 0.007541. The valid loss is 0.007373.
2022-05-17 21:14:17,612 - INFO - Epoch 321/500
2022-05-17 21:14:18,023 - INFO - The train loss is 0.007520. The valid loss is 0.007348.
2022-05-17 21:14:18,029 - INFO - Epoch 322/500
2022-05-17 21:14:18,441 - INFO - The train loss is 0.007486. The valid loss is 0.007323.
2022-05-17 21:14:18,445 - INFO - Epoch 323/500
2022-05-17 21:14:18,862 - INFO - The train loss is 0.007464. The valid loss is 0.007298.
2022-05-17 21:14:18,867 - INFO - Epoch 324/500
2022-05-17 21:14:19,286 - INFO - The train loss is 0.007448. The valid loss is 0.007273.
2022-05-17 21:14:19,291 - INFO - Epoch 325/500
2022-05-17 21:14:19,709 - INFO - The train loss is 0.007425. The valid loss is 0.007248.
2022-05-17 21:14:19,714 - INFO - Epoch 326/500
2022-05-17 21:14:20,132 - INFO - The train loss is 0.007406. The valid loss is 0.007223.
2022-05-17 21:14:20,137 - INFO - Epoch 327/500
2022-05-17 21:14:20,549 - INFO - The train loss is 0.007384. The valid loss is 0.007198.
2022-05-17 21:14:20,554 - INFO - Epoch 328/500
2022-05-17 21:14:20,974 - INFO - The train loss is 0.007359. The valid loss is 0.007173.
2022-05-17 21:14:20,978 - INFO - Epoch 329/500
2022-05-17 21:14:21,396 - INFO - The train loss is 0.007345. The valid loss is 0.007149.
2022-05-17 21:14:21,401 - INFO - Epoch 330/500
2022-05-17 21:14:21,821 - INFO - The train loss is 0.007308. The valid loss is 0.007125.
2022-05-17 21:14:21,826 - INFO - Epoch 331/500
2022-05-17 21:14:22,251 - INFO - The train loss is 0.007285. The valid loss is 0.007100.
2022-05-17 21:14:22,255 - INFO - Epoch 332/500
2022-05-17 21:14:22,679 - INFO - The train loss is 0.007264. The valid loss is 0.007076.
2022-05-17 21:14:22,684 - INFO - Epoch 333/500
2022-05-17 21:14:23,110 - INFO - The train loss is 0.007247. The valid loss is 0.007052.
2022-05-17 21:14:23,114 - INFO - Epoch 334/500
2022-05-17 21:14:23,539 - INFO - The train loss is 0.007227. The valid loss is 0.007027.
2022-05-17 21:14:23,544 - INFO - Epoch 335/500
2022-05-17 21:14:23,968 - INFO - The train loss is 0.007200. The valid loss is 0.007003.
2022-05-17 21:14:23,972 - INFO - Epoch 336/500
2022-05-17 21:14:24,393 - INFO - The train loss is 0.007178. The valid loss is 0.006979.
2022-05-17 21:14:24,397 - INFO - Epoch 337/500
2022-05-17 21:14:24,818 - INFO - The train loss is 0.007152. The valid loss is 0.006956.
2022-05-17 21:14:24,823 - INFO - Epoch 338/500
2022-05-17 21:14:25,239 - INFO - The train loss is 0.007133. The valid loss is 0.006932.
2022-05-17 21:14:25,244 - INFO - Epoch 339/500
2022-05-17 21:14:25,678 - INFO - The train loss is 0.007103. The valid loss is 0.006908.
2022-05-17 21:14:25,682 - INFO - Epoch 340/500
2022-05-17 21:14:26,114 - INFO - The train loss is 0.007085. The valid loss is 0.006884.
2022-05-17 21:14:26,119 - INFO - Epoch 341/500
2022-05-17 21:14:26,545 - INFO - The train loss is 0.007063. The valid loss is 0.006861.
2022-05-17 21:14:26,549 - INFO - Epoch 342/500
2022-05-17 21:14:26,968 - INFO - The train loss is 0.007038. The valid loss is 0.006837.
2022-05-17 21:14:26,973 - INFO - Epoch 343/500
2022-05-17 21:14:27,392 - INFO - The train loss is 0.007019. The valid loss is 0.006814.
2022-05-17 21:14:27,396 - INFO - Epoch 344/500
2022-05-17 21:14:27,816 - INFO - The train loss is 0.006999. The valid loss is 0.006790.
2022-05-17 21:14:27,820 - INFO - Epoch 345/500
2022-05-17 21:14:28,239 - INFO - The train loss is 0.006984. The valid loss is 0.006767.
2022-05-17 21:14:28,243 - INFO - Epoch 346/500
2022-05-17 21:14:28,665 - INFO - The train loss is 0.006961. The valid loss is 0.006744.
2022-05-17 21:14:28,670 - INFO - Epoch 347/500
2022-05-17 21:14:29,090 - INFO - The train loss is 0.006937. The valid loss is 0.006721.
2022-05-17 21:14:29,095 - INFO - Epoch 348/500
2022-05-17 21:14:29,523 - INFO - The train loss is 0.006912. The valid loss is 0.006698.
2022-05-17 21:14:29,528 - INFO - Epoch 349/500
2022-05-17 21:14:29,946 - INFO - The train loss is 0.006887. The valid loss is 0.006675.
2022-05-17 21:14:29,951 - INFO - Epoch 350/500
2022-05-17 21:14:30,391 - INFO - The train loss is 0.006874. The valid loss is 0.006652.
2022-05-17 21:14:30,396 - INFO - Epoch 351/500
2022-05-17 21:14:30,816 - INFO - The train loss is 0.006850. The valid loss is 0.006629.
2022-05-17 21:14:30,820 - INFO - Epoch 352/500
2022-05-17 21:14:31,240 - INFO - The train loss is 0.006817. The valid loss is 0.006607.
2022-05-17 21:14:31,245 - INFO - Epoch 353/500
2022-05-17 21:14:31,666 - INFO - The train loss is 0.006815. The valid loss is 0.006584.
2022-05-17 21:14:31,671 - INFO - Epoch 354/500
2022-05-17 21:14:32,089 - INFO - The train loss is 0.006786. The valid loss is 0.006562.
2022-05-17 21:14:32,094 - INFO - Epoch 355/500
2022-05-17 21:14:32,511 - INFO - The train loss is 0.006765. The valid loss is 0.006539.
2022-05-17 21:14:32,515 - INFO - Epoch 356/500
2022-05-17 21:14:32,933 - INFO - The train loss is 0.006735. The valid loss is 0.006517.
2022-05-17 21:14:32,938 - INFO - Epoch 357/500
2022-05-17 21:14:33,363 - INFO - The train loss is 0.006724. The valid loss is 0.006494.
2022-05-17 21:14:33,367 - INFO - Epoch 358/500
2022-05-17 21:14:33,789 - INFO - The train loss is 0.006698. The valid loss is 0.006472.
2022-05-17 21:14:33,794 - INFO - Epoch 359/500
2022-05-17 21:14:34,218 - INFO - The train loss is 0.006692. The valid loss is 0.006450.
2022-05-17 21:14:34,222 - INFO - Epoch 360/500
2022-05-17 21:14:34,645 - INFO - The train loss is 0.006663. The valid loss is 0.006428.
2022-05-17 21:14:34,650 - INFO - Epoch 361/500
2022-05-17 21:14:35,077 - INFO - The train loss is 0.006640. The valid loss is 0.006405.
2022-05-17 21:14:35,081 - INFO - Epoch 362/500
2022-05-17 21:14:35,503 - INFO - The train loss is 0.006616. The valid loss is 0.006383.
2022-05-17 21:14:35,508 - INFO - Epoch 363/500
2022-05-17 21:14:35,929 - INFO - The train loss is 0.006591. The valid loss is 0.006361.
2022-05-17 21:14:35,933 - INFO - Epoch 364/500
2022-05-17 21:14:36,355 - INFO - The train loss is 0.006573. The valid loss is 0.006340.
2022-05-17 21:14:36,360 - INFO - Epoch 365/500
2022-05-17 21:14:36,778 - INFO - The train loss is 0.006549. The valid loss is 0.006318.
2022-05-17 21:14:36,783 - INFO - Epoch 366/500
2022-05-17 21:14:37,198 - INFO - The train loss is 0.006536. The valid loss is 0.006296.
2022-05-17 21:14:37,203 - INFO - Epoch 367/500
2022-05-17 21:14:37,619 - INFO - The train loss is 0.006519. The valid loss is 0.006274.
2022-05-17 21:14:37,624 - INFO - Epoch 368/500
2022-05-17 21:14:38,044 - INFO - The train loss is 0.006498. The valid loss is 0.006253.
2022-05-17 21:14:38,048 - INFO - Epoch 369/500
2022-05-17 21:14:38,464 - INFO - The train loss is 0.006475. The valid loss is 0.006231.
2022-05-17 21:14:38,469 - INFO - Epoch 370/500
2022-05-17 21:14:38,887 - INFO - The train loss is 0.006447. The valid loss is 0.006210.
2022-05-17 21:14:38,892 - INFO - Epoch 371/500
2022-05-17 21:14:39,309 - INFO - The train loss is 0.006446. The valid loss is 0.006188.
2022-05-17 21:14:39,314 - INFO - Epoch 372/500
2022-05-17 21:14:39,728 - INFO - The train loss is 0.006409. The valid loss is 0.006167.
2022-05-17 21:14:39,732 - INFO - Epoch 373/500
2022-05-17 21:14:40,153 - INFO - The train loss is 0.006386. The valid loss is 0.006146.
2022-05-17 21:14:40,157 - INFO - Epoch 374/500
2022-05-17 21:14:40,575 - INFO - The train loss is 0.006376. The valid loss is 0.006125.
2022-05-17 21:14:40,579 - INFO - Epoch 375/500
2022-05-17 21:14:40,998 - INFO - The train loss is 0.006364. The valid loss is 0.006104.
2022-05-17 21:14:41,003 - INFO - Epoch 376/500
2022-05-17 21:14:41,419 - INFO - The train loss is 0.006334. The valid loss is 0.006083.
2022-05-17 21:14:41,424 - INFO - Epoch 377/500
2022-05-17 21:14:41,841 - INFO - The train loss is 0.006323. The valid loss is 0.006062.
2022-05-17 21:14:41,846 - INFO - Epoch 378/500
2022-05-17 21:14:42,261 - INFO - The train loss is 0.006291. The valid loss is 0.006041.
2022-05-17 21:14:42,265 - INFO - Epoch 379/500
2022-05-17 21:14:42,680 - INFO - The train loss is 0.006277. The valid loss is 0.006020.
2022-05-17 21:14:42,685 - INFO - Epoch 380/500
2022-05-17 21:14:43,106 - INFO - The train loss is 0.006260. The valid loss is 0.005999.
2022-05-17 21:14:43,110 - INFO - Epoch 381/500
2022-05-17 21:14:43,527 - INFO - The train loss is 0.006235. The valid loss is 0.005979.
2022-05-17 21:14:43,533 - INFO - Epoch 382/500
2022-05-17 21:14:43,949 - INFO - The train loss is 0.006221. The valid loss is 0.005958.
2022-05-17 21:14:43,954 - INFO - Epoch 383/500
2022-05-17 21:14:44,373 - INFO - The train loss is 0.006201. The valid loss is 0.005937.
2022-05-17 21:14:44,378 - INFO - Epoch 384/500
2022-05-17 21:14:44,800 - INFO - The train loss is 0.006178. The valid loss is 0.005917.
2022-05-17 21:14:44,805 - INFO - Epoch 385/500
2022-05-17 21:14:45,220 - INFO - The train loss is 0.006162. The valid loss is 0.005897.
2022-05-17 21:14:45,225 - INFO - Epoch 386/500
2022-05-17 21:14:45,654 - INFO - The train loss is 0.006148. The valid loss is 0.005876.
2022-05-17 21:14:45,659 - INFO - Epoch 387/500
2022-05-17 21:14:46,074 - INFO - The train loss is 0.006120. The valid loss is 0.005856.
2022-05-17 21:14:46,078 - INFO - Epoch 388/500
2022-05-17 21:14:46,511 - INFO - The train loss is 0.006104. The valid loss is 0.005836.
2022-05-17 21:14:46,516 - INFO - Epoch 389/500
2022-05-17 21:14:46,961 - INFO - The train loss is 0.006086. The valid loss is 0.005816.
2022-05-17 21:14:46,966 - INFO - Epoch 390/500
2022-05-17 21:14:47,382 - INFO - The train loss is 0.006068. The valid loss is 0.005796.
2022-05-17 21:14:47,386 - INFO - Epoch 391/500
2022-05-17 21:14:47,822 - INFO - The train loss is 0.006051. The valid loss is 0.005776.
2022-05-17 21:14:47,827 - INFO - Epoch 392/500
2022-05-17 21:14:48,257 - INFO - The train loss is 0.006029. The valid loss is 0.005756.
2022-05-17 21:14:48,261 - INFO - Epoch 393/500
2022-05-17 21:14:48,678 - INFO - The train loss is 0.006015. The valid loss is 0.005736.
2022-05-17 21:14:48,683 - INFO - Epoch 394/500
2022-05-17 21:14:49,101 - INFO - The train loss is 0.005995. The valid loss is 0.005716.
2022-05-17 21:14:49,105 - INFO - Epoch 395/500
2022-05-17 21:14:49,528 - INFO - The train loss is 0.005965. The valid loss is 0.005696.
2022-05-17 21:14:49,533 - INFO - Epoch 396/500
2022-05-17 21:14:49,956 - INFO - The train loss is 0.005958. The valid loss is 0.005677.
2022-05-17 21:14:49,961 - INFO - Epoch 397/500
2022-05-17 21:14:50,383 - INFO - The train loss is 0.005931. The valid loss is 0.005657.
2022-05-17 21:14:50,388 - INFO - Epoch 398/500
2022-05-17 21:14:50,809 - INFO - The train loss is 0.005918. The valid loss is 0.005637.
2022-05-17 21:14:50,814 - INFO - Epoch 399/500
2022-05-17 21:14:51,230 - INFO - The train loss is 0.005898. The valid loss is 0.005618.
2022-05-17 21:14:51,234 - INFO - Epoch 400/500
2022-05-17 21:14:51,657 - INFO - The train loss is 0.005885. The valid loss is 0.005599.
2022-05-17 21:14:51,662 - INFO - Epoch 401/500
2022-05-17 21:14:52,087 - INFO - The train loss is 0.005858. The valid loss is 0.005579.
2022-05-17 21:14:52,092 - INFO - Epoch 402/500
2022-05-17 21:14:52,510 - INFO - The train loss is 0.005848. The valid loss is 0.005560.
2022-05-17 21:14:52,515 - INFO - Epoch 403/500
2022-05-17 21:14:52,939 - INFO - The train loss is 0.005828. The valid loss is 0.005541.
2022-05-17 21:14:52,945 - INFO - Epoch 404/500
2022-05-17 21:14:53,365 - INFO - The train loss is 0.005813. The valid loss is 0.005521.
2022-05-17 21:14:53,369 - INFO - Epoch 405/500
2022-05-17 21:14:53,794 - INFO - The train loss is 0.005794. The valid loss is 0.005502.
2022-05-17 21:14:53,800 - INFO - Epoch 406/500
2022-05-17 21:14:54,227 - INFO - The train loss is 0.005772. The valid loss is 0.005483.
2022-05-17 21:14:54,232 - INFO - Epoch 407/500
2022-05-17 21:14:54,661 - INFO - The train loss is 0.005755. The valid loss is 0.005464.
2022-05-17 21:14:54,666 - INFO - Epoch 408/500
2022-05-17 21:14:55,083 - INFO - The train loss is 0.005739. The valid loss is 0.005445.
2022-05-17 21:14:55,087 - INFO - Epoch 409/500
2022-05-17 21:14:55,503 - INFO - The train loss is 0.005722. The valid loss is 0.005426.
2022-05-17 21:14:55,507 - INFO - Epoch 410/500
2022-05-17 21:14:55,927 - INFO - The train loss is 0.005706. The valid loss is 0.005407.
2022-05-17 21:14:55,931 - INFO - Epoch 411/500
2022-05-17 21:14:56,362 - INFO - The train loss is 0.005693. The valid loss is 0.005389.
2022-05-17 21:14:56,367 - INFO - Epoch 412/500
2022-05-17 21:14:56,792 - INFO - The train loss is 0.005678. The valid loss is 0.005370.
2022-05-17 21:14:56,797 - INFO - Epoch 413/500
2022-05-17 21:14:57,224 - INFO - The train loss is 0.005651. The valid loss is 0.005351.
2022-05-17 21:14:57,229 - INFO - Epoch 414/500
2022-05-17 21:14:57,653 - INFO - The train loss is 0.005628. The valid loss is 0.005333.
2022-05-17 21:14:57,659 - INFO - Epoch 415/500
2022-05-17 21:14:58,088 - INFO - The train loss is 0.005612. The valid loss is 0.005314.
2022-05-17 21:14:58,092 - INFO - Epoch 416/500
2022-05-17 21:14:58,519 - INFO - The train loss is 0.005596. The valid loss is 0.005295.
2022-05-17 21:14:58,524 - INFO - Epoch 417/500
2022-05-17 21:14:58,951 - INFO - The train loss is 0.005584. The valid loss is 0.005277.
2022-05-17 21:14:58,956 - INFO - Epoch 418/500
2022-05-17 21:14:59,379 - INFO - The train loss is 0.005561. The valid loss is 0.005259.
2022-05-17 21:14:59,384 - INFO - Epoch 419/500
2022-05-17 21:14:59,798 - INFO - The train loss is 0.005545. The valid loss is 0.005240.
2022-05-17 21:14:59,811 - INFO - Epoch 420/500
2022-05-17 21:15:00,220 - INFO - The train loss is 0.005525. The valid loss is 0.005222.
2022-05-17 21:15:00,225 - INFO - Epoch 421/500
2022-05-17 21:15:00,663 - INFO - The train loss is 0.005515. The valid loss is 0.005204.
2022-05-17 21:15:00,668 - INFO - Epoch 422/500
2022-05-17 21:15:01,092 - INFO - The train loss is 0.005486. The valid loss is 0.005185.
2022-05-17 21:15:01,096 - INFO - Epoch 423/500
2022-05-17 21:15:01,507 - INFO - The train loss is 0.005482. The valid loss is 0.005167.
2022-05-17 21:15:01,512 - INFO - Epoch 424/500
2022-05-17 21:15:01,926 - INFO - The train loss is 0.005460. The valid loss is 0.005150.
2022-05-17 21:15:01,931 - INFO - Epoch 425/500
2022-05-17 21:15:02,346 - INFO - The train loss is 0.005447. The valid loss is 0.005132.
2022-05-17 21:15:02,350 - INFO - Epoch 426/500
2022-05-17 21:15:02,797 - INFO - The train loss is 0.005424. The valid loss is 0.005114.
2022-05-17 21:15:02,802 - INFO - Epoch 427/500
2022-05-17 21:15:03,245 - INFO - The train loss is 0.005415. The valid loss is 0.005096.
2022-05-17 21:15:03,250 - INFO - Epoch 428/500
2022-05-17 21:15:03,674 - INFO - The train loss is 0.005388. The valid loss is 0.005078.
2022-05-17 21:15:03,679 - INFO - Epoch 429/500
2022-05-17 21:15:04,097 - INFO - The train loss is 0.005382. The valid loss is 0.005060.
2022-05-17 21:15:04,102 - INFO - Epoch 430/500
2022-05-17 21:15:04,514 - INFO - The train loss is 0.005358. The valid loss is 0.005043.
2022-05-17 21:15:04,519 - INFO - Epoch 431/500
2022-05-17 21:15:04,930 - INFO - The train loss is 0.005343. The valid loss is 0.005025.
2022-05-17 21:15:04,934 - INFO - Epoch 432/500
2022-05-17 21:15:05,356 - INFO - The train loss is 0.005315. The valid loss is 0.005007.
2022-05-17 21:15:05,360 - INFO - Epoch 433/500
2022-05-17 21:15:05,777 - INFO - The train loss is 0.005302. The valid loss is 0.004990.
2022-05-17 21:15:05,782 - INFO - Epoch 434/500
2022-05-17 21:15:06,205 - INFO - The train loss is 0.005290. The valid loss is 0.004973.
2022-05-17 21:15:06,210 - INFO - Epoch 435/500
2022-05-17 21:15:06,627 - INFO - The train loss is 0.005281. The valid loss is 0.004956.
2022-05-17 21:15:06,632 - INFO - Epoch 436/500
2022-05-17 21:15:07,055 - INFO - The train loss is 0.005261. The valid loss is 0.004938.
2022-05-17 21:15:07,059 - INFO - Epoch 437/500
2022-05-17 21:15:07,480 - INFO - The train loss is 0.005242. The valid loss is 0.004921.
2022-05-17 21:15:07,484 - INFO - Epoch 438/500
2022-05-17 21:15:07,903 - INFO - The train loss is 0.005228. The valid loss is 0.004904.
2022-05-17 21:15:07,908 - INFO - Epoch 439/500
2022-05-17 21:15:08,325 - INFO - The train loss is 0.005210. The valid loss is 0.004886.
2022-05-17 21:15:08,330 - INFO - Epoch 440/500
2022-05-17 21:15:08,751 - INFO - The train loss is 0.005197. The valid loss is 0.004869.
2022-05-17 21:15:08,756 - INFO - Epoch 441/500
2022-05-17 21:15:09,176 - INFO - The train loss is 0.005180. The valid loss is 0.004852.
2022-05-17 21:15:09,181 - INFO - Epoch 442/500
2022-05-17 21:15:09,600 - INFO - The train loss is 0.005162. The valid loss is 0.004835.
2022-05-17 21:15:09,605 - INFO - Epoch 443/500
2022-05-17 21:15:10,026 - INFO - The train loss is 0.005144. The valid loss is 0.004818.
2022-05-17 21:15:10,032 - INFO - Epoch 444/500
2022-05-17 21:15:10,452 - INFO - The train loss is 0.005138. The valid loss is 0.004801.
2022-05-17 21:15:10,457 - INFO - Epoch 445/500
2022-05-17 21:15:10,871 - INFO - The train loss is 0.005100. The valid loss is 0.004784.
2022-05-17 21:15:10,876 - INFO - Epoch 446/500
2022-05-17 21:15:11,292 - INFO - The train loss is 0.005091. The valid loss is 0.004768.
2022-05-17 21:15:11,297 - INFO - Epoch 447/500
2022-05-17 21:15:11,716 - INFO - The train loss is 0.005087. The valid loss is 0.004751.
2022-05-17 21:15:11,721 - INFO - Epoch 448/500
2022-05-17 21:15:12,144 - INFO - The train loss is 0.005077. The valid loss is 0.004734.
2022-05-17 21:15:12,148 - INFO - Epoch 449/500
2022-05-17 21:15:12,569 - INFO - The train loss is 0.005049. The valid loss is 0.004718.
2022-05-17 21:15:12,574 - INFO - Epoch 450/500
2022-05-17 21:15:12,998 - INFO - The train loss is 0.005032. The valid loss is 0.004701.
2022-05-17 21:15:13,003 - INFO - Epoch 451/500
2022-05-17 21:15:13,423 - INFO - The train loss is 0.005022. The valid loss is 0.004684.
2022-05-17 21:15:13,428 - INFO - Epoch 452/500
2022-05-17 21:15:13,843 - INFO - The train loss is 0.004997. The valid loss is 0.004668.
2022-05-17 21:15:13,848 - INFO - Epoch 453/500
2022-05-17 21:15:14,272 - INFO - The train loss is 0.004979. The valid loss is 0.004651.
2022-05-17 21:15:14,277 - INFO - Epoch 454/500
2022-05-17 21:15:14,699 - INFO - The train loss is 0.004962. The valid loss is 0.004635.
2022-05-17 21:15:14,704 - INFO - Epoch 455/500
2022-05-17 21:15:15,128 - INFO - The train loss is 0.004956. The valid loss is 0.004619.
2022-05-17 21:15:15,132 - INFO - Epoch 456/500
2022-05-17 21:15:15,549 - INFO - The train loss is 0.004935. The valid loss is 0.004603.
2022-05-17 21:15:15,554 - INFO - Epoch 457/500
2022-05-17 21:15:15,973 - INFO - The train loss is 0.004918. The valid loss is 0.004586.
2022-05-17 21:15:15,978 - INFO - Epoch 458/500
2022-05-17 21:15:16,391 - INFO - The train loss is 0.004917. The valid loss is 0.004570.
2022-05-17 21:15:16,396 - INFO - Epoch 459/500
2022-05-17 21:15:16,809 - INFO - The train loss is 0.004898. The valid loss is 0.004554.
2022-05-17 21:15:16,813 - INFO - Epoch 460/500
2022-05-17 21:15:17,228 - INFO - The train loss is 0.004886. The valid loss is 0.004538.
2022-05-17 21:15:17,234 - INFO - Epoch 461/500
2022-05-17 21:15:17,652 - INFO - The train loss is 0.004875. The valid loss is 0.004522.
2022-05-17 21:15:17,657 - INFO - Epoch 462/500
2022-05-17 21:15:18,075 - INFO - The train loss is 0.004845. The valid loss is 0.004506.
2022-05-17 21:15:18,080 - INFO - Epoch 463/500
2022-05-17 21:15:18,498 - INFO - The train loss is 0.004836. The valid loss is 0.004490.
2022-05-17 21:15:18,503 - INFO - Epoch 464/500
2022-05-17 21:15:18,945 - INFO - The train loss is 0.004817. The valid loss is 0.004474.
2022-05-17 21:15:18,950 - INFO - Epoch 465/500
2022-05-17 21:15:19,387 - INFO - The train loss is 0.004802. The valid loss is 0.004458.
2022-05-17 21:15:19,392 - INFO - Epoch 466/500
2022-05-17 21:15:19,821 - INFO - The train loss is 0.004789. The valid loss is 0.004443.
2022-05-17 21:15:19,826 - INFO - Epoch 467/500
2022-05-17 21:15:20,247 - INFO - The train loss is 0.004770. The valid loss is 0.004427.
2022-05-17 21:15:20,252 - INFO - Epoch 468/500
2022-05-17 21:15:20,673 - INFO - The train loss is 0.004760. The valid loss is 0.004411.
2022-05-17 21:15:20,678 - INFO - Epoch 469/500
2022-05-17 21:15:21,103 - INFO - The train loss is 0.004738. The valid loss is 0.004396.
2022-05-17 21:15:21,107 - INFO - Epoch 470/500
2022-05-17 21:15:21,529 - INFO - The train loss is 0.004723. The valid loss is 0.004380.
2022-05-17 21:15:21,534 - INFO - Epoch 471/500
2022-05-17 21:15:21,963 - INFO - The train loss is 0.004718. The valid loss is 0.004365.
2022-05-17 21:15:21,968 - INFO - Epoch 472/500
2022-05-17 21:15:22,397 - INFO - The train loss is 0.004708. The valid loss is 0.004349.
2022-05-17 21:15:22,402 - INFO - Epoch 473/500
2022-05-17 21:15:22,833 - INFO - The train loss is 0.004685. The valid loss is 0.004334.
2022-05-17 21:15:22,837 - INFO - Epoch 474/500
2022-05-17 21:15:23,268 - INFO - The train loss is 0.004672. The valid loss is 0.004318.
2022-05-17 21:15:23,273 - INFO - Epoch 475/500
2022-05-17 21:15:23,713 - INFO - The train loss is 0.004659. The valid loss is 0.004303.
2022-05-17 21:15:23,718 - INFO - Epoch 476/500
2022-05-17 21:15:24,148 - INFO - The train loss is 0.004640. The valid loss is 0.004288.
2022-05-17 21:15:24,153 - INFO - Epoch 477/500
2022-05-17 21:15:24,584 - INFO - The train loss is 0.004634. The valid loss is 0.004272.
2022-05-17 21:15:24,589 - INFO - Epoch 478/500
2022-05-17 21:15:25,021 - INFO - The train loss is 0.004606. The valid loss is 0.004257.
2022-05-17 21:15:25,025 - INFO - Epoch 479/500
2022-05-17 21:15:25,444 - INFO - The train loss is 0.004595. The valid loss is 0.004242.
2022-05-17 21:15:25,449 - INFO - Epoch 480/500
2022-05-17 21:15:25,877 - INFO - The train loss is 0.004588. The valid loss is 0.004227.
2022-05-17 21:15:25,882 - INFO - Epoch 481/500
2022-05-17 21:15:26,305 - INFO - The train loss is 0.004574. The valid loss is 0.004212.
2022-05-17 21:15:26,309 - INFO - Epoch 482/500
2022-05-17 21:15:26,732 - INFO - The train loss is 0.004555. The valid loss is 0.004197.
2022-05-17 21:15:26,737 - INFO - Epoch 483/500
2022-05-17 21:15:27,166 - INFO - The train loss is 0.004533. The valid loss is 0.004182.
2022-05-17 21:15:27,170 - INFO - Epoch 484/500
2022-05-17 21:15:27,597 - INFO - The train loss is 0.004530. The valid loss is 0.004167.
2022-05-17 21:15:27,602 - INFO - Epoch 485/500
2022-05-17 21:15:28,030 - INFO - The train loss is 0.004507. The valid loss is 0.004152.
2022-05-17 21:15:28,035 - INFO - Epoch 486/500
2022-05-17 21:15:28,459 - INFO - The train loss is 0.004504. The valid loss is 0.004137.
2022-05-17 21:15:28,463 - INFO - Epoch 487/500
2022-05-17 21:15:28,882 - INFO - The train loss is 0.004491. The valid loss is 0.004123.
2022-05-17 21:15:28,887 - INFO - Epoch 488/500
2022-05-17 21:15:29,305 - INFO - The train loss is 0.004469. The valid loss is 0.004108.
2022-05-17 21:15:29,310 - INFO - Epoch 489/500
2022-05-17 21:15:29,728 - INFO - The train loss is 0.004456. The valid loss is 0.004093.
2022-05-17 21:15:29,733 - INFO - Epoch 490/500
2022-05-17 21:15:30,152 - INFO - The train loss is 0.004449. The valid loss is 0.004079.
2022-05-17 21:15:30,157 - INFO - Epoch 491/500
2022-05-17 21:15:30,575 - INFO - The train loss is 0.004425. The valid loss is 0.004064.
2022-05-17 21:15:30,580 - INFO - Epoch 492/500
2022-05-17 21:15:31,002 - INFO - The train loss is 0.004412. The valid loss is 0.004050.
2022-05-17 21:15:31,007 - INFO - Epoch 493/500
2022-05-17 21:15:31,427 - INFO - The train loss is 0.004396. The valid loss is 0.004035.
2022-05-17 21:15:31,432 - INFO - Epoch 494/500
2022-05-17 21:15:31,850 - INFO - The train loss is 0.004388. The valid loss is 0.004021.
2022-05-17 21:15:31,855 - INFO - Epoch 495/500
2022-05-17 21:15:32,277 - INFO - The train loss is 0.004373. The valid loss is 0.004006.
2022-05-17 21:15:32,282 - INFO - Epoch 496/500
2022-05-17 21:15:32,701 - INFO - The train loss is 0.004355. The valid loss is 0.003992.
2022-05-17 21:15:32,706 - INFO - Epoch 497/500
2022-05-17 21:15:33,127 - INFO - The train loss is 0.004351. The valid loss is 0.003978.
2022-05-17 21:15:33,132 - INFO - Epoch 498/500
2022-05-17 21:15:33,553 - INFO - The train loss is 0.004332. The valid loss is 0.003963.
2022-05-17 21:15:33,556 - INFO - Epoch 499/500
2022-05-17 21:15:33,976 - INFO - The train loss is 0.004321. The valid loss is 0.003949.
2022-05-17 21:15:34,694 - INFO - The mean squared error of stock ['top blood velocity', 'bottom blood velocity'] is [0.00167907 0.00163188]
2022-05-17 21:15:34,728 - INFO - The predicted top blood velocity is: 58.82829526020621
2022-05-17 21:15:34,740 - INFO - The predicted bottom blood velocity is: 59.025021724384004
