2022-05-11 03:49:28,925 - INFO - 
Config:
'add_train': False
'batch_size': 501
'continue_flag': ''
'cur_time': '2022_05_11_03_49_28'
'debug_mode': False
'debug_num': 500
'do_continue_train': False
'do_figure_save': False
'do_log_print_to_screen': True
'do_log_save_to_file': True
'do_predict': True
'do_train': True
'do_train_visualized': False
'dropout_rate': 0.2
'epoch': 200
'feature_columns': [1, 2, 3, 4, 5]
'figure_save_path': './figure/'
'hidden_size': 256
'input_size': 5
'label_columns': [4, 5]
'label_in_feature_index': [3, 4]
'learning_rate': 0.0001
'log_save_path': './log/2022_05_11_03_49_28_pytorch/'
'lstm_layers': 2
'model_name': 'model_pytorch.pth'
'model_postfix': {'pytorch': '.pth'
'keras': '.h5'
'tensorflow': '.ckpt'}
'model_save_path': './checkpoint/pytorch/'
'output_size': 2
'patience': 3
'predict_day': 1
'random_seed': 42
'shuffle_train_data': True
'time_step': 501
'train_data_path': './gtau0.csv'
'train_data_rate': 0.9
'use_cuda': True
'used_frame': 'pytorch'
'valid_data_rate': 0.1
2022-05-11 03:49:31,250 - INFO - Epoch 0/200
2022-05-11 03:49:32,185 - INFO - The train loss is 0.888123. The valid loss is 0.857933.
2022-05-11 03:49:32,189 - INFO - Epoch 1/200
2022-05-11 03:49:32,662 - INFO - The train loss is 0.878180. The valid loss is 0.847921.
2022-05-11 03:49:32,667 - INFO - Epoch 2/200
2022-05-11 03:49:33,126 - INFO - The train loss is 0.868386. The valid loss is 0.837940.
2022-05-11 03:49:33,131 - INFO - Epoch 3/200
2022-05-11 03:49:33,567 - INFO - The train loss is 0.858532. The valid loss is 0.827894.
2022-05-11 03:49:33,572 - INFO - Epoch 4/200
2022-05-11 03:49:34,009 - INFO - The train loss is 0.848564. The valid loss is 0.817675.
2022-05-11 03:49:34,013 - INFO - Epoch 5/200
2022-05-11 03:49:34,447 - INFO - The train loss is 0.838439. The valid loss is 0.807166.
2022-05-11 03:49:34,452 - INFO - Epoch 6/200
2022-05-11 03:49:34,929 - INFO - The train loss is 0.827981. The valid loss is 0.796235.
2022-05-11 03:49:34,933 - INFO - Epoch 7/200
2022-05-11 03:49:35,408 - INFO - The train loss is 0.817029. The valid loss is 0.784739.
2022-05-11 03:49:35,412 - INFO - Epoch 8/200
2022-05-11 03:49:35,881 - INFO - The train loss is 0.805449. The valid loss is 0.772516.
2022-05-11 03:49:35,886 - INFO - Epoch 9/200
2022-05-11 03:49:36,361 - INFO - The train loss is 0.793082. The valid loss is 0.759385.
2022-05-11 03:49:36,365 - INFO - Epoch 10/200
2022-05-11 03:49:36,837 - INFO - The train loss is 0.779753. The valid loss is 0.745144.
2022-05-11 03:49:36,841 - INFO - Epoch 11/200
2022-05-11 03:49:37,310 - INFO - The train loss is 0.765204. The valid loss is 0.729554.
2022-05-11 03:49:37,315 - INFO - Epoch 12/200
2022-05-11 03:49:37,765 - INFO - The train loss is 0.749286. The valid loss is 0.712344.
2022-05-11 03:49:37,770 - INFO - Epoch 13/200
2022-05-11 03:49:38,213 - INFO - The train loss is 0.731589. The valid loss is 0.693191.
2022-05-11 03:49:38,219 - INFO - Epoch 14/200
2022-05-11 03:49:38,665 - INFO - The train loss is 0.711863. The valid loss is 0.671715.
2022-05-11 03:49:38,670 - INFO - Epoch 15/200
2022-05-11 03:49:39,115 - INFO - The train loss is 0.689742. The valid loss is 0.647466.
2022-05-11 03:49:39,119 - INFO - Epoch 16/200
2022-05-11 03:49:39,563 - INFO - The train loss is 0.664684. The valid loss is 0.619909.
2022-05-11 03:49:39,568 - INFO - Epoch 17/200
2022-05-11 03:49:40,006 - INFO - The train loss is 0.635995. The valid loss is 0.588408.
2022-05-11 03:49:40,011 - INFO - Epoch 18/200
2022-05-11 03:49:40,453 - INFO - The train loss is 0.603318. The valid loss is 0.552229.
2022-05-11 03:49:40,458 - INFO - Epoch 19/200
2022-05-11 03:49:40,901 - INFO - The train loss is 0.565616. The valid loss is 0.510550.
2022-05-11 03:49:40,907 - INFO - Epoch 20/200
2022-05-11 03:49:41,352 - INFO - The train loss is 0.522249. The valid loss is 0.462546.
2022-05-11 03:49:41,357 - INFO - Epoch 21/200
2022-05-11 03:49:41,804 - INFO - The train loss is 0.472434. The valid loss is 0.407641.
2022-05-11 03:49:41,809 - INFO - Epoch 22/200
2022-05-11 03:49:42,273 - INFO - The train loss is 0.415369. The valid loss is 0.346169.
2022-05-11 03:49:42,277 - INFO - Epoch 23/200
2022-05-11 03:49:42,730 - INFO - The train loss is 0.352274. The valid loss is 0.280973.
2022-05-11 03:49:42,734 - INFO - Epoch 24/200
2022-05-11 03:49:43,186 - INFO - The train loss is 0.286261. The valid loss is 0.220446.
2022-05-11 03:49:43,191 - INFO - Epoch 25/200
2022-05-11 03:49:43,644 - INFO - The train loss is 0.227798. The valid loss is 0.180544.
2022-05-11 03:49:43,649 - INFO - Epoch 26/200
2022-05-11 03:49:44,115 - INFO - The train loss is 0.192354. The valid loss is 0.170173.
2022-05-11 03:49:44,120 - INFO - Epoch 27/200
2022-05-11 03:49:44,571 - INFO - The train loss is 0.180945. The valid loss is 0.165393.
2022-05-11 03:49:44,576 - INFO - Epoch 28/200
2022-05-11 03:49:45,026 - INFO - The train loss is 0.169872. The valid loss is 0.148081.
2022-05-11 03:49:45,031 - INFO - Epoch 29/200
2022-05-11 03:49:45,493 - INFO - The train loss is 0.148358. The valid loss is 0.124254.
2022-05-11 03:49:45,498 - INFO - Epoch 30/200
2022-05-11 03:49:45,973 - INFO - The train loss is 0.123763. The valid loss is 0.101108.
2022-05-11 03:49:45,978 - INFO - Epoch 31/200
2022-05-11 03:49:46,424 - INFO - The train loss is 0.101133. The valid loss is 0.081515.
2022-05-11 03:49:46,429 - INFO - Epoch 32/200
2022-05-11 03:49:46,883 - INFO - The train loss is 0.082482. The valid loss is 0.066739.
2022-05-11 03:49:46,889 - INFO - Epoch 33/200
2022-05-11 03:49:47,338 - INFO - The train loss is 0.068472. The valid loss is 0.057251.
2022-05-11 03:49:47,343 - INFO - Epoch 34/200
2022-05-11 03:49:47,796 - INFO - The train loss is 0.059365. The valid loss is 0.052160.
2022-05-11 03:49:47,801 - INFO - Epoch 35/200
2022-05-11 03:49:48,260 - INFO - The train loss is 0.053732. The valid loss is 0.049690.
2022-05-11 03:49:48,265 - INFO - Epoch 36/200
2022-05-11 03:49:48,740 - INFO - The train loss is 0.050242. The valid loss is 0.048289.
2022-05-11 03:49:48,745 - INFO - Epoch 37/200
2022-05-11 03:49:49,220 - INFO - The train loss is 0.047599. The valid loss is 0.047121.
2022-05-11 03:49:49,225 - INFO - Epoch 38/200
2022-05-11 03:49:49,680 - INFO - The train loss is 0.045377. The valid loss is 0.045838.
2022-05-11 03:49:49,685 - INFO - Epoch 39/200
2022-05-11 03:49:50,148 - INFO - The train loss is 0.043565. The valid loss is 0.044203.
2022-05-11 03:49:50,153 - INFO - Epoch 40/200
2022-05-11 03:49:50,603 - INFO - The train loss is 0.041986. The valid loss is 0.041977.
2022-05-11 03:49:50,608 - INFO - Epoch 41/200
2022-05-11 03:49:51,060 - INFO - The train loss is 0.040092. The valid loss is 0.039138.
2022-05-11 03:49:51,065 - INFO - Epoch 42/200
2022-05-11 03:49:51,517 - INFO - The train loss is 0.037785. The valid loss is 0.036021.
2022-05-11 03:49:51,522 - INFO - Epoch 43/200
2022-05-11 03:49:51,973 - INFO - The train loss is 0.035212. The valid loss is 0.033084.
2022-05-11 03:49:51,978 - INFO - Epoch 44/200
2022-05-11 03:49:52,433 - INFO - The train loss is 0.032677. The valid loss is 0.030580.
2022-05-11 03:49:52,438 - INFO - Epoch 45/200
2022-05-11 03:49:52,879 - INFO - The train loss is 0.030431. The valid loss is 0.028470.
2022-05-11 03:49:52,883 - INFO - Epoch 46/200
2022-05-11 03:49:53,336 - INFO - The train loss is 0.028295. The valid loss is 0.026552.
2022-05-11 03:49:53,340 - INFO - Epoch 47/200
2022-05-11 03:49:53,793 - INFO - The train loss is 0.026288. The valid loss is 0.024648.
2022-05-11 03:49:53,798 - INFO - Epoch 48/200
2022-05-11 03:49:54,254 - INFO - The train loss is 0.024378. The valid loss is 0.022747.
2022-05-11 03:49:54,259 - INFO - Epoch 49/200
2022-05-11 03:49:54,712 - INFO - The train loss is 0.022575. The valid loss is 0.021004.
2022-05-11 03:49:54,718 - INFO - Epoch 50/200
2022-05-11 03:49:55,171 - INFO - The train loss is 0.021023. The valid loss is 0.019593.
2022-05-11 03:49:55,176 - INFO - Epoch 51/200
2022-05-11 03:49:55,630 - INFO - The train loss is 0.019833. The valid loss is 0.018540.
2022-05-11 03:49:55,635 - INFO - Epoch 52/200
2022-05-11 03:49:56,096 - INFO - The train loss is 0.018899. The valid loss is 0.017717.
2022-05-11 03:49:56,100 - INFO - Epoch 53/200
2022-05-11 03:49:56,574 - INFO - The train loss is 0.018118. The valid loss is 0.016981.
2022-05-11 03:49:56,579 - INFO - Epoch 54/200
2022-05-11 03:49:57,017 - INFO - The train loss is 0.017367. The valid loss is 0.016293.
2022-05-11 03:49:57,022 - INFO - Epoch 55/200
2022-05-11 03:49:57,503 - INFO - The train loss is 0.016640. The valid loss is 0.015692.
2022-05-11 03:49:57,508 - INFO - Epoch 56/200
2022-05-11 03:49:57,985 - INFO - The train loss is 0.016075. The valid loss is 0.015190.
2022-05-11 03:49:57,990 - INFO - Epoch 57/200
2022-05-11 03:49:58,457 - INFO - The train loss is 0.015558. The valid loss is 0.014741.
2022-05-11 03:49:58,462 - INFO - Epoch 58/200
2022-05-11 03:49:58,938 - INFO - The train loss is 0.015098. The valid loss is 0.014303.
2022-05-11 03:49:58,943 - INFO - Epoch 59/200
2022-05-11 03:49:59,425 - INFO - The train loss is 0.014668. The valid loss is 0.013879.
2022-05-11 03:49:59,430 - INFO - Epoch 60/200
2022-05-11 03:49:59,907 - INFO - The train loss is 0.014252. The valid loss is 0.013500.
2022-05-11 03:49:59,911 - INFO - Epoch 61/200
2022-05-11 03:50:00,389 - INFO - The train loss is 0.013911. The valid loss is 0.013184.
2022-05-11 03:50:00,394 - INFO - Epoch 62/200
2022-05-11 03:50:00,872 - INFO - The train loss is 0.013593. The valid loss is 0.012924.
2022-05-11 03:50:00,877 - INFO - Epoch 63/200
2022-05-11 03:50:01,354 - INFO - The train loss is 0.013309. The valid loss is 0.012697.
2022-05-11 03:50:01,359 - INFO - Epoch 64/200
2022-05-11 03:50:01,826 - INFO - The train loss is 0.013123. The valid loss is 0.012487.
2022-05-11 03:50:01,830 - INFO - Epoch 65/200
2022-05-11 03:50:02,294 - INFO - The train loss is 0.012890. The valid loss is 0.012290.
2022-05-11 03:50:02,298 - INFO - Epoch 66/200
2022-05-11 03:50:02,779 - INFO - The train loss is 0.012638. The valid loss is 0.012109.
2022-05-11 03:50:02,785 - INFO - Epoch 67/200
2022-05-11 03:50:03,226 - INFO - The train loss is 0.012474. The valid loss is 0.011945.
2022-05-11 03:50:03,231 - INFO - Epoch 68/200
2022-05-11 03:50:03,713 - INFO - The train loss is 0.012308. The valid loss is 0.011798.
2022-05-11 03:50:03,718 - INFO - Epoch 69/200
2022-05-11 03:50:04,162 - INFO - The train loss is 0.012209. The valid loss is 0.011664.
2022-05-11 03:50:04,167 - INFO - Epoch 70/200
2022-05-11 03:50:04,634 - INFO - The train loss is 0.012095. The valid loss is 0.011545.
2022-05-11 03:50:04,644 - INFO - Epoch 71/200
2022-05-11 03:50:05,086 - INFO - The train loss is 0.011914. The valid loss is 0.011439.
2022-05-11 03:50:05,091 - INFO - Epoch 72/200
2022-05-11 03:50:05,556 - INFO - The train loss is 0.011832. The valid loss is 0.011340.
2022-05-11 03:50:05,561 - INFO - Epoch 73/200
2022-05-11 03:50:06,015 - INFO - The train loss is 0.011748. The valid loss is 0.011244.
2022-05-11 03:50:06,020 - INFO - Epoch 74/200
2022-05-11 03:50:06,463 - INFO - The train loss is 0.011631. The valid loss is 0.011146.
2022-05-11 03:50:06,467 - INFO - Epoch 75/200
2022-05-11 03:50:06,918 - INFO - The train loss is 0.011562. The valid loss is 0.011045.
2022-05-11 03:50:06,923 - INFO - Epoch 76/200
2022-05-11 03:50:07,375 - INFO - The train loss is 0.011460. The valid loss is 0.010946.
2022-05-11 03:50:07,380 - INFO - Epoch 77/200
2022-05-11 03:50:07,829 - INFO - The train loss is 0.011409. The valid loss is 0.010850.
2022-05-11 03:50:07,834 - INFO - Epoch 78/200
2022-05-11 03:50:08,286 - INFO - The train loss is 0.011284. The valid loss is 0.010760.
2022-05-11 03:50:08,290 - INFO - Epoch 79/200
2022-05-11 03:50:08,745 - INFO - The train loss is 0.011205. The valid loss is 0.010674.
2022-05-11 03:50:08,750 - INFO - Epoch 80/200
2022-05-11 03:50:09,203 - INFO - The train loss is 0.011148. The valid loss is 0.010592.
2022-05-11 03:50:09,207 - INFO - Epoch 81/200
2022-05-11 03:50:09,661 - INFO - The train loss is 0.011061. The valid loss is 0.010513.
2022-05-11 03:50:09,666 - INFO - Epoch 82/200
2022-05-11 03:50:10,116 - INFO - The train loss is 0.010968. The valid loss is 0.010436.
2022-05-11 03:50:10,120 - INFO - Epoch 83/200
2022-05-11 03:50:10,605 - INFO - The train loss is 0.010872. The valid loss is 0.010358.
2022-05-11 03:50:10,610 - INFO - Epoch 84/200
2022-05-11 03:50:11,089 - INFO - The train loss is 0.010825. The valid loss is 0.010281.
2022-05-11 03:50:11,094 - INFO - Epoch 85/200
2022-05-11 03:50:11,572 - INFO - The train loss is 0.010767. The valid loss is 0.010204.
2022-05-11 03:50:11,577 - INFO - Epoch 86/200
2022-05-11 03:50:12,038 - INFO - The train loss is 0.010687. The valid loss is 0.010129.
2022-05-11 03:50:12,043 - INFO - Epoch 87/200
2022-05-11 03:50:12,502 - INFO - The train loss is 0.010636. The valid loss is 0.010060.
2022-05-11 03:50:12,507 - INFO - Epoch 88/200
2022-05-11 03:50:12,961 - INFO - The train loss is 0.010581. The valid loss is 0.009993.
2022-05-11 03:50:12,966 - INFO - Epoch 89/200
2022-05-11 03:50:13,423 - INFO - The train loss is 0.010538. The valid loss is 0.009928.
2022-05-11 03:50:13,428 - INFO - Epoch 90/200
2022-05-11 03:50:13,884 - INFO - The train loss is 0.010406. The valid loss is 0.009862.
2022-05-11 03:50:13,889 - INFO - Epoch 91/200
2022-05-11 03:50:14,344 - INFO - The train loss is 0.010372. The valid loss is 0.009798.
2022-05-11 03:50:14,349 - INFO - Epoch 92/200
2022-05-11 03:50:14,805 - INFO - The train loss is 0.010324. The valid loss is 0.009734.
2022-05-11 03:50:14,810 - INFO - Epoch 93/200
2022-05-11 03:50:15,266 - INFO - The train loss is 0.010265. The valid loss is 0.009671.
2022-05-11 03:50:15,271 - INFO - Epoch 94/200
2022-05-11 03:50:15,731 - INFO - The train loss is 0.010237. The valid loss is 0.009610.
2022-05-11 03:50:15,736 - INFO - Epoch 95/200
2022-05-11 03:50:16,194 - INFO - The train loss is 0.010187. The valid loss is 0.009549.
2022-05-11 03:50:16,198 - INFO - Epoch 96/200
2022-05-11 03:50:16,674 - INFO - The train loss is 0.010098. The valid loss is 0.009489.
2022-05-11 03:50:16,679 - INFO - Epoch 97/200
2022-05-11 03:50:17,139 - INFO - The train loss is 0.010023. The valid loss is 0.009431.
2022-05-11 03:50:17,143 - INFO - Epoch 98/200
2022-05-11 03:50:17,612 - INFO - The train loss is 0.009980. The valid loss is 0.009374.
2022-05-11 03:50:17,617 - INFO - Epoch 99/200
2022-05-11 03:50:18,072 - INFO - The train loss is 0.009918. The valid loss is 0.009318.
2022-05-11 03:50:18,077 - INFO - Epoch 100/200
2022-05-11 03:50:18,541 - INFO - The train loss is 0.009899. The valid loss is 0.009266.
2022-05-11 03:50:18,546 - INFO - Epoch 101/200
2022-05-11 03:50:18,990 - INFO - The train loss is 0.009838. The valid loss is 0.009216.
2022-05-11 03:50:18,994 - INFO - Epoch 102/200
2022-05-11 03:50:19,447 - INFO - The train loss is 0.009805. The valid loss is 0.009168.
2022-05-11 03:50:19,451 - INFO - Epoch 103/200
2022-05-11 03:50:19,896 - INFO - The train loss is 0.009723. The valid loss is 0.009120.
2022-05-11 03:50:19,900 - INFO - Epoch 104/200
2022-05-11 03:50:20,349 - INFO - The train loss is 0.009678. The valid loss is 0.009070.
2022-05-11 03:50:20,354 - INFO - Epoch 105/200
2022-05-11 03:50:20,814 - INFO - The train loss is 0.009620. The valid loss is 0.009020.
2022-05-11 03:50:20,819 - INFO - Epoch 106/200
2022-05-11 03:50:21,270 - INFO - The train loss is 0.009540. The valid loss is 0.008971.
2022-05-11 03:50:21,274 - INFO - Epoch 107/200
2022-05-11 03:50:21,728 - INFO - The train loss is 0.009570. The valid loss is 0.008924.
2022-05-11 03:50:21,733 - INFO - Epoch 108/200
2022-05-11 03:50:22,193 - INFO - The train loss is 0.009477. The valid loss is 0.008878.
2022-05-11 03:50:22,198 - INFO - Epoch 109/200
2022-05-11 03:50:22,673 - INFO - The train loss is 0.009420. The valid loss is 0.008834.
2022-05-11 03:50:22,678 - INFO - Epoch 110/200
2022-05-11 03:50:23,161 - INFO - The train loss is 0.009423. The valid loss is 0.008790.
2022-05-11 03:50:23,167 - INFO - Epoch 111/200
2022-05-11 03:50:23,649 - INFO - The train loss is 0.009366. The valid loss is 0.008749.
2022-05-11 03:50:23,655 - INFO - Epoch 112/200
2022-05-11 03:50:24,114 - INFO - The train loss is 0.009341. The valid loss is 0.008710.
2022-05-11 03:50:24,121 - INFO - Epoch 113/200
2022-05-11 03:50:24,570 - INFO - The train loss is 0.009307. The valid loss is 0.008671.
2022-05-11 03:50:24,575 - INFO - Epoch 114/200
2022-05-11 03:50:25,062 - INFO - The train loss is 0.009247. The valid loss is 0.008632.
2022-05-11 03:50:25,067 - INFO - Epoch 115/200
2022-05-11 03:50:25,548 - INFO - The train loss is 0.009175. The valid loss is 0.008593.
2022-05-11 03:50:25,553 - INFO - Epoch 116/200
2022-05-11 03:50:25,994 - INFO - The train loss is 0.009168. The valid loss is 0.008555.
2022-05-11 03:50:26,000 - INFO - Epoch 117/200
2022-05-11 03:50:26,483 - INFO - The train loss is 0.009103. The valid loss is 0.008518.
2022-05-11 03:50:26,488 - INFO - Epoch 118/200
2022-05-11 03:50:26,976 - INFO - The train loss is 0.009102. The valid loss is 0.008483.
2022-05-11 03:50:26,981 - INFO - Epoch 119/200
2022-05-11 03:50:27,461 - INFO - The train loss is 0.009090. The valid loss is 0.008447.
2022-05-11 03:50:27,466 - INFO - Epoch 120/200
2022-05-11 03:50:27,924 - INFO - The train loss is 0.009076. The valid loss is 0.008412.
2022-05-11 03:50:27,928 - INFO - Epoch 121/200
2022-05-11 03:50:28,388 - INFO - The train loss is 0.009008. The valid loss is 0.008376.
2022-05-11 03:50:28,393 - INFO - Epoch 122/200
2022-05-11 03:50:28,854 - INFO - The train loss is 0.008995. The valid loss is 0.008342.
2022-05-11 03:50:28,859 - INFO - Epoch 123/200
2022-05-11 03:50:29,321 - INFO - The train loss is 0.008940. The valid loss is 0.008308.
2022-05-11 03:50:29,326 - INFO - Epoch 124/200
2022-05-11 03:50:29,788 - INFO - The train loss is 0.008893. The valid loss is 0.008276.
2022-05-11 03:50:29,793 - INFO - Epoch 125/200
2022-05-11 03:50:30,240 - INFO - The train loss is 0.008882. The valid loss is 0.008246.
2022-05-11 03:50:30,244 - INFO - Epoch 126/200
2022-05-11 03:50:30,712 - INFO - The train loss is 0.008833. The valid loss is 0.008216.
2022-05-11 03:50:30,719 - INFO - Epoch 127/200
2022-05-11 03:50:31,196 - INFO - The train loss is 0.008837. The valid loss is 0.008186.
2022-05-11 03:50:31,201 - INFO - Epoch 128/200
2022-05-11 03:50:31,674 - INFO - The train loss is 0.008733. The valid loss is 0.008155.
2022-05-11 03:50:31,680 - INFO - Epoch 129/200
2022-05-11 03:50:32,136 - INFO - The train loss is 0.008777. The valid loss is 0.008125.
2022-05-11 03:50:32,142 - INFO - Epoch 130/200
2022-05-11 03:50:32,622 - INFO - The train loss is 0.008726. The valid loss is 0.008096.
2022-05-11 03:50:32,627 - INFO - Epoch 131/200
2022-05-11 03:50:33,094 - INFO - The train loss is 0.008729. The valid loss is 0.008067.
2022-05-11 03:50:33,099 - INFO - Epoch 132/200
2022-05-11 03:50:33,568 - INFO - The train loss is 0.008688. The valid loss is 0.008040.
2022-05-11 03:50:33,575 - INFO - Epoch 133/200
2022-05-11 03:50:34,037 - INFO - The train loss is 0.008617. The valid loss is 0.008013.
2022-05-11 03:50:34,042 - INFO - Epoch 134/200
2022-05-11 03:50:34,496 - INFO - The train loss is 0.008610. The valid loss is 0.007986.
2022-05-11 03:50:34,501 - INFO - Epoch 135/200
2022-05-11 03:50:34,956 - INFO - The train loss is 0.008596. The valid loss is 0.007958.
2022-05-11 03:50:34,960 - INFO - Epoch 136/200
2022-05-11 03:50:35,433 - INFO - The train loss is 0.008551. The valid loss is 0.007931.
2022-05-11 03:50:35,439 - INFO - Epoch 137/200
2022-05-11 03:50:35,925 - INFO - The train loss is 0.008538. The valid loss is 0.007903.
2022-05-11 03:50:35,930 - INFO - Epoch 138/200
2022-05-11 03:50:36,399 - INFO - The train loss is 0.008540. The valid loss is 0.007877.
2022-05-11 03:50:36,404 - INFO - Epoch 139/200
2022-05-11 03:50:36,898 - INFO - The train loss is 0.008492. The valid loss is 0.007852.
2022-05-11 03:50:36,903 - INFO - Epoch 140/200
2022-05-11 03:50:37,359 - INFO - The train loss is 0.008474. The valid loss is 0.007829.
2022-05-11 03:50:37,363 - INFO - Epoch 141/200
2022-05-11 03:50:37,864 - INFO - The train loss is 0.008411. The valid loss is 0.007806.
2022-05-11 03:50:37,869 - INFO - Epoch 142/200
2022-05-11 03:50:38,357 - INFO - The train loss is 0.008394. The valid loss is 0.007780.
2022-05-11 03:50:38,362 - INFO - Epoch 143/200
2022-05-11 03:50:38,857 - INFO - The train loss is 0.008390. The valid loss is 0.007754.
2022-05-11 03:50:38,862 - INFO - Epoch 144/200
2022-05-11 03:50:39,348 - INFO - The train loss is 0.008376. The valid loss is 0.007728.
2022-05-11 03:50:39,353 - INFO - Epoch 145/200
2022-05-11 03:50:39,801 - INFO - The train loss is 0.008358. The valid loss is 0.007704.
2022-05-11 03:50:39,806 - INFO - Epoch 146/200
2022-05-11 03:50:40,280 - INFO - The train loss is 0.008371. The valid loss is 0.007682.
2022-05-11 03:50:40,284 - INFO - Epoch 147/200
2022-05-11 03:50:40,773 - INFO - The train loss is 0.008333. The valid loss is 0.007662.
2022-05-11 03:50:40,778 - INFO - Epoch 148/200
2022-05-11 03:50:41,266 - INFO - The train loss is 0.008295. The valid loss is 0.007642.
2022-05-11 03:50:41,270 - INFO - Epoch 149/200
2022-05-11 03:50:41,713 - INFO - The train loss is 0.008273. The valid loss is 0.007620.
2022-05-11 03:50:41,718 - INFO - Epoch 150/200
2022-05-11 03:50:42,206 - INFO - The train loss is 0.008245. The valid loss is 0.007597.
2022-05-11 03:50:42,211 - INFO - Epoch 151/200
2022-05-11 03:50:42,701 - INFO - The train loss is 0.008203. The valid loss is 0.007573.
2022-05-11 03:50:42,706 - INFO - Epoch 152/200
2022-05-11 03:50:43,200 - INFO - The train loss is 0.008213. The valid loss is 0.007550.
2022-05-11 03:50:43,206 - INFO - Epoch 153/200
2022-05-11 03:50:43,673 - INFO - The train loss is 0.008184. The valid loss is 0.007528.
2022-05-11 03:50:43,678 - INFO - Epoch 154/200
2022-05-11 03:50:44,149 - INFO - The train loss is 0.008146. The valid loss is 0.007508.
2022-05-11 03:50:44,153 - INFO - Epoch 155/200
2022-05-11 03:50:44,615 - INFO - The train loss is 0.008118. The valid loss is 0.007488.
2022-05-11 03:50:44,621 - INFO - Epoch 156/200
2022-05-11 03:50:45,082 - INFO - The train loss is 0.008075. The valid loss is 0.007468.
2022-05-11 03:50:45,087 - INFO - Epoch 157/200
2022-05-11 03:50:45,555 - INFO - The train loss is 0.008030. The valid loss is 0.007448.
2022-05-11 03:50:45,559 - INFO - Epoch 158/200
2022-05-11 03:50:46,020 - INFO - The train loss is 0.008097. The valid loss is 0.007427.
2022-05-11 03:50:46,026 - INFO - Epoch 159/200
2022-05-11 03:50:46,491 - INFO - The train loss is 0.008067. The valid loss is 0.007407.
2022-05-11 03:50:46,495 - INFO - Epoch 160/200
2022-05-11 03:50:46,953 - INFO - The train loss is 0.008043. The valid loss is 0.007387.
2022-05-11 03:50:46,958 - INFO - Epoch 161/200
2022-05-11 03:50:47,405 - INFO - The train loss is 0.007990. The valid loss is 0.007369.
2022-05-11 03:50:47,409 - INFO - Epoch 162/200
2022-05-11 03:50:47,865 - INFO - The train loss is 0.007969. The valid loss is 0.007350.
2022-05-11 03:50:47,870 - INFO - Epoch 163/200
2022-05-11 03:50:48,344 - INFO - The train loss is 0.007974. The valid loss is 0.007331.
2022-05-11 03:50:48,349 - INFO - Epoch 164/200
2022-05-11 03:50:48,799 - INFO - The train loss is 0.007973. The valid loss is 0.007311.
2022-05-11 03:50:48,804 - INFO - Epoch 165/200
2022-05-11 03:50:49,265 - INFO - The train loss is 0.007946. The valid loss is 0.007290.
2022-05-11 03:50:49,270 - INFO - Epoch 166/200
2022-05-11 03:50:49,743 - INFO - The train loss is 0.007889. The valid loss is 0.007269.
2022-05-11 03:50:49,748 - INFO - Epoch 167/200
2022-05-11 03:50:50,244 - INFO - The train loss is 0.007863. The valid loss is 0.007251.
2022-05-11 03:50:50,250 - INFO - Epoch 168/200
2022-05-11 03:50:50,738 - INFO - The train loss is 0.007862. The valid loss is 0.007235.
2022-05-11 03:50:50,743 - INFO - Epoch 169/200
2022-05-11 03:50:51,232 - INFO - The train loss is 0.007867. The valid loss is 0.007221.
2022-05-11 03:50:51,236 - INFO - Epoch 170/200
2022-05-11 03:50:51,724 - INFO - The train loss is 0.007836. The valid loss is 0.007204.
2022-05-11 03:50:51,729 - INFO - Epoch 171/200
2022-05-11 03:50:52,218 - INFO - The train loss is 0.007813. The valid loss is 0.007185.
2022-05-11 03:50:52,223 - INFO - Epoch 172/200
2022-05-11 03:50:52,715 - INFO - The train loss is 0.007800. The valid loss is 0.007164.
2022-05-11 03:50:52,720 - INFO - Epoch 173/200
2022-05-11 03:50:53,191 - INFO - The train loss is 0.007763. The valid loss is 0.007144.
2022-05-11 03:50:53,196 - INFO - Epoch 174/200
2022-05-11 03:50:53,690 - INFO - The train loss is 0.007796. The valid loss is 0.007125.
2022-05-11 03:50:53,695 - INFO - Epoch 175/200
2022-05-11 03:50:54,157 - INFO - The train loss is 0.007707. The valid loss is 0.007106.
2022-05-11 03:50:54,162 - INFO - Epoch 176/200
2022-05-11 03:50:54,632 - INFO - The train loss is 0.007708. The valid loss is 0.007089.
2022-05-11 03:50:54,637 - INFO - Epoch 177/200
2022-05-11 03:50:55,101 - INFO - The train loss is 0.007723. The valid loss is 0.007073.
2022-05-11 03:50:55,105 - INFO - Epoch 178/200
2022-05-11 03:50:55,574 - INFO - The train loss is 0.007687. The valid loss is 0.007057.
2022-05-11 03:50:55,579 - INFO - Epoch 179/200
2022-05-11 03:50:56,048 - INFO - The train loss is 0.007686. The valid loss is 0.007040.
2022-05-11 03:50:56,053 - INFO - Epoch 180/200
2022-05-11 03:50:56,551 - INFO - The train loss is 0.007651. The valid loss is 0.007022.
2022-05-11 03:50:56,557 - INFO - Epoch 181/200
2022-05-11 03:50:57,068 - INFO - The train loss is 0.007612. The valid loss is 0.007004.
2022-05-11 03:50:57,074 - INFO - Epoch 182/200
2022-05-11 03:50:57,541 - INFO - The train loss is 0.007593. The valid loss is 0.006987.
2022-05-11 03:50:57,546 - INFO - Epoch 183/200
2022-05-11 03:50:58,013 - INFO - The train loss is 0.007588. The valid loss is 0.006970.
2022-05-11 03:50:58,018 - INFO - Epoch 184/200
2022-05-11 03:50:58,488 - INFO - The train loss is 0.007562. The valid loss is 0.006954.
2022-05-11 03:50:58,493 - INFO - Epoch 185/200
2022-05-11 03:50:58,957 - INFO - The train loss is 0.007548. The valid loss is 0.006938.
2022-05-11 03:50:58,962 - INFO - Epoch 186/200
2022-05-11 03:50:59,418 - INFO - The train loss is 0.007586. The valid loss is 0.006921.
2022-05-11 03:50:59,423 - INFO - Epoch 187/200
2022-05-11 03:50:59,884 - INFO - The train loss is 0.007535. The valid loss is 0.006902.
2022-05-11 03:50:59,890 - INFO - Epoch 188/200
2022-05-11 03:51:00,358 - INFO - The train loss is 0.007491. The valid loss is 0.006886.
2022-05-11 03:51:00,364 - INFO - Epoch 189/200
2022-05-11 03:51:00,835 - INFO - The train loss is 0.007509. The valid loss is 0.006870.
2022-05-11 03:51:00,840 - INFO - Epoch 190/200
2022-05-11 03:51:01,301 - INFO - The train loss is 0.007484. The valid loss is 0.006855.
2022-05-11 03:51:01,305 - INFO - Epoch 191/200
2022-05-11 03:51:01,781 - INFO - The train loss is 0.007461. The valid loss is 0.006840.
2022-05-11 03:51:01,787 - INFO - Epoch 192/200
2022-05-11 03:51:02,235 - INFO - The train loss is 0.007449. The valid loss is 0.006823.
2022-05-11 03:51:02,240 - INFO - Epoch 193/200
2022-05-11 03:51:02,708 - INFO - The train loss is 0.007420. The valid loss is 0.006804.
2022-05-11 03:51:02,712 - INFO - Epoch 194/200
2022-05-11 03:51:03,205 - INFO - The train loss is 0.007470. The valid loss is 0.006787.
2022-05-11 03:51:03,210 - INFO - Epoch 195/200
2022-05-11 03:51:03,701 - INFO - The train loss is 0.007408. The valid loss is 0.006772.
2022-05-11 03:51:03,706 - INFO - Epoch 196/200
2022-05-11 03:51:04,174 - INFO - The train loss is 0.007402. The valid loss is 0.006759.
2022-05-11 03:51:04,179 - INFO - Epoch 197/200
2022-05-11 03:51:04,634 - INFO - The train loss is 0.007378. The valid loss is 0.006746.
2022-05-11 03:51:04,639 - INFO - Epoch 198/200
2022-05-11 03:51:05,092 - INFO - The train loss is 0.007312. The valid loss is 0.006731.
2022-05-11 03:51:05,096 - INFO - Epoch 199/200
2022-05-11 03:51:05,586 - INFO - The train loss is 0.007345. The valid loss is 0.006714.
2022-05-11 03:51:06,989 - INFO - The mean squared error of stock ['Label1', 'Label2'] is [0.01235983 0.00627897]
2022-05-11 03:51:07,026 - INFO - The predicted stock Label1 for the next 1 day(s) is: 55.56619200190891
2022-05-11 03:51:07,041 - INFO - The predicted stock Label2 for the next 1 day(s) is: 57.43195569027942
