2022-07-05 23:19:07,331 - INFO - 
Config:
'add_train': False
'batch_size': 334
'continue_flag': ''
'cur_time': '2022_07_05_23_19_07'
'debug_mode': False
'debug_num': 500
'do_continue_train': False
'do_figure_save': False
'do_log_print_to_screen': True
'do_log_save_to_file': True
'do_predict': True
'do_train': True
'do_train_visualized': False
'dropout_rate': 0.1
'epoch': 250
'feature_columns': [1, 2, 3, 4, 5]
'figure_save_path': './figure/'
'hidden_size': 256
'input_size': 5
'label_columns': [4, 5]
'label_in_feature_index': [3, 4]
'learning_rate': 0.0001
'log_save_path': './log/2022_07_05_23_19_07_pytorch/'
'lstm_layers': 2
'model_name': 'model_pytorch.pth'
'model_postfix': {'pytorch': '.pth'
'keras': '.h5'
'tensorflow': '.ckpt'}
'model_save_path': './checkpoint/pytorch/'
'output_size': 2
'patience': 3
'predict_day': 1
'random_seed': 23
'shuffle_train_data': True
'time_step': 167
'train_data_path': './gtau2.3edited.csv'
'train_data_rate': 0.9
'use_cuda': True
'used_frame': 'pytorch'
'valid_data_rate': 0.1
2022-07-05 23:19:11,334 - INFO - Epoch 0/250
2022-07-05 23:19:12,126 - INFO - The train loss is 0.998521. The valid loss is 1.006220.
2022-07-05 23:19:12,133 - INFO - Epoch 1/250
2022-07-05 23:19:12,418 - INFO - The train loss is 0.976001. The valid loss is 0.982485.
2022-07-05 23:19:12,422 - INFO - Epoch 2/250
2022-07-05 23:19:12,713 - INFO - The train loss is 0.952790. The valid loss is 0.957404.
2022-07-05 23:19:12,717 - INFO - Epoch 3/250
2022-07-05 23:19:13,016 - INFO - The train loss is 0.927694. The valid loss is 0.929733.
2022-07-05 23:19:13,021 - INFO - Epoch 4/250
2022-07-05 23:19:13,319 - INFO - The train loss is 0.899475. The valid loss is 0.897989.
2022-07-05 23:19:13,323 - INFO - Epoch 5/250
2022-07-05 23:19:13,609 - INFO - The train loss is 0.866483. The valid loss is 0.860277.
2022-07-05 23:19:13,615 - INFO - Epoch 6/250
2022-07-05 23:19:13,914 - INFO - The train loss is 0.826712. The valid loss is 0.814076.
2022-07-05 23:19:13,919 - INFO - Epoch 7/250
2022-07-05 23:19:14,208 - INFO - The train loss is 0.777385. The valid loss is 0.755910.
2022-07-05 23:19:14,212 - INFO - Epoch 8/250
2022-07-05 23:19:14,504 - INFO - The train loss is 0.714520. The valid loss is 0.680921.
2022-07-05 23:19:14,509 - INFO - Epoch 9/250
2022-07-05 23:19:14,803 - INFO - The train loss is 0.632669. The valid loss is 0.582556.
2022-07-05 23:19:14,808 - INFO - Epoch 10/250
2022-07-05 23:19:15,097 - INFO - The train loss is 0.524881. The valid loss is 0.454249.
2022-07-05 23:19:15,101 - INFO - Epoch 11/250
2022-07-05 23:19:15,398 - INFO - The train loss is 0.388833. The valid loss is 0.306550.
2022-07-05 23:19:15,403 - INFO - Epoch 12/250
2022-07-05 23:19:15,693 - INFO - The train loss is 0.261821. The valid loss is 0.217168.
2022-07-05 23:19:15,697 - INFO - Epoch 13/250
2022-07-05 23:19:16,011 - INFO - The train loss is 0.199727. The valid loss is 0.160503.
2022-07-05 23:19:16,015 - INFO - Epoch 14/250
2022-07-05 23:19:16,310 - INFO - The train loss is 0.147572. The valid loss is 0.132929.
2022-07-05 23:19:16,316 - INFO - Epoch 15/250
2022-07-05 23:19:16,614 - INFO - The train loss is 0.121175. The valid loss is 0.106500.
2022-07-05 23:19:16,619 - INFO - Epoch 16/250
2022-07-05 23:19:16,915 - INFO - The train loss is 0.092235. The valid loss is 0.083394.
2022-07-05 23:19:16,919 - INFO - Epoch 17/250
2022-07-05 23:19:17,213 - INFO - The train loss is 0.071788. The valid loss is 0.069776.
2022-07-05 23:19:17,218 - INFO - Epoch 18/250
2022-07-05 23:19:17,513 - INFO - The train loss is 0.060952. The valid loss is 0.057409.
2022-07-05 23:19:17,517 - INFO - Epoch 19/250
2022-07-05 23:19:17,813 - INFO - The train loss is 0.050940. The valid loss is 0.046313.
2022-07-05 23:19:17,819 - INFO - Epoch 20/250
2022-07-05 23:19:18,119 - INFO - The train loss is 0.043900. The valid loss is 0.043122.
2022-07-05 23:19:18,126 - INFO - Epoch 21/250
2022-07-05 23:19:18,425 - INFO - The train loss is 0.042635. The valid loss is 0.042738.
2022-07-05 23:19:18,431 - INFO - Epoch 22/250
2022-07-05 23:19:18,734 - INFO - The train loss is 0.042251. The valid loss is 0.041322.
2022-07-05 23:19:18,739 - INFO - Epoch 23/250
2022-07-05 23:19:19,040 - INFO - The train loss is 0.040552. The valid loss is 0.039280.
2022-07-05 23:19:19,045 - INFO - Epoch 24/250
2022-07-05 23:19:19,343 - INFO - The train loss is 0.038599. The valid loss is 0.037882.
2022-07-05 23:19:19,349 - INFO - Epoch 25/250
2022-07-05 23:19:19,654 - INFO - The train loss is 0.037257. The valid loss is 0.036781.
2022-07-05 23:19:19,659 - INFO - Epoch 26/250
2022-07-05 23:19:19,965 - INFO - The train loss is 0.035940. The valid loss is 0.035991.
2022-07-05 23:19:19,969 - INFO - Epoch 27/250
2022-07-05 23:19:20,280 - INFO - The train loss is 0.035112. The valid loss is 0.035646.
2022-07-05 23:19:20,285 - INFO - Epoch 28/250
2022-07-05 23:19:20,579 - INFO - The train loss is 0.034573. The valid loss is 0.035039.
2022-07-05 23:19:20,585 - INFO - Epoch 29/250
2022-07-05 23:19:20,889 - INFO - The train loss is 0.033981. The valid loss is 0.034331.
2022-07-05 23:19:20,894 - INFO - Epoch 30/250
2022-07-05 23:19:21,206 - INFO - The train loss is 0.033447. The valid loss is 0.033808.
2022-07-05 23:19:21,210 - INFO - Epoch 31/250
2022-07-05 23:19:21,507 - INFO - The train loss is 0.032987. The valid loss is 0.033410.
2022-07-05 23:19:21,511 - INFO - Epoch 32/250
2022-07-05 23:19:21,814 - INFO - The train loss is 0.032569. The valid loss is 0.033112.
2022-07-05 23:19:21,819 - INFO - Epoch 33/250
2022-07-05 23:19:22,119 - INFO - The train loss is 0.032236. The valid loss is 0.032842.
2022-07-05 23:19:22,127 - INFO - Epoch 34/250
2022-07-05 23:19:22,422 - INFO - The train loss is 0.031934. The valid loss is 0.032513.
2022-07-05 23:19:22,428 - INFO - Epoch 35/250
2022-07-05 23:19:22,729 - INFO - The train loss is 0.031624. The valid loss is 0.032190.
2022-07-05 23:19:22,734 - INFO - Epoch 36/250
2022-07-05 23:19:23,023 - INFO - The train loss is 0.031306. The valid loss is 0.031907.
2022-07-05 23:19:23,029 - INFO - Epoch 37/250
2022-07-05 23:19:23,322 - INFO - The train loss is 0.030997. The valid loss is 0.031651.
2022-07-05 23:19:23,328 - INFO - Epoch 38/250
2022-07-05 23:19:23,628 - INFO - The train loss is 0.030720. The valid loss is 0.031398.
2022-07-05 23:19:23,634 - INFO - Epoch 39/250
2022-07-05 23:19:23,939 - INFO - The train loss is 0.030500. The valid loss is 0.031129.
2022-07-05 23:19:23,946 - INFO - Epoch 40/250
2022-07-05 23:19:24,244 - INFO - The train loss is 0.030203. The valid loss is 0.030859.
2022-07-05 23:19:24,250 - INFO - Epoch 41/250
2022-07-05 23:19:24,545 - INFO - The train loss is 0.029994. The valid loss is 0.030604.
2022-07-05 23:19:24,550 - INFO - Epoch 42/250
2022-07-05 23:19:24,845 - INFO - The train loss is 0.029811. The valid loss is 0.030361.
2022-07-05 23:19:24,851 - INFO - Epoch 43/250
2022-07-05 23:19:25,154 - INFO - The train loss is 0.029494. The valid loss is 0.030125.
2022-07-05 23:19:25,159 - INFO - Epoch 44/250
2022-07-05 23:19:25,474 - INFO - The train loss is 0.029255. The valid loss is 0.029887.
2022-07-05 23:19:25,479 - INFO - Epoch 45/250
2022-07-05 23:19:25,773 - INFO - The train loss is 0.029046. The valid loss is 0.029650.
2022-07-05 23:19:25,778 - INFO - Epoch 46/250
2022-07-05 23:19:26,071 - INFO - The train loss is 0.028799. The valid loss is 0.029421.
2022-07-05 23:19:26,076 - INFO - Epoch 47/250
2022-07-05 23:19:26,367 - INFO - The train loss is 0.028605. The valid loss is 0.029198.
2022-07-05 23:19:26,372 - INFO - Epoch 48/250
2022-07-05 23:19:26,667 - INFO - The train loss is 0.028419. The valid loss is 0.028976.
2022-07-05 23:19:26,671 - INFO - Epoch 49/250
2022-07-05 23:19:26,965 - INFO - The train loss is 0.028183. The valid loss is 0.028754.
2022-07-05 23:19:26,969 - INFO - Epoch 50/250
2022-07-05 23:19:27,263 - INFO - The train loss is 0.027983. The valid loss is 0.028537.
2022-07-05 23:19:27,268 - INFO - Epoch 51/250
2022-07-05 23:19:27,566 - INFO - The train loss is 0.027749. The valid loss is 0.028325.
2022-07-05 23:19:27,570 - INFO - Epoch 52/250
2022-07-05 23:19:27,864 - INFO - The train loss is 0.027539. The valid loss is 0.028118.
2022-07-05 23:19:27,869 - INFO - Epoch 53/250
2022-07-05 23:19:28,164 - INFO - The train loss is 0.027373. The valid loss is 0.027911.
2022-07-05 23:19:28,170 - INFO - Epoch 54/250
2022-07-05 23:19:28,462 - INFO - The train loss is 0.027141. The valid loss is 0.027706.
2022-07-05 23:19:28,467 - INFO - Epoch 55/250
2022-07-05 23:19:28,762 - INFO - The train loss is 0.026967. The valid loss is 0.027504.
2022-07-05 23:19:28,767 - INFO - Epoch 56/250
2022-07-05 23:19:29,064 - INFO - The train loss is 0.026761. The valid loss is 0.027304.
2022-07-05 23:19:29,069 - INFO - Epoch 57/250
2022-07-05 23:19:29,365 - INFO - The train loss is 0.026599. The valid loss is 0.027107.
2022-07-05 23:19:29,371 - INFO - Epoch 58/250
2022-07-05 23:19:29,669 - INFO - The train loss is 0.026367. The valid loss is 0.026914.
2022-07-05 23:19:29,673 - INFO - Epoch 59/250
2022-07-05 23:19:29,967 - INFO - The train loss is 0.026154. The valid loss is 0.026723.
2022-07-05 23:19:29,972 - INFO - Epoch 60/250
2022-07-05 23:19:30,263 - INFO - The train loss is 0.026017. The valid loss is 0.026531.
2022-07-05 23:19:30,268 - INFO - Epoch 61/250
2022-07-05 23:19:30,562 - INFO - The train loss is 0.025839. The valid loss is 0.026342.
2022-07-05 23:19:30,566 - INFO - Epoch 62/250
2022-07-05 23:19:30,864 - INFO - The train loss is 0.025682. The valid loss is 0.026156.
2022-07-05 23:19:30,870 - INFO - Epoch 63/250
2022-07-05 23:19:31,165 - INFO - The train loss is 0.025508. The valid loss is 0.025973.
2022-07-05 23:19:31,170 - INFO - Epoch 64/250
2022-07-05 23:19:31,464 - INFO - The train loss is 0.025306. The valid loss is 0.025793.
2022-07-05 23:19:31,469 - INFO - Epoch 65/250
2022-07-05 23:19:31,772 - INFO - The train loss is 0.025117. The valid loss is 0.025613.
2022-07-05 23:19:31,778 - INFO - Epoch 66/250
2022-07-05 23:19:32,072 - INFO - The train loss is 0.024971. The valid loss is 0.025434.
2022-07-05 23:19:32,077 - INFO - Epoch 67/250
2022-07-05 23:19:32,376 - INFO - The train loss is 0.024824. The valid loss is 0.025256.
2022-07-05 23:19:32,381 - INFO - Epoch 68/250
2022-07-05 23:19:32,676 - INFO - The train loss is 0.024613. The valid loss is 0.025081.
2022-07-05 23:19:32,681 - INFO - Epoch 69/250
2022-07-05 23:19:32,985 - INFO - The train loss is 0.024465. The valid loss is 0.024908.
2022-07-05 23:19:32,990 - INFO - Epoch 70/250
2022-07-05 23:19:33,294 - INFO - The train loss is 0.024316. The valid loss is 0.024735.
2022-07-05 23:19:33,314 - INFO - Epoch 71/250
2022-07-05 23:19:33,605 - INFO - The train loss is 0.024138. The valid loss is 0.024562.
2022-07-05 23:19:33,612 - INFO - Epoch 72/250
2022-07-05 23:19:33,912 - INFO - The train loss is 0.023958. The valid loss is 0.024394.
2022-07-05 23:19:33,917 - INFO - Epoch 73/250
2022-07-05 23:19:34,218 - INFO - The train loss is 0.023782. The valid loss is 0.024229.
2022-07-05 23:19:34,222 - INFO - Epoch 74/250
2022-07-05 23:19:34,530 - INFO - The train loss is 0.023636. The valid loss is 0.024062.
2022-07-05 23:19:34,535 - INFO - Epoch 75/250
2022-07-05 23:19:34,835 - INFO - The train loss is 0.023492. The valid loss is 0.023895.
2022-07-05 23:19:34,839 - INFO - Epoch 76/250
2022-07-05 23:19:35,138 - INFO - The train loss is 0.023328. The valid loss is 0.023731.
2022-07-05 23:19:35,143 - INFO - Epoch 77/250
2022-07-05 23:19:35,442 - INFO - The train loss is 0.023164. The valid loss is 0.023570.
2022-07-05 23:19:35,446 - INFO - Epoch 78/250
2022-07-05 23:19:35,750 - INFO - The train loss is 0.023010. The valid loss is 0.023409.
2022-07-05 23:19:35,754 - INFO - Epoch 79/250
2022-07-05 23:19:36,060 - INFO - The train loss is 0.022832. The valid loss is 0.023249.
2022-07-05 23:19:36,067 - INFO - Epoch 80/250
2022-07-05 23:19:36,362 - INFO - The train loss is 0.022707. The valid loss is 0.023091.
2022-07-05 23:19:36,366 - INFO - Epoch 81/250
2022-07-05 23:19:36,663 - INFO - The train loss is 0.022557. The valid loss is 0.022933.
2022-07-05 23:19:36,668 - INFO - Epoch 82/250
2022-07-05 23:19:36,963 - INFO - The train loss is 0.022415. The valid loss is 0.022775.
2022-07-05 23:19:36,967 - INFO - Epoch 83/250
2022-07-05 23:19:37,263 - INFO - The train loss is 0.022278. The valid loss is 0.022620.
2022-07-05 23:19:37,268 - INFO - Epoch 84/250
2022-07-05 23:19:37,576 - INFO - The train loss is 0.022089. The valid loss is 0.022465.
2022-07-05 23:19:37,580 - INFO - Epoch 85/250
2022-07-05 23:19:37,879 - INFO - The train loss is 0.021968. The valid loss is 0.022312.
2022-07-05 23:19:37,884 - INFO - Epoch 86/250
2022-07-05 23:19:38,182 - INFO - The train loss is 0.021807. The valid loss is 0.022159.
2022-07-05 23:19:38,186 - INFO - Epoch 87/250
2022-07-05 23:19:38,481 - INFO - The train loss is 0.021663. The valid loss is 0.022008.
2022-07-05 23:19:38,488 - INFO - Epoch 88/250
2022-07-05 23:19:38,778 - INFO - The train loss is 0.021501. The valid loss is 0.021858.
2022-07-05 23:19:38,798 - INFO - Epoch 89/250
2022-07-05 23:19:39,091 - INFO - The train loss is 0.021396. The valid loss is 0.021709.
2022-07-05 23:19:39,098 - INFO - Epoch 90/250
2022-07-05 23:19:39,401 - INFO - The train loss is 0.021221. The valid loss is 0.021560.
2022-07-05 23:19:39,405 - INFO - Epoch 91/250
2022-07-05 23:19:39,699 - INFO - The train loss is 0.021076. The valid loss is 0.021412.
2022-07-05 23:19:39,702 - INFO - Epoch 92/250
2022-07-05 23:19:40,005 - INFO - The train loss is 0.020941. The valid loss is 0.021266.
2022-07-05 23:19:40,010 - INFO - Epoch 93/250
2022-07-05 23:19:40,318 - INFO - The train loss is 0.020795. The valid loss is 0.021120.
2022-07-05 23:19:40,322 - INFO - Epoch 94/250
2022-07-05 23:19:40,628 - INFO - The train loss is 0.020630. The valid loss is 0.020974.
2022-07-05 23:19:40,632 - INFO - Epoch 95/250
2022-07-05 23:19:40,928 - INFO - The train loss is 0.020502. The valid loss is 0.020830.
2022-07-05 23:19:40,933 - INFO - Epoch 96/250
2022-07-05 23:19:41,223 - INFO - The train loss is 0.020388. The valid loss is 0.020689.
2022-07-05 23:19:41,230 - INFO - Epoch 97/250
2022-07-05 23:19:41,534 - INFO - The train loss is 0.020252. The valid loss is 0.020547.
2022-07-05 23:19:41,539 - INFO - Epoch 98/250
2022-07-05 23:19:41,835 - INFO - The train loss is 0.020105. The valid loss is 0.020404.
2022-07-05 23:19:41,841 - INFO - Epoch 99/250
2022-07-05 23:19:42,137 - INFO - The train loss is 0.019963. The valid loss is 0.020263.
2022-07-05 23:19:42,142 - INFO - Epoch 100/250
2022-07-05 23:19:42,445 - INFO - The train loss is 0.019838. The valid loss is 0.020125.
2022-07-05 23:19:42,451 - INFO - Epoch 101/250
2022-07-05 23:19:42,747 - INFO - The train loss is 0.019684. The valid loss is 0.019987.
2022-07-05 23:19:42,751 - INFO - Epoch 102/250
2022-07-05 23:19:43,049 - INFO - The train loss is 0.019565. The valid loss is 0.019848.
2022-07-05 23:19:43,054 - INFO - Epoch 103/250
2022-07-05 23:19:43,346 - INFO - The train loss is 0.019447. The valid loss is 0.019710.
2022-07-05 23:19:43,350 - INFO - Epoch 104/250
2022-07-05 23:19:43,650 - INFO - The train loss is 0.019305. The valid loss is 0.019574.
2022-07-05 23:19:43,655 - INFO - Epoch 105/250
2022-07-05 23:19:43,956 - INFO - The train loss is 0.019174. The valid loss is 0.019440.
2022-07-05 23:19:43,960 - INFO - Epoch 106/250
2022-07-05 23:19:44,268 - INFO - The train loss is 0.019045. The valid loss is 0.019306.
2022-07-05 23:19:44,273 - INFO - Epoch 107/250
2022-07-05 23:19:44,568 - INFO - The train loss is 0.018918. The valid loss is 0.019172.
2022-07-05 23:19:44,573 - INFO - Epoch 108/250
2022-07-05 23:19:44,871 - INFO - The train loss is 0.018782. The valid loss is 0.019040.
2022-07-05 23:19:44,876 - INFO - Epoch 109/250
2022-07-05 23:19:45,169 - INFO - The train loss is 0.018649. The valid loss is 0.018910.
2022-07-05 23:19:45,173 - INFO - Epoch 110/250
2022-07-05 23:19:45,470 - INFO - The train loss is 0.018553. The valid loss is 0.018780.
2022-07-05 23:19:45,474 - INFO - Epoch 111/250
2022-07-05 23:19:45,774 - INFO - The train loss is 0.018410. The valid loss is 0.018651.
2022-07-05 23:19:45,778 - INFO - Epoch 112/250
2022-07-05 23:19:46,074 - INFO - The train loss is 0.018308. The valid loss is 0.018523.
2022-07-05 23:19:46,079 - INFO - Epoch 113/250
2022-07-05 23:19:46,376 - INFO - The train loss is 0.018170. The valid loss is 0.018398.
2022-07-05 23:19:46,381 - INFO - Epoch 114/250
2022-07-05 23:19:46,677 - INFO - The train loss is 0.018041. The valid loss is 0.018272.
2022-07-05 23:19:46,681 - INFO - Epoch 115/250
2022-07-05 23:19:46,977 - INFO - The train loss is 0.017947. The valid loss is 0.018149.
2022-07-05 23:19:46,982 - INFO - Epoch 116/250
2022-07-05 23:19:47,278 - INFO - The train loss is 0.017800. The valid loss is 0.018028.
2022-07-05 23:19:47,283 - INFO - Epoch 117/250
2022-07-05 23:19:47,589 - INFO - The train loss is 0.017696. The valid loss is 0.017907.
2022-07-05 23:19:47,594 - INFO - Epoch 118/250
2022-07-05 23:19:47,886 - INFO - The train loss is 0.017599. The valid loss is 0.017788.
2022-07-05 23:19:47,891 - INFO - Epoch 119/250
2022-07-05 23:19:48,188 - INFO - The train loss is 0.017465. The valid loss is 0.017672.
2022-07-05 23:19:48,193 - INFO - Epoch 120/250
2022-07-05 23:19:48,487 - INFO - The train loss is 0.017352. The valid loss is 0.017556.
2022-07-05 23:19:48,492 - INFO - Epoch 121/250
2022-07-05 23:19:48,787 - INFO - The train loss is 0.017227. The valid loss is 0.017441.
2022-07-05 23:19:48,792 - INFO - Epoch 122/250
2022-07-05 23:19:49,087 - INFO - The train loss is 0.017133. The valid loss is 0.017329.
2022-07-05 23:19:49,092 - INFO - Epoch 123/250
2022-07-05 23:19:49,394 - INFO - The train loss is 0.017020. The valid loss is 0.017219.
2022-07-05 23:19:49,398 - INFO - Epoch 124/250
2022-07-05 23:19:49,703 - INFO - The train loss is 0.016933. The valid loss is 0.017110.
2022-07-05 23:19:49,708 - INFO - Epoch 125/250
2022-07-05 23:19:50,011 - INFO - The train loss is 0.016812. The valid loss is 0.017003.
2022-07-05 23:19:50,015 - INFO - Epoch 126/250
2022-07-05 23:19:50,310 - INFO - The train loss is 0.016735. The valid loss is 0.016897.
2022-07-05 23:19:50,315 - INFO - Epoch 127/250
2022-07-05 23:19:50,617 - INFO - The train loss is 0.016610. The valid loss is 0.016793.
2022-07-05 23:19:50,623 - INFO - Epoch 128/250
2022-07-05 23:19:50,921 - INFO - The train loss is 0.016520. The valid loss is 0.016691.
2022-07-05 23:19:50,926 - INFO - Epoch 129/250
2022-07-05 23:19:51,222 - INFO - The train loss is 0.016437. The valid loss is 0.016590.
2022-07-05 23:19:51,227 - INFO - Epoch 130/250
2022-07-05 23:19:51,524 - INFO - The train loss is 0.016319. The valid loss is 0.016491.
2022-07-05 23:19:51,529 - INFO - Epoch 131/250
2022-07-05 23:19:51,828 - INFO - The train loss is 0.016222. The valid loss is 0.016394.
2022-07-05 23:19:51,832 - INFO - Epoch 132/250
2022-07-05 23:19:52,143 - INFO - The train loss is 0.016135. The valid loss is 0.016297.
2022-07-05 23:19:52,148 - INFO - Epoch 133/250
2022-07-05 23:19:52,441 - INFO - The train loss is 0.016033. The valid loss is 0.016203.
2022-07-05 23:19:52,446 - INFO - Epoch 134/250
2022-07-05 23:19:52,745 - INFO - The train loss is 0.015972. The valid loss is 0.016110.
2022-07-05 23:19:52,749 - INFO - Epoch 135/250
2022-07-05 23:19:53,059 - INFO - The train loss is 0.015877. The valid loss is 0.016018.
2022-07-05 23:19:53,064 - INFO - Epoch 136/250
2022-07-05 23:19:53,358 - INFO - The train loss is 0.015786. The valid loss is 0.015927.
2022-07-05 23:19:53,362 - INFO - Epoch 137/250
2022-07-05 23:19:53,659 - INFO - The train loss is 0.015693. The valid loss is 0.015839.
2022-07-05 23:19:53,664 - INFO - Epoch 138/250
2022-07-05 23:19:53,962 - INFO - The train loss is 0.015630. The valid loss is 0.015751.
2022-07-05 23:19:53,966 - INFO - Epoch 139/250
2022-07-05 23:19:54,265 - INFO - The train loss is 0.015534. The valid loss is 0.015663.
2022-07-05 23:19:54,270 - INFO - Epoch 140/250
2022-07-05 23:19:54,568 - INFO - The train loss is 0.015457. The valid loss is 0.015579.
2022-07-05 23:19:54,573 - INFO - Epoch 141/250
2022-07-05 23:19:54,867 - INFO - The train loss is 0.015365. The valid loss is 0.015495.
2022-07-05 23:19:54,872 - INFO - Epoch 142/250
2022-07-05 23:19:55,175 - INFO - The train loss is 0.015288. The valid loss is 0.015411.
2022-07-05 23:19:55,179 - INFO - Epoch 143/250
2022-07-05 23:19:55,487 - INFO - The train loss is 0.015231. The valid loss is 0.015329.
2022-07-05 23:19:55,492 - INFO - Epoch 144/250
2022-07-05 23:19:55,789 - INFO - The train loss is 0.015140. The valid loss is 0.015249.
2022-07-05 23:19:55,793 - INFO - Epoch 145/250
2022-07-05 23:19:56,093 - INFO - The train loss is 0.015064. The valid loss is 0.015169.
2022-07-05 23:19:56,097 - INFO - Epoch 146/250
2022-07-05 23:19:56,397 - INFO - The train loss is 0.014972. The valid loss is 0.015089.
2022-07-05 23:19:56,402 - INFO - Epoch 147/250
2022-07-05 23:19:56,695 - INFO - The train loss is 0.014923. The valid loss is 0.015012.
2022-07-05 23:19:56,700 - INFO - Epoch 148/250
2022-07-05 23:19:56,999 - INFO - The train loss is 0.014845. The valid loss is 0.014935.
2022-07-05 23:19:57,004 - INFO - Epoch 149/250
2022-07-05 23:19:57,308 - INFO - The train loss is 0.014771. The valid loss is 0.014859.
2022-07-05 23:19:57,312 - INFO - Epoch 150/250
2022-07-05 23:19:57,614 - INFO - The train loss is 0.014698. The valid loss is 0.014785.
2022-07-05 23:19:57,619 - INFO - Epoch 151/250
2022-07-05 23:19:57,921 - INFO - The train loss is 0.014648. The valid loss is 0.014710.
2022-07-05 23:19:57,926 - INFO - Epoch 152/250
2022-07-05 23:19:58,229 - INFO - The train loss is 0.014573. The valid loss is 0.014636.
2022-07-05 23:19:58,234 - INFO - Epoch 153/250
2022-07-05 23:19:58,539 - INFO - The train loss is 0.014487. The valid loss is 0.014564.
2022-07-05 23:19:58,544 - INFO - Epoch 154/250
2022-07-05 23:19:58,845 - INFO - The train loss is 0.014444. The valid loss is 0.014492.
2022-07-05 23:19:58,850 - INFO - Epoch 155/250
2022-07-05 23:19:59,153 - INFO - The train loss is 0.014366. The valid loss is 0.014421.
2022-07-05 23:19:59,159 - INFO - Epoch 156/250
2022-07-05 23:19:59,462 - INFO - The train loss is 0.014296. The valid loss is 0.014351.
2022-07-05 23:19:59,467 - INFO - Epoch 157/250
2022-07-05 23:19:59,769 - INFO - The train loss is 0.014230. The valid loss is 0.014282.
2022-07-05 23:19:59,774 - INFO - Epoch 158/250
2022-07-05 23:20:00,078 - INFO - The train loss is 0.014183. The valid loss is 0.014213.
2022-07-05 23:20:00,083 - INFO - Epoch 159/250
2022-07-05 23:20:00,387 - INFO - The train loss is 0.014103. The valid loss is 0.014145.
2022-07-05 23:20:00,392 - INFO - Epoch 160/250
2022-07-05 23:20:00,695 - INFO - The train loss is 0.014054. The valid loss is 0.014079.
2022-07-05 23:20:00,700 - INFO - Epoch 161/250
2022-07-05 23:20:01,007 - INFO - The train loss is 0.013999. The valid loss is 0.014012.
2022-07-05 23:20:01,012 - INFO - Epoch 162/250
2022-07-05 23:20:01,320 - INFO - The train loss is 0.013916. The valid loss is 0.013946.
2022-07-05 23:20:01,325 - INFO - Epoch 163/250
2022-07-05 23:20:01,630 - INFO - The train loss is 0.013872. The valid loss is 0.013881.
2022-07-05 23:20:01,636 - INFO - Epoch 164/250
2022-07-05 23:20:01,938 - INFO - The train loss is 0.013791. The valid loss is 0.013817.
2022-07-05 23:20:01,944 - INFO - Epoch 165/250
2022-07-05 23:20:02,247 - INFO - The train loss is 0.013746. The valid loss is 0.013753.
2022-07-05 23:20:02,251 - INFO - Epoch 166/250
2022-07-05 23:20:02,554 - INFO - The train loss is 0.013692. The valid loss is 0.013690.
2022-07-05 23:20:02,560 - INFO - Epoch 167/250
2022-07-05 23:20:02,861 - INFO - The train loss is 0.013610. The valid loss is 0.013628.
2022-07-05 23:20:02,865 - INFO - Epoch 168/250
2022-07-05 23:20:03,167 - INFO - The train loss is 0.013533. The valid loss is 0.013565.
2022-07-05 23:20:03,172 - INFO - Epoch 169/250
2022-07-05 23:20:03,474 - INFO - The train loss is 0.013518. The valid loss is 0.013504.
2022-07-05 23:20:03,480 - INFO - Epoch 170/250
2022-07-05 23:20:03,791 - INFO - The train loss is 0.013449. The valid loss is 0.013444.
2022-07-05 23:20:03,796 - INFO - Epoch 171/250
2022-07-05 23:20:04,094 - INFO - The train loss is 0.013422. The valid loss is 0.013384.
2022-07-05 23:20:04,099 - INFO - Epoch 172/250
2022-07-05 23:20:04,409 - INFO - The train loss is 0.013355. The valid loss is 0.013324.
2022-07-05 23:20:04,414 - INFO - Epoch 173/250
2022-07-05 23:20:04,715 - INFO - The train loss is 0.013279. The valid loss is 0.013265.
2022-07-05 23:20:04,720 - INFO - Epoch 174/250
2022-07-05 23:20:05,018 - INFO - The train loss is 0.013211. The valid loss is 0.013207.
2022-07-05 23:20:05,025 - INFO - Epoch 175/250
2022-07-05 23:20:05,323 - INFO - The train loss is 0.013163. The valid loss is 0.013147.
2022-07-05 23:20:05,329 - INFO - Epoch 176/250
2022-07-05 23:20:05,626 - INFO - The train loss is 0.013092. The valid loss is 0.013090.
2022-07-05 23:20:05,630 - INFO - Epoch 177/250
2022-07-05 23:20:05,925 - INFO - The train loss is 0.013053. The valid loss is 0.013034.
2022-07-05 23:20:05,930 - INFO - Epoch 178/250
2022-07-05 23:20:06,230 - INFO - The train loss is 0.013020. The valid loss is 0.012977.
2022-07-05 23:20:06,234 - INFO - Epoch 179/250
2022-07-05 23:20:06,530 - INFO - The train loss is 0.012970. The valid loss is 0.012921.
2022-07-05 23:20:06,536 - INFO - Epoch 180/250
2022-07-05 23:20:06,834 - INFO - The train loss is 0.012894. The valid loss is 0.012865.
2022-07-05 23:20:06,839 - INFO - Epoch 181/250
2022-07-05 23:20:07,132 - INFO - The train loss is 0.012849. The valid loss is 0.012810.
2022-07-05 23:20:07,137 - INFO - Epoch 182/250
2022-07-05 23:20:07,434 - INFO - The train loss is 0.012816. The valid loss is 0.012755.
2022-07-05 23:20:07,438 - INFO - Epoch 183/250
2022-07-05 23:20:07,736 - INFO - The train loss is 0.012736. The valid loss is 0.012700.
2022-07-05 23:20:07,740 - INFO - Epoch 184/250
2022-07-05 23:20:08,049 - INFO - The train loss is 0.012705. The valid loss is 0.012647.
2022-07-05 23:20:08,056 - INFO - Epoch 185/250
2022-07-05 23:20:08,363 - INFO - The train loss is 0.012657. The valid loss is 0.012593.
2022-07-05 23:20:08,368 - INFO - Epoch 186/250
2022-07-05 23:20:08,670 - INFO - The train loss is 0.012611. The valid loss is 0.012539.
2022-07-05 23:20:08,674 - INFO - Epoch 187/250
2022-07-05 23:20:08,975 - INFO - The train loss is 0.012533. The valid loss is 0.012487.
2022-07-05 23:20:08,980 - INFO - Epoch 188/250
2022-07-05 23:20:09,281 - INFO - The train loss is 0.012501. The valid loss is 0.012434.
2022-07-05 23:20:09,286 - INFO - Epoch 189/250
2022-07-05 23:20:09,588 - INFO - The train loss is 0.012458. The valid loss is 0.012382.
2022-07-05 23:20:09,592 - INFO - Epoch 190/250
2022-07-05 23:20:09,897 - INFO - The train loss is 0.012395. The valid loss is 0.012330.
2022-07-05 23:20:09,903 - INFO - Epoch 191/250
2022-07-05 23:20:10,210 - INFO - The train loss is 0.012348. The valid loss is 0.012279.
2022-07-05 23:20:10,215 - INFO - Epoch 192/250
2022-07-05 23:20:10,515 - INFO - The train loss is 0.012294. The valid loss is 0.012228.
2022-07-05 23:20:10,520 - INFO - Epoch 193/250
2022-07-05 23:20:10,818 - INFO - The train loss is 0.012265. The valid loss is 0.012177.
2022-07-05 23:20:10,823 - INFO - Epoch 194/250
2022-07-05 23:20:11,116 - INFO - The train loss is 0.012208. The valid loss is 0.012127.
2022-07-05 23:20:11,121 - INFO - Epoch 195/250
2022-07-05 23:20:11,426 - INFO - The train loss is 0.012145. The valid loss is 0.012077.
2022-07-05 23:20:11,434 - INFO - Epoch 196/250
2022-07-05 23:20:11,736 - INFO - The train loss is 0.012128. The valid loss is 0.012027.
2022-07-05 23:20:11,741 - INFO - Epoch 197/250
2022-07-05 23:20:12,058 - INFO - The train loss is 0.012090. The valid loss is 0.011979.
2022-07-05 23:20:12,063 - INFO - Epoch 198/250
2022-07-05 23:20:12,364 - INFO - The train loss is 0.012013. The valid loss is 0.011929.
2022-07-05 23:20:12,369 - INFO - Epoch 199/250
2022-07-05 23:20:12,668 - INFO - The train loss is 0.012002. The valid loss is 0.011880.
2022-07-05 23:20:12,672 - INFO - Epoch 200/250
2022-07-05 23:20:12,974 - INFO - The train loss is 0.011902. The valid loss is 0.011832.
2022-07-05 23:20:12,978 - INFO - Epoch 201/250
2022-07-05 23:20:13,285 - INFO - The train loss is 0.011869. The valid loss is 0.011784.
2022-07-05 23:20:13,290 - INFO - Epoch 202/250
2022-07-05 23:20:13,595 - INFO - The train loss is 0.011865. The valid loss is 0.011736.
2022-07-05 23:20:13,599 - INFO - Epoch 203/250
2022-07-05 23:20:13,892 - INFO - The train loss is 0.011815. The valid loss is 0.011689.
2022-07-05 23:20:13,896 - INFO - Epoch 204/250
2022-07-05 23:20:14,201 - INFO - The train loss is 0.011742. The valid loss is 0.011642.
2022-07-05 23:20:14,206 - INFO - Epoch 205/250
2022-07-05 23:20:14,505 - INFO - The train loss is 0.011694. The valid loss is 0.011595.
2022-07-05 23:20:14,510 - INFO - Epoch 206/250
2022-07-05 23:20:14,813 - INFO - The train loss is 0.011652. The valid loss is 0.011548.
2022-07-05 23:20:14,818 - INFO - Epoch 207/250
2022-07-05 23:20:15,123 - INFO - The train loss is 0.011627. The valid loss is 0.011503.
2022-07-05 23:20:15,128 - INFO - Epoch 208/250
2022-07-05 23:20:15,430 - INFO - The train loss is 0.011557. The valid loss is 0.011457.
2022-07-05 23:20:15,436 - INFO - Epoch 209/250
2022-07-05 23:20:15,737 - INFO - The train loss is 0.011536. The valid loss is 0.011411.
2022-07-05 23:20:15,744 - INFO - Epoch 210/250
2022-07-05 23:20:16,048 - INFO - The train loss is 0.011480. The valid loss is 0.011366.
2022-07-05 23:20:16,052 - INFO - Epoch 211/250
2022-07-05 23:20:16,361 - INFO - The train loss is 0.011451. The valid loss is 0.011321.
2022-07-05 23:20:16,365 - INFO - Epoch 212/250
2022-07-05 23:20:16,668 - INFO - The train loss is 0.011382. The valid loss is 0.011276.
2022-07-05 23:20:16,672 - INFO - Epoch 213/250
2022-07-05 23:20:16,971 - INFO - The train loss is 0.011353. The valid loss is 0.011231.
2022-07-05 23:20:16,976 - INFO - Epoch 214/250
2022-07-05 23:20:17,282 - INFO - The train loss is 0.011313. The valid loss is 0.011187.
2022-07-05 23:20:17,286 - INFO - Epoch 215/250
2022-07-05 23:20:17,589 - INFO - The train loss is 0.011292. The valid loss is 0.011143.
2022-07-05 23:20:17,594 - INFO - Epoch 216/250
2022-07-05 23:20:17,897 - INFO - The train loss is 0.011221. The valid loss is 0.011099.
2022-07-05 23:20:17,902 - INFO - Epoch 217/250
2022-07-05 23:20:18,203 - INFO - The train loss is 0.011187. The valid loss is 0.011056.
2022-07-05 23:20:18,208 - INFO - Epoch 218/250
2022-07-05 23:20:18,517 - INFO - The train loss is 0.011177. The valid loss is 0.011011.
2022-07-05 23:20:18,521 - INFO - Epoch 219/250
2022-07-05 23:20:18,823 - INFO - The train loss is 0.011085. The valid loss is 0.010968.
2022-07-05 23:20:18,828 - INFO - Epoch 220/250
2022-07-05 23:20:19,136 - INFO - The train loss is 0.011069. The valid loss is 0.010926.
2022-07-05 23:20:19,141 - INFO - Epoch 221/250
2022-07-05 23:20:19,442 - INFO - The train loss is 0.011021. The valid loss is 0.010883.
2022-07-05 23:20:19,447 - INFO - Epoch 222/250
2022-07-05 23:20:19,744 - INFO - The train loss is 0.010973. The valid loss is 0.010841.
2022-07-05 23:20:19,749 - INFO - Epoch 223/250
2022-07-05 23:20:20,053 - INFO - The train loss is 0.010965. The valid loss is 0.010799.
2022-07-05 23:20:20,057 - INFO - Epoch 224/250
2022-07-05 23:20:20,359 - INFO - The train loss is 0.010898. The valid loss is 0.010757.
2022-07-05 23:20:20,364 - INFO - Epoch 225/250
2022-07-05 23:20:20,662 - INFO - The train loss is 0.010873. The valid loss is 0.010716.
2022-07-05 23:20:20,666 - INFO - Epoch 226/250
2022-07-05 23:20:20,975 - INFO - The train loss is 0.010828. The valid loss is 0.010674.
2022-07-05 23:20:20,980 - INFO - Epoch 227/250
2022-07-05 23:20:21,276 - INFO - The train loss is 0.010784. The valid loss is 0.010633.
2022-07-05 23:20:21,281 - INFO - Epoch 228/250
2022-07-05 23:20:21,586 - INFO - The train loss is 0.010760. The valid loss is 0.010592.
2022-07-05 23:20:21,591 - INFO - Epoch 229/250
2022-07-05 23:20:21,890 - INFO - The train loss is 0.010706. The valid loss is 0.010551.
2022-07-05 23:20:21,894 - INFO - Epoch 230/250
2022-07-05 23:20:22,205 - INFO - The train loss is 0.010681. The valid loss is 0.010510.
2022-07-05 23:20:22,210 - INFO - Epoch 231/250
2022-07-05 23:20:22,514 - INFO - The train loss is 0.010640. The valid loss is 0.010471.
2022-07-05 23:20:22,519 - INFO - Epoch 232/250
2022-07-05 23:20:22,823 - INFO - The train loss is 0.010605. The valid loss is 0.010430.
2022-07-05 23:20:22,828 - INFO - Epoch 233/250
2022-07-05 23:20:23,135 - INFO - The train loss is 0.010561. The valid loss is 0.010390.
2022-07-05 23:20:23,140 - INFO - Epoch 234/250
2022-07-05 23:20:23,446 - INFO - The train loss is 0.010539. The valid loss is 0.010350.
2022-07-05 23:20:23,452 - INFO - Epoch 235/250
2022-07-05 23:20:23,757 - INFO - The train loss is 0.010487. The valid loss is 0.010312.
2022-07-05 23:20:23,761 - INFO - Epoch 236/250
2022-07-05 23:20:24,063 - INFO - The train loss is 0.010428. The valid loss is 0.010271.
2022-07-05 23:20:24,068 - INFO - Epoch 237/250
2022-07-05 23:20:24,373 - INFO - The train loss is 0.010376. The valid loss is 0.010232.
2022-07-05 23:20:24,377 - INFO - Epoch 238/250
2022-07-05 23:20:24,685 - INFO - The train loss is 0.010392. The valid loss is 0.010194.
2022-07-05 23:20:24,691 - INFO - Epoch 239/250
2022-07-05 23:20:24,989 - INFO - The train loss is 0.010343. The valid loss is 0.010155.
2022-07-05 23:20:24,993 - INFO - Epoch 240/250
2022-07-05 23:20:25,299 - INFO - The train loss is 0.010301. The valid loss is 0.010117.
2022-07-05 23:20:25,303 - INFO - Epoch 241/250
2022-07-05 23:20:25,629 - INFO - The train loss is 0.010259. The valid loss is 0.010078.
2022-07-05 23:20:25,634 - INFO - Epoch 242/250
2022-07-05 23:20:25,934 - INFO - The train loss is 0.010227. The valid loss is 0.010040.
2022-07-05 23:20:25,942 - INFO - Epoch 243/250
2022-07-05 23:20:26,242 - INFO - The train loss is 0.010189. The valid loss is 0.010003.
2022-07-05 23:20:26,245 - INFO - Epoch 244/250
2022-07-05 23:20:26,539 - INFO - The train loss is 0.010162. The valid loss is 0.009965.
2022-07-05 23:20:26,544 - INFO - Epoch 245/250
2022-07-05 23:20:26,846 - INFO - The train loss is 0.010136. The valid loss is 0.009927.
2022-07-05 23:20:26,850 - INFO - Epoch 246/250
2022-07-05 23:20:27,154 - INFO - The train loss is 0.010098. The valid loss is 0.009890.
2022-07-05 23:20:27,159 - INFO - Epoch 247/250
2022-07-05 23:20:27,457 - INFO - The train loss is 0.010043. The valid loss is 0.009853.
2022-07-05 23:20:27,461 - INFO - Epoch 248/250
2022-07-05 23:20:27,764 - INFO - The train loss is 0.010021. The valid loss is 0.009815.
2022-07-05 23:20:27,769 - INFO - Epoch 249/250
2022-07-05 23:20:28,073 - INFO - The train loss is 0.009977. The valid loss is 0.009779.
2022-07-05 23:20:28,919 - INFO - The mean squared error of ['top', 'bottom'] is [0.00081125 0.01050106]
2022-07-05 23:20:28,955 - INFO - The predicted top is: 59.98123388278839
2022-07-05 23:20:28,970 - INFO - The predicted bottom is: 60.04003957877886
