2022-07-06 04:53:06,202 - INFO - 
Config:
'add_train': False
'batch_size': 334
'continue_flag': ''
'cur_time': '2022_07_06_04_53_06'
'debug_mode': False
'debug_num': 500
'do_continue_train': False
'do_figure_save': False
'do_log_print_to_screen': True
'do_log_save_to_file': True
'do_predict': True
'do_train': True
'do_train_visualized': False
'dropout_rate': 0.1
'epoch': 200
'feature_columns': [1, 2, 3, 4, 5]
'figure_save_path': './figure/'
'hidden_size': 256
'input_size': 5
'label_columns': [4, 5]
'label_in_feature_index': [3, 4]
'learning_rate': 0.0001
'log_save_path': './log/2022_07_06_04_53_06_pytorch/'
'lstm_layers': 2
'model_name': 'model_pytorch.pth'
'model_postfix': {'pytorch': '.pth'
'keras': '.h5'
'tensorflow': '.ckpt'}
'model_save_path': './checkpoint/pytorch/'
'output_size': 2
'patience': 3
'predict_day': 1
'random_seed': 48
'shuffle_train_data': True
'time_step': 167
'train_data_path': './gtau2.3edited.csv'
'train_data_rate': 0.9
'use_cuda': True
'used_frame': 'pytorch'
'valid_data_rate': 0.1
2022-07-06 04:53:08,630 - INFO - Epoch 0/200
2022-07-06 04:53:09,223 - INFO - The train loss is 0.982306. The valid loss is 1.051634.
2022-07-06 04:53:09,228 - INFO - Epoch 1/200
2022-07-06 04:53:09,521 - INFO - The train loss is 0.961872. The valid loss is 1.029920.
2022-07-06 04:53:09,526 - INFO - Epoch 2/200
2022-07-06 04:53:09,821 - INFO - The train loss is 0.941209. The valid loss is 1.007161.
2022-07-06 04:53:09,827 - INFO - Epoch 3/200
2022-07-06 04:53:10,128 - INFO - The train loss is 0.919285. The valid loss is 0.982235.
2022-07-06 04:53:10,133 - INFO - Epoch 4/200
2022-07-06 04:53:10,422 - INFO - The train loss is 0.895011. The valid loss is 0.953806.
2022-07-06 04:53:10,426 - INFO - Epoch 5/200
2022-07-06 04:53:10,721 - INFO - The train loss is 0.867112. The valid loss is 0.920191.
2022-07-06 04:53:10,726 - INFO - Epoch 6/200
2022-07-06 04:53:11,021 - INFO - The train loss is 0.833737. The valid loss is 0.879157.
2022-07-06 04:53:11,026 - INFO - Epoch 7/200
2022-07-06 04:53:11,329 - INFO - The train loss is 0.792685. The valid loss is 0.827653.
2022-07-06 04:53:11,335 - INFO - Epoch 8/200
2022-07-06 04:53:11,630 - INFO - The train loss is 0.740799. The valid loss is 0.761456.
2022-07-06 04:53:11,635 - INFO - Epoch 9/200
2022-07-06 04:53:11,940 - INFO - The train loss is 0.673822. The valid loss is 0.674789.
2022-07-06 04:53:11,945 - INFO - Epoch 10/200
2022-07-06 04:53:12,242 - INFO - The train loss is 0.586110. The valid loss is 0.560293.
2022-07-06 04:53:12,246 - INFO - Epoch 11/200
2022-07-06 04:53:12,541 - INFO - The train loss is 0.471017. The valid loss is 0.411627.
2022-07-06 04:53:12,546 - INFO - Epoch 12/200
2022-07-06 04:53:12,846 - INFO - The train loss is 0.327045. The valid loss is 0.244797.
2022-07-06 04:53:12,851 - INFO - Epoch 13/200
2022-07-06 04:53:13,171 - INFO - The train loss is 0.190296. The valid loss is 0.159258.
2022-07-06 04:53:13,176 - INFO - Epoch 14/200
2022-07-06 04:53:13,471 - INFO - The train loss is 0.137938. The valid loss is 0.128152.
2022-07-06 04:53:13,477 - INFO - Epoch 15/200
2022-07-06 04:53:13,775 - INFO - The train loss is 0.107456. The valid loss is 0.091538.
2022-07-06 04:53:13,790 - INFO - Epoch 16/200
2022-07-06 04:53:14,088 - INFO - The train loss is 0.077612. The valid loss is 0.066518.
2022-07-06 04:53:14,092 - INFO - Epoch 17/200
2022-07-06 04:53:14,394 - INFO - The train loss is 0.059062. The valid loss is 0.060439.
2022-07-06 04:53:14,398 - INFO - Epoch 18/200
2022-07-06 04:53:14,692 - INFO - The train loss is 0.054405. The valid loss is 0.056518.
2022-07-06 04:53:14,697 - INFO - Epoch 19/200
2022-07-06 04:53:14,993 - INFO - The train loss is 0.049430. The valid loss is 0.051135.
2022-07-06 04:53:15,005 - INFO - Epoch 20/200
2022-07-06 04:53:15,304 - INFO - The train loss is 0.045388. The valid loss is 0.050194.
2022-07-06 04:53:15,308 - INFO - Epoch 21/200
2022-07-06 04:53:15,603 - INFO - The train loss is 0.044843. The valid loss is 0.049300.
2022-07-06 04:53:15,607 - INFO - Epoch 22/200
2022-07-06 04:53:15,903 - INFO - The train loss is 0.042701. The valid loss is 0.046081.
2022-07-06 04:53:15,908 - INFO - Epoch 23/200
2022-07-06 04:53:16,205 - INFO - The train loss is 0.039775. The valid loss is 0.044409.
2022-07-06 04:53:16,210 - INFO - Epoch 24/200
2022-07-06 04:53:16,504 - INFO - The train loss is 0.038483. The valid loss is 0.043049.
2022-07-06 04:53:16,508 - INFO - Epoch 25/200
2022-07-06 04:53:16,806 - INFO - The train loss is 0.037082. The valid loss is 0.041421.
2022-07-06 04:53:16,811 - INFO - Epoch 26/200
2022-07-06 04:53:17,106 - INFO - The train loss is 0.035961. The valid loss is 0.040427.
2022-07-06 04:53:17,111 - INFO - Epoch 27/200
2022-07-06 04:53:17,407 - INFO - The train loss is 0.035349. The valid loss is 0.039430.
2022-07-06 04:53:17,412 - INFO - Epoch 28/200
2022-07-06 04:53:17,709 - INFO - The train loss is 0.034620. The valid loss is 0.038446.
2022-07-06 04:53:17,713 - INFO - Epoch 29/200
2022-07-06 04:53:18,015 - INFO - The train loss is 0.033875. The valid loss is 0.037820.
2022-07-06 04:53:18,020 - INFO - Epoch 30/200
2022-07-06 04:53:18,317 - INFO - The train loss is 0.033357. The valid loss is 0.037340.
2022-07-06 04:53:18,322 - INFO - Epoch 31/200
2022-07-06 04:53:18,619 - INFO - The train loss is 0.032859. The valid loss is 0.036901.
2022-07-06 04:53:18,624 - INFO - Epoch 32/200
2022-07-06 04:53:18,920 - INFO - The train loss is 0.032443. The valid loss is 0.036454.
2022-07-06 04:53:18,924 - INFO - Epoch 33/200
2022-07-06 04:53:19,225 - INFO - The train loss is 0.032128. The valid loss is 0.035972.
2022-07-06 04:53:19,230 - INFO - Epoch 34/200
2022-07-06 04:53:19,526 - INFO - The train loss is 0.031765. The valid loss is 0.035527.
2022-07-06 04:53:19,530 - INFO - Epoch 35/200
2022-07-06 04:53:19,826 - INFO - The train loss is 0.031456. The valid loss is 0.035140.
2022-07-06 04:53:19,831 - INFO - Epoch 36/200
2022-07-06 04:53:20,127 - INFO - The train loss is 0.031146. The valid loss is 0.034794.
2022-07-06 04:53:20,132 - INFO - Epoch 37/200
2022-07-06 04:53:20,429 - INFO - The train loss is 0.030875. The valid loss is 0.034461.
2022-07-06 04:53:20,433 - INFO - Epoch 38/200
2022-07-06 04:53:20,732 - INFO - The train loss is 0.030610. The valid loss is 0.034125.
2022-07-06 04:53:20,737 - INFO - Epoch 39/200
2022-07-06 04:53:21,035 - INFO - The train loss is 0.030349. The valid loss is 0.033797.
2022-07-06 04:53:21,040 - INFO - Epoch 40/200
2022-07-06 04:53:21,339 - INFO - The train loss is 0.030035. The valid loss is 0.033482.
2022-07-06 04:53:21,344 - INFO - Epoch 41/200
2022-07-06 04:53:21,647 - INFO - The train loss is 0.029836. The valid loss is 0.033174.
2022-07-06 04:53:21,652 - INFO - Epoch 42/200
2022-07-06 04:53:21,951 - INFO - The train loss is 0.029577. The valid loss is 0.032870.
2022-07-06 04:53:21,955 - INFO - Epoch 43/200
2022-07-06 04:53:22,258 - INFO - The train loss is 0.029373. The valid loss is 0.032570.
2022-07-06 04:53:22,263 - INFO - Epoch 44/200
2022-07-06 04:53:22,562 - INFO - The train loss is 0.029114. The valid loss is 0.032280.
2022-07-06 04:53:22,567 - INFO - Epoch 45/200
2022-07-06 04:53:22,867 - INFO - The train loss is 0.028878. The valid loss is 0.031996.
2022-07-06 04:53:22,874 - INFO - Epoch 46/200
2022-07-06 04:53:23,174 - INFO - The train loss is 0.028670. The valid loss is 0.031717.
2022-07-06 04:53:23,179 - INFO - Epoch 47/200
2022-07-06 04:53:23,479 - INFO - The train loss is 0.028428. The valid loss is 0.031449.
2022-07-06 04:53:23,483 - INFO - Epoch 48/200
2022-07-06 04:53:23,783 - INFO - The train loss is 0.028200. The valid loss is 0.031181.
2022-07-06 04:53:23,788 - INFO - Epoch 49/200
2022-07-06 04:53:24,085 - INFO - The train loss is 0.028026. The valid loss is 0.030915.
2022-07-06 04:53:24,090 - INFO - Epoch 50/200
2022-07-06 04:53:24,391 - INFO - The train loss is 0.027811. The valid loss is 0.030658.
2022-07-06 04:53:24,396 - INFO - Epoch 51/200
2022-07-06 04:53:24,696 - INFO - The train loss is 0.027580. The valid loss is 0.030409.
2022-07-06 04:53:24,700 - INFO - Epoch 52/200
2022-07-06 04:53:25,003 - INFO - The train loss is 0.027378. The valid loss is 0.030158.
2022-07-06 04:53:25,010 - INFO - Epoch 53/200
2022-07-06 04:53:25,311 - INFO - The train loss is 0.027167. The valid loss is 0.029911.
2022-07-06 04:53:25,316 - INFO - Epoch 54/200
2022-07-06 04:53:25,618 - INFO - The train loss is 0.026984. The valid loss is 0.029671.
2022-07-06 04:53:25,623 - INFO - Epoch 55/200
2022-07-06 04:53:25,924 - INFO - The train loss is 0.026771. The valid loss is 0.029438.
2022-07-06 04:53:25,928 - INFO - Epoch 56/200
2022-07-06 04:53:26,227 - INFO - The train loss is 0.026610. The valid loss is 0.029207.
2022-07-06 04:53:26,232 - INFO - Epoch 57/200
2022-07-06 04:53:26,535 - INFO - The train loss is 0.026430. The valid loss is 0.028976.
2022-07-06 04:53:26,541 - INFO - Epoch 58/200
2022-07-06 04:53:26,840 - INFO - The train loss is 0.026225. The valid loss is 0.028750.
2022-07-06 04:53:26,845 - INFO - Epoch 59/200
2022-07-06 04:53:27,146 - INFO - The train loss is 0.026043. The valid loss is 0.028529.
2022-07-06 04:53:27,152 - INFO - Epoch 60/200
2022-07-06 04:53:27,454 - INFO - The train loss is 0.025875. The valid loss is 0.028313.
2022-07-06 04:53:27,459 - INFO - Epoch 61/200
2022-07-06 04:53:27,759 - INFO - The train loss is 0.025705. The valid loss is 0.028095.
2022-07-06 04:53:27,764 - INFO - Epoch 62/200
2022-07-06 04:53:28,074 - INFO - The train loss is 0.025512. The valid loss is 0.027879.
2022-07-06 04:53:28,083 - INFO - Epoch 63/200
2022-07-06 04:53:28,382 - INFO - The train loss is 0.025319. The valid loss is 0.027668.
2022-07-06 04:53:28,386 - INFO - Epoch 64/200
2022-07-06 04:53:28,686 - INFO - The train loss is 0.025148. The valid loss is 0.027464.
2022-07-06 04:53:28,691 - INFO - Epoch 65/200
2022-07-06 04:53:28,989 - INFO - The train loss is 0.024982. The valid loss is 0.027265.
2022-07-06 04:53:28,994 - INFO - Epoch 66/200
2022-07-06 04:53:29,300 - INFO - The train loss is 0.024812. The valid loss is 0.027060.
2022-07-06 04:53:29,305 - INFO - Epoch 67/200
2022-07-06 04:53:29,610 - INFO - The train loss is 0.024652. The valid loss is 0.026855.
2022-07-06 04:53:29,616 - INFO - Epoch 68/200
2022-07-06 04:53:29,917 - INFO - The train loss is 0.024451. The valid loss is 0.026657.
2022-07-06 04:53:29,921 - INFO - Epoch 69/200
2022-07-06 04:53:30,226 - INFO - The train loss is 0.024313. The valid loss is 0.026463.
2022-07-06 04:53:30,233 - INFO - Epoch 70/200
2022-07-06 04:53:30,535 - INFO - The train loss is 0.024120. The valid loss is 0.026273.
2022-07-06 04:53:30,540 - INFO - Epoch 71/200
2022-07-06 04:53:30,842 - INFO - The train loss is 0.024001. The valid loss is 0.026082.
2022-07-06 04:53:30,847 - INFO - Epoch 72/200
2022-07-06 04:53:31,148 - INFO - The train loss is 0.023827. The valid loss is 0.025894.
2022-07-06 04:53:31,152 - INFO - Epoch 73/200
2022-07-06 04:53:31,457 - INFO - The train loss is 0.023658. The valid loss is 0.025703.
2022-07-06 04:53:31,463 - INFO - Epoch 74/200
2022-07-06 04:53:31,763 - INFO - The train loss is 0.023512. The valid loss is 0.025517.
2022-07-06 04:53:31,768 - INFO - Epoch 75/200
2022-07-06 04:53:32,068 - INFO - The train loss is 0.023341. The valid loss is 0.025339.
2022-07-06 04:53:32,074 - INFO - Epoch 76/200
2022-07-06 04:53:32,373 - INFO - The train loss is 0.023180. The valid loss is 0.025161.
2022-07-06 04:53:32,378 - INFO - Epoch 77/200
2022-07-06 04:53:32,678 - INFO - The train loss is 0.023016. The valid loss is 0.024983.
2022-07-06 04:53:32,682 - INFO - Epoch 78/200
2022-07-06 04:53:32,987 - INFO - The train loss is 0.022870. The valid loss is 0.024804.
2022-07-06 04:53:32,993 - INFO - Epoch 79/200
2022-07-06 04:53:33,299 - INFO - The train loss is 0.022718. The valid loss is 0.024627.
2022-07-06 04:53:33,305 - INFO - Epoch 80/200
2022-07-06 04:53:33,610 - INFO - The train loss is 0.022609. The valid loss is 0.024455.
2022-07-06 04:53:33,615 - INFO - Epoch 81/200
2022-07-06 04:53:33,919 - INFO - The train loss is 0.022425. The valid loss is 0.024286.
2022-07-06 04:53:33,923 - INFO - Epoch 82/200
2022-07-06 04:53:34,227 - INFO - The train loss is 0.022279. The valid loss is 0.024114.
2022-07-06 04:53:34,232 - INFO - Epoch 83/200
2022-07-06 04:53:34,534 - INFO - The train loss is 0.022113. The valid loss is 0.023944.
2022-07-06 04:53:34,539 - INFO - Epoch 84/200
2022-07-06 04:53:34,839 - INFO - The train loss is 0.021964. The valid loss is 0.023777.
2022-07-06 04:53:34,843 - INFO - Epoch 85/200
2022-07-06 04:53:35,144 - INFO - The train loss is 0.021810. The valid loss is 0.023615.
2022-07-06 04:53:35,149 - INFO - Epoch 86/200
2022-07-06 04:53:35,450 - INFO - The train loss is 0.021691. The valid loss is 0.023452.
2022-07-06 04:53:35,454 - INFO - Epoch 87/200
2022-07-06 04:53:35,755 - INFO - The train loss is 0.021532. The valid loss is 0.023288.
2022-07-06 04:53:35,760 - INFO - Epoch 88/200
2022-07-06 04:53:36,061 - INFO - The train loss is 0.021381. The valid loss is 0.023125.
2022-07-06 04:53:36,065 - INFO - Epoch 89/200
2022-07-06 04:53:36,371 - INFO - The train loss is 0.021248. The valid loss is 0.022964.
2022-07-06 04:53:36,376 - INFO - Epoch 90/200
2022-07-06 04:53:36,681 - INFO - The train loss is 0.021102. The valid loss is 0.022810.
2022-07-06 04:53:36,687 - INFO - Epoch 91/200
2022-07-06 04:53:36,988 - INFO - The train loss is 0.020995. The valid loss is 0.022653.
2022-07-06 04:53:36,992 - INFO - Epoch 92/200
2022-07-06 04:53:37,293 - INFO - The train loss is 0.020865. The valid loss is 0.022497.
2022-07-06 04:53:37,297 - INFO - Epoch 93/200
2022-07-06 04:53:37,599 - INFO - The train loss is 0.020716. The valid loss is 0.022346.
2022-07-06 04:53:37,604 - INFO - Epoch 94/200
2022-07-06 04:53:37,904 - INFO - The train loss is 0.020587. The valid loss is 0.022192.
2022-07-06 04:53:37,909 - INFO - Epoch 95/200
2022-07-06 04:53:38,211 - INFO - The train loss is 0.020451. The valid loss is 0.022037.
2022-07-06 04:53:38,216 - INFO - Epoch 96/200
2022-07-06 04:53:38,514 - INFO - The train loss is 0.020312. The valid loss is 0.021887.
2022-07-06 04:53:38,519 - INFO - Epoch 97/200
2022-07-06 04:53:38,820 - INFO - The train loss is 0.020167. The valid loss is 0.021740.
2022-07-06 04:53:38,825 - INFO - Epoch 98/200
2022-07-06 04:53:39,126 - INFO - The train loss is 0.020052. The valid loss is 0.021594.
2022-07-06 04:53:39,131 - INFO - Epoch 99/200
2022-07-06 04:53:39,432 - INFO - The train loss is 0.019889. The valid loss is 0.021446.
2022-07-06 04:53:39,437 - INFO - Epoch 100/200
2022-07-06 04:53:39,739 - INFO - The train loss is 0.019799. The valid loss is 0.021300.
2022-07-06 04:53:39,743 - INFO - Epoch 101/200
2022-07-06 04:53:40,045 - INFO - The train loss is 0.019673. The valid loss is 0.021157.
2022-07-06 04:53:40,049 - INFO - Epoch 102/200
2022-07-06 04:53:40,350 - INFO - The train loss is 0.019525. The valid loss is 0.021015.
2022-07-06 04:53:40,355 - INFO - Epoch 103/200
2022-07-06 04:53:40,657 - INFO - The train loss is 0.019388. The valid loss is 0.020873.
2022-07-06 04:53:40,662 - INFO - Epoch 104/200
2022-07-06 04:53:40,963 - INFO - The train loss is 0.019258. The valid loss is 0.020735.
2022-07-06 04:53:40,968 - INFO - Epoch 105/200
2022-07-06 04:53:41,269 - INFO - The train loss is 0.019165. The valid loss is 0.020595.
2022-07-06 04:53:41,274 - INFO - Epoch 106/200
2022-07-06 04:53:41,574 - INFO - The train loss is 0.019028. The valid loss is 0.020458.
2022-07-06 04:53:41,579 - INFO - Epoch 107/200
2022-07-06 04:53:41,881 - INFO - The train loss is 0.018885. The valid loss is 0.020321.
2022-07-06 04:53:41,885 - INFO - Epoch 108/200
2022-07-06 04:53:42,187 - INFO - The train loss is 0.018788. The valid loss is 0.020187.
2022-07-06 04:53:42,192 - INFO - Epoch 109/200
2022-07-06 04:53:42,491 - INFO - The train loss is 0.018665. The valid loss is 0.020052.
2022-07-06 04:53:42,496 - INFO - Epoch 110/200
2022-07-06 04:53:42,796 - INFO - The train loss is 0.018533. The valid loss is 0.019918.
2022-07-06 04:53:42,800 - INFO - Epoch 111/200
2022-07-06 04:53:43,102 - INFO - The train loss is 0.018439. The valid loss is 0.019786.
2022-07-06 04:53:43,107 - INFO - Epoch 112/200
2022-07-06 04:53:43,411 - INFO - The train loss is 0.018309. The valid loss is 0.019657.
2022-07-06 04:53:43,415 - INFO - Epoch 113/200
2022-07-06 04:53:43,719 - INFO - The train loss is 0.018186. The valid loss is 0.019527.
2022-07-06 04:53:43,725 - INFO - Epoch 114/200
2022-07-06 04:53:44,027 - INFO - The train loss is 0.018075. The valid loss is 0.019398.
2022-07-06 04:53:44,032 - INFO - Epoch 115/200
2022-07-06 04:53:44,334 - INFO - The train loss is 0.017966. The valid loss is 0.019272.
2022-07-06 04:53:44,338 - INFO - Epoch 116/200
2022-07-06 04:53:44,637 - INFO - The train loss is 0.017829. The valid loss is 0.019147.
2022-07-06 04:53:44,641 - INFO - Epoch 117/200
2022-07-06 04:53:44,944 - INFO - The train loss is 0.017729. The valid loss is 0.019022.
2022-07-06 04:53:44,949 - INFO - Epoch 118/200
2022-07-06 04:53:45,251 - INFO - The train loss is 0.017647. The valid loss is 0.018899.
2022-07-06 04:53:45,255 - INFO - Epoch 119/200
2022-07-06 04:53:45,559 - INFO - The train loss is 0.017508. The valid loss is 0.018779.
2022-07-06 04:53:45,563 - INFO - Epoch 120/200
2022-07-06 04:53:45,865 - INFO - The train loss is 0.017410. The valid loss is 0.018659.
2022-07-06 04:53:45,871 - INFO - Epoch 121/200
2022-07-06 04:53:46,172 - INFO - The train loss is 0.017306. The valid loss is 0.018540.
2022-07-06 04:53:46,176 - INFO - Epoch 122/200
2022-07-06 04:53:46,480 - INFO - The train loss is 0.017190. The valid loss is 0.018421.
2022-07-06 04:53:46,485 - INFO - Epoch 123/200
2022-07-06 04:53:46,786 - INFO - The train loss is 0.017063. The valid loss is 0.018306.
2022-07-06 04:53:46,791 - INFO - Epoch 124/200
2022-07-06 04:53:47,093 - INFO - The train loss is 0.016988. The valid loss is 0.018191.
2022-07-06 04:53:47,098 - INFO - Epoch 125/200
2022-07-06 04:53:47,402 - INFO - The train loss is 0.016870. The valid loss is 0.018075.
2022-07-06 04:53:47,407 - INFO - Epoch 126/200
2022-07-06 04:53:47,708 - INFO - The train loss is 0.016792. The valid loss is 0.017962.
2022-07-06 04:53:47,712 - INFO - Epoch 127/200
2022-07-06 04:53:48,016 - INFO - The train loss is 0.016678. The valid loss is 0.017854.
2022-07-06 04:53:48,021 - INFO - Epoch 128/200
2022-07-06 04:53:48,325 - INFO - The train loss is 0.016593. The valid loss is 0.017744.
2022-07-06 04:53:48,329 - INFO - Epoch 129/200
2022-07-06 04:53:48,630 - INFO - The train loss is 0.016501. The valid loss is 0.017632.
2022-07-06 04:53:48,634 - INFO - Epoch 130/200
2022-07-06 04:53:48,937 - INFO - The train loss is 0.016386. The valid loss is 0.017526.
2022-07-06 04:53:48,942 - INFO - Epoch 131/200
2022-07-06 04:53:49,243 - INFO - The train loss is 0.016288. The valid loss is 0.017421.
2022-07-06 04:53:49,248 - INFO - Epoch 132/200
2022-07-06 04:53:49,548 - INFO - The train loss is 0.016194. The valid loss is 0.017315.
2022-07-06 04:53:49,553 - INFO - Epoch 133/200
2022-07-06 04:53:49,854 - INFO - The train loss is 0.016122. The valid loss is 0.017210.
2022-07-06 04:53:49,859 - INFO - Epoch 134/200
2022-07-06 04:53:50,162 - INFO - The train loss is 0.016006. The valid loss is 0.017110.
2022-07-06 04:53:50,167 - INFO - Epoch 135/200
2022-07-06 04:53:50,468 - INFO - The train loss is 0.015922. The valid loss is 0.017009.
2022-07-06 04:53:50,472 - INFO - Epoch 136/200
2022-07-06 04:53:50,775 - INFO - The train loss is 0.015830. The valid loss is 0.016908.
2022-07-06 04:53:50,779 - INFO - Epoch 137/200
2022-07-06 04:53:51,080 - INFO - The train loss is 0.015751. The valid loss is 0.016811.
2022-07-06 04:53:51,085 - INFO - Epoch 138/200
2022-07-06 04:53:51,389 - INFO - The train loss is 0.015645. The valid loss is 0.016714.
2022-07-06 04:53:51,393 - INFO - Epoch 139/200
2022-07-06 04:53:51,697 - INFO - The train loss is 0.015562. The valid loss is 0.016619.
2022-07-06 04:53:51,702 - INFO - Epoch 140/200
2022-07-06 04:53:52,008 - INFO - The train loss is 0.015494. The valid loss is 0.016524.
2022-07-06 04:53:52,013 - INFO - Epoch 141/200
2022-07-06 04:53:52,314 - INFO - The train loss is 0.015378. The valid loss is 0.016432.
2022-07-06 04:53:52,320 - INFO - Epoch 142/200
2022-07-06 04:53:52,624 - INFO - The train loss is 0.015314. The valid loss is 0.016341.
2022-07-06 04:53:52,628 - INFO - Epoch 143/200
2022-07-06 04:53:52,933 - INFO - The train loss is 0.015248. The valid loss is 0.016251.
2022-07-06 04:53:52,937 - INFO - Epoch 144/200
2022-07-06 04:53:53,241 - INFO - The train loss is 0.015158. The valid loss is 0.016161.
2022-07-06 04:53:53,246 - INFO - Epoch 145/200
2022-07-06 04:53:53,549 - INFO - The train loss is 0.015094. The valid loss is 0.016072.
2022-07-06 04:53:53,553 - INFO - Epoch 146/200
2022-07-06 04:53:53,857 - INFO - The train loss is 0.015019. The valid loss is 0.015986.
2022-07-06 04:53:53,862 - INFO - Epoch 147/200
2022-07-06 04:53:54,162 - INFO - The train loss is 0.014922. The valid loss is 0.015901.
2022-07-06 04:53:54,167 - INFO - Epoch 148/200
2022-07-06 04:53:54,471 - INFO - The train loss is 0.014851. The valid loss is 0.015817.
2022-07-06 04:53:54,475 - INFO - Epoch 149/200
2022-07-06 04:53:54,780 - INFO - The train loss is 0.014787. The valid loss is 0.015734.
2022-07-06 04:53:54,785 - INFO - Epoch 150/200
2022-07-06 04:53:55,090 - INFO - The train loss is 0.014703. The valid loss is 0.015652.
2022-07-06 04:53:55,103 - INFO - Epoch 151/200
2022-07-06 04:53:55,405 - INFO - The train loss is 0.014611. The valid loss is 0.015570.
2022-07-06 04:53:55,410 - INFO - Epoch 152/200
2022-07-06 04:53:55,717 - INFO - The train loss is 0.014545. The valid loss is 0.015491.
2022-07-06 04:53:55,722 - INFO - Epoch 153/200
2022-07-06 04:53:56,027 - INFO - The train loss is 0.014494. The valid loss is 0.015412.
2022-07-06 04:53:56,032 - INFO - Epoch 154/200
2022-07-06 04:53:56,335 - INFO - The train loss is 0.014415. The valid loss is 0.015334.
2022-07-06 04:53:56,340 - INFO - Epoch 155/200
2022-07-06 04:53:56,644 - INFO - The train loss is 0.014346. The valid loss is 0.015258.
2022-07-06 04:53:56,649 - INFO - Epoch 156/200
2022-07-06 04:53:56,954 - INFO - The train loss is 0.014305. The valid loss is 0.015182.
2022-07-06 04:53:56,959 - INFO - Epoch 157/200
2022-07-06 04:53:57,263 - INFO - The train loss is 0.014201. The valid loss is 0.015107.
2022-07-06 04:53:57,268 - INFO - Epoch 158/200
2022-07-06 04:53:57,570 - INFO - The train loss is 0.014175. The valid loss is 0.015033.
2022-07-06 04:53:57,575 - INFO - Epoch 159/200
2022-07-06 04:53:57,876 - INFO - The train loss is 0.014080. The valid loss is 0.014960.
2022-07-06 04:53:57,880 - INFO - Epoch 160/200
2022-07-06 04:53:58,184 - INFO - The train loss is 0.014023. The valid loss is 0.014890.
2022-07-06 04:53:58,189 - INFO - Epoch 161/200
2022-07-06 04:53:58,491 - INFO - The train loss is 0.013956. The valid loss is 0.014817.
2022-07-06 04:53:58,495 - INFO - Epoch 162/200
2022-07-06 04:53:58,799 - INFO - The train loss is 0.013893. The valid loss is 0.014747.
2022-07-06 04:53:58,804 - INFO - Epoch 163/200
2022-07-06 04:53:59,108 - INFO - The train loss is 0.013835. The valid loss is 0.014679.
2022-07-06 04:53:59,113 - INFO - Epoch 164/200
2022-07-06 04:53:59,416 - INFO - The train loss is 0.013797. The valid loss is 0.014610.
2022-07-06 04:53:59,422 - INFO - Epoch 165/200
2022-07-06 04:53:59,724 - INFO - The train loss is 0.013735. The valid loss is 0.014543.
2022-07-06 04:53:59,728 - INFO - Epoch 166/200
2022-07-06 04:54:00,033 - INFO - The train loss is 0.013677. The valid loss is 0.014477.
2022-07-06 04:54:00,038 - INFO - Epoch 167/200
2022-07-06 04:54:00,341 - INFO - The train loss is 0.013595. The valid loss is 0.014410.
2022-07-06 04:54:00,346 - INFO - Epoch 168/200
2022-07-06 04:54:00,648 - INFO - The train loss is 0.013542. The valid loss is 0.014344.
2022-07-06 04:54:00,653 - INFO - Epoch 169/200
2022-07-06 04:54:00,957 - INFO - The train loss is 0.013475. The valid loss is 0.014279.
2022-07-06 04:54:00,962 - INFO - Epoch 170/200
2022-07-06 04:54:01,264 - INFO - The train loss is 0.013435. The valid loss is 0.014216.
2022-07-06 04:54:01,269 - INFO - Epoch 171/200
2022-07-06 04:54:01,571 - INFO - The train loss is 0.013376. The valid loss is 0.014154.
2022-07-06 04:54:01,576 - INFO - Epoch 172/200
2022-07-06 04:54:01,880 - INFO - The train loss is 0.013295. The valid loss is 0.014090.
2022-07-06 04:54:01,885 - INFO - Epoch 173/200
2022-07-06 04:54:02,187 - INFO - The train loss is 0.013269. The valid loss is 0.014029.
2022-07-06 04:54:02,192 - INFO - Epoch 174/200
2022-07-06 04:54:02,496 - INFO - The train loss is 0.013205. The valid loss is 0.013969.
2022-07-06 04:54:02,501 - INFO - Epoch 175/200
2022-07-06 04:54:02,803 - INFO - The train loss is 0.013165. The valid loss is 0.013907.
2022-07-06 04:54:02,807 - INFO - Epoch 176/200
2022-07-06 04:54:03,111 - INFO - The train loss is 0.013089. The valid loss is 0.013847.
2022-07-06 04:54:03,118 - INFO - Epoch 177/200
2022-07-06 04:54:03,422 - INFO - The train loss is 0.013052. The valid loss is 0.013787.
2022-07-06 04:54:03,427 - INFO - Epoch 178/200
2022-07-06 04:54:03,730 - INFO - The train loss is 0.012996. The valid loss is 0.013728.
2022-07-06 04:54:03,734 - INFO - Epoch 179/200
2022-07-06 04:54:04,038 - INFO - The train loss is 0.012952. The valid loss is 0.013671.
2022-07-06 04:54:04,043 - INFO - Epoch 180/200
2022-07-06 04:54:04,348 - INFO - The train loss is 0.012878. The valid loss is 0.013612.
2022-07-06 04:54:04,352 - INFO - Epoch 181/200
2022-07-06 04:54:04,655 - INFO - The train loss is 0.012843. The valid loss is 0.013554.
2022-07-06 04:54:04,659 - INFO - Epoch 182/200
2022-07-06 04:54:04,964 - INFO - The train loss is 0.012790. The valid loss is 0.013498.
2022-07-06 04:54:04,969 - INFO - Epoch 183/200
2022-07-06 04:54:05,272 - INFO - The train loss is 0.012725. The valid loss is 0.013441.
2022-07-06 04:54:05,276 - INFO - Epoch 184/200
2022-07-06 04:54:05,579 - INFO - The train loss is 0.012675. The valid loss is 0.013385.
2022-07-06 04:54:05,583 - INFO - Epoch 185/200
2022-07-06 04:54:05,887 - INFO - The train loss is 0.012642. The valid loss is 0.013331.
2022-07-06 04:54:05,892 - INFO - Epoch 186/200
2022-07-06 04:54:06,195 - INFO - The train loss is 0.012593. The valid loss is 0.013274.
2022-07-06 04:54:06,200 - INFO - Epoch 187/200
2022-07-06 04:54:06,503 - INFO - The train loss is 0.012554. The valid loss is 0.013220.
2022-07-06 04:54:06,507 - INFO - Epoch 188/200
2022-07-06 04:54:06,811 - INFO - The train loss is 0.012480. The valid loss is 0.013166.
2022-07-06 04:54:06,816 - INFO - Epoch 189/200
2022-07-06 04:54:07,121 - INFO - The train loss is 0.012438. The valid loss is 0.013113.
2022-07-06 04:54:07,126 - INFO - Epoch 190/200
2022-07-06 04:54:07,431 - INFO - The train loss is 0.012397. The valid loss is 0.013059.
2022-07-06 04:54:07,436 - INFO - Epoch 191/200
2022-07-06 04:54:07,742 - INFO - The train loss is 0.012358. The valid loss is 0.013006.
2022-07-06 04:54:07,747 - INFO - Epoch 192/200
2022-07-06 04:54:08,046 - INFO - The train loss is 0.012292. The valid loss is 0.012954.
2022-07-06 04:54:08,051 - INFO - Epoch 193/200
2022-07-06 04:54:08,354 - INFO - The train loss is 0.012257. The valid loss is 0.012901.
2022-07-06 04:54:08,358 - INFO - Epoch 194/200
2022-07-06 04:54:08,663 - INFO - The train loss is 0.012207. The valid loss is 0.012850.
2022-07-06 04:54:08,667 - INFO - Epoch 195/200
2022-07-06 04:54:08,972 - INFO - The train loss is 0.012172. The valid loss is 0.012798.
2022-07-06 04:54:08,977 - INFO - Epoch 196/200
2022-07-06 04:54:09,281 - INFO - The train loss is 0.012121. The valid loss is 0.012748.
2022-07-06 04:54:09,286 - INFO - Epoch 197/200
2022-07-06 04:54:09,590 - INFO - The train loss is 0.012083. The valid loss is 0.012697.
2022-07-06 04:54:09,595 - INFO - Epoch 198/200
2022-07-06 04:54:09,898 - INFO - The train loss is 0.012048. The valid loss is 0.012648.
2022-07-06 04:54:09,902 - INFO - Epoch 199/200
2022-07-06 04:54:10,207 - INFO - The train loss is 0.011995. The valid loss is 0.012596.
2022-07-06 04:54:11,047 - INFO - The MSE of ['top', 'bottom'] is [0.45741393 4.08518734]
2022-07-06 04:54:11,047 - INFO - The mean squared error of ['top', 'bottom'] is [0.00102656 0.01240959]
2022-07-06 04:54:11,047 - INFO - The R squared of ['top', 'bottom'] is [0.9990647  0.98927227]
2022-07-06 04:54:11,100 - INFO - The predicted top velocity is: 59.80539570799873
2022-07-06 04:54:11,119 - INFO - The predicted bottom velocity is: 59.906220655904335
