2022-07-06 02:44:39,790 - INFO - 
Config:
'add_train': False
'batch_size': 334
'continue_flag': ''
'cur_time': '2022_07_06_02_44_39'
'debug_mode': False
'debug_num': 500
'do_continue_train': False
'do_figure_save': False
'do_log_print_to_screen': True
'do_log_save_to_file': True
'do_predict': True
'do_train': True
'do_train_visualized': False
'dropout_rate': 0.1
'epoch': 250
'feature_columns': [1, 2, 3, 4, 5]
'figure_save_path': './figure/'
'hidden_size': 256
'input_size': 5
'label_columns': [4, 5]
'label_in_feature_index': [3, 4]
'learning_rate': 0.0001
'log_save_path': './log/2022_07_06_02_44_39_pytorch/'
'lstm_layers': 2
'model_name': 'model_pytorch.pth'
'model_postfix': {'pytorch': '.pth'
'keras': '.h5'
'tensorflow': '.ckpt'}
'model_save_path': './checkpoint/pytorch/'
'output_size': 2
'patience': 3
'predict_day': 1
'random_seed': 23
'shuffle_train_data': True
'time_step': 167
'train_data_path': './gtau2.3edited.csv'
'train_data_rate': 0.9
'use_cuda': True
'used_frame': 'pytorch'
'valid_data_rate': 0.1
2022-07-06 02:44:42,073 - INFO - Epoch 0/250
2022-07-06 02:44:42,670 - INFO - The train loss is 0.995374. The valid loss is 0.995490.
2022-07-06 02:44:42,675 - INFO - Epoch 1/250
2022-07-06 02:44:42,968 - INFO - The train loss is 0.975864. The valid loss is 0.976177.
2022-07-06 02:44:42,972 - INFO - Epoch 2/250
2022-07-06 02:44:43,263 - INFO - The train loss is 0.955574. The valid loss is 0.955481.
2022-07-06 02:44:43,268 - INFO - Epoch 3/250
2022-07-06 02:44:43,557 - INFO - The train loss is 0.933485. The valid loss is 0.932330.
2022-07-06 02:44:43,561 - INFO - Epoch 4/250
2022-07-06 02:44:43,854 - INFO - The train loss is 0.908449. The valid loss is 0.905434.
2022-07-06 02:44:43,859 - INFO - Epoch 5/250
2022-07-06 02:44:44,148 - INFO - The train loss is 0.879031. The valid loss is 0.873141.
2022-07-06 02:44:44,152 - INFO - Epoch 6/250
2022-07-06 02:44:44,457 - INFO - The train loss is 0.843440. The valid loss is 0.833275.
2022-07-06 02:44:44,462 - INFO - Epoch 7/250
2022-07-06 02:44:44,757 - INFO - The train loss is 0.799137. The valid loss is 0.782915.
2022-07-06 02:44:44,761 - INFO - Epoch 8/250
2022-07-06 02:44:45,052 - INFO - The train loss is 0.742834. The valid loss is 0.718198.
2022-07-06 02:44:45,057 - INFO - Epoch 9/250
2022-07-06 02:44:45,368 - INFO - The train loss is 0.670108. The valid loss is 0.634316.
2022-07-06 02:44:45,374 - INFO - Epoch 10/250
2022-07-06 02:44:45,669 - INFO - The train loss is 0.575977. The valid loss is 0.526288.
2022-07-06 02:44:45,674 - INFO - Epoch 11/250
2022-07-06 02:44:45,974 - INFO - The train loss is 0.456245. The valid loss is 0.392307.
2022-07-06 02:44:45,979 - INFO - Epoch 12/250
2022-07-06 02:44:46,290 - INFO - The train loss is 0.316473. The valid loss is 0.252494.
2022-07-06 02:44:46,295 - INFO - Epoch 13/250
2022-07-06 02:44:46,611 - INFO - The train loss is 0.204536. The valid loss is 0.178410.
2022-07-06 02:44:46,615 - INFO - Epoch 14/250
2022-07-06 02:44:46,899 - INFO - The train loss is 0.156765. The valid loss is 0.128632.
2022-07-06 02:44:46,903 - INFO - Epoch 15/250
2022-07-06 02:44:47,195 - INFO - The train loss is 0.113983. The valid loss is 0.101938.
2022-07-06 02:44:47,199 - INFO - Epoch 16/250
2022-07-06 02:44:47,496 - INFO - The train loss is 0.089183. The valid loss is 0.078051.
2022-07-06 02:44:47,501 - INFO - Epoch 17/250
2022-07-06 02:44:47,800 - INFO - The train loss is 0.070267. The valid loss is 0.064183.
2022-07-06 02:44:47,804 - INFO - Epoch 18/250
2022-07-06 02:44:48,099 - INFO - The train loss is 0.059479. The valid loss is 0.055549.
2022-07-06 02:44:48,104 - INFO - Epoch 19/250
2022-07-06 02:44:48,399 - INFO - The train loss is 0.052813. The valid loss is 0.049146.
2022-07-06 02:44:48,403 - INFO - Epoch 20/250
2022-07-06 02:44:48,704 - INFO - The train loss is 0.049004. The valid loss is 0.046458.
2022-07-06 02:44:48,709 - INFO - Epoch 21/250
2022-07-06 02:44:49,012 - INFO - The train loss is 0.047386. The valid loss is 0.045291.
2022-07-06 02:44:49,017 - INFO - Epoch 22/250
2022-07-06 02:44:49,318 - INFO - The train loss is 0.045429. The valid loss is 0.042363.
2022-07-06 02:44:49,323 - INFO - Epoch 23/250
2022-07-06 02:44:49,626 - INFO - The train loss is 0.042819. The valid loss is 0.040772.
2022-07-06 02:44:49,631 - INFO - Epoch 24/250
2022-07-06 02:44:49,926 - INFO - The train loss is 0.040834. The valid loss is 0.039471.
2022-07-06 02:44:49,931 - INFO - Epoch 25/250
2022-07-06 02:44:50,245 - INFO - The train loss is 0.039024. The valid loss is 0.038120.
2022-07-06 02:44:50,250 - INFO - Epoch 26/250
2022-07-06 02:44:50,544 - INFO - The train loss is 0.037616. The valid loss is 0.037041.
2022-07-06 02:44:50,549 - INFO - Epoch 27/250
2022-07-06 02:44:50,849 - INFO - The train loss is 0.036637. The valid loss is 0.036132.
2022-07-06 02:44:50,853 - INFO - Epoch 28/250
2022-07-06 02:44:51,153 - INFO - The train loss is 0.035754. The valid loss is 0.035344.
2022-07-06 02:44:51,158 - INFO - Epoch 29/250
2022-07-06 02:44:51,469 - INFO - The train loss is 0.034951. The valid loss is 0.034694.
2022-07-06 02:44:51,473 - INFO - Epoch 30/250
2022-07-06 02:44:51,770 - INFO - The train loss is 0.034261. The valid loss is 0.034134.
2022-07-06 02:44:51,775 - INFO - Epoch 31/250
2022-07-06 02:44:52,073 - INFO - The train loss is 0.033687. The valid loss is 0.033593.
2022-07-06 02:44:52,078 - INFO - Epoch 32/250
2022-07-06 02:44:52,376 - INFO - The train loss is 0.033194. The valid loss is 0.033147.
2022-07-06 02:44:52,381 - INFO - Epoch 33/250
2022-07-06 02:44:52,686 - INFO - The train loss is 0.032760. The valid loss is 0.032805.
2022-07-06 02:44:52,691 - INFO - Epoch 34/250
2022-07-06 02:44:52,987 - INFO - The train loss is 0.032388. The valid loss is 0.032509.
2022-07-06 02:44:52,991 - INFO - Epoch 35/250
2022-07-06 02:44:53,288 - INFO - The train loss is 0.032061. The valid loss is 0.032225.
2022-07-06 02:44:53,292 - INFO - Epoch 36/250
2022-07-06 02:44:53,585 - INFO - The train loss is 0.031767. The valid loss is 0.031934.
2022-07-06 02:44:53,590 - INFO - Epoch 37/250
2022-07-06 02:44:53,884 - INFO - The train loss is 0.031516. The valid loss is 0.031641.
2022-07-06 02:44:53,888 - INFO - Epoch 38/250
2022-07-06 02:44:54,182 - INFO - The train loss is 0.031205. The valid loss is 0.031369.
2022-07-06 02:44:54,187 - INFO - Epoch 39/250
2022-07-06 02:44:54,481 - INFO - The train loss is 0.030933. The valid loss is 0.031118.
2022-07-06 02:44:54,486 - INFO - Epoch 40/250
2022-07-06 02:44:54,783 - INFO - The train loss is 0.030628. The valid loss is 0.030872.
2022-07-06 02:44:54,788 - INFO - Epoch 41/250
2022-07-06 02:44:55,090 - INFO - The train loss is 0.030396. The valid loss is 0.030626.
2022-07-06 02:44:55,095 - INFO - Epoch 42/250
2022-07-06 02:44:55,389 - INFO - The train loss is 0.030150. The valid loss is 0.030380.
2022-07-06 02:44:55,395 - INFO - Epoch 43/250
2022-07-06 02:44:55,713 - INFO - The train loss is 0.029929. The valid loss is 0.030141.
2022-07-06 02:44:55,718 - INFO - Epoch 44/250
2022-07-06 02:44:56,028 - INFO - The train loss is 0.029672. The valid loss is 0.029910.
2022-07-06 02:44:56,033 - INFO - Epoch 45/250
2022-07-06 02:44:56,335 - INFO - The train loss is 0.029462. The valid loss is 0.029683.
2022-07-06 02:44:56,340 - INFO - Epoch 46/250
2022-07-06 02:44:56,647 - INFO - The train loss is 0.029237. The valid loss is 0.029457.
2022-07-06 02:44:56,652 - INFO - Epoch 47/250
2022-07-06 02:44:56,961 - INFO - The train loss is 0.029003. The valid loss is 0.029234.
2022-07-06 02:44:56,965 - INFO - Epoch 48/250
2022-07-06 02:44:57,273 - INFO - The train loss is 0.028792. The valid loss is 0.029009.
2022-07-06 02:44:57,278 - INFO - Epoch 49/250
2022-07-06 02:44:57,572 - INFO - The train loss is 0.028554. The valid loss is 0.028790.
2022-07-06 02:44:57,577 - INFO - Epoch 50/250
2022-07-06 02:44:57,868 - INFO - The train loss is 0.028346. The valid loss is 0.028576.
2022-07-06 02:44:57,873 - INFO - Epoch 51/250
2022-07-06 02:44:58,168 - INFO - The train loss is 0.028114. The valid loss is 0.028366.
2022-07-06 02:44:58,173 - INFO - Epoch 52/250
2022-07-06 02:44:58,468 - INFO - The train loss is 0.027919. The valid loss is 0.028155.
2022-07-06 02:44:58,473 - INFO - Epoch 53/250
2022-07-06 02:44:58,766 - INFO - The train loss is 0.027721. The valid loss is 0.027947.
2022-07-06 02:44:58,770 - INFO - Epoch 54/250
2022-07-06 02:44:59,064 - INFO - The train loss is 0.027535. The valid loss is 0.027743.
2022-07-06 02:44:59,069 - INFO - Epoch 55/250
2022-07-06 02:44:59,363 - INFO - The train loss is 0.027334. The valid loss is 0.027541.
2022-07-06 02:44:59,368 - INFO - Epoch 56/250
2022-07-06 02:44:59,674 - INFO - The train loss is 0.027081. The valid loss is 0.027341.
2022-07-06 02:44:59,679 - INFO - Epoch 57/250
2022-07-06 02:44:59,968 - INFO - The train loss is 0.026929. The valid loss is 0.027142.
2022-07-06 02:44:59,974 - INFO - Epoch 58/250
2022-07-06 02:45:00,273 - INFO - The train loss is 0.026729. The valid loss is 0.026945.
2022-07-06 02:45:00,278 - INFO - Epoch 59/250
2022-07-06 02:45:00,572 - INFO - The train loss is 0.026532. The valid loss is 0.026750.
2022-07-06 02:45:00,576 - INFO - Epoch 60/250
2022-07-06 02:45:00,876 - INFO - The train loss is 0.026367. The valid loss is 0.026558.
2022-07-06 02:45:00,881 - INFO - Epoch 61/250
2022-07-06 02:45:01,181 - INFO - The train loss is 0.026178. The valid loss is 0.026368.
2022-07-06 02:45:01,185 - INFO - Epoch 62/250
2022-07-06 02:45:01,481 - INFO - The train loss is 0.025971. The valid loss is 0.026179.
2022-07-06 02:45:01,485 - INFO - Epoch 63/250
2022-07-06 02:45:01,783 - INFO - The train loss is 0.025793. The valid loss is 0.025993.
2022-07-06 02:45:01,788 - INFO - Epoch 64/250
2022-07-06 02:45:02,086 - INFO - The train loss is 0.025656. The valid loss is 0.025809.
2022-07-06 02:45:02,091 - INFO - Epoch 65/250
2022-07-06 02:45:02,392 - INFO - The train loss is 0.025450. The valid loss is 0.025626.
2022-07-06 02:45:02,396 - INFO - Epoch 66/250
2022-07-06 02:45:02,701 - INFO - The train loss is 0.025244. The valid loss is 0.025443.
2022-07-06 02:45:02,705 - INFO - Epoch 67/250
2022-07-06 02:45:03,007 - INFO - The train loss is 0.025115. The valid loss is 0.025264.
2022-07-06 02:45:03,015 - INFO - Epoch 68/250
2022-07-06 02:45:03,318 - INFO - The train loss is 0.024896. The valid loss is 0.025085.
2022-07-06 02:45:03,323 - INFO - Epoch 69/250
2022-07-06 02:45:03,629 - INFO - The train loss is 0.024730. The valid loss is 0.024908.
2022-07-06 02:45:03,634 - INFO - Epoch 70/250
2022-07-06 02:45:03,938 - INFO - The train loss is 0.024562. The valid loss is 0.024732.
2022-07-06 02:45:03,942 - INFO - Epoch 71/250
2022-07-06 02:45:04,242 - INFO - The train loss is 0.024388. The valid loss is 0.024559.
2022-07-06 02:45:04,246 - INFO - Epoch 72/250
2022-07-06 02:45:04,549 - INFO - The train loss is 0.024232. The valid loss is 0.024387.
2022-07-06 02:45:04,554 - INFO - Epoch 73/250
2022-07-06 02:45:04,857 - INFO - The train loss is 0.024075. The valid loss is 0.024217.
2022-07-06 02:45:04,862 - INFO - Epoch 74/250
2022-07-06 02:45:05,164 - INFO - The train loss is 0.023903. The valid loss is 0.024048.
2022-07-06 02:45:05,169 - INFO - Epoch 75/250
2022-07-06 02:45:05,471 - INFO - The train loss is 0.023748. The valid loss is 0.023877.
2022-07-06 02:45:05,475 - INFO - Epoch 76/250
2022-07-06 02:45:05,780 - INFO - The train loss is 0.023567. The valid loss is 0.023709.
2022-07-06 02:45:05,784 - INFO - Epoch 77/250
2022-07-06 02:45:06,079 - INFO - The train loss is 0.023405. The valid loss is 0.023545.
2022-07-06 02:45:06,084 - INFO - Epoch 78/250
2022-07-06 02:45:06,387 - INFO - The train loss is 0.023248. The valid loss is 0.023382.
2022-07-06 02:45:06,392 - INFO - Epoch 79/250
2022-07-06 02:45:06,696 - INFO - The train loss is 0.023093. The valid loss is 0.023219.
2022-07-06 02:45:06,701 - INFO - Epoch 80/250
2022-07-06 02:45:07,002 - INFO - The train loss is 0.022920. The valid loss is 0.023056.
2022-07-06 02:45:07,006 - INFO - Epoch 81/250
2022-07-06 02:45:07,302 - INFO - The train loss is 0.022776. The valid loss is 0.022894.
2022-07-06 02:45:07,307 - INFO - Epoch 82/250
2022-07-06 02:45:07,609 - INFO - The train loss is 0.022614. The valid loss is 0.022736.
2022-07-06 02:45:07,614 - INFO - Epoch 83/250
2022-07-06 02:45:07,918 - INFO - The train loss is 0.022463. The valid loss is 0.022581.
2022-07-06 02:45:07,923 - INFO - Epoch 84/250
2022-07-06 02:45:08,222 - INFO - The train loss is 0.022301. The valid loss is 0.022424.
2022-07-06 02:45:08,226 - INFO - Epoch 85/250
2022-07-06 02:45:08,526 - INFO - The train loss is 0.022156. The valid loss is 0.022269.
2022-07-06 02:45:08,531 - INFO - Epoch 86/250
2022-07-06 02:45:08,838 - INFO - The train loss is 0.021998. The valid loss is 0.022114.
2022-07-06 02:45:08,843 - INFO - Epoch 87/250
2022-07-06 02:45:09,135 - INFO - The train loss is 0.021853. The valid loss is 0.021961.
2022-07-06 02:45:09,140 - INFO - Epoch 88/250
2022-07-06 02:45:09,442 - INFO - The train loss is 0.021750. The valid loss is 0.021810.
2022-07-06 02:45:09,448 - INFO - Epoch 89/250
2022-07-06 02:45:09,753 - INFO - The train loss is 0.021586. The valid loss is 0.021661.
2022-07-06 02:45:09,758 - INFO - Epoch 90/250
2022-07-06 02:45:10,054 - INFO - The train loss is 0.021459. The valid loss is 0.021512.
2022-07-06 02:45:10,059 - INFO - Epoch 91/250
2022-07-06 02:45:10,362 - INFO - The train loss is 0.021297. The valid loss is 0.021364.
2022-07-06 02:45:10,367 - INFO - Epoch 92/250
2022-07-06 02:45:10,663 - INFO - The train loss is 0.021122. The valid loss is 0.021219.
2022-07-06 02:45:10,669 - INFO - Epoch 93/250
2022-07-06 02:45:10,969 - INFO - The train loss is 0.021009. The valid loss is 0.021075.
2022-07-06 02:45:10,974 - INFO - Epoch 94/250
2022-07-06 02:45:11,271 - INFO - The train loss is 0.020840. The valid loss is 0.020931.
2022-07-06 02:45:11,275 - INFO - Epoch 95/250
2022-07-06 02:45:11,571 - INFO - The train loss is 0.020707. The valid loss is 0.020789.
2022-07-06 02:45:11,576 - INFO - Epoch 96/250
2022-07-06 02:45:11,876 - INFO - The train loss is 0.020553. The valid loss is 0.020649.
2022-07-06 02:45:11,881 - INFO - Epoch 97/250
2022-07-06 02:45:12,182 - INFO - The train loss is 0.020435. The valid loss is 0.020510.
2022-07-06 02:45:12,187 - INFO - Epoch 98/250
2022-07-06 02:45:12,483 - INFO - The train loss is 0.020306. The valid loss is 0.020372.
2022-07-06 02:45:12,488 - INFO - Epoch 99/250
2022-07-06 02:45:12,789 - INFO - The train loss is 0.020170. The valid loss is 0.020235.
2022-07-06 02:45:12,794 - INFO - Epoch 100/250
2022-07-06 02:45:13,090 - INFO - The train loss is 0.020050. The valid loss is 0.020101.
2022-07-06 02:45:13,094 - INFO - Epoch 101/250
2022-07-06 02:45:13,391 - INFO - The train loss is 0.019908. The valid loss is 0.019966.
2022-07-06 02:45:13,396 - INFO - Epoch 102/250
2022-07-06 02:45:13,700 - INFO - The train loss is 0.019771. The valid loss is 0.019833.
2022-07-06 02:45:13,705 - INFO - Epoch 103/250
2022-07-06 02:45:14,011 - INFO - The train loss is 0.019636. The valid loss is 0.019700.
2022-07-06 02:45:14,016 - INFO - Epoch 104/250
2022-07-06 02:45:14,313 - INFO - The train loss is 0.019516. The valid loss is 0.019570.
2022-07-06 02:45:14,317 - INFO - Epoch 105/250
2022-07-06 02:45:14,613 - INFO - The train loss is 0.019376. The valid loss is 0.019441.
2022-07-06 02:45:14,618 - INFO - Epoch 106/250
2022-07-06 02:45:14,934 - INFO - The train loss is 0.019247. The valid loss is 0.019313.
2022-07-06 02:45:14,939 - INFO - Epoch 107/250
2022-07-06 02:45:15,242 - INFO - The train loss is 0.019155. The valid loss is 0.019185.
2022-07-06 02:45:15,247 - INFO - Epoch 108/250
2022-07-06 02:45:15,551 - INFO - The train loss is 0.019041. The valid loss is 0.019060.
2022-07-06 02:45:15,556 - INFO - Epoch 109/250
2022-07-06 02:45:15,862 - INFO - The train loss is 0.018895. The valid loss is 0.018936.
2022-07-06 02:45:15,867 - INFO - Epoch 110/250
2022-07-06 02:45:16,173 - INFO - The train loss is 0.018776. The valid loss is 0.018813.
2022-07-06 02:45:16,178 - INFO - Epoch 111/250
2022-07-06 02:45:16,483 - INFO - The train loss is 0.018665. The valid loss is 0.018692.
2022-07-06 02:45:16,488 - INFO - Epoch 112/250
2022-07-06 02:45:16,779 - INFO - The train loss is 0.018525. The valid loss is 0.018572.
2022-07-06 02:45:16,784 - INFO - Epoch 113/250
2022-07-06 02:45:17,082 - INFO - The train loss is 0.018419. The valid loss is 0.018452.
2022-07-06 02:45:17,087 - INFO - Epoch 114/250
2022-07-06 02:45:17,378 - INFO - The train loss is 0.018291. The valid loss is 0.018334.
2022-07-06 02:45:17,383 - INFO - Epoch 115/250
2022-07-06 02:45:17,682 - INFO - The train loss is 0.018184. The valid loss is 0.018217.
2022-07-06 02:45:17,687 - INFO - Epoch 116/250
2022-07-06 02:45:17,989 - INFO - The train loss is 0.018060. The valid loss is 0.018101.
2022-07-06 02:45:17,994 - INFO - Epoch 117/250
2022-07-06 02:45:18,297 - INFO - The train loss is 0.017943. The valid loss is 0.017987.
2022-07-06 02:45:18,302 - INFO - Epoch 118/250
2022-07-06 02:45:18,597 - INFO - The train loss is 0.017873. The valid loss is 0.017874.
2022-07-06 02:45:18,602 - INFO - Epoch 119/250
2022-07-06 02:45:18,915 - INFO - The train loss is 0.017763. The valid loss is 0.017763.
2022-07-06 02:45:18,922 - INFO - Epoch 120/250
2022-07-06 02:45:19,226 - INFO - The train loss is 0.017631. The valid loss is 0.017652.
2022-07-06 02:45:19,231 - INFO - Epoch 121/250
2022-07-06 02:45:19,528 - INFO - The train loss is 0.017536. The valid loss is 0.017543.
2022-07-06 02:45:19,532 - INFO - Epoch 122/250
2022-07-06 02:45:19,829 - INFO - The train loss is 0.017469. The valid loss is 0.017435.
2022-07-06 02:45:19,834 - INFO - Epoch 123/250
2022-07-06 02:45:20,137 - INFO - The train loss is 0.017358. The valid loss is 0.017328.
2022-07-06 02:45:20,141 - INFO - Epoch 124/250
2022-07-06 02:45:20,438 - INFO - The train loss is 0.017231. The valid loss is 0.017222.
2022-07-06 02:45:20,443 - INFO - Epoch 125/250
2022-07-06 02:45:20,743 - INFO - The train loss is 0.017117. The valid loss is 0.017120.
2022-07-06 02:45:20,747 - INFO - Epoch 126/250
2022-07-06 02:45:21,042 - INFO - The train loss is 0.017018. The valid loss is 0.017016.
2022-07-06 02:45:21,047 - INFO - Epoch 127/250
2022-07-06 02:45:21,344 - INFO - The train loss is 0.016920. The valid loss is 0.016914.
2022-07-06 02:45:21,349 - INFO - Epoch 128/250
2022-07-06 02:45:21,648 - INFO - The train loss is 0.016826. The valid loss is 0.016814.
2022-07-06 02:45:21,653 - INFO - Epoch 129/250
2022-07-06 02:45:21,956 - INFO - The train loss is 0.016728. The valid loss is 0.016715.
2022-07-06 02:45:21,961 - INFO - Epoch 130/250
2022-07-06 02:45:22,256 - INFO - The train loss is 0.016624. The valid loss is 0.016618.
2022-07-06 02:45:22,261 - INFO - Epoch 131/250
2022-07-06 02:45:22,551 - INFO - The train loss is 0.016519. The valid loss is 0.016522.
2022-07-06 02:45:22,556 - INFO - Epoch 132/250
2022-07-06 02:45:22,854 - INFO - The train loss is 0.016453. The valid loss is 0.016427.
2022-07-06 02:45:22,859 - INFO - Epoch 133/250
2022-07-06 02:45:23,159 - INFO - The train loss is 0.016356. The valid loss is 0.016333.
2022-07-06 02:45:23,165 - INFO - Epoch 134/250
2022-07-06 02:45:23,463 - INFO - The train loss is 0.016260. The valid loss is 0.016240.
2022-07-06 02:45:23,468 - INFO - Epoch 135/250
2022-07-06 02:45:23,767 - INFO - The train loss is 0.016182. The valid loss is 0.016150.
2022-07-06 02:45:23,771 - INFO - Epoch 136/250
2022-07-06 02:45:24,069 - INFO - The train loss is 0.016073. The valid loss is 0.016060.
2022-07-06 02:45:24,074 - INFO - Epoch 137/250
2022-07-06 02:45:24,371 - INFO - The train loss is 0.016010. The valid loss is 0.015971.
2022-07-06 02:45:24,375 - INFO - Epoch 138/250
2022-07-06 02:45:24,675 - INFO - The train loss is 0.015892. The valid loss is 0.015884.
2022-07-06 02:45:24,679 - INFO - Epoch 139/250
2022-07-06 02:45:24,980 - INFO - The train loss is 0.015868. The valid loss is 0.015797.
2022-07-06 02:45:24,985 - INFO - Epoch 140/250
2022-07-06 02:45:25,283 - INFO - The train loss is 0.015751. The valid loss is 0.015713.
2022-07-06 02:45:25,288 - INFO - Epoch 141/250
2022-07-06 02:45:25,589 - INFO - The train loss is 0.015695. The valid loss is 0.015629.
2022-07-06 02:45:25,594 - INFO - Epoch 142/250
2022-07-06 02:45:25,895 - INFO - The train loss is 0.015619. The valid loss is 0.015547.
2022-07-06 02:45:25,900 - INFO - Epoch 143/250
2022-07-06 02:45:26,192 - INFO - The train loss is 0.015538. The valid loss is 0.015465.
2022-07-06 02:45:26,197 - INFO - Epoch 144/250
2022-07-06 02:45:26,500 - INFO - The train loss is 0.015456. The valid loss is 0.015384.
2022-07-06 02:45:26,505 - INFO - Epoch 145/250
2022-07-06 02:45:26,810 - INFO - The train loss is 0.015368. The valid loss is 0.015305.
2022-07-06 02:45:26,814 - INFO - Epoch 146/250
2022-07-06 02:45:27,109 - INFO - The train loss is 0.015312. The valid loss is 0.015228.
2022-07-06 02:45:27,114 - INFO - Epoch 147/250
2022-07-06 02:45:27,419 - INFO - The train loss is 0.015201. The valid loss is 0.015152.
2022-07-06 02:45:27,424 - INFO - Epoch 148/250
2022-07-06 02:45:27,726 - INFO - The train loss is 0.015138. The valid loss is 0.015075.
2022-07-06 02:45:27,731 - INFO - Epoch 149/250
2022-07-06 02:45:28,035 - INFO - The train loss is 0.015077. The valid loss is 0.015001.
2022-07-06 02:45:28,040 - INFO - Epoch 150/250
2022-07-06 02:45:28,344 - INFO - The train loss is 0.015010. The valid loss is 0.014927.
2022-07-06 02:45:28,349 - INFO - Epoch 151/250
2022-07-06 02:45:28,652 - INFO - The train loss is 0.014937. The valid loss is 0.014854.
2022-07-06 02:45:28,657 - INFO - Epoch 152/250
2022-07-06 02:45:28,958 - INFO - The train loss is 0.014863. The valid loss is 0.014783.
2022-07-06 02:45:28,963 - INFO - Epoch 153/250
2022-07-06 02:45:29,267 - INFO - The train loss is 0.014826. The valid loss is 0.014713.
2022-07-06 02:45:29,271 - INFO - Epoch 154/250
2022-07-06 02:45:29,573 - INFO - The train loss is 0.014754. The valid loss is 0.014642.
2022-07-06 02:45:29,578 - INFO - Epoch 155/250
2022-07-06 02:45:29,880 - INFO - The train loss is 0.014674. The valid loss is 0.014573.
2022-07-06 02:45:29,885 - INFO - Epoch 156/250
2022-07-06 02:45:30,189 - INFO - The train loss is 0.014609. The valid loss is 0.014505.
2022-07-06 02:45:30,194 - INFO - Epoch 157/250
2022-07-06 02:45:30,495 - INFO - The train loss is 0.014542. The valid loss is 0.014437.
2022-07-06 02:45:30,500 - INFO - Epoch 158/250
2022-07-06 02:45:30,804 - INFO - The train loss is 0.014476. The valid loss is 0.014371.
2022-07-06 02:45:30,808 - INFO - Epoch 159/250
2022-07-06 02:45:31,112 - INFO - The train loss is 0.014428. The valid loss is 0.014306.
2022-07-06 02:45:31,117 - INFO - Epoch 160/250
2022-07-06 02:45:31,421 - INFO - The train loss is 0.014341. The valid loss is 0.014240.
2022-07-06 02:45:31,426 - INFO - Epoch 161/250
2022-07-06 02:45:31,729 - INFO - The train loss is 0.014313. The valid loss is 0.014176.
2022-07-06 02:45:31,734 - INFO - Epoch 162/250
2022-07-06 02:45:32,044 - INFO - The train loss is 0.014233. The valid loss is 0.014113.
2022-07-06 02:45:32,050 - INFO - Epoch 163/250
2022-07-06 02:45:32,354 - INFO - The train loss is 0.014166. The valid loss is 0.014050.
2022-07-06 02:45:32,358 - INFO - Epoch 164/250
2022-07-06 02:45:32,661 - INFO - The train loss is 0.014102. The valid loss is 0.013988.
2022-07-06 02:45:32,667 - INFO - Epoch 165/250
2022-07-06 02:45:32,969 - INFO - The train loss is 0.014040. The valid loss is 0.013926.
2022-07-06 02:45:32,973 - INFO - Epoch 166/250
2022-07-06 02:45:33,278 - INFO - The train loss is 0.014002. The valid loss is 0.013866.
2022-07-06 02:45:33,283 - INFO - Epoch 167/250
2022-07-06 02:45:33,594 - INFO - The train loss is 0.013940. The valid loss is 0.013805.
2022-07-06 02:45:33,599 - INFO - Epoch 168/250
2022-07-06 02:45:33,898 - INFO - The train loss is 0.013884. The valid loss is 0.013747.
2022-07-06 02:45:33,903 - INFO - Epoch 169/250
2022-07-06 02:45:34,203 - INFO - The train loss is 0.013835. The valid loss is 0.013686.
2022-07-06 02:45:34,208 - INFO - Epoch 170/250
2022-07-06 02:45:34,511 - INFO - The train loss is 0.013759. The valid loss is 0.013628.
2022-07-06 02:45:34,516 - INFO - Epoch 171/250
2022-07-06 02:45:34,814 - INFO - The train loss is 0.013719. The valid loss is 0.013570.
2022-07-06 02:45:34,818 - INFO - Epoch 172/250
2022-07-06 02:45:35,119 - INFO - The train loss is 0.013656. The valid loss is 0.013513.
2022-07-06 02:45:35,123 - INFO - Epoch 173/250
2022-07-06 02:45:35,423 - INFO - The train loss is 0.013617. The valid loss is 0.013456.
2022-07-06 02:45:35,428 - INFO - Epoch 174/250
2022-07-06 02:45:35,727 - INFO - The train loss is 0.013553. The valid loss is 0.013400.
2022-07-06 02:45:35,732 - INFO - Epoch 175/250
2022-07-06 02:45:36,038 - INFO - The train loss is 0.013491. The valid loss is 0.013345.
2022-07-06 02:45:36,042 - INFO - Epoch 176/250
2022-07-06 02:45:36,342 - INFO - The train loss is 0.013461. The valid loss is 0.013290.
2022-07-06 02:45:36,347 - INFO - Epoch 177/250
2022-07-06 02:45:36,647 - INFO - The train loss is 0.013400. The valid loss is 0.013234.
2022-07-06 02:45:36,651 - INFO - Epoch 178/250
2022-07-06 02:45:36,950 - INFO - The train loss is 0.013332. The valid loss is 0.013180.
2022-07-06 02:45:36,954 - INFO - Epoch 179/250
2022-07-06 02:45:37,248 - INFO - The train loss is 0.013281. The valid loss is 0.013127.
2022-07-06 02:45:37,252 - INFO - Epoch 180/250
2022-07-06 02:45:37,557 - INFO - The train loss is 0.013237. The valid loss is 0.013073.
2022-07-06 02:45:37,562 - INFO - Epoch 181/250
2022-07-06 02:45:37,863 - INFO - The train loss is 0.013185. The valid loss is 0.013020.
2022-07-06 02:45:37,868 - INFO - Epoch 182/250
2022-07-06 02:45:38,164 - INFO - The train loss is 0.013151. The valid loss is 0.012968.
2022-07-06 02:45:38,169 - INFO - Epoch 183/250
2022-07-06 02:45:38,466 - INFO - The train loss is 0.013097. The valid loss is 0.012916.
2022-07-06 02:45:38,470 - INFO - Epoch 184/250
2022-07-06 02:45:38,773 - INFO - The train loss is 0.013035. The valid loss is 0.012864.
2022-07-06 02:45:38,777 - INFO - Epoch 185/250
2022-07-06 02:45:39,077 - INFO - The train loss is 0.012979. The valid loss is 0.012813.
2022-07-06 02:45:39,082 - INFO - Epoch 186/250
2022-07-06 02:45:39,380 - INFO - The train loss is 0.012936. The valid loss is 0.012762.
2022-07-06 02:45:39,385 - INFO - Epoch 187/250
2022-07-06 02:45:39,691 - INFO - The train loss is 0.012903. The valid loss is 0.012712.
2022-07-06 02:45:39,696 - INFO - Epoch 188/250
2022-07-06 02:45:39,999 - INFO - The train loss is 0.012836. The valid loss is 0.012661.
2022-07-06 02:45:40,004 - INFO - Epoch 189/250
2022-07-06 02:45:40,300 - INFO - The train loss is 0.012812. The valid loss is 0.012612.
2022-07-06 02:45:40,305 - INFO - Epoch 190/250
2022-07-06 02:45:40,605 - INFO - The train loss is 0.012776. The valid loss is 0.012563.
2022-07-06 02:45:40,610 - INFO - Epoch 191/250
2022-07-06 02:45:40,910 - INFO - The train loss is 0.012702. The valid loss is 0.012514.
2022-07-06 02:45:40,915 - INFO - Epoch 192/250
2022-07-06 02:45:41,212 - INFO - The train loss is 0.012659. The valid loss is 0.012465.
2022-07-06 02:45:41,217 - INFO - Epoch 193/250
2022-07-06 02:45:41,519 - INFO - The train loss is 0.012616. The valid loss is 0.012417.
2022-07-06 02:45:41,524 - INFO - Epoch 194/250
2022-07-06 02:45:41,818 - INFO - The train loss is 0.012566. The valid loss is 0.012369.
2022-07-06 02:45:41,822 - INFO - Epoch 195/250
2022-07-06 02:45:42,122 - INFO - The train loss is 0.012518. The valid loss is 0.012321.
2022-07-06 02:45:42,126 - INFO - Epoch 196/250
2022-07-06 02:45:42,422 - INFO - The train loss is 0.012458. The valid loss is 0.012274.
2022-07-06 02:45:42,427 - INFO - Epoch 197/250
2022-07-06 02:45:42,720 - INFO - The train loss is 0.012419. The valid loss is 0.012228.
2022-07-06 02:45:42,725 - INFO - Epoch 198/250
2022-07-06 02:45:43,023 - INFO - The train loss is 0.012374. The valid loss is 0.012180.
2022-07-06 02:45:43,027 - INFO - Epoch 199/250
2022-07-06 02:45:43,326 - INFO - The train loss is 0.012333. The valid loss is 0.012135.
2022-07-06 02:45:43,331 - INFO - Epoch 200/250
2022-07-06 02:45:43,631 - INFO - The train loss is 0.012283. The valid loss is 0.012089.
2022-07-06 02:45:43,636 - INFO - Epoch 201/250
2022-07-06 02:45:43,937 - INFO - The train loss is 0.012244. The valid loss is 0.012043.
2022-07-06 02:45:43,941 - INFO - Epoch 202/250
2022-07-06 02:45:44,242 - INFO - The train loss is 0.012219. The valid loss is 0.011997.
2022-07-06 02:45:44,246 - INFO - Epoch 203/250
2022-07-06 02:45:44,550 - INFO - The train loss is 0.012174. The valid loss is 0.011952.
2022-07-06 02:45:44,555 - INFO - Epoch 204/250
2022-07-06 02:45:44,861 - INFO - The train loss is 0.012143. The valid loss is 0.011907.
2022-07-06 02:45:44,866 - INFO - Epoch 205/250
2022-07-06 02:45:45,166 - INFO - The train loss is 0.012112. The valid loss is 0.011863.
2022-07-06 02:45:45,171 - INFO - Epoch 206/250
2022-07-06 02:45:45,470 - INFO - The train loss is 0.012033. The valid loss is 0.011818.
2022-07-06 02:45:45,475 - INFO - Epoch 207/250
2022-07-06 02:45:45,779 - INFO - The train loss is 0.012005. The valid loss is 0.011774.
2022-07-06 02:45:45,783 - INFO - Epoch 208/250
2022-07-06 02:45:46,077 - INFO - The train loss is 0.011964. The valid loss is 0.011731.
2022-07-06 02:45:46,082 - INFO - Epoch 209/250
2022-07-06 02:45:46,386 - INFO - The train loss is 0.011914. The valid loss is 0.011687.
2022-07-06 02:45:46,391 - INFO - Epoch 210/250
2022-07-06 02:45:46,695 - INFO - The train loss is 0.011881. The valid loss is 0.011644.
2022-07-06 02:45:46,699 - INFO - Epoch 211/250
2022-07-06 02:45:47,001 - INFO - The train loss is 0.011819. The valid loss is 0.011601.
2022-07-06 02:45:47,006 - INFO - Epoch 212/250
2022-07-06 02:45:47,305 - INFO - The train loss is 0.011787. The valid loss is 0.011558.
2022-07-06 02:45:47,320 - INFO - Epoch 213/250
2022-07-06 02:45:47,616 - INFO - The train loss is 0.011753. The valid loss is 0.011516.
2022-07-06 02:45:47,621 - INFO - Epoch 214/250
2022-07-06 02:45:47,927 - INFO - The train loss is 0.011700. The valid loss is 0.011474.
2022-07-06 02:45:47,931 - INFO - Epoch 215/250
2022-07-06 02:45:48,232 - INFO - The train loss is 0.011666. The valid loss is 0.011432.
2022-07-06 02:45:48,236 - INFO - Epoch 216/250
2022-07-06 02:45:48,538 - INFO - The train loss is 0.011644. The valid loss is 0.011390.
2022-07-06 02:45:48,543 - INFO - Epoch 217/250
2022-07-06 02:45:48,855 - INFO - The train loss is 0.011589. The valid loss is 0.011348.
2022-07-06 02:45:48,860 - INFO - Epoch 218/250
2022-07-06 02:45:49,160 - INFO - The train loss is 0.011551. The valid loss is 0.011307.
2022-07-06 02:45:49,165 - INFO - Epoch 219/250
2022-07-06 02:45:49,471 - INFO - The train loss is 0.011505. The valid loss is 0.011266.
2022-07-06 02:45:49,476 - INFO - Epoch 220/250
2022-07-06 02:45:49,787 - INFO - The train loss is 0.011481. The valid loss is 0.011225.
2022-07-06 02:45:49,791 - INFO - Epoch 221/250
2022-07-06 02:45:50,096 - INFO - The train loss is 0.011428. The valid loss is 0.011185.
2022-07-06 02:45:50,101 - INFO - Epoch 222/250
2022-07-06 02:45:50,402 - INFO - The train loss is 0.011396. The valid loss is 0.011144.
2022-07-06 02:45:50,407 - INFO - Epoch 223/250
2022-07-06 02:45:50,711 - INFO - The train loss is 0.011333. The valid loss is 0.011103.
2022-07-06 02:45:50,715 - INFO - Epoch 224/250
2022-07-06 02:45:51,024 - INFO - The train loss is 0.011305. The valid loss is 0.011063.
2022-07-06 02:45:51,029 - INFO - Epoch 225/250
2022-07-06 02:45:51,334 - INFO - The train loss is 0.011296. The valid loss is 0.011024.
2022-07-06 02:45:51,340 - INFO - Epoch 226/250
2022-07-06 02:45:51,647 - INFO - The train loss is 0.011238. The valid loss is 0.010985.
2022-07-06 02:45:51,652 - INFO - Epoch 227/250
2022-07-06 02:45:51,959 - INFO - The train loss is 0.011192. The valid loss is 0.010945.
2022-07-06 02:45:51,965 - INFO - Epoch 228/250
2022-07-06 02:45:52,268 - INFO - The train loss is 0.011164. The valid loss is 0.010906.
2022-07-06 02:45:52,272 - INFO - Epoch 229/250
2022-07-06 02:45:52,580 - INFO - The train loss is 0.011103. The valid loss is 0.010868.
2022-07-06 02:45:52,585 - INFO - Epoch 230/250
2022-07-06 02:45:52,892 - INFO - The train loss is 0.011083. The valid loss is 0.010828.
2022-07-06 02:45:52,897 - INFO - Epoch 231/250
2022-07-06 02:45:53,197 - INFO - The train loss is 0.011054. The valid loss is 0.010790.
2022-07-06 02:45:53,202 - INFO - Epoch 232/250
2022-07-06 02:45:53,510 - INFO - The train loss is 0.011014. The valid loss is 0.010753.
2022-07-06 02:45:53,515 - INFO - Epoch 233/250
2022-07-06 02:45:53,818 - INFO - The train loss is 0.010970. The valid loss is 0.010714.
2022-07-06 02:45:53,822 - INFO - Epoch 234/250
2022-07-06 02:45:54,129 - INFO - The train loss is 0.010943. The valid loss is 0.010676.
2022-07-06 02:45:54,133 - INFO - Epoch 235/250
2022-07-06 02:45:54,440 - INFO - The train loss is 0.010896. The valid loss is 0.010638.
2022-07-06 02:45:54,446 - INFO - Epoch 236/250
2022-07-06 02:45:54,750 - INFO - The train loss is 0.010878. The valid loss is 0.010600.
2022-07-06 02:45:54,754 - INFO - Epoch 237/250
2022-07-06 02:45:55,059 - INFO - The train loss is 0.010824. The valid loss is 0.010562.
2022-07-06 02:45:55,063 - INFO - Epoch 238/250
2022-07-06 02:45:55,369 - INFO - The train loss is 0.010794. The valid loss is 0.010525.
2022-07-06 02:45:55,374 - INFO - Epoch 239/250
2022-07-06 02:45:55,683 - INFO - The train loss is 0.010760. The valid loss is 0.010488.
2022-07-06 02:45:55,687 - INFO - Epoch 240/250
2022-07-06 02:45:55,987 - INFO - The train loss is 0.010736. The valid loss is 0.010451.
2022-07-06 02:45:55,992 - INFO - Epoch 241/250
2022-07-06 02:45:56,315 - INFO - The train loss is 0.010682. The valid loss is 0.010415.
2022-07-06 02:45:56,320 - INFO - Epoch 242/250
2022-07-06 02:45:56,623 - INFO - The train loss is 0.010645. The valid loss is 0.010378.
2022-07-06 02:45:56,627 - INFO - Epoch 243/250
2022-07-06 02:45:56,928 - INFO - The train loss is 0.010607. The valid loss is 0.010341.
2022-07-06 02:45:56,932 - INFO - Epoch 244/250
2022-07-06 02:45:57,232 - INFO - The train loss is 0.010576. The valid loss is 0.010305.
2022-07-06 02:45:57,236 - INFO - Epoch 245/250
2022-07-06 02:45:57,537 - INFO - The train loss is 0.010549. The valid loss is 0.010270.
2022-07-06 02:45:57,542 - INFO - Epoch 246/250
2022-07-06 02:45:57,847 - INFO - The train loss is 0.010503. The valid loss is 0.010233.
2022-07-06 02:45:57,852 - INFO - Epoch 247/250
2022-07-06 02:45:58,146 - INFO - The train loss is 0.010481. The valid loss is 0.010198.
2022-07-06 02:45:58,150 - INFO - Epoch 248/250
2022-07-06 02:45:58,457 - INFO - The train loss is 0.010427. The valid loss is 0.010162.
2022-07-06 02:45:58,462 - INFO - Epoch 249/250
2022-07-06 02:45:58,769 - INFO - The train loss is 0.010409. The valid loss is 0.010127.
2022-07-06 02:45:59,732 - INFO - The MSE of ['top', 'bottom'] is [0.39592204 3.68932884]
2022-07-06 02:45:59,732 - INFO - The mean squared error of ['top', 'bottom'] is [0.00088856 0.01120709]
2022-07-06 02:45:59,732 - INFO - The R squared of ['top', 'bottom'] is [0.99919044 0.9903118 ]
2022-07-06 02:45:59,734 - ERROR - Run Error
Traceback (most recent call last):
  File "C:/Users/Liu Siwei/Desktop/DCS/Main.py", line 269, in main
    draw(config, data_gainer, logger, pred_result)
  File "C:/Users/Liu Siwei/Desktop/DCS/Main.py", line 231, in draw
    label_X_length = len(label_X[:,0])
TypeError: range indices must be integers or slices, not tuple
